ERROR - 2026-02-07 10:10:26 --> ErrorException: pg_query(): Query failed: ERROR:  no existe la relación «usuario_sistema»
LINE 2: FROM &quot;usuario_sistema&quot;
             ^ in C:\xampp\htdocs\dfpyme\system\Database\Postgre\Connection.php:135
Stack trace:
#0 [internal function]: CodeIgniter\Debug\Exceptions->errorHandler(2, 'pg_query(): Que...', 'C:\\xampp\\htdocs...', 135)
#1 C:\xampp\htdocs\dfpyme\system\Database\Postgre\Connection.php(135): pg_query(Resource id #148, 'SELECT 1\nFROM "...')
#2 C:\xampp\htdocs\dfpyme\system\Database\BaseConnection.php(670): CodeIgniter\Database\Postgre\Connection->execute('SELECT 1\nFROM "...')
#3 C:\xampp\htdocs\dfpyme\system\Database\BaseConnection.php(598): CodeIgniter\Database\BaseConnection->simpleQuery('SELECT 1\nFROM "...')
#4 C:\xampp\htdocs\dfpyme\system\Database\BaseBuilder.php(1455): CodeIgniter\Database\BaseConnection->query('SELECT 1\nFROM "...', Array, false)
#5 C:\xampp\htdocs\dfpyme\system\Validation\Rules.php(104): CodeIgniter\Database\BaseBuilder->get()
#6 C:\xampp\htdocs\dfpyme\system\Validation\Validation.php(292): CodeIgniter\Validation\Rules->is_not_unique('7355', 'pinusuario_sist...', Array, NULL)
#7 C:\xampp\htdocs\dfpyme\system\Validation\Validation.php(157): CodeIgniter\Validation\Validation->processRules('pin', 'pin', '7355', Array, Array)
#8 C:\xampp\htdocs\dfpyme\system\Controller.php(160): CodeIgniter\Validation\Validation->run()
#9 C:\xampp\htdocs\dfpyme\app\Controllers\login\loginController.php(19): CodeIgniter\Controller->validate(Array)
#10 C:\xampp\htdocs\dfpyme\system\CodeIgniter.php(832): App\Controllers\login\loginController->login()
#11 C:\xampp\htdocs\dfpyme\system\CodeIgniter.php(419): CodeIgniter\CodeIgniter->runController(Object(App\Controllers\login\loginController))
#12 C:\xampp\htdocs\dfpyme\system\CodeIgniter.php(326): CodeIgniter\CodeIgniter->handleRequest(NULL, Object(Config\Cache), false)
#13 C:\xampp\htdocs\dfpyme\index.php(37): CodeIgniter\CodeIgniter->run()
#14 {main}
CRITICAL - 2026-02-07 10:10:26 --> pg_query(): Query failed: ERROR:  no existe la relación «usuario_sistema»
LINE 2: FROM &quot;usuario_sistema&quot;
             ^
#0 [internal function]: CodeIgniter\Debug\Exceptions->errorHandler(2, 'pg_query(): Que...', 'C:\\xampp\\htdocs...', 135)
#1 C:\xampp\htdocs\dfpyme\system\Database\Postgre\Connection.php(135): pg_query(Resource id #148, 'SELECT 1\nFROM "...')
#2 C:\xampp\htdocs\dfpyme\system\Database\BaseConnection.php(670): CodeIgniter\Database\Postgre\Connection->execute('SELECT 1\nFROM "...')
#3 C:\xampp\htdocs\dfpyme\system\Database\BaseConnection.php(598): CodeIgniter\Database\BaseConnection->simpleQuery('SELECT 1\nFROM "...')
#4 C:\xampp\htdocs\dfpyme\system\Database\BaseBuilder.php(1455): CodeIgniter\Database\BaseConnection->query('SELECT 1\nFROM "...', Array, false)
#5 C:\xampp\htdocs\dfpyme\system\Validation\Rules.php(104): CodeIgniter\Database\BaseBuilder->get()
#6 C:\xampp\htdocs\dfpyme\system\Validation\Validation.php(292): CodeIgniter\Validation\Rules->is_not_unique('7355', 'pinusuario_sist...', Array, NULL)
#7 C:\xampp\htdocs\dfpyme\system\Validation\Validation.php(157): CodeIgniter\Validation\Validation->processRules('pin', 'pin', '7355', Array, Array)
#8 C:\xampp\htdocs\dfpyme\system\Controller.php(160): CodeIgniter\Validation\Validation->run()
#9 C:\xampp\htdocs\dfpyme\app\Controllers\login\loginController.php(19): CodeIgniter\Controller->validate(Array)
#10 C:\xampp\htdocs\dfpyme\system\CodeIgniter.php(832): App\Controllers\login\loginController->login()
#11 C:\xampp\htdocs\dfpyme\system\CodeIgniter.php(419): CodeIgniter\CodeIgniter->runController(Object(App\Controllers\login\loginController))
#12 C:\xampp\htdocs\dfpyme\system\CodeIgniter.php(326): CodeIgniter\CodeIgniter->handleRequest(NULL, Object(Config\Cache), false)
#13 C:\xampp\htdocs\dfpyme\index.php(37): CodeIgniter\CodeIgniter->run()
#14 {main}
ERROR - 2026-02-07 10:10:27 --> ErrorException: pg_query(): Query failed: ERROR:  no existe la relación «usuario_sistema»
LINE 2: FROM &quot;usuario_sistema&quot;
             ^ in C:\xampp\htdocs\dfpyme\system\Database\Postgre\Connection.php:135
Stack trace:
#0 [internal function]: CodeIgniter\Debug\Exceptions->errorHandler(2, 'pg_query(): Que...', 'C:\\xampp\\htdocs...', 135)
#1 C:\xampp\htdocs\dfpyme\system\Database\Postgre\Connection.php(135): pg_query(Resource id #148, 'SELECT 1\nFROM "...')
#2 C:\xampp\htdocs\dfpyme\system\Database\BaseConnection.php(670): CodeIgniter\Database\Postgre\Connection->execute('SELECT 1\nFROM "...')
#3 C:\xampp\htdocs\dfpyme\system\Database\BaseConnection.php(598): CodeIgniter\Database\BaseConnection->simpleQuery('SELECT 1\nFROM "...')
#4 C:\xampp\htdocs\dfpyme\system\Database\BaseBuilder.php(1455): CodeIgniter\Database\BaseConnection->query('SELECT 1\nFROM "...', Array, false)
#5 C:\xampp\htdocs\dfpyme\system\Validation\Rules.php(104): CodeIgniter\Database\BaseBuilder->get()
#6 C:\xampp\htdocs\dfpyme\system\Validation\Validation.php(292): CodeIgniter\Validation\Rules->is_not_unique('7355', 'pinusuario_sist...', Array, NULL)
#7 C:\xampp\htdocs\dfpyme\system\Validation\Validation.php(157): CodeIgniter\Validation\Validation->processRules('pin', 'pin', '7355', Array, Array)
#8 C:\xampp\htdocs\dfpyme\system\Controller.php(160): CodeIgniter\Validation\Validation->run()
#9 C:\xampp\htdocs\dfpyme\app\Controllers\login\loginController.php(19): CodeIgniter\Controller->validate(Array)
#10 C:\xampp\htdocs\dfpyme\system\CodeIgniter.php(832): App\Controllers\login\loginController->login()
#11 C:\xampp\htdocs\dfpyme\system\CodeIgniter.php(419): CodeIgniter\CodeIgniter->runController(Object(App\Controllers\login\loginController))
#12 C:\xampp\htdocs\dfpyme\system\CodeIgniter.php(326): CodeIgniter\CodeIgniter->handleRequest(NULL, Object(Config\Cache), false)
#13 C:\xampp\htdocs\dfpyme\index.php(37): CodeIgniter\CodeIgniter->run()
#14 {main}
CRITICAL - 2026-02-07 10:10:27 --> pg_query(): Query failed: ERROR:  no existe la relación «usuario_sistema»
LINE 2: FROM &quot;usuario_sistema&quot;
             ^
#0 [internal function]: CodeIgniter\Debug\Exceptions->errorHandler(2, 'pg_query(): Que...', 'C:\\xampp\\htdocs...', 135)
#1 C:\xampp\htdocs\dfpyme\system\Database\Postgre\Connection.php(135): pg_query(Resource id #148, 'SELECT 1\nFROM "...')
#2 C:\xampp\htdocs\dfpyme\system\Database\BaseConnection.php(670): CodeIgniter\Database\Postgre\Connection->execute('SELECT 1\nFROM "...')
#3 C:\xampp\htdocs\dfpyme\system\Database\BaseConnection.php(598): CodeIgniter\Database\BaseConnection->simpleQuery('SELECT 1\nFROM "...')
#4 C:\xampp\htdocs\dfpyme\system\Database\BaseBuilder.php(1455): CodeIgniter\Database\BaseConnection->query('SELECT 1\nFROM "...', Array, false)
#5 C:\xampp\htdocs\dfpyme\system\Validation\Rules.php(104): CodeIgniter\Database\BaseBuilder->get()
#6 C:\xampp\htdocs\dfpyme\system\Validation\Validation.php(292): CodeIgniter\Validation\Rules->is_not_unique('7355', 'pinusuario_sist...', Array, NULL)
#7 C:\xampp\htdocs\dfpyme\system\Validation\Validation.php(157): CodeIgniter\Validation\Validation->processRules('pin', 'pin', '7355', Array, Array)
#8 C:\xampp\htdocs\dfpyme\system\Controller.php(160): CodeIgniter\Validation\Validation->run()
#9 C:\xampp\htdocs\dfpyme\app\Controllers\login\loginController.php(19): CodeIgniter\Controller->validate(Array)
#10 C:\xampp\htdocs\dfpyme\system\CodeIgniter.php(832): App\Controllers\login\loginController->login()
#11 C:\xampp\htdocs\dfpyme\system\CodeIgniter.php(419): CodeIgniter\CodeIgniter->runController(Object(App\Controllers\login\loginController))
#12 C:\xampp\htdocs\dfpyme\system\CodeIgniter.php(326): CodeIgniter\CodeIgniter->handleRequest(NULL, Object(Config\Cache), false)
#13 C:\xampp\htdocs\dfpyme\index.php(37): CodeIgniter\CodeIgniter->run()
#14 {main}
ERROR - 2026-02-07 10:10:27 --> ErrorException: pg_query(): Query failed: ERROR:  no existe la relación «usuario_sistema»
LINE 2: FROM &quot;usuario_sistema&quot;
             ^ in C:\xampp\htdocs\dfpyme\system\Database\Postgre\Connection.php:135
Stack trace:
#0 [internal function]: CodeIgniter\Debug\Exceptions->errorHandler(2, 'pg_query(): Que...', 'C:\\xampp\\htdocs...', 135)
#1 C:\xampp\htdocs\dfpyme\system\Database\Postgre\Connection.php(135): pg_query(Resource id #148, 'SELECT 1\nFROM "...')
#2 C:\xampp\htdocs\dfpyme\system\Database\BaseConnection.php(670): CodeIgniter\Database\Postgre\Connection->execute('SELECT 1\nFROM "...')
#3 C:\xampp\htdocs\dfpyme\system\Database\BaseConnection.php(598): CodeIgniter\Database\BaseConnection->simpleQuery('SELECT 1\nFROM "...')
#4 C:\xampp\htdocs\dfpyme\system\Database\BaseBuilder.php(1455): CodeIgniter\Database\BaseConnection->query('SELECT 1\nFROM "...', Array, false)
#5 C:\xampp\htdocs\dfpyme\system\Validation\Rules.php(104): CodeIgniter\Database\BaseBuilder->get()
#6 C:\xampp\htdocs\dfpyme\system\Validation\Validation.php(292): CodeIgniter\Validation\Rules->is_not_unique('7355', 'pinusuario_sist...', Array, NULL)
#7 C:\xampp\htdocs\dfpyme\system\Validation\Validation.php(157): CodeIgniter\Validation\Validation->processRules('pin', 'pin', '7355', Array, Array)
#8 C:\xampp\htdocs\dfpyme\system\Controller.php(160): CodeIgniter\Validation\Validation->run()
#9 C:\xampp\htdocs\dfpyme\app\Controllers\login\loginController.php(19): CodeIgniter\Controller->validate(Array)
#10 C:\xampp\htdocs\dfpyme\system\CodeIgniter.php(832): App\Controllers\login\loginController->login()
#11 C:\xampp\htdocs\dfpyme\system\CodeIgniter.php(419): CodeIgniter\CodeIgniter->runController(Object(App\Controllers\login\loginController))
#12 C:\xampp\htdocs\dfpyme\system\CodeIgniter.php(326): CodeIgniter\CodeIgniter->handleRequest(NULL, Object(Config\Cache), false)
#13 C:\xampp\htdocs\dfpyme\index.php(37): CodeIgniter\CodeIgniter->run()
#14 {main}
CRITICAL - 2026-02-07 10:10:27 --> pg_query(): Query failed: ERROR:  no existe la relación «usuario_sistema»
LINE 2: FROM &quot;usuario_sistema&quot;
             ^
#0 [internal function]: CodeIgniter\Debug\Exceptions->errorHandler(2, 'pg_query(): Que...', 'C:\\xampp\\htdocs...', 135)
#1 C:\xampp\htdocs\dfpyme\system\Database\Postgre\Connection.php(135): pg_query(Resource id #148, 'SELECT 1\nFROM "...')
#2 C:\xampp\htdocs\dfpyme\system\Database\BaseConnection.php(670): CodeIgniter\Database\Postgre\Connection->execute('SELECT 1\nFROM "...')
#3 C:\xampp\htdocs\dfpyme\system\Database\BaseConnection.php(598): CodeIgniter\Database\BaseConnection->simpleQuery('SELECT 1\nFROM "...')
#4 C:\xampp\htdocs\dfpyme\system\Database\BaseBuilder.php(1455): CodeIgniter\Database\BaseConnection->query('SELECT 1\nFROM "...', Array, false)
#5 C:\xampp\htdocs\dfpyme\system\Validation\Rules.php(104): CodeIgniter\Database\BaseBuilder->get()
#6 C:\xampp\htdocs\dfpyme\system\Validation\Validation.php(292): CodeIgniter\Validation\Rules->is_not_unique('7355', 'pinusuario_sist...', Array, NULL)
#7 C:\xampp\htdocs\dfpyme\system\Validation\Validation.php(157): CodeIgniter\Validation\Validation->processRules('pin', 'pin', '7355', Array, Array)
#8 C:\xampp\htdocs\dfpyme\system\Controller.php(160): CodeIgniter\Validation\Validation->run()
#9 C:\xampp\htdocs\dfpyme\app\Controllers\login\loginController.php(19): CodeIgniter\Controller->validate(Array)
#10 C:\xampp\htdocs\dfpyme\system\CodeIgniter.php(832): App\Controllers\login\loginController->login()
#11 C:\xampp\htdocs\dfpyme\system\CodeIgniter.php(419): CodeIgniter\CodeIgniter->runController(Object(App\Controllers\login\loginController))
#12 C:\xampp\htdocs\dfpyme\system\CodeIgniter.php(326): CodeIgniter\CodeIgniter->handleRequest(NULL, Object(Config\Cache), false)
#13 C:\xampp\htdocs\dfpyme\index.php(37): CodeIgniter\CodeIgniter->run()
#14 {main}
ERROR - 2026-02-07 10:11:01 --> ErrorException: pg_query(): Query failed: ERROR:  no existe la relación «usuario_sistema»
LINE 2: FROM &quot;usuario_sistema&quot;
             ^ in C:\xampp\htdocs\dfpyme\system\Database\Postgre\Connection.php:135
Stack trace:
#0 [internal function]: CodeIgniter\Debug\Exceptions->errorHandler(2, 'pg_query(): Que...', 'C:\\xampp\\htdocs...', 135)
#1 C:\xampp\htdocs\dfpyme\system\Database\Postgre\Connection.php(135): pg_query(Resource id #148, 'SELECT 1\nFROM "...')
#2 C:\xampp\htdocs\dfpyme\system\Database\BaseConnection.php(670): CodeIgniter\Database\Postgre\Connection->execute('SELECT 1\nFROM "...')
#3 C:\xampp\htdocs\dfpyme\system\Database\BaseConnection.php(598): CodeIgniter\Database\BaseConnection->simpleQuery('SELECT 1\nFROM "...')
#4 C:\xampp\htdocs\dfpyme\system\Database\BaseBuilder.php(1455): CodeIgniter\Database\BaseConnection->query('SELECT 1\nFROM "...', Array, false)
#5 C:\xampp\htdocs\dfpyme\system\Validation\Rules.php(104): CodeIgniter\Database\BaseBuilder->get()
#6 C:\xampp\htdocs\dfpyme\system\Validation\Validation.php(292): CodeIgniter\Validation\Rules->is_not_unique('7355', 'pinusuario_sist...', Array, NULL)
#7 C:\xampp\htdocs\dfpyme\system\Validation\Validation.php(157): CodeIgniter\Validation\Validation->processRules('pin', 'pin', '7355', Array, Array)
#8 C:\xampp\htdocs\dfpyme\system\Controller.php(160): CodeIgniter\Validation\Validation->run()
#9 C:\xampp\htdocs\dfpyme\app\Controllers\login\loginController.php(19): CodeIgniter\Controller->validate(Array)
#10 C:\xampp\htdocs\dfpyme\system\CodeIgniter.php(832): App\Controllers\login\loginController->login()
#11 C:\xampp\htdocs\dfpyme\system\CodeIgniter.php(419): CodeIgniter\CodeIgniter->runController(Object(App\Controllers\login\loginController))
#12 C:\xampp\htdocs\dfpyme\system\CodeIgniter.php(326): CodeIgniter\CodeIgniter->handleRequest(NULL, Object(Config\Cache), false)
#13 C:\xampp\htdocs\dfpyme\index.php(37): CodeIgniter\CodeIgniter->run()
#14 {main}
CRITICAL - 2026-02-07 10:11:01 --> pg_query(): Query failed: ERROR:  no existe la relación «usuario_sistema»
LINE 2: FROM &quot;usuario_sistema&quot;
             ^
#0 [internal function]: CodeIgniter\Debug\Exceptions->errorHandler(2, 'pg_query(): Que...', 'C:\\xampp\\htdocs...', 135)
#1 C:\xampp\htdocs\dfpyme\system\Database\Postgre\Connection.php(135): pg_query(Resource id #148, 'SELECT 1\nFROM "...')
#2 C:\xampp\htdocs\dfpyme\system\Database\BaseConnection.php(670): CodeIgniter\Database\Postgre\Connection->execute('SELECT 1\nFROM "...')
#3 C:\xampp\htdocs\dfpyme\system\Database\BaseConnection.php(598): CodeIgniter\Database\BaseConnection->simpleQuery('SELECT 1\nFROM "...')
#4 C:\xampp\htdocs\dfpyme\system\Database\BaseBuilder.php(1455): CodeIgniter\Database\BaseConnection->query('SELECT 1\nFROM "...', Array, false)
#5 C:\xampp\htdocs\dfpyme\system\Validation\Rules.php(104): CodeIgniter\Database\BaseBuilder->get()
#6 C:\xampp\htdocs\dfpyme\system\Validation\Validation.php(292): CodeIgniter\Validation\Rules->is_not_unique('7355', 'pinusuario_sist...', Array, NULL)
#7 C:\xampp\htdocs\dfpyme\system\Validation\Validation.php(157): CodeIgniter\Validation\Validation->processRules('pin', 'pin', '7355', Array, Array)
#8 C:\xampp\htdocs\dfpyme\system\Controller.php(160): CodeIgniter\Validation\Validation->run()
#9 C:\xampp\htdocs\dfpyme\app\Controllers\login\loginController.php(19): CodeIgniter\Controller->validate(Array)
#10 C:\xampp\htdocs\dfpyme\system\CodeIgniter.php(832): App\Controllers\login\loginController->login()
#11 C:\xampp\htdocs\dfpyme\system\CodeIgniter.php(419): CodeIgniter\CodeIgniter->runController(Object(App\Controllers\login\loginController))
#12 C:\xampp\htdocs\dfpyme\system\CodeIgniter.php(326): CodeIgniter\CodeIgniter->handleRequest(NULL, Object(Config\Cache), false)
#13 C:\xampp\htdocs\dfpyme\index.php(37): CodeIgniter\CodeIgniter->run()
#14 {main}
ERROR - 2026-02-07 10:46:04 --> ErrorException: pg_query(): Query failed: ERROR:  no existe la columna «justificacion_producto»
LINE 1: SELECT &quot;justificacion_producto&quot;
               ^ in C:\xampp\htdocs\dfpyme\system\Database\Postgre\Connection.php:135
Stack trace:
#0 [internal function]: CodeIgniter\Debug\Exceptions->errorHandler(2, 'pg_query(): Que...', 'C:\\xampp\\htdocs...', 135)
#1 C:\xampp\htdocs\dfpyme\system\Database\Postgre\Connection.php(135): pg_query(Resource id #157, 'SELECT "justifi...')
#2 C:\xampp\htdocs\dfpyme\system\Database\BaseConnection.php(670): CodeIgniter\Database\Postgre\Connection->execute('SELECT "justifi...')
#3 C:\xampp\htdocs\dfpyme\system\Database\BaseConnection.php(598): CodeIgniter\Database\BaseConnection->simpleQuery('SELECT "justifi...')
#4 C:\xampp\htdocs\dfpyme\system\Database\BaseBuilder.php(1455): CodeIgniter\Database\BaseConnection->query('SELECT "justifi...', Array, false)
#5 C:\xampp\htdocs\dfpyme\system\Model.php(210): CodeIgniter\Database\BaseBuilder->get()
#6 C:\xampp\htdocs\dfpyme\system\BaseModel.php(622): CodeIgniter\Model->doFirst()
#7 C:\xampp\htdocs\dfpyme\app\Controllers\pedidos\Mesas.php(1102): CodeIgniter\BaseModel->first()
#8 C:\xampp\htdocs\dfpyme\system\CodeIgniter.php(832): App\Controllers\pedidos\Mesas->eliminar_producto()
#9 C:\xampp\htdocs\dfpyme\system\CodeIgniter.php(419): CodeIgniter\CodeIgniter->runController(Object(App\Controllers\pedidos\Mesas))
#10 C:\xampp\htdocs\dfpyme\system\CodeIgniter.php(326): CodeIgniter\CodeIgniter->handleRequest(NULL, Object(Config\Cache), false)
#11 C:\xampp\htdocs\dfpyme\index.php(37): CodeIgniter\CodeIgniter->run()
#12 {main}
CRITICAL - 2026-02-07 10:46:04 --> pg_query(): Query failed: ERROR:  no existe la columna «justificacion_producto»
LINE 1: SELECT &quot;justificacion_producto&quot;
               ^
#0 [internal function]: CodeIgniter\Debug\Exceptions->errorHandler(2, 'pg_query(): Que...', 'C:\\xampp\\htdocs...', 135)
#1 C:\xampp\htdocs\dfpyme\system\Database\Postgre\Connection.php(135): pg_query(Resource id #157, 'SELECT "justifi...')
#2 C:\xampp\htdocs\dfpyme\system\Database\BaseConnection.php(670): CodeIgniter\Database\Postgre\Connection->execute('SELECT "justifi...')
#3 C:\xampp\htdocs\dfpyme\system\Database\BaseConnection.php(598): CodeIgniter\Database\BaseConnection->simpleQuery('SELECT "justifi...')
#4 C:\xampp\htdocs\dfpyme\system\Database\BaseBuilder.php(1455): CodeIgniter\Database\BaseConnection->query('SELECT "justifi...', Array, false)
#5 C:\xampp\htdocs\dfpyme\system\Model.php(210): CodeIgniter\Database\BaseBuilder->get()
#6 C:\xampp\htdocs\dfpyme\system\BaseModel.php(622): CodeIgniter\Model->doFirst()
#7 C:\xampp\htdocs\dfpyme\app\Controllers\pedidos\Mesas.php(1102): CodeIgniter\BaseModel->first()
#8 C:\xampp\htdocs\dfpyme\system\CodeIgniter.php(832): App\Controllers\pedidos\Mesas->eliminar_producto()
#9 C:\xampp\htdocs\dfpyme\system\CodeIgniter.php(419): CodeIgniter\CodeIgniter->runController(Object(App\Controllers\pedidos\Mesas))
#10 C:\xampp\htdocs\dfpyme\system\CodeIgniter.php(326): CodeIgniter\CodeIgniter->handleRequest(NULL, Object(Config\Cache), false)
#11 C:\xampp\htdocs\dfpyme\index.php(37): CodeIgniter\CodeIgniter->run()
#12 {main}
CRITICAL - 2026-02-07 10:46:04 --> Uncaught CodeIgniter\Format\Exceptions\FormatException: Failed to parse json string, error: "Type is not supported". in C:\xampp\htdocs\dfpyme\system\Format\JSONFormatter.php:41
Stack trace:
#0 C:\xampp\htdocs\dfpyme\system\Format\JSONFormatter.php(41): CodeIgniter\Format\Exceptions\FormatException::forInvalidJSON('Type is not sup...')
#1 C:\xampp\htdocs\dfpyme\system\API\ResponseTrait.php(341): CodeIgniter\Format\JSONFormatter->format(Array)
#2 C:\xampp\htdocs\dfpyme\system\API\ResponseTrait.php(99): CodeIgniter\Debug\Exceptions->format(Array)
#3 C:\xampp\htdocs\dfpyme\system\Debug\Exceptions.php(115): CodeIgniter\Debug\Exceptions->respond(Array, 500)
#4 [internal function]: CodeIgniter\Debug\Exceptions->exceptionHandler(Object(ErrorException))
#5 {main}
  thrown
#0 [internal function]: CodeIgniter\Debug\Exceptions->shutdownHandler()
#1 {main}
