CRITICAL - 2025-09-08 12:09:42 --> Call to undefined method Mike42\Escpos\Printer::beep()
#0 C:\xampp\htdocs\dfpyme\app\Controllers\pedidos\Imprimir.php(233): App\Controllers\pedidos\Imprimir->generar_comanda_grupo(Array, '17509', 'L 1', '1', 1, 'Comanda')
#1 C:\xampp\htdocs\dfpyme\system\CodeIgniter.php(832): App\Controllers\pedidos\Imprimir->imprimirComanda()
#2 C:\xampp\htdocs\dfpyme\system\CodeIgniter.php(419): CodeIgniter\CodeIgniter->runController(Object(App\Controllers\pedidos\Imprimir))
#3 C:\xampp\htdocs\dfpyme\system\CodeIgniter.php(326): CodeIgniter\CodeIgniter->handleRequest(NULL, Object(Config\Cache), false)
#4 C:\xampp\htdocs\dfpyme\index.php(37): CodeIgniter\CodeIgniter->run()
#5 {main}
CRITICAL - 2025-09-08 14:55:09 --> Trying to access array offset on value of type null
#0 C:\xampp\htdocs\dfpyme\app\Controllers\pedidos\Inventarios.php(207): CodeIgniter\Debug\Exceptions->errorHandler(2, 'Trying to acces...', 'C:\\xampp\\htdocs...', 207)
#1 C:\xampp\htdocs\dfpyme\system\CodeIgniter.php(832): App\Controllers\pedidos\Inventarios->productos_borrados()
#2 C:\xampp\htdocs\dfpyme\system\CodeIgniter.php(419): CodeIgniter\CodeIgniter->runController(Object(App\Controllers\pedidos\Inventarios))
#3 C:\xampp\htdocs\dfpyme\system\CodeIgniter.php(326): CodeIgniter\CodeIgniter->handleRequest(NULL, Object(Config\Cache), false)
#4 C:\xampp\htdocs\dfpyme\index.php(37): CodeIgniter\CodeIgniter->run()
#5 {main}
CRITICAL - 2025-09-08 14:55:09 --> Uncaught CodeIgniter\Format\Exceptions\FormatException: Failed to parse json string, error: "Type is not supported". in C:\xampp\htdocs\dfpyme\system\Format\JSONFormatter.php:41
Stack trace:
#0 C:\xampp\htdocs\dfpyme\system\Format\JSONFormatter.php(41): CodeIgniter\Format\Exceptions\FormatException::forInvalidJSON('Type is not sup...')
#1 C:\xampp\htdocs\dfpyme\system\API\ResponseTrait.php(341): CodeIgniter\Format\JSONFormatter->format(Array)
#2 C:\xampp\htdocs\dfpyme\system\API\ResponseTrait.php(99): CodeIgniter\Debug\Exceptions->format(Array)
#3 C:\xampp\htdocs\dfpyme\system\Debug\Exceptions.php(115): CodeIgniter\Debug\Exceptions->respond(Array, 500)
#4 [internal function]: CodeIgniter\Debug\Exceptions->exceptionHandler(Object(ErrorException))
#5 {main}
  thrown
#0 [internal function]: CodeIgniter\Debug\Exceptions->shutdownHandler()
#1 {main}
CRITICAL - 2025-09-08 14:55:22 --> Trying to access array offset on value of type null
#0 C:\xampp\htdocs\dfpyme\app\Controllers\pedidos\Inventarios.php(207): CodeIgniter\Debug\Exceptions->errorHandler(2, 'Trying to acces...', 'C:\\xampp\\htdocs...', 207)
#1 C:\xampp\htdocs\dfpyme\system\CodeIgniter.php(832): App\Controllers\pedidos\Inventarios->productos_borrados()
#2 C:\xampp\htdocs\dfpyme\system\CodeIgniter.php(419): CodeIgniter\CodeIgniter->runController(Object(App\Controllers\pedidos\Inventarios))
#3 C:\xampp\htdocs\dfpyme\system\CodeIgniter.php(326): CodeIgniter\CodeIgniter->handleRequest(NULL, Object(Config\Cache), false)
#4 C:\xampp\htdocs\dfpyme\index.php(37): CodeIgniter\CodeIgniter->run()
#5 {main}
CRITICAL - 2025-09-08 14:55:22 --> Uncaught CodeIgniter\Format\Exceptions\FormatException: Failed to parse json string, error: "Type is not supported". in C:\xampp\htdocs\dfpyme\system\Format\JSONFormatter.php:41
Stack trace:
#0 C:\xampp\htdocs\dfpyme\system\Format\JSONFormatter.php(41): CodeIgniter\Format\Exceptions\FormatException::forInvalidJSON('Type is not sup...')
#1 C:\xampp\htdocs\dfpyme\system\API\ResponseTrait.php(341): CodeIgniter\Format\JSONFormatter->format(Array)
#2 C:\xampp\htdocs\dfpyme\system\API\ResponseTrait.php(99): CodeIgniter\Debug\Exceptions->format(Array)
#3 C:\xampp\htdocs\dfpyme\system\Debug\Exceptions.php(115): CodeIgniter\Debug\Exceptions->respond(Array, 500)
#4 [internal function]: CodeIgniter\Debug\Exceptions->exceptionHandler(Object(ErrorException))
#5 {main}
  thrown
#0 [internal function]: CodeIgniter\Debug\Exceptions->shutdownHandler()
#1 {main}
CRITICAL - 2025-09-08 14:55:43 --> Trying to access array offset on value of type null
#0 C:\xampp\htdocs\dfpyme\app\Controllers\pedidos\Inventarios.php(207): CodeIgniter\Debug\Exceptions->errorHandler(2, 'Trying to acces...', 'C:\\xampp\\htdocs...', 207)
#1 C:\xampp\htdocs\dfpyme\system\CodeIgniter.php(832): App\Controllers\pedidos\Inventarios->productos_borrados()
#2 C:\xampp\htdocs\dfpyme\system\CodeIgniter.php(419): CodeIgniter\CodeIgniter->runController(Object(App\Controllers\pedidos\Inventarios))
#3 C:\xampp\htdocs\dfpyme\system\CodeIgniter.php(326): CodeIgniter\CodeIgniter->handleRequest(NULL, Object(Config\Cache), false)
#4 C:\xampp\htdocs\dfpyme\index.php(37): CodeIgniter\CodeIgniter->run()
#5 {main}
CRITICAL - 2025-09-08 14:55:43 --> Uncaught CodeIgniter\Format\Exceptions\FormatException: Failed to parse json string, error: "Type is not supported". in C:\xampp\htdocs\dfpyme\system\Format\JSONFormatter.php:41
Stack trace:
#0 C:\xampp\htdocs\dfpyme\system\Format\JSONFormatter.php(41): CodeIgniter\Format\Exceptions\FormatException::forInvalidJSON('Type is not sup...')
#1 C:\xampp\htdocs\dfpyme\system\API\ResponseTrait.php(341): CodeIgniter\Format\JSONFormatter->format(Array)
#2 C:\xampp\htdocs\dfpyme\system\API\ResponseTrait.php(99): CodeIgniter\Debug\Exceptions->format(Array)
#3 C:\xampp\htdocs\dfpyme\system\Debug\Exceptions.php(115): CodeIgniter\Debug\Exceptions->respond(Array, 500)
#4 [internal function]: CodeIgniter\Debug\Exceptions->exceptionHandler(Object(ErrorException))
#5 {main}
  thrown
#0 [internal function]: CodeIgniter\Debug\Exceptions->shutdownHandler()
#1 {main}
CRITICAL - 2025-09-08 14:56:02 --> Trying to access array offset on value of type null
#0 C:\xampp\htdocs\dfpyme\app\Controllers\pedidos\Inventarios.php(207): CodeIgniter\Debug\Exceptions->errorHandler(2, 'Trying to acces...', 'C:\\xampp\\htdocs...', 207)
#1 C:\xampp\htdocs\dfpyme\system\CodeIgniter.php(832): App\Controllers\pedidos\Inventarios->productos_borrados()
#2 C:\xampp\htdocs\dfpyme\system\CodeIgniter.php(419): CodeIgniter\CodeIgniter->runController(Object(App\Controllers\pedidos\Inventarios))
#3 C:\xampp\htdocs\dfpyme\system\CodeIgniter.php(326): CodeIgniter\CodeIgniter->handleRequest(NULL, Object(Config\Cache), false)
#4 C:\xampp\htdocs\dfpyme\index.php(37): CodeIgniter\CodeIgniter->run()
#5 {main}
CRITICAL - 2025-09-08 14:56:02 --> Uncaught CodeIgniter\Format\Exceptions\FormatException: Failed to parse json string, error: "Type is not supported". in C:\xampp\htdocs\dfpyme\system\Format\JSONFormatter.php:41
Stack trace:
#0 C:\xampp\htdocs\dfpyme\system\Format\JSONFormatter.php(41): CodeIgniter\Format\Exceptions\FormatException::forInvalidJSON('Type is not sup...')
#1 C:\xampp\htdocs\dfpyme\system\API\ResponseTrait.php(341): CodeIgniter\Format\JSONFormatter->format(Array)
#2 C:\xampp\htdocs\dfpyme\system\API\ResponseTrait.php(99): CodeIgniter\Debug\Exceptions->format(Array)
#3 C:\xampp\htdocs\dfpyme\system\Debug\Exceptions.php(115): CodeIgniter\Debug\Exceptions->respond(Array, 500)
#4 [internal function]: CodeIgniter\Debug\Exceptions->exceptionHandler(Object(ErrorException))
#5 {main}
  thrown
#0 [internal function]: CodeIgniter\Debug\Exceptions->shutdownHandler()
#1 {main}
CRITICAL - 2025-09-08 14:56:34 --> Trying to access array offset on value of type null
#0 C:\xampp\htdocs\dfpyme\app\Controllers\pedidos\Inventarios.php(207): CodeIgniter\Debug\Exceptions->errorHandler(2, 'Trying to acces...', 'C:\\xampp\\htdocs...', 207)
#1 C:\xampp\htdocs\dfpyme\system\CodeIgniter.php(832): App\Controllers\pedidos\Inventarios->productos_borrados()
#2 C:\xampp\htdocs\dfpyme\system\CodeIgniter.php(419): CodeIgniter\CodeIgniter->runController(Object(App\Controllers\pedidos\Inventarios))
#3 C:\xampp\htdocs\dfpyme\system\CodeIgniter.php(326): CodeIgniter\CodeIgniter->handleRequest(NULL, Object(Config\Cache), false)
#4 C:\xampp\htdocs\dfpyme\index.php(37): CodeIgniter\CodeIgniter->run()
#5 {main}
CRITICAL - 2025-09-08 14:56:34 --> Uncaught CodeIgniter\Format\Exceptions\FormatException: Failed to parse json string, error: "Type is not supported". in C:\xampp\htdocs\dfpyme\system\Format\JSONFormatter.php:41
Stack trace:
#0 C:\xampp\htdocs\dfpyme\system\Format\JSONFormatter.php(41): CodeIgniter\Format\Exceptions\FormatException::forInvalidJSON('Type is not sup...')
#1 C:\xampp\htdocs\dfpyme\system\API\ResponseTrait.php(341): CodeIgniter\Format\JSONFormatter->format(Array)
#2 C:\xampp\htdocs\dfpyme\system\API\ResponseTrait.php(99): CodeIgniter\Debug\Exceptions->format(Array)
#3 C:\xampp\htdocs\dfpyme\system\Debug\Exceptions.php(115): CodeIgniter\Debug\Exceptions->respond(Array, 500)
#4 [internal function]: CodeIgniter\Debug\Exceptions->exceptionHandler(Object(ErrorException))
#5 {main}
  thrown
#0 [internal function]: CodeIgniter\Debug\Exceptions->shutdownHandler()
#1 {main}
CRITICAL - 2025-09-08 14:57:24 --> Trying to access array offset on value of type null
#0 C:\xampp\htdocs\dfpyme\app\Controllers\pedidos\Inventarios.php(208): CodeIgniter\Debug\Exceptions->errorHandler(2, 'Trying to acces...', 'C:\\xampp\\htdocs...', 208)
#1 C:\xampp\htdocs\dfpyme\system\CodeIgniter.php(832): App\Controllers\pedidos\Inventarios->productos_borrados()
#2 C:\xampp\htdocs\dfpyme\system\CodeIgniter.php(419): CodeIgniter\CodeIgniter->runController(Object(App\Controllers\pedidos\Inventarios))
#3 C:\xampp\htdocs\dfpyme\system\CodeIgniter.php(326): CodeIgniter\CodeIgniter->handleRequest(NULL, Object(Config\Cache), false)
#4 C:\xampp\htdocs\dfpyme\index.php(37): CodeIgniter\CodeIgniter->run()
#5 {main}
CRITICAL - 2025-09-08 14:57:48 --> Trying to access array offset on value of type null
#0 C:\xampp\htdocs\dfpyme\app\Controllers\pedidos\Inventarios.php(208): CodeIgniter\Debug\Exceptions->errorHandler(2, 'Trying to acces...', 'C:\\xampp\\htdocs...', 208)
#1 C:\xampp\htdocs\dfpyme\system\CodeIgniter.php(832): App\Controllers\pedidos\Inventarios->productos_borrados()
#2 C:\xampp\htdocs\dfpyme\system\CodeIgniter.php(419): CodeIgniter\CodeIgniter->runController(Object(App\Controllers\pedidos\Inventarios))
#3 C:\xampp\htdocs\dfpyme\system\CodeIgniter.php(326): CodeIgniter\CodeIgniter->handleRequest(NULL, Object(Config\Cache), false)
#4 C:\xampp\htdocs\dfpyme\index.php(37): CodeIgniter\CodeIgniter->run()
#5 {main}
CRITICAL - 2025-09-08 15:35:40 --> Undefined variable $fecha_creacion
#0 C:\xampp\htdocs\dfpyme\app\Controllers\pedidos\Inventarios.php(210): CodeIgniter\Debug\Exceptions->errorHandler(2, 'Undefined varia...', 'C:\\xampp\\htdocs...', 210)
#1 C:\xampp\htdocs\dfpyme\system\CodeIgniter.php(832): App\Controllers\pedidos\Inventarios->productos_borrados()
#2 C:\xampp\htdocs\dfpyme\system\CodeIgniter.php(419): CodeIgniter\CodeIgniter->runController(Object(App\Controllers\pedidos\Inventarios))
#3 C:\xampp\htdocs\dfpyme\system\CodeIgniter.php(326): CodeIgniter\CodeIgniter->handleRequest(NULL, Object(Config\Cache), false)
#4 C:\xampp\htdocs\dfpyme\index.php(37): CodeIgniter\CodeIgniter->run()
#5 {main}
CRITICAL - 2025-09-08 16:18:50 --> Allowed memory size of 536870912 bytes exhausted (tried to allocate 18874664 bytes)
#0 [internal function]: CodeIgniter\Debug\Exceptions->shutdownHandler()
#1 {main}
CRITICAL - 2025-09-08 16:38:30 --> Allowed memory size of 536870912 bytes exhausted (tried to allocate 20337816 bytes)
#0 [internal function]: CodeIgniter\Debug\Exceptions->shutdownHandler()
#1 {main}
CRITICAL - 2025-09-08 16:40:40 --> Allowed memory size of 536870912 bytes exhausted (tried to allocate 20337816 bytes)
#0 [internal function]: CodeIgniter\Debug\Exceptions->shutdownHandler()
#1 {main}
CRITICAL - 2025-09-08 16:43:21 --> Allowed memory size of 536870912 bytes exhausted (tried to allocate 20337816 bytes)
#0 [internal function]: CodeIgniter\Debug\Exceptions->shutdownHandler()
#1 {main}
ERROR - 2025-09-08 19:51:26 --> ErrorException: pg_query(): Query failed: ERROR:  no existe la columna «consultar_pedidos_whatsapp»
LINE 1: SELECT &quot;consultar_pedidos_whatsapp&quot;
               ^ in C:\xampp\htdocs\dfpyme\system\Database\Postgre\Connection.php:135
Stack trace:
#0 [internal function]: CodeIgniter\Debug\Exceptions->errorHandler(2, 'pg_query(): Que...', 'C:\\xampp\\htdocs...', 135)
#1 C:\xampp\htdocs\dfpyme\system\Database\Postgre\Connection.php(135): pg_query(Resource id #157, 'SELECT "consult...')
#2 C:\xampp\htdocs\dfpyme\system\Database\BaseConnection.php(670): CodeIgniter\Database\Postgre\Connection->execute('SELECT "consult...')
#3 C:\xampp\htdocs\dfpyme\system\Database\BaseConnection.php(598): CodeIgniter\Database\BaseConnection->simpleQuery('SELECT "consult...')
#4 C:\xampp\htdocs\dfpyme\system\Database\BaseBuilder.php(1455): CodeIgniter\Database\BaseConnection->query('SELECT "consult...', Array, false)
#5 C:\xampp\htdocs\dfpyme\system\Model.php(210): CodeIgniter\Database\BaseBuilder->get()
#6 C:\xampp\htdocs\dfpyme\system\BaseModel.php(622): CodeIgniter\Model->doFirst()
#7 C:\xampp\htdocs\dfpyme\app\Controllers\pedidos\Mesas.php(21): CodeIgniter\BaseModel->first()
#8 C:\xampp\htdocs\dfpyme\system\CodeIgniter.php(832): App\Controllers\pedidos\Mesas->index()
#9 C:\xampp\htdocs\dfpyme\system\CodeIgniter.php(419): CodeIgniter\CodeIgniter->runController(Object(App\Controllers\pedidos\Mesas))
#10 C:\xampp\htdocs\dfpyme\system\CodeIgniter.php(326): CodeIgniter\CodeIgniter->handleRequest(NULL, Object(Config\Cache), false)
#11 C:\xampp\htdocs\dfpyme\index.php(37): CodeIgniter\CodeIgniter->run()
#12 {main}
CRITICAL - 2025-09-08 19:51:26 --> pg_query(): Query failed: ERROR:  no existe la columna «consultar_pedidos_whatsapp»
LINE 1: SELECT &quot;consultar_pedidos_whatsapp&quot;
               ^
#0 [internal function]: CodeIgniter\Debug\Exceptions->errorHandler(2, 'pg_query(): Que...', 'C:\\xampp\\htdocs...', 135)
#1 C:\xampp\htdocs\dfpyme\system\Database\Postgre\Connection.php(135): pg_query(Resource id #157, 'SELECT "consult...')
#2 C:\xampp\htdocs\dfpyme\system\Database\BaseConnection.php(670): CodeIgniter\Database\Postgre\Connection->execute('SELECT "consult...')
#3 C:\xampp\htdocs\dfpyme\system\Database\BaseConnection.php(598): CodeIgniter\Database\BaseConnection->simpleQuery('SELECT "consult...')
#4 C:\xampp\htdocs\dfpyme\system\Database\BaseBuilder.php(1455): CodeIgniter\Database\BaseConnection->query('SELECT "consult...', Array, false)
#5 C:\xampp\htdocs\dfpyme\system\Model.php(210): CodeIgniter\Database\BaseBuilder->get()
#6 C:\xampp\htdocs\dfpyme\system\BaseModel.php(622): CodeIgniter\Model->doFirst()
#7 C:\xampp\htdocs\dfpyme\app\Controllers\pedidos\Mesas.php(21): CodeIgniter\BaseModel->first()
#8 C:\xampp\htdocs\dfpyme\system\CodeIgniter.php(832): App\Controllers\pedidos\Mesas->index()
#9 C:\xampp\htdocs\dfpyme\system\CodeIgniter.php(419): CodeIgniter\CodeIgniter->runController(Object(App\Controllers\pedidos\Mesas))
#10 C:\xampp\htdocs\dfpyme\system\CodeIgniter.php(326): CodeIgniter\CodeIgniter->handleRequest(NULL, Object(Config\Cache), false)
#11 C:\xampp\htdocs\dfpyme\index.php(37): CodeIgniter\CodeIgniter->run()
#12 {main}
