CRITICAL - 2025-06-25 12:22:50 --> Undefined array key "estado_licencia"
#0 C:\xampp\htdocs\dfpyme\app\Commands\SyncLicencias.php(63): CodeIgniter\Debug\Exceptions->errorHandler(2, 'Undefined array...', 'C:\\xampp\\htdocs...', 63)
#1 C:\xampp\htdocs\dfpyme\app\Commands\SyncLicencias.php(28): App\Commands\SyncLicencias->consultarLicenciaSupabase('960caf31-47f9-4...')
#2 C:\xampp\htdocs\dfpyme\system\CLI\Commands.php(63): App\Commands\SyncLicencias->run(Array)
#3 C:\xampp\htdocs\dfpyme\system\CLI\CommandRunner.php(70): CodeIgniter\CLI\Commands->run('sync:licencias', Array)
#4 C:\xampp\htdocs\dfpyme\system\CLI\CommandRunner.php(56): CodeIgniter\CLI\CommandRunner->index(Array)
#5 C:\xampp\htdocs\dfpyme\system\CodeIgniter.php(830): CodeIgniter\CLI\CommandRunner->_remap('index', 'sync:licencias')
#6 C:\xampp\htdocs\dfpyme\system\CodeIgniter.php(419): CodeIgniter\CodeIgniter->runController(Object(CodeIgniter\CLI\CommandRunner))
#7 C:\xampp\htdocs\dfpyme\system\CodeIgniter.php(326): CodeIgniter\CodeIgniter->handleRequest(NULL, Object(Config\Cache), false)
#8 C:\xampp\htdocs\dfpyme\system\CLI\Console.php(48): CodeIgniter\CodeIgniter->run()
#9 C:\xampp\htdocs\dfpyme\spark(63): CodeIgniter\CLI\Console->run()
#10 {main}
CRITICAL - 2025-06-25 12:25:48 --> Undefined array key "estado_licencia"
#0 C:\xampp\htdocs\dfpyme\app\Commands\SyncLicencias.php(64): CodeIgniter\Debug\Exceptions->errorHandler(2, 'Undefined array...', 'C:\\xampp\\htdocs...', 64)
#1 C:\xampp\htdocs\dfpyme\app\Commands\SyncLicencias.php(28): App\Commands\SyncLicencias->consultarLicenciaSupabase('960caf31-47f9-4...')
#2 C:\xampp\htdocs\dfpyme\system\CLI\Commands.php(63): App\Commands\SyncLicencias->run(Array)
#3 C:\xampp\htdocs\dfpyme\system\CLI\CommandRunner.php(70): CodeIgniter\CLI\Commands->run('sync:licencias', Array)
#4 C:\xampp\htdocs\dfpyme\system\CLI\CommandRunner.php(56): CodeIgniter\CLI\CommandRunner->index(Array)
#5 C:\xampp\htdocs\dfpyme\system\CodeIgniter.php(830): CodeIgniter\CLI\CommandRunner->_remap('index', 'sync:licencias')
#6 C:\xampp\htdocs\dfpyme\system\CodeIgniter.php(419): CodeIgniter\CodeIgniter->runController(Object(CodeIgniter\CLI\CommandRunner))
#7 C:\xampp\htdocs\dfpyme\system\CodeIgniter.php(326): CodeIgniter\CodeIgniter->handleRequest(NULL, Object(Config\Cache), false)
#8 C:\xampp\htdocs\dfpyme\system\CLI\Console.php(48): CodeIgniter\CodeIgniter->run()
#9 C:\xampp\htdocs\dfpyme\spark(63): CodeIgniter\CLI\Console->run()
#10 {main}
CRITICAL - 2025-06-25 16:43:51 --> Undefined variable $id_cliente
#0 C:\xampp\htdocs\dfpyme\app\Controllers\factura_electronica\FacturaElectronica.php(39): CodeIgniter\Debug\Exceptions->errorHandler(2, 'Undefined varia...', 'C:\\xampp\\htdocs...', 39)
#1 C:\xampp\htdocs\dfpyme\system\CodeIgniter.php(832): App\Controllers\factura_electronica\FacturaElectronica->pre_factura()
#2 C:\xampp\htdocs\dfpyme\system\CodeIgniter.php(419): CodeIgniter\CodeIgniter->runController(Object(App\Controllers\factura_electronica\FacturaElectronica))
#3 C:\xampp\htdocs\dfpyme\system\CodeIgniter.php(326): CodeIgniter\CodeIgniter->handleRequest(NULL, Object(Config\Cache), false)
#4 C:\xampp\htdocs\dfpyme\index.php(37): CodeIgniter\CodeIgniter->run()
#5 {main}
CRITICAL - 2025-06-25 22:23:04 --> Undefined array key "id_producto"
#0 C:\xampp\htdocs\dfpyme\app\Controllers\producto\productoController.php(576): CodeIgniter\Debug\Exceptions->errorHandler(2, 'Undefined array...', 'C:\\xampp\\htdocs...', 576)
#1 C:\xampp\htdocs\dfpyme\system\CodeIgniter.php(832): App\Controllers\producto\productoController->agregar_productos_x_categoria()
#2 C:\xampp\htdocs\dfpyme\system\CodeIgniter.php(419): CodeIgniter\CodeIgniter->runController(Object(App\Controllers\producto\productoController))
#3 C:\xampp\htdocs\dfpyme\system\CodeIgniter.php(326): CodeIgniter\CodeIgniter->handleRequest(NULL, Object(Config\Cache), false)
#4 C:\xampp\htdocs\dfpyme\index.php(37): CodeIgniter\CodeIgniter->run()
#5 {main}
