CRITICAL - 2025-05-31 11:11:21 --> Trying to access array offset on value of type null
#0 C:\xampp\htdocs\dfpyme\app\Controllers\categoria\categoriaController.php(341): CodeIgniter\Debug\Exceptions->errorHandler(2, 'Trying to acces...', 'C:\\xampp\\htdocs...', 341)
#1 C:\xampp\htdocs\dfpyme\system\CodeIgniter.php(832): App\Controllers\categoria\categoriaController->consulta_sub_categoria()
#2 C:\xampp\htdocs\dfpyme\system\CodeIgniter.php(419): CodeIgniter\CodeIgniter->runController(Object(App\Controllers\categoria\categoriaController))
#3 C:\xampp\htdocs\dfpyme\system\CodeIgniter.php(326): CodeIgniter\CodeIgniter->handleRequest(NULL, Object(Config\Cache), false)
#4 C:\xampp\htdocs\dfpyme\index.php(37): CodeIgniter\CodeIgniter->run()
#5 {main}
CRITICAL - 2025-05-31 11:11:36 --> Division by zero
#0 C:\xampp\htdocs\dfpyme\system\CodeIgniter.php(832): App\Controllers\producto\operacionesProductoController->actualizar_precio_producto()
#1 C:\xampp\htdocs\dfpyme\system\CodeIgniter.php(419): CodeIgniter\CodeIgniter->runController(Object(App\Controllers\producto\operacionesProductoController))
#2 C:\xampp\htdocs\dfpyme\system\CodeIgniter.php(326): CodeIgniter\CodeIgniter->handleRequest(NULL, Object(Config\Cache), false)
#3 C:\xampp\htdocs\dfpyme\index.php(37): CodeIgniter\CodeIgniter->run()
#4 {main}
CRITICAL - 2025-05-31 11:11:37 --> Division by zero
#0 C:\xampp\htdocs\dfpyme\system\CodeIgniter.php(832): App\Controllers\producto\operacionesProductoController->actualizar_precio_producto()
#1 C:\xampp\htdocs\dfpyme\system\CodeIgniter.php(419): CodeIgniter\CodeIgniter->runController(Object(App\Controllers\producto\operacionesProductoController))
#2 C:\xampp\htdocs\dfpyme\system\CodeIgniter.php(326): CodeIgniter\CodeIgniter->handleRequest(NULL, Object(Config\Cache), false)
#3 C:\xampp\htdocs\dfpyme\index.php(37): CodeIgniter\CodeIgniter->run()
#4 {main}
CRITICAL - 2025-05-31 11:11:38 --> Division by zero
#0 C:\xampp\htdocs\dfpyme\system\CodeIgniter.php(832): App\Controllers\producto\operacionesProductoController->actualizar_precio_producto()
#1 C:\xampp\htdocs\dfpyme\system\CodeIgniter.php(419): CodeIgniter\CodeIgniter->runController(Object(App\Controllers\producto\operacionesProductoController))
#2 C:\xampp\htdocs\dfpyme\system\CodeIgniter.php(326): CodeIgniter\CodeIgniter->handleRequest(NULL, Object(Config\Cache), false)
#3 C:\xampp\htdocs\dfpyme\index.php(37): CodeIgniter\CodeIgniter->run()
#4 {main}
CRITICAL - 2025-05-31 11:11:38 --> Division by zero
#0 C:\xampp\htdocs\dfpyme\system\CodeIgniter.php(832): App\Controllers\producto\operacionesProductoController->actualizar_precio_producto()
#1 C:\xampp\htdocs\dfpyme\system\CodeIgniter.php(419): CodeIgniter\CodeIgniter->runController(Object(App\Controllers\producto\operacionesProductoController))
#2 C:\xampp\htdocs\dfpyme\system\CodeIgniter.php(326): CodeIgniter\CodeIgniter->handleRequest(NULL, Object(Config\Cache), false)
#3 C:\xampp\htdocs\dfpyme\index.php(37): CodeIgniter\CodeIgniter->run()
#4 {main}
CRITICAL - 2025-05-31 11:11:38 --> Division by zero
#0 C:\xampp\htdocs\dfpyme\system\CodeIgniter.php(832): App\Controllers\producto\operacionesProductoController->actualizar_precio_producto()
#1 C:\xampp\htdocs\dfpyme\system\CodeIgniter.php(419): CodeIgniter\CodeIgniter->runController(Object(App\Controllers\producto\operacionesProductoController))
#2 C:\xampp\htdocs\dfpyme\system\CodeIgniter.php(326): CodeIgniter\CodeIgniter->handleRequest(NULL, Object(Config\Cache), false)
#3 C:\xampp\htdocs\dfpyme\index.php(37): CodeIgniter\CodeIgniter->run()
#4 {main}
CRITICAL - 2025-05-31 11:11:38 --> Division by zero
#0 C:\xampp\htdocs\dfpyme\system\CodeIgniter.php(832): App\Controllers\producto\operacionesProductoController->actualizar_precio_producto()
#1 C:\xampp\htdocs\dfpyme\system\CodeIgniter.php(419): CodeIgniter\CodeIgniter->runController(Object(App\Controllers\producto\operacionesProductoController))
#2 C:\xampp\htdocs\dfpyme\system\CodeIgniter.php(326): CodeIgniter\CodeIgniter->handleRequest(NULL, Object(Config\Cache), false)
#3 C:\xampp\htdocs\dfpyme\index.php(37): CodeIgniter\CodeIgniter->run()
#4 {main}
CRITICAL - 2025-05-31 11:17:47 --> Division by zero
#0 C:\xampp\htdocs\dfpyme\system\CodeIgniter.php(832): App\Controllers\producto\operacionesProductoController->actualizar_precio_producto()
#1 C:\xampp\htdocs\dfpyme\system\CodeIgniter.php(419): CodeIgniter\CodeIgniter->runController(Object(App\Controllers\producto\operacionesProductoController))
#2 C:\xampp\htdocs\dfpyme\system\CodeIgniter.php(326): CodeIgniter\CodeIgniter->handleRequest(NULL, Object(Config\Cache), false)
#3 C:\xampp\htdocs\dfpyme\index.php(37): CodeIgniter\CodeIgniter->run()
#4 {main}
CRITICAL - 2025-05-31 11:17:49 --> Division by zero
#0 C:\xampp\htdocs\dfpyme\system\CodeIgniter.php(832): App\Controllers\producto\operacionesProductoController->actualizar_precio_producto()
#1 C:\xampp\htdocs\dfpyme\system\CodeIgniter.php(419): CodeIgniter\CodeIgniter->runController(Object(App\Controllers\producto\operacionesProductoController))
#2 C:\xampp\htdocs\dfpyme\system\CodeIgniter.php(326): CodeIgniter\CodeIgniter->handleRequest(NULL, Object(Config\Cache), false)
#3 C:\xampp\htdocs\dfpyme\index.php(37): CodeIgniter\CodeIgniter->run()
#4 {main}
CRITICAL - 2025-05-31 11:17:49 --> Division by zero
#0 C:\xampp\htdocs\dfpyme\system\CodeIgniter.php(832): App\Controllers\producto\operacionesProductoController->actualizar_precio_producto()
#1 C:\xampp\htdocs\dfpyme\system\CodeIgniter.php(419): CodeIgniter\CodeIgniter->runController(Object(App\Controllers\producto\operacionesProductoController))
#2 C:\xampp\htdocs\dfpyme\system\CodeIgniter.php(326): CodeIgniter\CodeIgniter->handleRequest(NULL, Object(Config\Cache), false)
#3 C:\xampp\htdocs\dfpyme\index.php(37): CodeIgniter\CodeIgniter->run()
#4 {main}
CRITICAL - 2025-05-31 11:17:50 --> Division by zero
#0 C:\xampp\htdocs\dfpyme\system\CodeIgniter.php(832): App\Controllers\producto\operacionesProductoController->actualizar_precio_producto()
#1 C:\xampp\htdocs\dfpyme\system\CodeIgniter.php(419): CodeIgniter\CodeIgniter->runController(Object(App\Controllers\producto\operacionesProductoController))
#2 C:\xampp\htdocs\dfpyme\system\CodeIgniter.php(326): CodeIgniter\CodeIgniter->handleRequest(NULL, Object(Config\Cache), false)
#3 C:\xampp\htdocs\dfpyme\index.php(37): CodeIgniter\CodeIgniter->run()
#4 {main}
CRITICAL - 2025-05-31 11:17:50 --> Division by zero
#0 C:\xampp\htdocs\dfpyme\system\CodeIgniter.php(832): App\Controllers\producto\operacionesProductoController->actualizar_precio_producto()
#1 C:\xampp\htdocs\dfpyme\system\CodeIgniter.php(419): CodeIgniter\CodeIgniter->runController(Object(App\Controllers\producto\operacionesProductoController))
#2 C:\xampp\htdocs\dfpyme\system\CodeIgniter.php(326): CodeIgniter\CodeIgniter->handleRequest(NULL, Object(Config\Cache), false)
#3 C:\xampp\htdocs\dfpyme\index.php(37): CodeIgniter\CodeIgniter->run()
#4 {main}
CRITICAL - 2025-05-31 11:17:50 --> Division by zero
#0 C:\xampp\htdocs\dfpyme\system\CodeIgniter.php(832): App\Controllers\producto\operacionesProductoController->actualizar_precio_producto()
#1 C:\xampp\htdocs\dfpyme\system\CodeIgniter.php(419): CodeIgniter\CodeIgniter->runController(Object(App\Controllers\producto\operacionesProductoController))
#2 C:\xampp\htdocs\dfpyme\system\CodeIgniter.php(326): CodeIgniter\CodeIgniter->handleRequest(NULL, Object(Config\Cache), false)
#3 C:\xampp\htdocs\dfpyme\index.php(37): CodeIgniter\CodeIgniter->run()
#4 {main}
CRITICAL - 2025-05-31 11:17:53 --> Division by zero
#0 C:\xampp\htdocs\dfpyme\system\CodeIgniter.php(832): App\Controllers\producto\operacionesProductoController->actualizar_precio_producto()
#1 C:\xampp\htdocs\dfpyme\system\CodeIgniter.php(419): CodeIgniter\CodeIgniter->runController(Object(App\Controllers\producto\operacionesProductoController))
#2 C:\xampp\htdocs\dfpyme\system\CodeIgniter.php(326): CodeIgniter\CodeIgniter->handleRequest(NULL, Object(Config\Cache), false)
#3 C:\xampp\htdocs\dfpyme\index.php(37): CodeIgniter\CodeIgniter->run()
#4 {main}
CRITICAL - 2025-05-31 11:23:42 --> Undefined array key "id_producto"
#0 C:\xampp\htdocs\dfpyme\app\Controllers\producto\productoController.php(568): CodeIgniter\Debug\Exceptions->errorHandler(2, 'Undefined array...', 'C:\\xampp\\htdocs...', 568)
#1 C:\xampp\htdocs\dfpyme\system\CodeIgniter.php(832): App\Controllers\producto\productoController->agregar_productos_x_categoria()
#2 C:\xampp\htdocs\dfpyme\system\CodeIgniter.php(419): CodeIgniter\CodeIgniter->runController(Object(App\Controllers\producto\productoController))
#3 C:\xampp\htdocs\dfpyme\system\CodeIgniter.php(326): CodeIgniter\CodeIgniter->handleRequest(NULL, Object(Config\Cache), false)
#4 C:\xampp\htdocs\dfpyme\index.php(37): CodeIgniter\CodeIgniter->run()
#5 {main}
CRITICAL - 2025-05-31 11:24:51 --> Undefined array key "id_producto"
#0 C:\xampp\htdocs\dfpyme\app\Controllers\producto\productoController.php(568): CodeIgniter\Debug\Exceptions->errorHandler(2, 'Undefined array...', 'C:\\xampp\\htdocs...', 568)
#1 C:\xampp\htdocs\dfpyme\system\CodeIgniter.php(832): App\Controllers\producto\productoController->agregar_productos_x_categoria()
#2 C:\xampp\htdocs\dfpyme\system\CodeIgniter.php(419): CodeIgniter\CodeIgniter->runController(Object(App\Controllers\producto\productoController))
#3 C:\xampp\htdocs\dfpyme\system\CodeIgniter.php(326): CodeIgniter\CodeIgniter->handleRequest(NULL, Object(Config\Cache), false)
#4 C:\xampp\htdocs\dfpyme\index.php(37): CodeIgniter\CodeIgniter->run()
#5 {main}
ERROR - 2025-05-31 11:28:46 --> ErrorException: pg_query(): Query failed: ERROR:  update o delete en «componentes» viola la llave foránea «fk_componentes» en la tabla «atributos_producto»
DETAIL:  La llave (id)=(1) todavía es referida desde la tabla «atributos_producto». in C:\xampp\htdocs\dfpyme\system\Database\Postgre\Connection.php:135
Stack trace:
#0 [internal function]: CodeIgniter\Debug\Exceptions->errorHandler(2, 'pg_query(): Que...', 'C:\\xampp\\htdocs...', 135)
#1 C:\xampp\htdocs\dfpyme\system\Database\Postgre\Connection.php(135): pg_query(Resource id #157, 'DELETE FROM "co...')
#2 C:\xampp\htdocs\dfpyme\system\Database\BaseConnection.php(670): CodeIgniter\Database\Postgre\Connection->execute('DELETE FROM "co...')
#3 C:\xampp\htdocs\dfpyme\system\Database\BaseConnection.php(598): CodeIgniter\Database\BaseConnection->simpleQuery('DELETE FROM "co...')
#4 C:\xampp\htdocs\dfpyme\system\Database\BaseBuilder.php(2225): CodeIgniter\Database\BaseConnection->query('DELETE FROM "co...', Array, false)
#5 C:\xampp\htdocs\dfpyme\system\Database\Postgre\Builder.php(204): CodeIgniter\Database\BaseBuilder->delete('', NULL, true)
#6 C:\xampp\htdocs\dfpyme\system\Model.php(359): CodeIgniter\Database\Postgre\Builder->delete()
#7 C:\xampp\htdocs\dfpyme\system\BaseModel.php(963): CodeIgniter\Model->doDelete(NULL, false)
#8 C:\xampp\htdocs\dfpyme\app\Controllers\producto\ConfigurarProductoController.php(157): CodeIgniter\BaseModel->delete()
#9 C:\xampp\htdocs\dfpyme\system\CodeIgniter.php(832): App\Controllers\producto\ConfigurarProductocontroller->deleteAtributo()
#10 C:\xampp\htdocs\dfpyme\system\CodeIgniter.php(419): CodeIgniter\CodeIgniter->runController(Object(App\Controllers\producto\ConfigurarProductocontroller))
#11 C:\xampp\htdocs\dfpyme\system\CodeIgniter.php(326): CodeIgniter\CodeIgniter->handleRequest(NULL, Object(Config\Cache), false)
#12 C:\xampp\htdocs\dfpyme\index.php(37): CodeIgniter\CodeIgniter->run()
#13 {main}
CRITICAL - 2025-05-31 11:28:46 --> pg_query(): Query failed: ERROR:  update o delete en «componentes» viola la llave foránea «fk_componentes» en la tabla «atributos_producto»
DETAIL:  La llave (id)=(1) todavía es referida desde la tabla «atributos_producto».
#0 [internal function]: CodeIgniter\Debug\Exceptions->errorHandler(2, 'pg_query(): Que...', 'C:\\xampp\\htdocs...', 135)
#1 C:\xampp\htdocs\dfpyme\system\Database\Postgre\Connection.php(135): pg_query(Resource id #157, 'DELETE FROM "co...')
#2 C:\xampp\htdocs\dfpyme\system\Database\BaseConnection.php(670): CodeIgniter\Database\Postgre\Connection->execute('DELETE FROM "co...')
#3 C:\xampp\htdocs\dfpyme\system\Database\BaseConnection.php(598): CodeIgniter\Database\BaseConnection->simpleQuery('DELETE FROM "co...')
#4 C:\xampp\htdocs\dfpyme\system\Database\BaseBuilder.php(2225): CodeIgniter\Database\BaseConnection->query('DELETE FROM "co...', Array, false)
#5 C:\xampp\htdocs\dfpyme\system\Database\Postgre\Builder.php(204): CodeIgniter\Database\BaseBuilder->delete('', NULL, true)
#6 C:\xampp\htdocs\dfpyme\system\Model.php(359): CodeIgniter\Database\Postgre\Builder->delete()
#7 C:\xampp\htdocs\dfpyme\system\BaseModel.php(963): CodeIgniter\Model->doDelete(NULL, false)
#8 C:\xampp\htdocs\dfpyme\app\Controllers\producto\ConfigurarProductoController.php(157): CodeIgniter\BaseModel->delete()
#9 C:\xampp\htdocs\dfpyme\system\CodeIgniter.php(832): App\Controllers\producto\ConfigurarProductocontroller->deleteAtributo()
#10 C:\xampp\htdocs\dfpyme\system\CodeIgniter.php(419): CodeIgniter\CodeIgniter->runController(Object(App\Controllers\producto\ConfigurarProductocontroller))
#11 C:\xampp\htdocs\dfpyme\system\CodeIgniter.php(326): CodeIgniter\CodeIgniter->handleRequest(NULL, Object(Config\Cache), false)
#12 C:\xampp\htdocs\dfpyme\index.php(37): CodeIgniter\CodeIgniter->run()
#13 {main}
CRITICAL - 2025-05-31 11:28:46 --> Uncaught CodeIgniter\Format\Exceptions\FormatException: Failed to parse json string, error: "Type is not supported". in C:\xampp\htdocs\dfpyme\system\Format\JSONFormatter.php:41
Stack trace:
#0 C:\xampp\htdocs\dfpyme\system\Format\JSONFormatter.php(41): CodeIgniter\Format\Exceptions\FormatException::forInvalidJSON('Type is not sup...')
#1 C:\xampp\htdocs\dfpyme\system\API\ResponseTrait.php(341): CodeIgniter\Format\JSONFormatter->format(Array)
#2 C:\xampp\htdocs\dfpyme\system\API\ResponseTrait.php(99): CodeIgniter\Debug\Exceptions->format(Array)
#3 C:\xampp\htdocs\dfpyme\system\Debug\Exceptions.php(115): CodeIgniter\Debug\Exceptions->respond(Array, 500)
#4 [internal function]: CodeIgniter\Debug\Exceptions->exceptionHandler(Object(ErrorException))
#5 {main}
  thrown
#0 [internal function]: CodeIgniter\Debug\Exceptions->shutdownHandler()
#1 {main}
ERROR - 2025-05-31 11:28:58 --> ErrorException: pg_query(): Query failed: ERROR:  update o delete en «componentes» viola la llave foránea «fk_componentes» en la tabla «atributos_producto»
DETAIL:  La llave (id)=(1) todavía es referida desde la tabla «atributos_producto». in C:\xampp\htdocs\dfpyme\system\Database\Postgre\Connection.php:135
Stack trace:
#0 [internal function]: CodeIgniter\Debug\Exceptions->errorHandler(2, 'pg_query(): Que...', 'C:\\xampp\\htdocs...', 135)
#1 C:\xampp\htdocs\dfpyme\system\Database\Postgre\Connection.php(135): pg_query(Resource id #157, 'DELETE FROM "co...')
#2 C:\xampp\htdocs\dfpyme\system\Database\BaseConnection.php(670): CodeIgniter\Database\Postgre\Connection->execute('DELETE FROM "co...')
#3 C:\xampp\htdocs\dfpyme\system\Database\BaseConnection.php(598): CodeIgniter\Database\BaseConnection->simpleQuery('DELETE FROM "co...')
#4 C:\xampp\htdocs\dfpyme\system\Database\BaseBuilder.php(2225): CodeIgniter\Database\BaseConnection->query('DELETE FROM "co...', Array, false)
#5 C:\xampp\htdocs\dfpyme\system\Database\Postgre\Builder.php(204): CodeIgniter\Database\BaseBuilder->delete('', NULL, true)
#6 C:\xampp\htdocs\dfpyme\system\Model.php(359): CodeIgniter\Database\Postgre\Builder->delete()
#7 C:\xampp\htdocs\dfpyme\system\BaseModel.php(963): CodeIgniter\Model->doDelete(NULL, false)
#8 C:\xampp\htdocs\dfpyme\app\Controllers\producto\ConfigurarProductoController.php(141): CodeIgniter\BaseModel->delete()
#9 C:\xampp\htdocs\dfpyme\system\CodeIgniter.php(832): App\Controllers\producto\ConfigurarProductocontroller->deleteComponente()
#10 C:\xampp\htdocs\dfpyme\system\CodeIgniter.php(419): CodeIgniter\CodeIgniter->runController(Object(App\Controllers\producto\ConfigurarProductocontroller))
#11 C:\xampp\htdocs\dfpyme\system\CodeIgniter.php(326): CodeIgniter\CodeIgniter->handleRequest(NULL, Object(Config\Cache), false)
#12 C:\xampp\htdocs\dfpyme\index.php(37): CodeIgniter\CodeIgniter->run()
#13 {main}
CRITICAL - 2025-05-31 11:28:58 --> pg_query(): Query failed: ERROR:  update o delete en «componentes» viola la llave foránea «fk_componentes» en la tabla «atributos_producto»
DETAIL:  La llave (id)=(1) todavía es referida desde la tabla «atributos_producto».
#0 [internal function]: CodeIgniter\Debug\Exceptions->errorHandler(2, 'pg_query(): Que...', 'C:\\xampp\\htdocs...', 135)
#1 C:\xampp\htdocs\dfpyme\system\Database\Postgre\Connection.php(135): pg_query(Resource id #157, 'DELETE FROM "co...')
#2 C:\xampp\htdocs\dfpyme\system\Database\BaseConnection.php(670): CodeIgniter\Database\Postgre\Connection->execute('DELETE FROM "co...')
#3 C:\xampp\htdocs\dfpyme\system\Database\BaseConnection.php(598): CodeIgniter\Database\BaseConnection->simpleQuery('DELETE FROM "co...')
#4 C:\xampp\htdocs\dfpyme\system\Database\BaseBuilder.php(2225): CodeIgniter\Database\BaseConnection->query('DELETE FROM "co...', Array, false)
#5 C:\xampp\htdocs\dfpyme\system\Database\Postgre\Builder.php(204): CodeIgniter\Database\BaseBuilder->delete('', NULL, true)
#6 C:\xampp\htdocs\dfpyme\system\Model.php(359): CodeIgniter\Database\Postgre\Builder->delete()
#7 C:\xampp\htdocs\dfpyme\system\BaseModel.php(963): CodeIgniter\Model->doDelete(NULL, false)
#8 C:\xampp\htdocs\dfpyme\app\Controllers\producto\ConfigurarProductoController.php(141): CodeIgniter\BaseModel->delete()
#9 C:\xampp\htdocs\dfpyme\system\CodeIgniter.php(832): App\Controllers\producto\ConfigurarProductocontroller->deleteComponente()
#10 C:\xampp\htdocs\dfpyme\system\CodeIgniter.php(419): CodeIgniter\CodeIgniter->runController(Object(App\Controllers\producto\ConfigurarProductocontroller))
#11 C:\xampp\htdocs\dfpyme\system\CodeIgniter.php(326): CodeIgniter\CodeIgniter->handleRequest(NULL, Object(Config\Cache), false)
#12 C:\xampp\htdocs\dfpyme\index.php(37): CodeIgniter\CodeIgniter->run()
#13 {main}
CRITICAL - 2025-05-31 11:28:58 --> Uncaught CodeIgniter\Format\Exceptions\FormatException: Failed to parse json string, error: "Type is not supported". in C:\xampp\htdocs\dfpyme\system\Format\JSONFormatter.php:41
Stack trace:
#0 C:\xampp\htdocs\dfpyme\system\Format\JSONFormatter.php(41): CodeIgniter\Format\Exceptions\FormatException::forInvalidJSON('Type is not sup...')
#1 C:\xampp\htdocs\dfpyme\system\API\ResponseTrait.php(341): CodeIgniter\Format\JSONFormatter->format(Array)
#2 C:\xampp\htdocs\dfpyme\system\API\ResponseTrait.php(99): CodeIgniter\Debug\Exceptions->format(Array)
#3 C:\xampp\htdocs\dfpyme\system\Debug\Exceptions.php(115): CodeIgniter\Debug\Exceptions->respond(Array, 500)
#4 [internal function]: CodeIgniter\Debug\Exceptions->exceptionHandler(Object(ErrorException))
#5 {main}
  thrown
#0 [internal function]: CodeIgniter\Debug\Exceptions->shutdownHandler()
#1 {main}
CRITICAL - 2025-05-31 11:43:31 --> Undefined array key "id_producto"
#0 C:\xampp\htdocs\dfpyme\app\Controllers\producto\productoController.php(568): CodeIgniter\Debug\Exceptions->errorHandler(2, 'Undefined array...', 'C:\\xampp\\htdocs...', 568)
#1 C:\xampp\htdocs\dfpyme\system\CodeIgniter.php(832): App\Controllers\producto\productoController->agregar_productos_x_categoria()
#2 C:\xampp\htdocs\dfpyme\system\CodeIgniter.php(419): CodeIgniter\CodeIgniter->runController(Object(App\Controllers\producto\productoController))
#3 C:\xampp\htdocs\dfpyme\system\CodeIgniter.php(326): CodeIgniter\CodeIgniter->handleRequest(NULL, Object(Config\Cache), false)
#4 C:\xampp\htdocs\dfpyme\index.php(37): CodeIgniter\CodeIgniter->run()
#5 {main}
CRITICAL - 2025-05-31 13:31:50 --> Trying to access array offset on value of type null
#0 C:\xampp\htdocs\dfpyme\app\Controllers\categoria\categoriaController.php(341): CodeIgniter\Debug\Exceptions->errorHandler(2, 'Trying to acces...', 'C:\\xampp\\htdocs...', 341)
#1 C:\xampp\htdocs\dfpyme\system\CodeIgniter.php(832): App\Controllers\categoria\categoriaController->consulta_sub_categoria()
#2 C:\xampp\htdocs\dfpyme\system\CodeIgniter.php(419): CodeIgniter\CodeIgniter->runController(Object(App\Controllers\categoria\categoriaController))
#3 C:\xampp\htdocs\dfpyme\system\CodeIgniter.php(326): CodeIgniter\CodeIgniter->handleRequest(NULL, Object(Config\Cache), false)
#4 C:\xampp\htdocs\dfpyme\index.php(37): CodeIgniter\CodeIgniter->run()
#5 {main}
CRITICAL - 2025-05-31 13:32:02 --> Division by zero
#0 C:\xampp\htdocs\dfpyme\system\CodeIgniter.php(832): App\Controllers\producto\operacionesProductoController->actualizar_precio_producto()
#1 C:\xampp\htdocs\dfpyme\system\CodeIgniter.php(419): CodeIgniter\CodeIgniter->runController(Object(App\Controllers\producto\operacionesProductoController))
#2 C:\xampp\htdocs\dfpyme\system\CodeIgniter.php(326): CodeIgniter\CodeIgniter->handleRequest(NULL, Object(Config\Cache), false)
#3 C:\xampp\htdocs\dfpyme\index.php(37): CodeIgniter\CodeIgniter->run()
#4 {main}
CRITICAL - 2025-05-31 13:32:02 --> Division by zero
#0 C:\xampp\htdocs\dfpyme\system\CodeIgniter.php(832): App\Controllers\producto\operacionesProductoController->actualizar_precio_producto()
#1 C:\xampp\htdocs\dfpyme\system\CodeIgniter.php(419): CodeIgniter\CodeIgniter->runController(Object(App\Controllers\producto\operacionesProductoController))
#2 C:\xampp\htdocs\dfpyme\system\CodeIgniter.php(326): CodeIgniter\CodeIgniter->handleRequest(NULL, Object(Config\Cache), false)
#3 C:\xampp\htdocs\dfpyme\index.php(37): CodeIgniter\CodeIgniter->run()
#4 {main}
CRITICAL - 2025-05-31 13:32:03 --> Division by zero
#0 C:\xampp\htdocs\dfpyme\system\CodeIgniter.php(832): App\Controllers\producto\operacionesProductoController->actualizar_precio_producto()
#1 C:\xampp\htdocs\dfpyme\system\CodeIgniter.php(419): CodeIgniter\CodeIgniter->runController(Object(App\Controllers\producto\operacionesProductoController))
#2 C:\xampp\htdocs\dfpyme\system\CodeIgniter.php(326): CodeIgniter\CodeIgniter->handleRequest(NULL, Object(Config\Cache), false)
#3 C:\xampp\htdocs\dfpyme\index.php(37): CodeIgniter\CodeIgniter->run()
#4 {main}
CRITICAL - 2025-05-31 13:32:03 --> Division by zero
#0 C:\xampp\htdocs\dfpyme\system\CodeIgniter.php(832): App\Controllers\producto\operacionesProductoController->actualizar_precio_producto()
#1 C:\xampp\htdocs\dfpyme\system\CodeIgniter.php(419): CodeIgniter\CodeIgniter->runController(Object(App\Controllers\producto\operacionesProductoController))
#2 C:\xampp\htdocs\dfpyme\system\CodeIgniter.php(326): CodeIgniter\CodeIgniter->handleRequest(NULL, Object(Config\Cache), false)
#3 C:\xampp\htdocs\dfpyme\index.php(37): CodeIgniter\CodeIgniter->run()
#4 {main}
CRITICAL - 2025-05-31 13:32:03 --> Division by zero
#0 C:\xampp\htdocs\dfpyme\system\CodeIgniter.php(832): App\Controllers\producto\operacionesProductoController->actualizar_precio_producto()
#1 C:\xampp\htdocs\dfpyme\system\CodeIgniter.php(419): CodeIgniter\CodeIgniter->runController(Object(App\Controllers\producto\operacionesProductoController))
#2 C:\xampp\htdocs\dfpyme\system\CodeIgniter.php(326): CodeIgniter\CodeIgniter->handleRequest(NULL, Object(Config\Cache), false)
#3 C:\xampp\htdocs\dfpyme\index.php(37): CodeIgniter\CodeIgniter->run()
#4 {main}
CRITICAL - 2025-05-31 13:32:03 --> Division by zero
#0 C:\xampp\htdocs\dfpyme\system\CodeIgniter.php(832): App\Controllers\producto\operacionesProductoController->actualizar_precio_producto()
#1 C:\xampp\htdocs\dfpyme\system\CodeIgniter.php(419): CodeIgniter\CodeIgniter->runController(Object(App\Controllers\producto\operacionesProductoController))
#2 C:\xampp\htdocs\dfpyme\system\CodeIgniter.php(326): CodeIgniter\CodeIgniter->handleRequest(NULL, Object(Config\Cache), false)
#3 C:\xampp\htdocs\dfpyme\index.php(37): CodeIgniter\CodeIgniter->run()
#4 {main}
CRITICAL - 2025-05-31 13:32:06 --> Division by zero
#0 C:\xampp\htdocs\dfpyme\system\CodeIgniter.php(832): App\Controllers\producto\operacionesProductoController->actualizar_precio_producto()
#1 C:\xampp\htdocs\dfpyme\system\CodeIgniter.php(419): CodeIgniter\CodeIgniter->runController(Object(App\Controllers\producto\operacionesProductoController))
#2 C:\xampp\htdocs\dfpyme\system\CodeIgniter.php(326): CodeIgniter\CodeIgniter->handleRequest(NULL, Object(Config\Cache), false)
#3 C:\xampp\htdocs\dfpyme\index.php(37): CodeIgniter\CodeIgniter->run()
#4 {main}
CRITICAL - 2025-05-31 13:32:06 --> Division by zero
#0 C:\xampp\htdocs\dfpyme\system\CodeIgniter.php(832): App\Controllers\producto\operacionesProductoController->actualizar_precio_producto()
#1 C:\xampp\htdocs\dfpyme\system\CodeIgniter.php(419): CodeIgniter\CodeIgniter->runController(Object(App\Controllers\producto\operacionesProductoController))
#2 C:\xampp\htdocs\dfpyme\system\CodeIgniter.php(326): CodeIgniter\CodeIgniter->handleRequest(NULL, Object(Config\Cache), false)
#3 C:\xampp\htdocs\dfpyme\index.php(37): CodeIgniter\CodeIgniter->run()
#4 {main}
CRITICAL - 2025-05-31 13:32:07 --> Division by zero
#0 C:\xampp\htdocs\dfpyme\system\CodeIgniter.php(832): App\Controllers\producto\operacionesProductoController->actualizar_precio_producto()
#1 C:\xampp\htdocs\dfpyme\system\CodeIgniter.php(419): CodeIgniter\CodeIgniter->runController(Object(App\Controllers\producto\operacionesProductoController))
#2 C:\xampp\htdocs\dfpyme\system\CodeIgniter.php(326): CodeIgniter\CodeIgniter->handleRequest(NULL, Object(Config\Cache), false)
#3 C:\xampp\htdocs\dfpyme\index.php(37): CodeIgniter\CodeIgniter->run()
#4 {main}
CRITICAL - 2025-05-31 13:35:43 --> Undefined array key "id_producto"
#0 C:\xampp\htdocs\dfpyme\app\Controllers\producto\productoController.php(568): CodeIgniter\Debug\Exceptions->errorHandler(2, 'Undefined array...', 'C:\\xampp\\htdocs...', 568)
#1 C:\xampp\htdocs\dfpyme\system\CodeIgniter.php(832): App\Controllers\producto\productoController->agregar_productos_x_categoria()
#2 C:\xampp\htdocs\dfpyme\system\CodeIgniter.php(419): CodeIgniter\CodeIgniter->runController(Object(App\Controllers\producto\productoController))
#3 C:\xampp\htdocs\dfpyme\system\CodeIgniter.php(326): CodeIgniter\CodeIgniter->handleRequest(NULL, Object(Config\Cache), false)
#4 C:\xampp\htdocs\dfpyme\index.php(37): CodeIgniter\CodeIgniter->run()
#5 {main}
ERROR - 2025-05-31 13:39:49 --> ErrorException: pg_query(): Query failed: ERROR:  update o delete en «componentes» viola la llave foránea «fk_componentes» en la tabla «atributos_producto»
DETAIL:  La llave (id)=(3) todavía es referida desde la tabla «atributos_producto». in C:\xampp\htdocs\dfpyme\system\Database\Postgre\Connection.php:135
Stack trace:
#0 [internal function]: CodeIgniter\Debug\Exceptions->errorHandler(2, 'pg_query(): Que...', 'C:\\xampp\\htdocs...', 135)
#1 C:\xampp\htdocs\dfpyme\system\Database\Postgre\Connection.php(135): pg_query(Resource id #157, 'DELETE FROM "co...')
#2 C:\xampp\htdocs\dfpyme\system\Database\BaseConnection.php(670): CodeIgniter\Database\Postgre\Connection->execute('DELETE FROM "co...')
#3 C:\xampp\htdocs\dfpyme\system\Database\BaseConnection.php(598): CodeIgniter\Database\BaseConnection->simpleQuery('DELETE FROM "co...')
#4 C:\xampp\htdocs\dfpyme\system\Database\BaseBuilder.php(2225): CodeIgniter\Database\BaseConnection->query('DELETE FROM "co...', Array, false)
#5 C:\xampp\htdocs\dfpyme\system\Database\Postgre\Builder.php(204): CodeIgniter\Database\BaseBuilder->delete('', NULL, true)
#6 C:\xampp\htdocs\dfpyme\system\Model.php(359): CodeIgniter\Database\Postgre\Builder->delete()
#7 C:\xampp\htdocs\dfpyme\system\BaseModel.php(963): CodeIgniter\Model->doDelete(NULL, false)
#8 C:\xampp\htdocs\dfpyme\app\Controllers\producto\ConfigurarProductoController.php(157): CodeIgniter\BaseModel->delete()
#9 C:\xampp\htdocs\dfpyme\system\CodeIgniter.php(832): App\Controllers\producto\ConfigurarProductocontroller->deleteAtributo()
#10 C:\xampp\htdocs\dfpyme\system\CodeIgniter.php(419): CodeIgniter\CodeIgniter->runController(Object(App\Controllers\producto\ConfigurarProductocontroller))
#11 C:\xampp\htdocs\dfpyme\system\CodeIgniter.php(326): CodeIgniter\CodeIgniter->handleRequest(NULL, Object(Config\Cache), false)
#12 C:\xampp\htdocs\dfpyme\index.php(37): CodeIgniter\CodeIgniter->run()
#13 {main}
CRITICAL - 2025-05-31 13:39:49 --> pg_query(): Query failed: ERROR:  update o delete en «componentes» viola la llave foránea «fk_componentes» en la tabla «atributos_producto»
DETAIL:  La llave (id)=(3) todavía es referida desde la tabla «atributos_producto».
#0 [internal function]: CodeIgniter\Debug\Exceptions->errorHandler(2, 'pg_query(): Que...', 'C:\\xampp\\htdocs...', 135)
#1 C:\xampp\htdocs\dfpyme\system\Database\Postgre\Connection.php(135): pg_query(Resource id #157, 'DELETE FROM "co...')
#2 C:\xampp\htdocs\dfpyme\system\Database\BaseConnection.php(670): CodeIgniter\Database\Postgre\Connection->execute('DELETE FROM "co...')
#3 C:\xampp\htdocs\dfpyme\system\Database\BaseConnection.php(598): CodeIgniter\Database\BaseConnection->simpleQuery('DELETE FROM "co...')
#4 C:\xampp\htdocs\dfpyme\system\Database\BaseBuilder.php(2225): CodeIgniter\Database\BaseConnection->query('DELETE FROM "co...', Array, false)
#5 C:\xampp\htdocs\dfpyme\system\Database\Postgre\Builder.php(204): CodeIgniter\Database\BaseBuilder->delete('', NULL, true)
#6 C:\xampp\htdocs\dfpyme\system\Model.php(359): CodeIgniter\Database\Postgre\Builder->delete()
#7 C:\xampp\htdocs\dfpyme\system\BaseModel.php(963): CodeIgniter\Model->doDelete(NULL, false)
#8 C:\xampp\htdocs\dfpyme\app\Controllers\producto\ConfigurarProductoController.php(157): CodeIgniter\BaseModel->delete()
#9 C:\xampp\htdocs\dfpyme\system\CodeIgniter.php(832): App\Controllers\producto\ConfigurarProductocontroller->deleteAtributo()
#10 C:\xampp\htdocs\dfpyme\system\CodeIgniter.php(419): CodeIgniter\CodeIgniter->runController(Object(App\Controllers\producto\ConfigurarProductocontroller))
#11 C:\xampp\htdocs\dfpyme\system\CodeIgniter.php(326): CodeIgniter\CodeIgniter->handleRequest(NULL, Object(Config\Cache), false)
#12 C:\xampp\htdocs\dfpyme\index.php(37): CodeIgniter\CodeIgniter->run()
#13 {main}
CRITICAL - 2025-05-31 13:39:49 --> Uncaught CodeIgniter\Format\Exceptions\FormatException: Failed to parse json string, error: "Type is not supported". in C:\xampp\htdocs\dfpyme\system\Format\JSONFormatter.php:41
Stack trace:
#0 C:\xampp\htdocs\dfpyme\system\Format\JSONFormatter.php(41): CodeIgniter\Format\Exceptions\FormatException::forInvalidJSON('Type is not sup...')
#1 C:\xampp\htdocs\dfpyme\system\API\ResponseTrait.php(341): CodeIgniter\Format\JSONFormatter->format(Array)
#2 C:\xampp\htdocs\dfpyme\system\API\ResponseTrait.php(99): CodeIgniter\Debug\Exceptions->format(Array)
#3 C:\xampp\htdocs\dfpyme\system\Debug\Exceptions.php(115): CodeIgniter\Debug\Exceptions->respond(Array, 500)
#4 [internal function]: CodeIgniter\Debug\Exceptions->exceptionHandler(Object(ErrorException))
#5 {main}
  thrown
#0 [internal function]: CodeIgniter\Debug\Exceptions->shutdownHandler()
#1 {main}
ERROR - 2025-05-31 13:40:10 --> ErrorException: pg_query(): Query failed: ERROR:  update o delete en «componentes» viola la llave foránea «fk_componentes» en la tabla «atributos_producto»
DETAIL:  La llave (id)=(3) todavía es referida desde la tabla «atributos_producto». in C:\xampp\htdocs\dfpyme\system\Database\Postgre\Connection.php:135
Stack trace:
#0 [internal function]: CodeIgniter\Debug\Exceptions->errorHandler(2, 'pg_query(): Que...', 'C:\\xampp\\htdocs...', 135)
#1 C:\xampp\htdocs\dfpyme\system\Database\Postgre\Connection.php(135): pg_query(Resource id #157, 'DELETE FROM "co...')
#2 C:\xampp\htdocs\dfpyme\system\Database\BaseConnection.php(670): CodeIgniter\Database\Postgre\Connection->execute('DELETE FROM "co...')
#3 C:\xampp\htdocs\dfpyme\system\Database\BaseConnection.php(598): CodeIgniter\Database\BaseConnection->simpleQuery('DELETE FROM "co...')
#4 C:\xampp\htdocs\dfpyme\system\Database\BaseBuilder.php(2225): CodeIgniter\Database\BaseConnection->query('DELETE FROM "co...', Array, false)
#5 C:\xampp\htdocs\dfpyme\system\Database\Postgre\Builder.php(204): CodeIgniter\Database\BaseBuilder->delete('', NULL, true)
#6 C:\xampp\htdocs\dfpyme\system\Model.php(359): CodeIgniter\Database\Postgre\Builder->delete()
#7 C:\xampp\htdocs\dfpyme\system\BaseModel.php(963): CodeIgniter\Model->doDelete(NULL, false)
#8 C:\xampp\htdocs\dfpyme\app\Controllers\producto\ConfigurarProductoController.php(141): CodeIgniter\BaseModel->delete()
#9 C:\xampp\htdocs\dfpyme\system\CodeIgniter.php(832): App\Controllers\producto\ConfigurarProductocontroller->deleteComponente()
#10 C:\xampp\htdocs\dfpyme\system\CodeIgniter.php(419): CodeIgniter\CodeIgniter->runController(Object(App\Controllers\producto\ConfigurarProductocontroller))
#11 C:\xampp\htdocs\dfpyme\system\CodeIgniter.php(326): CodeIgniter\CodeIgniter->handleRequest(NULL, Object(Config\Cache), false)
#12 C:\xampp\htdocs\dfpyme\index.php(37): CodeIgniter\CodeIgniter->run()
#13 {main}
CRITICAL - 2025-05-31 13:40:10 --> pg_query(): Query failed: ERROR:  update o delete en «componentes» viola la llave foránea «fk_componentes» en la tabla «atributos_producto»
DETAIL:  La llave (id)=(3) todavía es referida desde la tabla «atributos_producto».
#0 [internal function]: CodeIgniter\Debug\Exceptions->errorHandler(2, 'pg_query(): Que...', 'C:\\xampp\\htdocs...', 135)
#1 C:\xampp\htdocs\dfpyme\system\Database\Postgre\Connection.php(135): pg_query(Resource id #157, 'DELETE FROM "co...')
#2 C:\xampp\htdocs\dfpyme\system\Database\BaseConnection.php(670): CodeIgniter\Database\Postgre\Connection->execute('DELETE FROM "co...')
#3 C:\xampp\htdocs\dfpyme\system\Database\BaseConnection.php(598): CodeIgniter\Database\BaseConnection->simpleQuery('DELETE FROM "co...')
#4 C:\xampp\htdocs\dfpyme\system\Database\BaseBuilder.php(2225): CodeIgniter\Database\BaseConnection->query('DELETE FROM "co...', Array, false)
#5 C:\xampp\htdocs\dfpyme\system\Database\Postgre\Builder.php(204): CodeIgniter\Database\BaseBuilder->delete('', NULL, true)
#6 C:\xampp\htdocs\dfpyme\system\Model.php(359): CodeIgniter\Database\Postgre\Builder->delete()
#7 C:\xampp\htdocs\dfpyme\system\BaseModel.php(963): CodeIgniter\Model->doDelete(NULL, false)
#8 C:\xampp\htdocs\dfpyme\app\Controllers\producto\ConfigurarProductoController.php(141): CodeIgniter\BaseModel->delete()
#9 C:\xampp\htdocs\dfpyme\system\CodeIgniter.php(832): App\Controllers\producto\ConfigurarProductocontroller->deleteComponente()
#10 C:\xampp\htdocs\dfpyme\system\CodeIgniter.php(419): CodeIgniter\CodeIgniter->runController(Object(App\Controllers\producto\ConfigurarProductocontroller))
#11 C:\xampp\htdocs\dfpyme\system\CodeIgniter.php(326): CodeIgniter\CodeIgniter->handleRequest(NULL, Object(Config\Cache), false)
#12 C:\xampp\htdocs\dfpyme\index.php(37): CodeIgniter\CodeIgniter->run()
#13 {main}
CRITICAL - 2025-05-31 13:40:10 --> Uncaught CodeIgniter\Format\Exceptions\FormatException: Failed to parse json string, error: "Type is not supported". in C:\xampp\htdocs\dfpyme\system\Format\JSONFormatter.php:41
Stack trace:
#0 C:\xampp\htdocs\dfpyme\system\Format\JSONFormatter.php(41): CodeIgniter\Format\Exceptions\FormatException::forInvalidJSON('Type is not sup...')
#1 C:\xampp\htdocs\dfpyme\system\API\ResponseTrait.php(341): CodeIgniter\Format\JSONFormatter->format(Array)
#2 C:\xampp\htdocs\dfpyme\system\API\ResponseTrait.php(99): CodeIgniter\Debug\Exceptions->format(Array)
#3 C:\xampp\htdocs\dfpyme\system\Debug\Exceptions.php(115): CodeIgniter\Debug\Exceptions->respond(Array, 500)
#4 [internal function]: CodeIgniter\Debug\Exceptions->exceptionHandler(Object(ErrorException))
#5 {main}
  thrown
#0 [internal function]: CodeIgniter\Debug\Exceptions->shutdownHandler()
#1 {main}
ERROR - 2025-05-31 14:10:50 --> ErrorException: pg_query(): Query failed: ERROR:  no existe la relación «producto_factura_prov_temp»
LINE 9:             producto_factura_prov_temp
                    ^ in C:\xampp\htdocs\dfpyme\system\Database\Postgre\Connection.php:135
Stack trace:
#0 [internal function]: CodeIgniter\Debug\Exceptions->errorHandler(2, 'pg_query(): Que...', 'C:\\xampp\\htdocs...', 135)
#1 C:\xampp\htdocs\dfpyme\system\Database\Postgre\Connection.php(135): pg_query(Resource id #155, '\r\n        SELEC...')
#2 C:\xampp\htdocs\dfpyme\system\Database\BaseConnection.php(670): CodeIgniter\Database\Postgre\Connection->execute('\r\n        SELEC...')
#3 C:\xampp\htdocs\dfpyme\system\Database\BaseConnection.php(598): CodeIgniter\Database\BaseConnection->simpleQuery('\r\n        SELEC...')
#4 C:\xampp\htdocs\dfpyme\app\Models\ComprasModel.php(70): CodeIgniter\Database\BaseConnection->query('\r\n        SELEC...')
#5 C:\xampp\htdocs\dfpyme\app\Controllers\pedidos\Inventarios.php(708): App\Models\ComprasModel->productos('6')
#6 C:\xampp\htdocs\dfpyme\system\CodeIgniter.php(832): App\Controllers\pedidos\Inventarios->usuario_producto_compra()
#7 C:\xampp\htdocs\dfpyme\system\CodeIgniter.php(419): CodeIgniter\CodeIgniter->runController(Object(App\Controllers\pedidos\Inventarios))
#8 C:\xampp\htdocs\dfpyme\system\CodeIgniter.php(326): CodeIgniter\CodeIgniter->handleRequest(NULL, Object(Config\Cache), false)
#9 C:\xampp\htdocs\dfpyme\index.php(37): CodeIgniter\CodeIgniter->run()
#10 {main}
CRITICAL - 2025-05-31 14:10:50 --> pg_query(): Query failed: ERROR:  no existe la relación «producto_factura_prov_temp»
LINE 9:             producto_factura_prov_temp
                    ^
#0 [internal function]: CodeIgniter\Debug\Exceptions->errorHandler(2, 'pg_query(): Que...', 'C:\\xampp\\htdocs...', 135)
#1 C:\xampp\htdocs\dfpyme\system\Database\Postgre\Connection.php(135): pg_query(Resource id #155, '\r\n        SELEC...')
#2 C:\xampp\htdocs\dfpyme\system\Database\BaseConnection.php(670): CodeIgniter\Database\Postgre\Connection->execute('\r\n        SELEC...')
#3 C:\xampp\htdocs\dfpyme\system\Database\BaseConnection.php(598): CodeIgniter\Database\BaseConnection->simpleQuery('\r\n        SELEC...')
#4 C:\xampp\htdocs\dfpyme\app\Models\ComprasModel.php(70): CodeIgniter\Database\BaseConnection->query('\r\n        SELEC...')
#5 C:\xampp\htdocs\dfpyme\app\Controllers\pedidos\Inventarios.php(708): App\Models\ComprasModel->productos('6')
#6 C:\xampp\htdocs\dfpyme\system\CodeIgniter.php(832): App\Controllers\pedidos\Inventarios->usuario_producto_compra()
#7 C:\xampp\htdocs\dfpyme\system\CodeIgniter.php(419): CodeIgniter\CodeIgniter->runController(Object(App\Controllers\pedidos\Inventarios))
#8 C:\xampp\htdocs\dfpyme\system\CodeIgniter.php(326): CodeIgniter\CodeIgniter->handleRequest(NULL, Object(Config\Cache), false)
#9 C:\xampp\htdocs\dfpyme\index.php(37): CodeIgniter\CodeIgniter->run()
#10 {main}
CRITICAL - 2025-05-31 14:10:50 --> Uncaught CodeIgniter\Format\Exceptions\FormatException: Failed to parse json string, error: "Type is not supported". in C:\xampp\htdocs\dfpyme\system\Format\JSONFormatter.php:41
Stack trace:
#0 C:\xampp\htdocs\dfpyme\system\Format\JSONFormatter.php(41): CodeIgniter\Format\Exceptions\FormatException::forInvalidJSON('Type is not sup...')
#1 C:\xampp\htdocs\dfpyme\system\API\ResponseTrait.php(341): CodeIgniter\Format\JSONFormatter->format(Array)
#2 C:\xampp\htdocs\dfpyme\system\API\ResponseTrait.php(99): CodeIgniter\Debug\Exceptions->format(Array)
#3 C:\xampp\htdocs\dfpyme\system\Debug\Exceptions.php(115): CodeIgniter\Debug\Exceptions->respond(Array, 500)
#4 [internal function]: CodeIgniter\Debug\Exceptions->exceptionHandler(Object(ErrorException))
#5 {main}
  thrown
#0 [internal function]: CodeIgniter\Debug\Exceptions->shutdownHandler()
#1 {main}
