ERROR - 2025-12-03 11:53:30 --> ErrorException: pg_query(): Query failed: ERROR:  no existe la relación «caja»
LINE 2: FROM &quot;caja&quot;
             ^ in C:\xampp\htdocs\dfpyme\system\Database\Postgre\Connection.php:135
Stack trace:
#0 [internal function]: CodeIgniter\Debug\Exceptions->errorHandler(2, 'pg_query(): Que...', 'C:\\xampp\\htdocs...', 135)
#1 C:\xampp\htdocs\dfpyme\system\Database\Postgre\Connection.php(135): pg_query(Resource id #158, 'SELECT "idcaja"...')
#2 C:\xampp\htdocs\dfpyme\system\Database\BaseConnection.php(670): CodeIgniter\Database\Postgre\Connection->execute('SELECT "idcaja"...')
#3 C:\xampp\htdocs\dfpyme\system\Database\BaseConnection.php(598): CodeIgniter\Database\BaseConnection->simpleQuery('SELECT "idcaja"...')
#4 C:\xampp\htdocs\dfpyme\system\Database\BaseBuilder.php(1455): CodeIgniter\Database\BaseConnection->query('SELECT "idcaja"...', Array, false)
#5 C:\xampp\htdocs\dfpyme\system\Model.php(145): CodeIgniter\Database\BaseBuilder->get()
#6 C:\xampp\htdocs\dfpyme\system\BaseModel.php(523): CodeIgniter\Model->doFind(false, NULL)
#7 C:\xampp\htdocs\dfpyme\app\Controllers\caja\cajaController.php(121): CodeIgniter\BaseModel->find()
#8 C:\xampp\htdocs\dfpyme\system\CodeIgniter.php(832): App\Controllers\caja\cajaController->cierre()
#9 C:\xampp\htdocs\dfpyme\system\CodeIgniter.php(419): CodeIgniter\CodeIgniter->runController(Object(App\Controllers\caja\cajaController))
#10 C:\xampp\htdocs\dfpyme\system\CodeIgniter.php(326): CodeIgniter\CodeIgniter->handleRequest(NULL, Object(Config\Cache), false)
#11 C:\xampp\htdocs\dfpyme\index.php(37): CodeIgniter\CodeIgniter->run()
#12 {main}
CRITICAL - 2025-12-03 11:53:30 --> pg_query(): Query failed: ERROR:  no existe la relación «caja»
LINE 2: FROM &quot;caja&quot;
             ^
#0 [internal function]: CodeIgniter\Debug\Exceptions->errorHandler(2, 'pg_query(): Que...', 'C:\\xampp\\htdocs...', 135)
#1 C:\xampp\htdocs\dfpyme\system\Database\Postgre\Connection.php(135): pg_query(Resource id #158, 'SELECT "idcaja"...')
#2 C:\xampp\htdocs\dfpyme\system\Database\BaseConnection.php(670): CodeIgniter\Database\Postgre\Connection->execute('SELECT "idcaja"...')
#3 C:\xampp\htdocs\dfpyme\system\Database\BaseConnection.php(598): CodeIgniter\Database\BaseConnection->simpleQuery('SELECT "idcaja"...')
#4 C:\xampp\htdocs\dfpyme\system\Database\BaseBuilder.php(1455): CodeIgniter\Database\BaseConnection->query('SELECT "idcaja"...', Array, false)
#5 C:\xampp\htdocs\dfpyme\system\Model.php(145): CodeIgniter\Database\BaseBuilder->get()
#6 C:\xampp\htdocs\dfpyme\system\BaseModel.php(523): CodeIgniter\Model->doFind(false, NULL)
#7 C:\xampp\htdocs\dfpyme\app\Controllers\caja\cajaController.php(121): CodeIgniter\BaseModel->find()
#8 C:\xampp\htdocs\dfpyme\system\CodeIgniter.php(832): App\Controllers\caja\cajaController->cierre()
#9 C:\xampp\htdocs\dfpyme\system\CodeIgniter.php(419): CodeIgniter\CodeIgniter->runController(Object(App\Controllers\caja\cajaController))
#10 C:\xampp\htdocs\dfpyme\system\CodeIgniter.php(326): CodeIgniter\CodeIgniter->handleRequest(NULL, Object(Config\Cache), false)
#11 C:\xampp\htdocs\dfpyme\index.php(37): CodeIgniter\CodeIgniter->run()
#12 {main}
CRITICAL - 2025-12-03 11:54:10 --> Trying to access array offset on value of type null
#0 C:\xampp\htdocs\dfpyme\app\Controllers\pedido\edicionEliminacionFacturaPedidoController.php(477): CodeIgniter\Debug\Exceptions->errorHandler(2, 'Trying to acces...', 'C:\\xampp\\htdocs...', 477)
#1 C:\xampp\htdocs\dfpyme\system\CodeIgniter.php(832): App\Controllers\pedido\edicionEliminacionFacturaPedidoController->consultarFe()
#2 C:\xampp\htdocs\dfpyme\system\CodeIgniter.php(419): CodeIgniter\CodeIgniter->runController(Object(App\Controllers\pedido\edicionEliminacionFacturaPedidoController))
#3 C:\xampp\htdocs\dfpyme\system\CodeIgniter.php(326): CodeIgniter\CodeIgniter->handleRequest(NULL, Object(Config\Cache), false)
#4 C:\xampp\htdocs\dfpyme\index.php(37): CodeIgniter\CodeIgniter->run()
#5 {main}
CRITICAL - 2025-12-03 11:54:12 --> Trying to access array offset on value of type null
#0 C:\xampp\htdocs\dfpyme\app\Controllers\pedido\edicionEliminacionFacturaPedidoController.php(477): CodeIgniter\Debug\Exceptions->errorHandler(2, 'Trying to acces...', 'C:\\xampp\\htdocs...', 477)
#1 C:\xampp\htdocs\dfpyme\system\CodeIgniter.php(832): App\Controllers\pedido\edicionEliminacionFacturaPedidoController->consultarFe()
#2 C:\xampp\htdocs\dfpyme\system\CodeIgniter.php(419): CodeIgniter\CodeIgniter->runController(Object(App\Controllers\pedido\edicionEliminacionFacturaPedidoController))
#3 C:\xampp\htdocs\dfpyme\system\CodeIgniter.php(326): CodeIgniter\CodeIgniter->handleRequest(NULL, Object(Config\Cache), false)
#4 C:\xampp\htdocs\dfpyme\index.php(37): CodeIgniter\CodeIgniter->run()
#5 {main}
CRITICAL - 2025-12-03 11:54:52 --> Attempt to read property "id_apertura" on null
#0 C:\xampp\htdocs\dfpyme\app\Controllers\pedido\edicionEliminacionFacturaPedidoController.php(473): CodeIgniter\Debug\Exceptions->errorHandler(2, 'Attempt to read...', 'C:\\xampp\\htdocs...', 473)
#1 C:\xampp\htdocs\dfpyme\system\CodeIgniter.php(832): App\Controllers\pedido\edicionEliminacionFacturaPedidoController->consultarFe()
#2 C:\xampp\htdocs\dfpyme\system\CodeIgniter.php(419): CodeIgniter\CodeIgniter->runController(Object(App\Controllers\pedido\edicionEliminacionFacturaPedidoController))
#3 C:\xampp\htdocs\dfpyme\system\CodeIgniter.php(326): CodeIgniter\CodeIgniter->handleRequest(NULL, Object(Config\Cache), false)
#4 C:\xampp\htdocs\dfpyme\index.php(37): CodeIgniter\CodeIgniter->run()
#5 {main}
CRITICAL - 2025-12-03 11:55:20 --> Trying to access array offset on value of type null
#0 C:\xampp\htdocs\dfpyme\app\Controllers\reportes\ReportesController.php(656): CodeIgniter\Debug\Exceptions->errorHandler(2, 'Trying to acces...', 'C:\\xampp\\htdocs...', 656)
#1 C:\xampp\htdocs\dfpyme\system\CodeIgniter.php(832): App\Controllers\reportes\ReportesController->total_ventas_electronicas()
#2 C:\xampp\htdocs\dfpyme\system\CodeIgniter.php(419): CodeIgniter\CodeIgniter->runController(Object(App\Controllers\reportes\ReportesController))
#3 C:\xampp\htdocs\dfpyme\system\CodeIgniter.php(326): CodeIgniter\CodeIgniter->handleRequest(NULL, Object(Config\Cache), false)
#4 C:\xampp\htdocs\dfpyme\index.php(37): CodeIgniter\CodeIgniter->run()
#5 {main}
CRITICAL - 2025-12-03 11:55:21 --> Uncaught CodeIgniter\Format\Exceptions\FormatException: Failed to parse json string, error: "Type is not supported". in C:\xampp\htdocs\dfpyme\system\Format\JSONFormatter.php:41
Stack trace:
#0 C:\xampp\htdocs\dfpyme\system\Format\JSONFormatter.php(41): CodeIgniter\Format\Exceptions\FormatException::forInvalidJSON('Type is not sup...')
#1 C:\xampp\htdocs\dfpyme\system\API\ResponseTrait.php(341): CodeIgniter\Format\JSONFormatter->format(Array)
#2 C:\xampp\htdocs\dfpyme\system\API\ResponseTrait.php(99): CodeIgniter\Debug\Exceptions->format(Array)
#3 C:\xampp\htdocs\dfpyme\system\Debug\Exceptions.php(115): CodeIgniter\Debug\Exceptions->respond(Array, 500)
#4 [internal function]: CodeIgniter\Debug\Exceptions->exceptionHandler(Object(ErrorException))
#5 {main}
  thrown
#0 [internal function]: CodeIgniter\Debug\Exceptions->shutdownHandler()
#1 {main}
CRITICAL - 2025-12-03 11:55:23 --> Attempt to read property "id_apertura" on null
#0 C:\xampp\htdocs\dfpyme\app\Controllers\pedido\edicionEliminacionFacturaPedidoController.php(473): CodeIgniter\Debug\Exceptions->errorHandler(2, 'Attempt to read...', 'C:\\xampp\\htdocs...', 473)
#1 C:\xampp\htdocs\dfpyme\system\CodeIgniter.php(832): App\Controllers\pedido\edicionEliminacionFacturaPedidoController->consultarFe()
#2 C:\xampp\htdocs\dfpyme\system\CodeIgniter.php(419): CodeIgniter\CodeIgniter->runController(Object(App\Controllers\pedido\edicionEliminacionFacturaPedidoController))
#3 C:\xampp\htdocs\dfpyme\system\CodeIgniter.php(326): CodeIgniter\CodeIgniter->handleRequest(NULL, Object(Config\Cache), false)
#4 C:\xampp\htdocs\dfpyme\index.php(37): CodeIgniter\CodeIgniter->run()
#5 {main}
CRITICAL - 2025-12-03 11:55:41 --> Trying to access array offset on value of type null
#0 C:\xampp\htdocs\dfpyme\app\Controllers\pedido\edicionEliminacionFacturaPedidoController.php(477): CodeIgniter\Debug\Exceptions->errorHandler(2, 'Trying to acces...', 'C:\\xampp\\htdocs...', 477)
#1 C:\xampp\htdocs\dfpyme\system\CodeIgniter.php(832): App\Controllers\pedido\edicionEliminacionFacturaPedidoController->consultarFe()
#2 C:\xampp\htdocs\dfpyme\system\CodeIgniter.php(419): CodeIgniter\CodeIgniter->runController(Object(App\Controllers\pedido\edicionEliminacionFacturaPedidoController))
#3 C:\xampp\htdocs\dfpyme\system\CodeIgniter.php(326): CodeIgniter\CodeIgniter->handleRequest(NULL, Object(Config\Cache), false)
#4 C:\xampp\htdocs\dfpyme\index.php(37): CodeIgniter\CodeIgniter->run()
#5 {main}
CRITICAL - 2025-12-03 12:03:21 --> Trying to access array offset on value of type null
#0 C:\xampp\htdocs\dfpyme\app\Controllers\reportes\ReportesController.php(656): CodeIgniter\Debug\Exceptions->errorHandler(2, 'Trying to acces...', 'C:\\xampp\\htdocs...', 656)
#1 C:\xampp\htdocs\dfpyme\system\CodeIgniter.php(832): App\Controllers\reportes\ReportesController->total_ventas_electronicas()
#2 C:\xampp\htdocs\dfpyme\system\CodeIgniter.php(419): CodeIgniter\CodeIgniter->runController(Object(App\Controllers\reportes\ReportesController))
#3 C:\xampp\htdocs\dfpyme\system\CodeIgniter.php(326): CodeIgniter\CodeIgniter->handleRequest(NULL, Object(Config\Cache), false)
#4 C:\xampp\htdocs\dfpyme\index.php(37): CodeIgniter\CodeIgniter->run()
#5 {main}
CRITICAL - 2025-12-03 12:03:21 --> Uncaught CodeIgniter\Format\Exceptions\FormatException: Failed to parse json string, error: "Type is not supported". in C:\xampp\htdocs\dfpyme\system\Format\JSONFormatter.php:41
Stack trace:
#0 C:\xampp\htdocs\dfpyme\system\Format\JSONFormatter.php(41): CodeIgniter\Format\Exceptions\FormatException::forInvalidJSON('Type is not sup...')
#1 C:\xampp\htdocs\dfpyme\system\API\ResponseTrait.php(341): CodeIgniter\Format\JSONFormatter->format(Array)
#2 C:\xampp\htdocs\dfpyme\system\API\ResponseTrait.php(99): CodeIgniter\Debug\Exceptions->format(Array)
#3 C:\xampp\htdocs\dfpyme\system\Debug\Exceptions.php(115): CodeIgniter\Debug\Exceptions->respond(Array, 500)
#4 [internal function]: CodeIgniter\Debug\Exceptions->exceptionHandler(Object(ErrorException))
#5 {main}
  thrown
#0 [internal function]: CodeIgniter\Debug\Exceptions->shutdownHandler()
#1 {main}
CRITICAL - 2025-12-03 12:07:35 --> copy(\\DESKTOP-33GR05N\FACTURA): Failed to open stream: No such file or directory
#0 [internal function]: CodeIgniter\Debug\Exceptions->errorHandler(2, 'copy(\\\\DESKTOP-...', 'C:\\xampp\\htdocs...', 372)
#1 C:\xampp\htdocs\dfpyme\app\Controllers\mike42\src\Mike42\Escpos\PrintConnectors\WindowsPrintConnector.php(372): copy('C:\\Windows\\Temp...', '\\\\DESKTOP-33GR0...')
#2 C:\xampp\htdocs\dfpyme\app\Controllers\mike42\src\Mike42\Escpos\PrintConnectors\WindowsPrintConnector.php(290): Mike42\Escpos\PrintConnectors\WindowsPrintConnector->runCopy('C:\\Windows\\Temp...', '\\\\DESKTOP-33GR0...')
#3 C:\xampp\htdocs\dfpyme\app\Controllers\mike42\src\Mike42\Escpos\PrintConnectors\WindowsPrintConnector.php(173): Mike42\Escpos\PrintConnectors\WindowsPrintConnector->finalizeWin('\e@\ep0<x')
#4 C:\xampp\htdocs\dfpyme\app\Controllers\mike42\src\Mike42\Escpos\Printer.php(503): Mike42\Escpos\PrintConnectors\WindowsPrintConnector->finalize()
#5 C:\xampp\htdocs\dfpyme\app\Controllers\factura_electronica\FacturaElectronica.php(56): Mike42\Escpos\Printer->close()
#6 C:\xampp\htdocs\dfpyme\system\CodeIgniter.php(832): App\Controllers\factura_electronica\FacturaElectronica->pre_factura()
#7 C:\xampp\htdocs\dfpyme\system\CodeIgniter.php(419): CodeIgniter\CodeIgniter->runController(Object(App\Controllers\factura_electronica\FacturaElectronica))
#8 C:\xampp\htdocs\dfpyme\system\CodeIgniter.php(326): CodeIgniter\CodeIgniter->handleRequest(NULL, Object(Config\Cache), false)
#9 C:\xampp\htdocs\dfpyme\index.php(37): CodeIgniter\CodeIgniter->run()
#10 {main}
CRITICAL - 2025-12-03 12:07:39 --> copy(\\DESKTOP-33GR05N\FACTURA): Failed to open stream: No such file or directory
#0 [internal function]: CodeIgniter\Debug\Exceptions->errorHandler(2, 'copy(\\\\DESKTOP-...', 'C:\\xampp\\htdocs...', 372)
#1 C:\xampp\htdocs\dfpyme\app\Controllers\mike42\src\Mike42\Escpos\PrintConnectors\WindowsPrintConnector.php(372): copy('C:\\Windows\\Temp...', '\\\\DESKTOP-33GR0...')
#2 C:\xampp\htdocs\dfpyme\app\Controllers\mike42\src\Mike42\Escpos\PrintConnectors\WindowsPrintConnector.php(290): Mike42\Escpos\PrintConnectors\WindowsPrintConnector->runCopy('C:\\Windows\\Temp...', '\\\\DESKTOP-33GR0...')
#3 C:\xampp\htdocs\dfpyme\app\Controllers\mike42\src\Mike42\Escpos\PrintConnectors\WindowsPrintConnector.php(173): Mike42\Escpos\PrintConnectors\WindowsPrintConnector->finalizeWin('\e@\ep0<x')
#4 C:\xampp\htdocs\dfpyme\app\Controllers\mike42\src\Mike42\Escpos\Printer.php(503): Mike42\Escpos\PrintConnectors\WindowsPrintConnector->finalize()
#5 C:\xampp\htdocs\dfpyme\app\Controllers\factura_electronica\FacturaElectronica.php(56): Mike42\Escpos\Printer->close()
#6 C:\xampp\htdocs\dfpyme\system\CodeIgniter.php(832): App\Controllers\factura_electronica\FacturaElectronica->pre_factura()
#7 C:\xampp\htdocs\dfpyme\system\CodeIgniter.php(419): CodeIgniter\CodeIgniter->runController(Object(App\Controllers\factura_electronica\FacturaElectronica))
#8 C:\xampp\htdocs\dfpyme\system\CodeIgniter.php(326): CodeIgniter\CodeIgniter->handleRequest(NULL, Object(Config\Cache), false)
#9 C:\xampp\htdocs\dfpyme\index.php(37): CodeIgniter\CodeIgniter->run()
#10 {main}
CRITICAL - 2025-12-03 12:07:42 --> copy(\\DESKTOP-33GR05N\FACTURA): Failed to open stream: No such file or directory
#0 [internal function]: CodeIgniter\Debug\Exceptions->errorHandler(2, 'copy(\\\\DESKTOP-...', 'C:\\xampp\\htdocs...', 372)
#1 C:\xampp\htdocs\dfpyme\app\Controllers\mike42\src\Mike42\Escpos\PrintConnectors\WindowsPrintConnector.php(372): copy('C:\\Windows\\Temp...', '\\\\DESKTOP-33GR0...')
#2 C:\xampp\htdocs\dfpyme\app\Controllers\mike42\src\Mike42\Escpos\PrintConnectors\WindowsPrintConnector.php(290): Mike42\Escpos\PrintConnectors\WindowsPrintConnector->runCopy('C:\\Windows\\Temp...', '\\\\DESKTOP-33GR0...')
#3 C:\xampp\htdocs\dfpyme\app\Controllers\mike42\src\Mike42\Escpos\PrintConnectors\WindowsPrintConnector.php(173): Mike42\Escpos\PrintConnectors\WindowsPrintConnector->finalizeWin('\e@\ep0<x')
#4 C:\xampp\htdocs\dfpyme\app\Controllers\mike42\src\Mike42\Escpos\Printer.php(503): Mike42\Escpos\PrintConnectors\WindowsPrintConnector->finalize()
#5 C:\xampp\htdocs\dfpyme\app\Controllers\factura_electronica\FacturaElectronica.php(56): Mike42\Escpos\Printer->close()
#6 C:\xampp\htdocs\dfpyme\system\CodeIgniter.php(832): App\Controllers\factura_electronica\FacturaElectronica->pre_factura()
#7 C:\xampp\htdocs\dfpyme\system\CodeIgniter.php(419): CodeIgniter\CodeIgniter->runController(Object(App\Controllers\factura_electronica\FacturaElectronica))
#8 C:\xampp\htdocs\dfpyme\system\CodeIgniter.php(326): CodeIgniter\CodeIgniter->handleRequest(NULL, Object(Config\Cache), false)
#9 C:\xampp\htdocs\dfpyme\index.php(37): CodeIgniter\CodeIgniter->run()
#10 {main}
CRITICAL - 2025-12-03 12:07:44 --> copy(\\DESKTOP-33GR05N\FACTURA): Failed to open stream: No such file or directory
#0 [internal function]: CodeIgniter\Debug\Exceptions->errorHandler(2, 'copy(\\\\DESKTOP-...', 'C:\\xampp\\htdocs...', 372)
#1 C:\xampp\htdocs\dfpyme\app\Controllers\mike42\src\Mike42\Escpos\PrintConnectors\WindowsPrintConnector.php(372): copy('C:\\Windows\\Temp...', '\\\\DESKTOP-33GR0...')
#2 C:\xampp\htdocs\dfpyme\app\Controllers\mike42\src\Mike42\Escpos\PrintConnectors\WindowsPrintConnector.php(290): Mike42\Escpos\PrintConnectors\WindowsPrintConnector->runCopy('C:\\Windows\\Temp...', '\\\\DESKTOP-33GR0...')
#3 C:\xampp\htdocs\dfpyme\app\Controllers\mike42\src\Mike42\Escpos\PrintConnectors\WindowsPrintConnector.php(173): Mike42\Escpos\PrintConnectors\WindowsPrintConnector->finalizeWin('\e@\ep0<x')
#4 C:\xampp\htdocs\dfpyme\app\Controllers\mike42\src\Mike42\Escpos\Printer.php(503): Mike42\Escpos\PrintConnectors\WindowsPrintConnector->finalize()
#5 C:\xampp\htdocs\dfpyme\app\Controllers\factura_electronica\FacturaElectronica.php(56): Mike42\Escpos\Printer->close()
#6 C:\xampp\htdocs\dfpyme\system\CodeIgniter.php(832): App\Controllers\factura_electronica\FacturaElectronica->pre_factura()
#7 C:\xampp\htdocs\dfpyme\system\CodeIgniter.php(419): CodeIgniter\CodeIgniter->runController(Object(App\Controllers\factura_electronica\FacturaElectronica))
#8 C:\xampp\htdocs\dfpyme\system\CodeIgniter.php(326): CodeIgniter\CodeIgniter->handleRequest(NULL, Object(Config\Cache), false)
#9 C:\xampp\htdocs\dfpyme\index.php(37): CodeIgniter\CodeIgniter->run()
#10 {main}
CRITICAL - 2025-12-03 12:07:44 --> copy(\\DESKTOP-33GR05N\FACTURA): Failed to open stream: No such file or directory
#0 [internal function]: CodeIgniter\Debug\Exceptions->errorHandler(2, 'copy(\\\\DESKTOP-...', 'C:\\xampp\\htdocs...', 372)
#1 C:\xampp\htdocs\dfpyme\app\Controllers\mike42\src\Mike42\Escpos\PrintConnectors\WindowsPrintConnector.php(372): copy('C:\\Windows\\Temp...', '\\\\DESKTOP-33GR0...')
#2 C:\xampp\htdocs\dfpyme\app\Controllers\mike42\src\Mike42\Escpos\PrintConnectors\WindowsPrintConnector.php(290): Mike42\Escpos\PrintConnectors\WindowsPrintConnector->runCopy('C:\\Windows\\Temp...', '\\\\DESKTOP-33GR0...')
#3 C:\xampp\htdocs\dfpyme\app\Controllers\mike42\src\Mike42\Escpos\PrintConnectors\WindowsPrintConnector.php(173): Mike42\Escpos\PrintConnectors\WindowsPrintConnector->finalizeWin('\e@\ep0<x')
#4 C:\xampp\htdocs\dfpyme\app\Controllers\mike42\src\Mike42\Escpos\Printer.php(503): Mike42\Escpos\PrintConnectors\WindowsPrintConnector->finalize()
#5 C:\xampp\htdocs\dfpyme\app\Controllers\factura_electronica\FacturaElectronica.php(56): Mike42\Escpos\Printer->close()
#6 C:\xampp\htdocs\dfpyme\system\CodeIgniter.php(832): App\Controllers\factura_electronica\FacturaElectronica->pre_factura()
#7 C:\xampp\htdocs\dfpyme\system\CodeIgniter.php(419): CodeIgniter\CodeIgniter->runController(Object(App\Controllers\factura_electronica\FacturaElectronica))
#8 C:\xampp\htdocs\dfpyme\system\CodeIgniter.php(326): CodeIgniter\CodeIgniter->handleRequest(NULL, Object(Config\Cache), false)
#9 C:\xampp\htdocs\dfpyme\index.php(37): CodeIgniter\CodeIgniter->run()
#10 {main}
CRITICAL - 2025-12-03 12:07:44 --> copy(\\DESKTOP-33GR05N\FACTURA): Failed to open stream: No such file or directory
#0 [internal function]: CodeIgniter\Debug\Exceptions->errorHandler(2, 'copy(\\\\DESKTOP-...', 'C:\\xampp\\htdocs...', 372)
#1 C:\xampp\htdocs\dfpyme\app\Controllers\mike42\src\Mike42\Escpos\PrintConnectors\WindowsPrintConnector.php(372): copy('C:\\Windows\\Temp...', '\\\\DESKTOP-33GR0...')
#2 C:\xampp\htdocs\dfpyme\app\Controllers\mike42\src\Mike42\Escpos\PrintConnectors\WindowsPrintConnector.php(290): Mike42\Escpos\PrintConnectors\WindowsPrintConnector->runCopy('C:\\Windows\\Temp...', '\\\\DESKTOP-33GR0...')
#3 C:\xampp\htdocs\dfpyme\app\Controllers\mike42\src\Mike42\Escpos\PrintConnectors\WindowsPrintConnector.php(173): Mike42\Escpos\PrintConnectors\WindowsPrintConnector->finalizeWin('\e@\ep0<x')
#4 C:\xampp\htdocs\dfpyme\app\Controllers\mike42\src\Mike42\Escpos\Printer.php(503): Mike42\Escpos\PrintConnectors\WindowsPrintConnector->finalize()
#5 C:\xampp\htdocs\dfpyme\app\Controllers\factura_electronica\FacturaElectronica.php(56): Mike42\Escpos\Printer->close()
#6 C:\xampp\htdocs\dfpyme\system\CodeIgniter.php(832): App\Controllers\factura_electronica\FacturaElectronica->pre_factura()
#7 C:\xampp\htdocs\dfpyme\system\CodeIgniter.php(419): CodeIgniter\CodeIgniter->runController(Object(App\Controllers\factura_electronica\FacturaElectronica))
#8 C:\xampp\htdocs\dfpyme\system\CodeIgniter.php(326): CodeIgniter\CodeIgniter->handleRequest(NULL, Object(Config\Cache), false)
#9 C:\xampp\htdocs\dfpyme\index.php(37): CodeIgniter\CodeIgniter->run()
#10 {main}
CRITICAL - 2025-12-03 12:07:46 --> copy(\\DESKTOP-33GR05N\FACTURA): Failed to open stream: No such file or directory
#0 [internal function]: CodeIgniter\Debug\Exceptions->errorHandler(2, 'copy(\\\\DESKTOP-...', 'C:\\xampp\\htdocs...', 372)
#1 C:\xampp\htdocs\dfpyme\app\Controllers\mike42\src\Mike42\Escpos\PrintConnectors\WindowsPrintConnector.php(372): copy('C:\\Windows\\Temp...', '\\\\DESKTOP-33GR0...')
#2 C:\xampp\htdocs\dfpyme\app\Controllers\mike42\src\Mike42\Escpos\PrintConnectors\WindowsPrintConnector.php(290): Mike42\Escpos\PrintConnectors\WindowsPrintConnector->runCopy('C:\\Windows\\Temp...', '\\\\DESKTOP-33GR0...')
#3 C:\xampp\htdocs\dfpyme\app\Controllers\mike42\src\Mike42\Escpos\PrintConnectors\WindowsPrintConnector.php(173): Mike42\Escpos\PrintConnectors\WindowsPrintConnector->finalizeWin('\e@\ep0<x')
#4 C:\xampp\htdocs\dfpyme\app\Controllers\mike42\src\Mike42\Escpos\Printer.php(503): Mike42\Escpos\PrintConnectors\WindowsPrintConnector->finalize()
#5 C:\xampp\htdocs\dfpyme\app\Controllers\factura_electronica\FacturaElectronica.php(56): Mike42\Escpos\Printer->close()
#6 C:\xampp\htdocs\dfpyme\system\CodeIgniter.php(832): App\Controllers\factura_electronica\FacturaElectronica->pre_factura()
#7 C:\xampp\htdocs\dfpyme\system\CodeIgniter.php(419): CodeIgniter\CodeIgniter->runController(Object(App\Controllers\factura_electronica\FacturaElectronica))
#8 C:\xampp\htdocs\dfpyme\system\CodeIgniter.php(326): CodeIgniter\CodeIgniter->handleRequest(NULL, Object(Config\Cache), false)
#9 C:\xampp\htdocs\dfpyme\index.php(37): CodeIgniter\CodeIgniter->run()
#10 {main}
CRITICAL - 2025-12-03 12:07:51 --> copy(\\DESKTOP-33GR05N\FACTURA): Failed to open stream: No such file or directory
#0 [internal function]: CodeIgniter\Debug\Exceptions->errorHandler(2, 'copy(\\\\DESKTOP-...', 'C:\\xampp\\htdocs...', 372)
#1 C:\xampp\htdocs\dfpyme\app\Controllers\mike42\src\Mike42\Escpos\PrintConnectors\WindowsPrintConnector.php(372): copy('C:\\Windows\\Temp...', '\\\\DESKTOP-33GR0...')
#2 C:\xampp\htdocs\dfpyme\app\Controllers\mike42\src\Mike42\Escpos\PrintConnectors\WindowsPrintConnector.php(290): Mike42\Escpos\PrintConnectors\WindowsPrintConnector->runCopy('C:\\Windows\\Temp...', '\\\\DESKTOP-33GR0...')
#3 C:\xampp\htdocs\dfpyme\app\Controllers\mike42\src\Mike42\Escpos\PrintConnectors\WindowsPrintConnector.php(173): Mike42\Escpos\PrintConnectors\WindowsPrintConnector->finalizeWin('\e@\ep0<x')
#4 C:\xampp\htdocs\dfpyme\app\Controllers\mike42\src\Mike42\Escpos\Printer.php(503): Mike42\Escpos\PrintConnectors\WindowsPrintConnector->finalize()
#5 C:\xampp\htdocs\dfpyme\app\Controllers\factura_electronica\FacturaElectronica.php(56): Mike42\Escpos\Printer->close()
#6 C:\xampp\htdocs\dfpyme\system\CodeIgniter.php(832): App\Controllers\factura_electronica\FacturaElectronica->pre_factura()
#7 C:\xampp\htdocs\dfpyme\system\CodeIgniter.php(419): CodeIgniter\CodeIgniter->runController(Object(App\Controllers\factura_electronica\FacturaElectronica))
#8 C:\xampp\htdocs\dfpyme\system\CodeIgniter.php(326): CodeIgniter\CodeIgniter->handleRequest(NULL, Object(Config\Cache), false)
#9 C:\xampp\htdocs\dfpyme\index.php(37): CodeIgniter\CodeIgniter->run()
#10 {main}
CRITICAL - 2025-12-03 12:09:10 --> Trying to access array offset on value of type null
#0 C:\xampp\htdocs\dfpyme\app\Controllers\reportes\ReportesController.php(656): CodeIgniter\Debug\Exceptions->errorHandler(2, 'Trying to acces...', 'C:\\xampp\\htdocs...', 656)
#1 C:\xampp\htdocs\dfpyme\system\CodeIgniter.php(832): App\Controllers\reportes\ReportesController->total_ventas_electronicas()
#2 C:\xampp\htdocs\dfpyme\system\CodeIgniter.php(419): CodeIgniter\CodeIgniter->runController(Object(App\Controllers\reportes\ReportesController))
#3 C:\xampp\htdocs\dfpyme\system\CodeIgniter.php(326): CodeIgniter\CodeIgniter->handleRequest(NULL, Object(Config\Cache), false)
#4 C:\xampp\htdocs\dfpyme\index.php(37): CodeIgniter\CodeIgniter->run()
#5 {main}
CRITICAL - 2025-12-03 12:09:10 --> Uncaught CodeIgniter\Format\Exceptions\FormatException: Failed to parse json string, error: "Type is not supported". in C:\xampp\htdocs\dfpyme\system\Format\JSONFormatter.php:41
Stack trace:
#0 C:\xampp\htdocs\dfpyme\system\Format\JSONFormatter.php(41): CodeIgniter\Format\Exceptions\FormatException::forInvalidJSON('Type is not sup...')
#1 C:\xampp\htdocs\dfpyme\system\API\ResponseTrait.php(341): CodeIgniter\Format\JSONFormatter->format(Array)
#2 C:\xampp\htdocs\dfpyme\system\API\ResponseTrait.php(99): CodeIgniter\Debug\Exceptions->format(Array)
#3 C:\xampp\htdocs\dfpyme\system\Debug\Exceptions.php(115): CodeIgniter\Debug\Exceptions->respond(Array, 500)
#4 [internal function]: CodeIgniter\Debug\Exceptions->exceptionHandler(Object(ErrorException))
#5 {main}
  thrown
#0 [internal function]: CodeIgniter\Debug\Exceptions->shutdownHandler()
#1 {main}
CRITICAL - 2025-12-03 12:09:15 --> Trying to access array offset on value of type null
#0 C:\xampp\htdocs\dfpyme\app\Controllers\reportes\ReportesController.php(656): CodeIgniter\Debug\Exceptions->errorHandler(2, 'Trying to acces...', 'C:\\xampp\\htdocs...', 656)
#1 C:\xampp\htdocs\dfpyme\system\CodeIgniter.php(832): App\Controllers\reportes\ReportesController->total_ventas_electronicas()
#2 C:\xampp\htdocs\dfpyme\system\CodeIgniter.php(419): CodeIgniter\CodeIgniter->runController(Object(App\Controllers\reportes\ReportesController))
#3 C:\xampp\htdocs\dfpyme\system\CodeIgniter.php(326): CodeIgniter\CodeIgniter->handleRequest(NULL, Object(Config\Cache), false)
#4 C:\xampp\htdocs\dfpyme\index.php(37): CodeIgniter\CodeIgniter->run()
#5 {main}
CRITICAL - 2025-12-03 12:09:15 --> Uncaught CodeIgniter\Format\Exceptions\FormatException: Failed to parse json string, error: "Type is not supported". in C:\xampp\htdocs\dfpyme\system\Format\JSONFormatter.php:41
Stack trace:
#0 C:\xampp\htdocs\dfpyme\system\Format\JSONFormatter.php(41): CodeIgniter\Format\Exceptions\FormatException::forInvalidJSON('Type is not sup...')
#1 C:\xampp\htdocs\dfpyme\system\API\ResponseTrait.php(341): CodeIgniter\Format\JSONFormatter->format(Array)
#2 C:\xampp\htdocs\dfpyme\system\API\ResponseTrait.php(99): CodeIgniter\Debug\Exceptions->format(Array)
#3 C:\xampp\htdocs\dfpyme\system\Debug\Exceptions.php(115): CodeIgniter\Debug\Exceptions->respond(Array, 500)
#4 [internal function]: CodeIgniter\Debug\Exceptions->exceptionHandler(Object(ErrorException))
#5 {main}
  thrown
#0 [internal function]: CodeIgniter\Debug\Exceptions->shutdownHandler()
#1 {main}
CRITICAL - 2025-12-03 12:09:20 --> Trying to access array offset on value of type null
#0 C:\xampp\htdocs\dfpyme\app\Controllers\reportes\ReportesController.php(656): CodeIgniter\Debug\Exceptions->errorHandler(2, 'Trying to acces...', 'C:\\xampp\\htdocs...', 656)
#1 C:\xampp\htdocs\dfpyme\system\CodeIgniter.php(832): App\Controllers\reportes\ReportesController->total_ventas_electronicas()
#2 C:\xampp\htdocs\dfpyme\system\CodeIgniter.php(419): CodeIgniter\CodeIgniter->runController(Object(App\Controllers\reportes\ReportesController))
#3 C:\xampp\htdocs\dfpyme\system\CodeIgniter.php(326): CodeIgniter\CodeIgniter->handleRequest(NULL, Object(Config\Cache), false)
#4 C:\xampp\htdocs\dfpyme\index.php(37): CodeIgniter\CodeIgniter->run()
#5 {main}
CRITICAL - 2025-12-03 12:09:20 --> Uncaught CodeIgniter\Format\Exceptions\FormatException: Failed to parse json string, error: "Type is not supported". in C:\xampp\htdocs\dfpyme\system\Format\JSONFormatter.php:41
Stack trace:
#0 C:\xampp\htdocs\dfpyme\system\Format\JSONFormatter.php(41): CodeIgniter\Format\Exceptions\FormatException::forInvalidJSON('Type is not sup...')
#1 C:\xampp\htdocs\dfpyme\system\API\ResponseTrait.php(341): CodeIgniter\Format\JSONFormatter->format(Array)
#2 C:\xampp\htdocs\dfpyme\system\API\ResponseTrait.php(99): CodeIgniter\Debug\Exceptions->format(Array)
#3 C:\xampp\htdocs\dfpyme\system\Debug\Exceptions.php(115): CodeIgniter\Debug\Exceptions->respond(Array, 500)
#4 [internal function]: CodeIgniter\Debug\Exceptions->exceptionHandler(Object(ErrorException))
#5 {main}
  thrown
#0 [internal function]: CodeIgniter\Debug\Exceptions->shutdownHandler()
#1 {main}
CRITICAL - 2025-12-03 12:09:26 --> Trying to access array offset on value of type null
#0 C:\xampp\htdocs\dfpyme\app\Controllers\reportes\ReportesController.php(656): CodeIgniter\Debug\Exceptions->errorHandler(2, 'Trying to acces...', 'C:\\xampp\\htdocs...', 656)
#1 C:\xampp\htdocs\dfpyme\system\CodeIgniter.php(832): App\Controllers\reportes\ReportesController->total_ventas_electronicas()
#2 C:\xampp\htdocs\dfpyme\system\CodeIgniter.php(419): CodeIgniter\CodeIgniter->runController(Object(App\Controllers\reportes\ReportesController))
#3 C:\xampp\htdocs\dfpyme\system\CodeIgniter.php(326): CodeIgniter\CodeIgniter->handleRequest(NULL, Object(Config\Cache), false)
#4 C:\xampp\htdocs\dfpyme\index.php(37): CodeIgniter\CodeIgniter->run()
#5 {main}
CRITICAL - 2025-12-03 12:09:26 --> Uncaught CodeIgniter\Format\Exceptions\FormatException: Failed to parse json string, error: "Type is not supported". in C:\xampp\htdocs\dfpyme\system\Format\JSONFormatter.php:41
Stack trace:
#0 C:\xampp\htdocs\dfpyme\system\Format\JSONFormatter.php(41): CodeIgniter\Format\Exceptions\FormatException::forInvalidJSON('Type is not sup...')
#1 C:\xampp\htdocs\dfpyme\system\API\ResponseTrait.php(341): CodeIgniter\Format\JSONFormatter->format(Array)
#2 C:\xampp\htdocs\dfpyme\system\API\ResponseTrait.php(99): CodeIgniter\Debug\Exceptions->format(Array)
#3 C:\xampp\htdocs\dfpyme\system\Debug\Exceptions.php(115): CodeIgniter\Debug\Exceptions->respond(Array, 500)
#4 [internal function]: CodeIgniter\Debug\Exceptions->exceptionHandler(Object(ErrorException))
#5 {main}
  thrown
#0 [internal function]: CodeIgniter\Debug\Exceptions->shutdownHandler()
#1 {main}
CRITICAL - 2025-12-03 12:09:31 --> Trying to access array offset on value of type null
#0 C:\xampp\htdocs\dfpyme\app\Controllers\reportes\ReportesController.php(656): CodeIgniter\Debug\Exceptions->errorHandler(2, 'Trying to acces...', 'C:\\xampp\\htdocs...', 656)
#1 C:\xampp\htdocs\dfpyme\system\CodeIgniter.php(832): App\Controllers\reportes\ReportesController->total_ventas_electronicas()
#2 C:\xampp\htdocs\dfpyme\system\CodeIgniter.php(419): CodeIgniter\CodeIgniter->runController(Object(App\Controllers\reportes\ReportesController))
#3 C:\xampp\htdocs\dfpyme\system\CodeIgniter.php(326): CodeIgniter\CodeIgniter->handleRequest(NULL, Object(Config\Cache), false)
#4 C:\xampp\htdocs\dfpyme\index.php(37): CodeIgniter\CodeIgniter->run()
#5 {main}
CRITICAL - 2025-12-03 12:09:31 --> Uncaught CodeIgniter\Format\Exceptions\FormatException: Failed to parse json string, error: "Type is not supported". in C:\xampp\htdocs\dfpyme\system\Format\JSONFormatter.php:41
Stack trace:
#0 C:\xampp\htdocs\dfpyme\system\Format\JSONFormatter.php(41): CodeIgniter\Format\Exceptions\FormatException::forInvalidJSON('Type is not sup...')
#1 C:\xampp\htdocs\dfpyme\system\API\ResponseTrait.php(341): CodeIgniter\Format\JSONFormatter->format(Array)
#2 C:\xampp\htdocs\dfpyme\system\API\ResponseTrait.php(99): CodeIgniter\Debug\Exceptions->format(Array)
#3 C:\xampp\htdocs\dfpyme\system\Debug\Exceptions.php(115): CodeIgniter\Debug\Exceptions->respond(Array, 500)
#4 [internal function]: CodeIgniter\Debug\Exceptions->exceptionHandler(Object(ErrorException))
#5 {main}
  thrown
#0 [internal function]: CodeIgniter\Debug\Exceptions->shutdownHandler()
#1 {main}
CRITICAL - 2025-12-03 12:09:36 --> Trying to access array offset on value of type null
#0 C:\xampp\htdocs\dfpyme\app\Controllers\reportes\ReportesController.php(656): CodeIgniter\Debug\Exceptions->errorHandler(2, 'Trying to acces...', 'C:\\xampp\\htdocs...', 656)
#1 C:\xampp\htdocs\dfpyme\system\CodeIgniter.php(832): App\Controllers\reportes\ReportesController->total_ventas_electronicas()
#2 C:\xampp\htdocs\dfpyme\system\CodeIgniter.php(419): CodeIgniter\CodeIgniter->runController(Object(App\Controllers\reportes\ReportesController))
#3 C:\xampp\htdocs\dfpyme\system\CodeIgniter.php(326): CodeIgniter\CodeIgniter->handleRequest(NULL, Object(Config\Cache), false)
#4 C:\xampp\htdocs\dfpyme\index.php(37): CodeIgniter\CodeIgniter->run()
#5 {main}
CRITICAL - 2025-12-03 12:09:36 --> Uncaught CodeIgniter\Format\Exceptions\FormatException: Failed to parse json string, error: "Type is not supported". in C:\xampp\htdocs\dfpyme\system\Format\JSONFormatter.php:41
Stack trace:
#0 C:\xampp\htdocs\dfpyme\system\Format\JSONFormatter.php(41): CodeIgniter\Format\Exceptions\FormatException::forInvalidJSON('Type is not sup...')
#1 C:\xampp\htdocs\dfpyme\system\API\ResponseTrait.php(341): CodeIgniter\Format\JSONFormatter->format(Array)
#2 C:\xampp\htdocs\dfpyme\system\API\ResponseTrait.php(99): CodeIgniter\Debug\Exceptions->format(Array)
#3 C:\xampp\htdocs\dfpyme\system\Debug\Exceptions.php(115): CodeIgniter\Debug\Exceptions->respond(Array, 500)
#4 [internal function]: CodeIgniter\Debug\Exceptions->exceptionHandler(Object(ErrorException))
#5 {main}
  thrown
#0 [internal function]: CodeIgniter\Debug\Exceptions->shutdownHandler()
#1 {main}
CRITICAL - 2025-12-03 19:44:40 --> Allowed memory size of 536870912 bytes exhausted (tried to allocate 20480 bytes)
#0 [internal function]: CodeIgniter\Debug\Exceptions->shutdownHandler()
#1 {main}
CRITICAL - 2025-12-03 19:44:40 --> Trying to access array offset on value of type null
#0 C:\xampp\htdocs\dfpyme\app\Controllers\reportes\ReportesController.php(656): CodeIgniter\Debug\Exceptions->errorHandler(2, 'Trying to acces...', 'C:\\xampp\\htdocs...', 656)
#1 C:\xampp\htdocs\dfpyme\system\CodeIgniter.php(832): App\Controllers\reportes\ReportesController->total_ventas_electronicas()
#2 C:\xampp\htdocs\dfpyme\system\CodeIgniter.php(419): CodeIgniter\CodeIgniter->runController(Object(App\Controllers\reportes\ReportesController))
#3 C:\xampp\htdocs\dfpyme\system\CodeIgniter.php(326): CodeIgniter\CodeIgniter->handleRequest(NULL, Object(Config\Cache), false)
#4 C:\xampp\htdocs\dfpyme\index.php(37): CodeIgniter\CodeIgniter->run()
#5 {main}
CRITICAL - 2025-12-03 19:44:41 --> Uncaught CodeIgniter\Format\Exceptions\FormatException: Failed to parse json string, error: "Type is not supported". in C:\xampp\htdocs\dfpyme\system\Format\JSONFormatter.php:41
Stack trace:
#0 C:\xampp\htdocs\dfpyme\system\Format\JSONFormatter.php(41): CodeIgniter\Format\Exceptions\FormatException::forInvalidJSON('Type is not sup...')
#1 C:\xampp\htdocs\dfpyme\system\API\ResponseTrait.php(341): CodeIgniter\Format\JSONFormatter->format(Array)
#2 C:\xampp\htdocs\dfpyme\system\API\ResponseTrait.php(99): CodeIgniter\Debug\Exceptions->format(Array)
#3 C:\xampp\htdocs\dfpyme\system\Debug\Exceptions.php(115): CodeIgniter\Debug\Exceptions->respond(Array, 500)
#4 [internal function]: CodeIgniter\Debug\Exceptions->exceptionHandler(Object(ErrorException))
#5 {main}
  thrown
#0 [internal function]: CodeIgniter\Debug\Exceptions->shutdownHandler()
#1 {main}
CRITICAL - 2025-12-03 19:46:41 --> Trying to access array offset on value of type null
#0 C:\xampp\htdocs\dfpyme\app\Controllers\reportes\ReportesController.php(656): CodeIgniter\Debug\Exceptions->errorHandler(2, 'Trying to acces...', 'C:\\xampp\\htdocs...', 656)
#1 C:\xampp\htdocs\dfpyme\system\CodeIgniter.php(832): App\Controllers\reportes\ReportesController->total_ventas_electronicas()
#2 C:\xampp\htdocs\dfpyme\system\CodeIgniter.php(419): CodeIgniter\CodeIgniter->runController(Object(App\Controllers\reportes\ReportesController))
#3 C:\xampp\htdocs\dfpyme\system\CodeIgniter.php(326): CodeIgniter\CodeIgniter->handleRequest(NULL, Object(Config\Cache), false)
#4 C:\xampp\htdocs\dfpyme\index.php(37): CodeIgniter\CodeIgniter->run()
#5 {main}
CRITICAL - 2025-12-03 19:46:41 --> Uncaught CodeIgniter\Format\Exceptions\FormatException: Failed to parse json string, error: "Type is not supported". in C:\xampp\htdocs\dfpyme\system\Format\JSONFormatter.php:41
Stack trace:
#0 C:\xampp\htdocs\dfpyme\system\Format\JSONFormatter.php(41): CodeIgniter\Format\Exceptions\FormatException::forInvalidJSON('Type is not sup...')
#1 C:\xampp\htdocs\dfpyme\system\API\ResponseTrait.php(341): CodeIgniter\Format\JSONFormatter->format(Array)
#2 C:\xampp\htdocs\dfpyme\system\API\ResponseTrait.php(99): CodeIgniter\Debug\Exceptions->format(Array)
#3 C:\xampp\htdocs\dfpyme\system\Debug\Exceptions.php(115): CodeIgniter\Debug\Exceptions->respond(Array, 500)
#4 [internal function]: CodeIgniter\Debug\Exceptions->exceptionHandler(Object(ErrorException))
#5 {main}
  thrown
#0 [internal function]: CodeIgniter\Debug\Exceptions->shutdownHandler()
#1 {main}
CRITICAL - 2025-12-03 19:46:48 --> Allowed memory size of 536870912 bytes exhausted (tried to allocate 20480 bytes)
#0 [internal function]: CodeIgniter\Debug\Exceptions->shutdownHandler()
#1 {main}
CRITICAL - 2025-12-03 19:46:48 --> Trying to access array offset on value of type null
#0 C:\xampp\htdocs\dfpyme\app\Controllers\reportes\ReportesController.php(656): CodeIgniter\Debug\Exceptions->errorHandler(2, 'Trying to acces...', 'C:\\xampp\\htdocs...', 656)
#1 C:\xampp\htdocs\dfpyme\system\CodeIgniter.php(832): App\Controllers\reportes\ReportesController->total_ventas_electronicas()
#2 C:\xampp\htdocs\dfpyme\system\CodeIgniter.php(419): CodeIgniter\CodeIgniter->runController(Object(App\Controllers\reportes\ReportesController))
#3 C:\xampp\htdocs\dfpyme\system\CodeIgniter.php(326): CodeIgniter\CodeIgniter->handleRequest(NULL, Object(Config\Cache), false)
#4 C:\xampp\htdocs\dfpyme\index.php(37): CodeIgniter\CodeIgniter->run()
#5 {main}
CRITICAL - 2025-12-03 19:46:48 --> Uncaught CodeIgniter\Format\Exceptions\FormatException: Failed to parse json string, error: "Type is not supported". in C:\xampp\htdocs\dfpyme\system\Format\JSONFormatter.php:41
Stack trace:
#0 C:\xampp\htdocs\dfpyme\system\Format\JSONFormatter.php(41): CodeIgniter\Format\Exceptions\FormatException::forInvalidJSON('Type is not sup...')
#1 C:\xampp\htdocs\dfpyme\system\API\ResponseTrait.php(341): CodeIgniter\Format\JSONFormatter->format(Array)
#2 C:\xampp\htdocs\dfpyme\system\API\ResponseTrait.php(99): CodeIgniter\Debug\Exceptions->format(Array)
#3 C:\xampp\htdocs\dfpyme\system\Debug\Exceptions.php(115): CodeIgniter\Debug\Exceptions->respond(Array, 500)
#4 [internal function]: CodeIgniter\Debug\Exceptions->exceptionHandler(Object(ErrorException))
#5 {main}
  thrown
#0 [internal function]: CodeIgniter\Debug\Exceptions->shutdownHandler()
#1 {main}
CRITICAL - 2025-12-03 19:46:57 --> Allowed memory size of 536870912 bytes exhausted (tried to allocate 20480 bytes)
#0 [internal function]: CodeIgniter\Debug\Exceptions->shutdownHandler()
#1 {main}
CRITICAL - 2025-12-03 20:07:27 --> Allowed memory size of 536870912 bytes exhausted (tried to allocate 20480 bytes)
#0 [internal function]: CodeIgniter\Debug\Exceptions->shutdownHandler()
#1 {main}
CRITICAL - 2025-12-03 20:08:25 --> Allowed memory size of 536870912 bytes exhausted (tried to allocate 16777432 bytes)
#0 [internal function]: CodeIgniter\Debug\Exceptions->shutdownHandler()
#1 {main}
