CRITICAL - 2025-08-28 14:51:35 --> Trying to access array offset on value of type null
#0 C:\xampp\htdocs\dfpyme\app\Controllers\producto\ConfigurarProductoController.php(411): CodeIgniter\Debug\Exceptions->errorHandler(2, 'Trying to acces...', 'C:\\xampp\\htdocs...', 411)
#1 C:\xampp\htdocs\dfpyme\system\CodeIgniter.php(832): App\Controllers\producto\ConfigurarProductocontroller->getAtributos()
#2 C:\xampp\htdocs\dfpyme\system\CodeIgniter.php(419): CodeIgniter\CodeIgniter->runController(Object(App\Controllers\producto\ConfigurarProductocontroller))
#3 C:\xampp\htdocs\dfpyme\system\CodeIgniter.php(326): CodeIgniter\CodeIgniter->handleRequest(NULL, Object(Config\Cache), false)
#4 C:\xampp\htdocs\dfpyme\index.php(37): CodeIgniter\CodeIgniter->run()
#5 {main}
CRITICAL - 2025-08-28 14:51:40 --> Trying to access array offset on value of type null
#0 C:\xampp\htdocs\dfpyme\app\Controllers\producto\ConfigurarProductoController.php(411): CodeIgniter\Debug\Exceptions->errorHandler(2, 'Trying to acces...', 'C:\\xampp\\htdocs...', 411)
#1 C:\xampp\htdocs\dfpyme\system\CodeIgniter.php(832): App\Controllers\producto\ConfigurarProductocontroller->getAtributos()
#2 C:\xampp\htdocs\dfpyme\system\CodeIgniter.php(419): CodeIgniter\CodeIgniter->runController(Object(App\Controllers\producto\ConfigurarProductocontroller))
#3 C:\xampp\htdocs\dfpyme\system\CodeIgniter.php(326): CodeIgniter\CodeIgniter->handleRequest(NULL, Object(Config\Cache), false)
#4 C:\xampp\htdocs\dfpyme\index.php(37): CodeIgniter\CodeIgniter->run()
#5 {main}
CRITICAL - 2025-08-28 18:22:57 --> copy(\\DESKTOP-33GR05N\COCINA): Failed to open stream: No such file or directory
#0 [internal function]: CodeIgniter\Debug\Exceptions->errorHandler(2, 'copy(\\\\DESKTOP-...', 'C:\\xampp\\htdocs...', 372)
#1 C:\xampp\htdocs\dfpyme\app\Controllers\mike42\src\Mike42\Escpos\PrintConnectors\WindowsPrintConnector.php(372): copy('C:\\Users\\Usuari...', '\\\\DESKTOP-33GR0...')
#2 C:\xampp\htdocs\dfpyme\app\Controllers\mike42\src\Mike42\Escpos\PrintConnectors\WindowsPrintConnector.php(290): Mike42\Escpos\PrintConnectors\WindowsPrintConnector->runCopy('C:\\Users\\Usuari...', '\\\\DESKTOP-33GR0...')
#3 C:\xampp\htdocs\dfpyme\app\Controllers\mike42\src\Mike42\Escpos\PrintConnectors\WindowsPrintConnector.php(173): Mike42\Escpos\PrintConnectors\WindowsPrintConnector->finalizeWin('\e@\ea\x01\x1D!\x00\n\n\n\n** ...')
#4 C:\xampp\htdocs\dfpyme\app\Controllers\mike42\src\Mike42\Escpos\Printer.php(503): Mike42\Escpos\PrintConnectors\WindowsPrintConnector->finalize()
#5 C:\xampp\htdocs\dfpyme\app\Controllers\pedidos\Imprimir.php(699): Mike42\Escpos\Printer->close()
#6 C:\xampp\htdocs\dfpyme\app\Controllers\pedidos\Imprimir.php(231): App\Controllers\pedidos\Imprimir->generar_comanda_grupo(Array, '12', 'MESA 4', '2', 1, 'Comanda')
#7 C:\xampp\htdocs\dfpyme\system\CodeIgniter.php(832): App\Controllers\pedidos\Imprimir->imprimirComanda()
#8 C:\xampp\htdocs\dfpyme\system\CodeIgniter.php(419): CodeIgniter\CodeIgniter->runController(Object(App\Controllers\pedidos\Imprimir))
#9 C:\xampp\htdocs\dfpyme\system\CodeIgniter.php(326): CodeIgniter\CodeIgniter->handleRequest(NULL, Object(Config\Cache), false)
#10 C:\xampp\htdocs\dfpyme\index.php(37): CodeIgniter\CodeIgniter->run()
#11 {main}
