CRITICAL - 2025-10-22 09:59:36 --> unlink(C:\xampp\htdocs\dfpyme\writable\debugbar/debugbar_1761088923.json): No such file or directory
#0 [internal function]: CodeIgniter\Debug\Exceptions->errorHandler(2, 'unlink(C:\\xampp...', 'C:\\xampp\\htdocs...', 74)
#1 C:\xampp\htdocs\dfpyme\system\Debug\Toolbar\Collectors\History.php(74): unlink('C:\\xampp\\htdocs...')
#2 C:\xampp\htdocs\dfpyme\system\Debug\Toolbar.php(487): CodeIgniter\Debug\Toolbar\Collectors\History->setFiles(1761145175, 20)
#3 C:\xampp\htdocs\dfpyme\system\Debug\Toolbar.php(464): CodeIgniter\Debug\Toolbar->format(Array, 'html')
#4 C:\xampp\htdocs\dfpyme\app\Config\Events.php(48): CodeIgniter\Debug\Toolbar->respond()
#5 C:\xampp\htdocs\dfpyme\system\Events\Events.php(149): CodeIgniter\Events\Events::Config\{closure}()
#6 C:\xampp\htdocs\dfpyme\system\CodeIgniter.php(308): CodeIgniter\Events\Events::trigger('pre_system')
#7 C:\xampp\htdocs\dfpyme\index.php(37): CodeIgniter\CodeIgniter->run()
#8 {main}
CRITICAL - 2025-10-22 15:56:44 --> Call to a member function getResultArray() on bool
#0 C:\xampp\htdocs\dfpyme\app\Controllers\actualizaciones\ActualizacionesController.php(123): App\Models\pedidoModel->resetNumeracion()
#1 C:\xampp\htdocs\dfpyme\system\CodeIgniter.php(832): App\Controllers\actualizaciones\ActualizacionesController->reinciarSecuencia()
#2 C:\xampp\htdocs\dfpyme\system\CodeIgniter.php(419): CodeIgniter\CodeIgniter->runController(Object(App\Controllers\actualizaciones\ActualizacionesController))
#3 C:\xampp\htdocs\dfpyme\system\CodeIgniter.php(326): CodeIgniter\CodeIgniter->handleRequest(NULL, Object(Config\Cache), false)
#4 C:\xampp\htdocs\dfpyme\index.php(37): CodeIgniter\CodeIgniter->run()
#5 {main}
CRITICAL - 2025-10-22 15:57:03 --> Call to a member function getResultArray() on bool
#0 C:\xampp\htdocs\dfpyme\app\Controllers\actualizaciones\ActualizacionesController.php(123): App\Models\pedidoModel->resetNumeracion()
#1 C:\xampp\htdocs\dfpyme\system\CodeIgniter.php(832): App\Controllers\actualizaciones\ActualizacionesController->reinciarSecuencia()
#2 C:\xampp\htdocs\dfpyme\system\CodeIgniter.php(419): CodeIgniter\CodeIgniter->runController(Object(App\Controllers\actualizaciones\ActualizacionesController))
#3 C:\xampp\htdocs\dfpyme\system\CodeIgniter.php(326): CodeIgniter\CodeIgniter->handleRequest(NULL, Object(Config\Cache), false)
#4 C:\xampp\htdocs\dfpyme\index.php(37): CodeIgniter\CodeIgniter->run()
#5 {main}
CRITICAL - 2025-10-22 15:58:06 --> Call to a member function setJSON() on null
#0 C:\xampp\htdocs\dfpyme\app\Controllers\actualizaciones\ActualizacionesController.php(123): App\Models\pedidoModel->resetNumeracion()
#1 C:\xampp\htdocs\dfpyme\system\CodeIgniter.php(832): App\Controllers\actualizaciones\ActualizacionesController->reinciarSecuencia()
#2 C:\xampp\htdocs\dfpyme\system\CodeIgniter.php(419): CodeIgniter\CodeIgniter->runController(Object(App\Controllers\actualizaciones\ActualizacionesController))
#3 C:\xampp\htdocs\dfpyme\system\CodeIgniter.php(326): CodeIgniter\CodeIgniter->handleRequest(NULL, Object(Config\Cache), false)
#4 C:\xampp\htdocs\dfpyme\index.php(37): CodeIgniter\CodeIgniter->run()
#5 {main}
CRITICAL - 2025-10-22 15:59:01 --> Call to a member function setJSON() on null
#0 C:\xampp\htdocs\dfpyme\app\Controllers\actualizaciones\ActualizacionesController.php(123): App\Models\pedidoModel->resetNumeracion()
#1 C:\xampp\htdocs\dfpyme\system\CodeIgniter.php(832): App\Controllers\actualizaciones\ActualizacionesController->reinciarSecuencia()
#2 C:\xampp\htdocs\dfpyme\system\CodeIgniter.php(419): CodeIgniter\CodeIgniter->runController(Object(App\Controllers\actualizaciones\ActualizacionesController))
#3 C:\xampp\htdocs\dfpyme\system\CodeIgniter.php(326): CodeIgniter\CodeIgniter->handleRequest(NULL, Object(Config\Cache), false)
#4 C:\xampp\htdocs\dfpyme\index.php(37): CodeIgniter\CodeIgniter->run()
#5 {main}
