ERROR - 2025-11-07 10:51:51 --> ErrorException: pg_query(): Query failed: ERROR:  no existe la columna empresa.nombre
LINE 3:                 empresa.nombre,
                        ^ in C:\xampp\htdocs\dfpyme\system\Database\Postgre\Connection.php:135
Stack trace:
#0 [internal function]: CodeIgniter\Debug\Exceptions->errorHandler(2, 'pg_query(): Que...', 'C:\\xampp\\htdocs...', 135)
#1 C:\xampp\htdocs\dfpyme\system\Database\Postgre\Connection.php(135): pg_query(Resource id #158, '\r\n        SELEC...')
#2 C:\xampp\htdocs\dfpyme\system\Database\BaseConnection.php(670): CodeIgniter\Database\Postgre\Connection->execute('\r\n        SELEC...')
#3 C:\xampp\htdocs\dfpyme\system\Database\BaseConnection.php(598): CodeIgniter\Database\BaseConnection->simpleQuery('\r\n        SELEC...')
#4 C:\xampp\htdocs\dfpyme\app\Models\regimenModel.php(17): CodeIgniter\Database\BaseConnection->query('\r\n        SELEC...')
#5 C:\xampp\htdocs\dfpyme\app\Controllers\empresa\EmpresaController.php(16): App\Models\regimenModel->regimen()
#6 C:\xampp\htdocs\dfpyme\system\CodeIgniter.php(832): App\Controllers\empresa\EmpresaController->datos()
#7 C:\xampp\htdocs\dfpyme\system\CodeIgniter.php(419): CodeIgniter\CodeIgniter->runController(Object(App\Controllers\empresa\EmpresaController))
#8 C:\xampp\htdocs\dfpyme\system\CodeIgniter.php(326): CodeIgniter\CodeIgniter->handleRequest(NULL, Object(Config\Cache), false)
#9 C:\xampp\htdocs\dfpyme\index.php(37): CodeIgniter\CodeIgniter->run()
#10 {main}
CRITICAL - 2025-11-07 10:51:51 --> pg_query(): Query failed: ERROR:  no existe la columna empresa.nombre
LINE 3:                 empresa.nombre,
                        ^
#0 [internal function]: CodeIgniter\Debug\Exceptions->errorHandler(2, 'pg_query(): Que...', 'C:\\xampp\\htdocs...', 135)
#1 C:\xampp\htdocs\dfpyme\system\Database\Postgre\Connection.php(135): pg_query(Resource id #158, '\r\n        SELEC...')
#2 C:\xampp\htdocs\dfpyme\system\Database\BaseConnection.php(670): CodeIgniter\Database\Postgre\Connection->execute('\r\n        SELEC...')
#3 C:\xampp\htdocs\dfpyme\system\Database\BaseConnection.php(598): CodeIgniter\Database\BaseConnection->simpleQuery('\r\n        SELEC...')
#4 C:\xampp\htdocs\dfpyme\app\Models\regimenModel.php(17): CodeIgniter\Database\BaseConnection->query('\r\n        SELEC...')
#5 C:\xampp\htdocs\dfpyme\app\Controllers\empresa\EmpresaController.php(16): App\Models\regimenModel->regimen()
#6 C:\xampp\htdocs\dfpyme\system\CodeIgniter.php(832): App\Controllers\empresa\EmpresaController->datos()
#7 C:\xampp\htdocs\dfpyme\system\CodeIgniter.php(419): CodeIgniter\CodeIgniter->runController(Object(App\Controllers\empresa\EmpresaController))
#8 C:\xampp\htdocs\dfpyme\system\CodeIgniter.php(326): CodeIgniter\CodeIgniter->handleRequest(NULL, Object(Config\Cache), false)
#9 C:\xampp\htdocs\dfpyme\index.php(37): CodeIgniter\CodeIgniter->run()
#10 {main}
ERROR - 2025-11-07 10:52:32 --> ErrorException: pg_query(): Query failed: ERROR:  no existe la columna empresa.nombre
LINE 3:                 empresa.nombre,
                        ^ in C:\xampp\htdocs\dfpyme\system\Database\Postgre\Connection.php:135
Stack trace:
#0 [internal function]: CodeIgniter\Debug\Exceptions->errorHandler(2, 'pg_query(): Que...', 'C:\\xampp\\htdocs...', 135)
#1 C:\xampp\htdocs\dfpyme\system\Database\Postgre\Connection.php(135): pg_query(Resource id #157, '\r\n        SELEC...')
#2 C:\xampp\htdocs\dfpyme\system\Database\BaseConnection.php(670): CodeIgniter\Database\Postgre\Connection->execute('\r\n        SELEC...')
#3 C:\xampp\htdocs\dfpyme\system\Database\BaseConnection.php(598): CodeIgniter\Database\BaseConnection->simpleQuery('\r\n        SELEC...')
#4 C:\xampp\htdocs\dfpyme\app\Models\regimenModel.php(17): CodeIgniter\Database\BaseConnection->query('\r\n        SELEC...')
#5 C:\xampp\htdocs\dfpyme\app\Controllers\empresa\EmpresaController.php(16): App\Models\regimenModel->regimen()
#6 C:\xampp\htdocs\dfpyme\system\CodeIgniter.php(832): App\Controllers\empresa\EmpresaController->datos()
#7 C:\xampp\htdocs\dfpyme\system\CodeIgniter.php(419): CodeIgniter\CodeIgniter->runController(Object(App\Controllers\empresa\EmpresaController))
#8 C:\xampp\htdocs\dfpyme\system\CodeIgniter.php(326): CodeIgniter\CodeIgniter->handleRequest(NULL, Object(Config\Cache), false)
#9 C:\xampp\htdocs\dfpyme\index.php(37): CodeIgniter\CodeIgniter->run()
#10 {main}
CRITICAL - 2025-11-07 10:52:32 --> pg_query(): Query failed: ERROR:  no existe la columna empresa.nombre
LINE 3:                 empresa.nombre,
                        ^
#0 [internal function]: CodeIgniter\Debug\Exceptions->errorHandler(2, 'pg_query(): Que...', 'C:\\xampp\\htdocs...', 135)
#1 C:\xampp\htdocs\dfpyme\system\Database\Postgre\Connection.php(135): pg_query(Resource id #157, '\r\n        SELEC...')
#2 C:\xampp\htdocs\dfpyme\system\Database\BaseConnection.php(670): CodeIgniter\Database\Postgre\Connection->execute('\r\n        SELEC...')
#3 C:\xampp\htdocs\dfpyme\system\Database\BaseConnection.php(598): CodeIgniter\Database\BaseConnection->simpleQuery('\r\n        SELEC...')
#4 C:\xampp\htdocs\dfpyme\app\Models\regimenModel.php(17): CodeIgniter\Database\BaseConnection->query('\r\n        SELEC...')
#5 C:\xampp\htdocs\dfpyme\app\Controllers\empresa\EmpresaController.php(16): App\Models\regimenModel->regimen()
#6 C:\xampp\htdocs\dfpyme\system\CodeIgniter.php(832): App\Controllers\empresa\EmpresaController->datos()
#7 C:\xampp\htdocs\dfpyme\system\CodeIgniter.php(419): CodeIgniter\CodeIgniter->runController(Object(App\Controllers\empresa\EmpresaController))
#8 C:\xampp\htdocs\dfpyme\system\CodeIgniter.php(326): CodeIgniter\CodeIgniter->handleRequest(NULL, Object(Config\Cache), false)
#9 C:\xampp\htdocs\dfpyme\index.php(37): CodeIgniter\CodeIgniter->run()
#10 {main}
CRITICAL - 2025-11-07 10:53:18 --> Undefined array key "idregimen"
#0 C:\xampp\htdocs\dfpyme\app\Views\empresa\datos.php(60): CodeIgniter\Debug\Exceptions->errorHandler(2, 'Undefined array...', 'C:\\xampp\\htdocs...', 60)
#1 C:\xampp\htdocs\dfpyme\system\View\View.php(210): include('C:\\xampp\\htdocs...')
#2 C:\xampp\htdocs\dfpyme\system\View\View.php(213): CodeIgniter\View\View->CodeIgniter\View\{closure}()
#3 C:\xampp\htdocs\dfpyme\system\Common.php(1089): CodeIgniter\View\View->render('empresa/datos', Array, true)
#4 C:\xampp\htdocs\dfpyme\app\Controllers\empresa\EmpresaController.php(25): view('empresa/datos', Array)
#5 C:\xampp\htdocs\dfpyme\system\CodeIgniter.php(832): App\Controllers\empresa\EmpresaController->datos()
#6 C:\xampp\htdocs\dfpyme\system\CodeIgniter.php(419): CodeIgniter\CodeIgniter->runController(Object(App\Controllers\empresa\EmpresaController))
#7 C:\xampp\htdocs\dfpyme\system\CodeIgniter.php(326): CodeIgniter\CodeIgniter->handleRequest(NULL, Object(Config\Cache), false)
#8 C:\xampp\htdocs\dfpyme\index.php(37): CodeIgniter\CodeIgniter->run()
#9 {main}
CRITICAL - 2025-11-07 15:28:58 --> Attempt to read property "id_retiro" on null
#0 C:\xampp\htdocs\dfpyme\app\Controllers\reportes\ConsultasController.php(112): CodeIgniter\Debug\Exceptions->errorHandler(2, 'Attempt to read...', 'C:\\xampp\\htdocs...', 112)
#1 C:\xampp\htdocs\dfpyme\system\CodeIgniter.php(832): App\Controllers\reportes\ConsultasController->eliminarRetiros()
#2 C:\xampp\htdocs\dfpyme\system\CodeIgniter.php(419): CodeIgniter\CodeIgniter->runController(Object(App\Controllers\reportes\ConsultasController))
#3 C:\xampp\htdocs\dfpyme\system\CodeIgniter.php(326): CodeIgniter\CodeIgniter->handleRequest(NULL, Object(Config\Cache), false)
#4 C:\xampp\htdocs\dfpyme\index.php(37): CodeIgniter\CodeIgniter->run()
#5 {main}
ERROR - 2025-11-07 16:46:06 --> ErrorException: pg_query(): Query failed: ERROR:  no existe la relación «reporte_impuestos» in C:\xampp\htdocs\dfpyme\system\Database\Postgre\Connection.php:135
Stack trace:
#0 [internal function]: CodeIgniter\Debug\Exceptions->errorHandler(2, 'pg_query(): Que...', 'C:\\xampp\\htdocs...', 135)
#1 C:\xampp\htdocs\dfpyme\system\Database\Postgre\Connection.php(135): pg_query(Resource id #157, 'TRUNCATE "repor...')
#2 C:\xampp\htdocs\dfpyme\system\Database\BaseConnection.php(670): CodeIgniter\Database\Postgre\Connection->execute('TRUNCATE "repor...')
#3 C:\xampp\htdocs\dfpyme\system\Database\BaseConnection.php(598): CodeIgniter\Database\BaseConnection->simpleQuery('TRUNCATE "repor...')
#4 C:\xampp\htdocs\dfpyme\system\Database\BaseBuilder.php(2157): CodeIgniter\Database\BaseConnection->query('TRUNCATE "repor...', NULL, false)
#5 C:\xampp\htdocs\dfpyme\system\Model.php(728): CodeIgniter\Database\BaseBuilder->truncate()
#6 C:\xampp\htdocs\dfpyme\app\Controllers\reportes\ReportesController.php(1013): CodeIgniter\Model->__call('truncate', Array)
#7 C:\xampp\htdocs\dfpyme\system\CodeIgniter.php(832): App\Controllers\reportes\ReportesController->reporte_impuestos()
#8 C:\xampp\htdocs\dfpyme\system\CodeIgniter.php(419): CodeIgniter\CodeIgniter->runController(Object(App\Controllers\reportes\ReportesController))
#9 C:\xampp\htdocs\dfpyme\system\CodeIgniter.php(326): CodeIgniter\CodeIgniter->handleRequest(NULL, Object(Config\Cache), false)
#10 C:\xampp\htdocs\dfpyme\index.php(37): CodeIgniter\CodeIgniter->run()
#11 {main}
CRITICAL - 2025-11-07 16:46:06 --> pg_query(): Query failed: ERROR:  no existe la relación «reporte_impuestos»
#0 [internal function]: CodeIgniter\Debug\Exceptions->errorHandler(2, 'pg_query(): Que...', 'C:\\xampp\\htdocs...', 135)
#1 C:\xampp\htdocs\dfpyme\system\Database\Postgre\Connection.php(135): pg_query(Resource id #157, 'TRUNCATE "repor...')
#2 C:\xampp\htdocs\dfpyme\system\Database\BaseConnection.php(670): CodeIgniter\Database\Postgre\Connection->execute('TRUNCATE "repor...')
#3 C:\xampp\htdocs\dfpyme\system\Database\BaseConnection.php(598): CodeIgniter\Database\BaseConnection->simpleQuery('TRUNCATE "repor...')
#4 C:\xampp\htdocs\dfpyme\system\Database\BaseBuilder.php(2157): CodeIgniter\Database\BaseConnection->query('TRUNCATE "repor...', NULL, false)
#5 C:\xampp\htdocs\dfpyme\system\Model.php(728): CodeIgniter\Database\BaseBuilder->truncate()
#6 C:\xampp\htdocs\dfpyme\app\Controllers\reportes\ReportesController.php(1013): CodeIgniter\Model->__call('truncate', Array)
#7 C:\xampp\htdocs\dfpyme\system\CodeIgniter.php(832): App\Controllers\reportes\ReportesController->reporte_impuestos()
#8 C:\xampp\htdocs\dfpyme\system\CodeIgniter.php(419): CodeIgniter\CodeIgniter->runController(Object(App\Controllers\reportes\ReportesController))
#9 C:\xampp\htdocs\dfpyme\system\CodeIgniter.php(326): CodeIgniter\CodeIgniter->handleRequest(NULL, Object(Config\Cache), false)
#10 C:\xampp\htdocs\dfpyme\index.php(37): CodeIgniter\CodeIgniter->run()
#11 {main}
CRITICAL - 2025-11-07 16:46:06 --> Uncaught CodeIgniter\Format\Exceptions\FormatException: Failed to parse json string, error: "Type is not supported". in C:\xampp\htdocs\dfpyme\system\Format\JSONFormatter.php:41
Stack trace:
#0 C:\xampp\htdocs\dfpyme\system\Format\JSONFormatter.php(41): CodeIgniter\Format\Exceptions\FormatException::forInvalidJSON('Type is not sup...')
#1 C:\xampp\htdocs\dfpyme\system\API\ResponseTrait.php(341): CodeIgniter\Format\JSONFormatter->format(Array)
#2 C:\xampp\htdocs\dfpyme\system\API\ResponseTrait.php(99): CodeIgniter\Debug\Exceptions->format(Array)
#3 C:\xampp\htdocs\dfpyme\system\Debug\Exceptions.php(115): CodeIgniter\Debug\Exceptions->respond(Array, 500)
#4 [internal function]: CodeIgniter\Debug\Exceptions->exceptionHandler(Object(ErrorException))
#5 {main}
  thrown
#0 [internal function]: CodeIgniter\Debug\Exceptions->shutdownHandler()
#1 {main}
ERROR - 2025-11-07 16:46:09 --> ErrorException: pg_query(): Query failed: ERROR:  no existe la relación «reporte_impuestos» in C:\xampp\htdocs\dfpyme\system\Database\Postgre\Connection.php:135
Stack trace:
#0 [internal function]: CodeIgniter\Debug\Exceptions->errorHandler(2, 'pg_query(): Que...', 'C:\\xampp\\htdocs...', 135)
#1 C:\xampp\htdocs\dfpyme\system\Database\Postgre\Connection.php(135): pg_query(Resource id #157, 'TRUNCATE "repor...')
#2 C:\xampp\htdocs\dfpyme\system\Database\BaseConnection.php(670): CodeIgniter\Database\Postgre\Connection->execute('TRUNCATE "repor...')
#3 C:\xampp\htdocs\dfpyme\system\Database\BaseConnection.php(598): CodeIgniter\Database\BaseConnection->simpleQuery('TRUNCATE "repor...')
#4 C:\xampp\htdocs\dfpyme\system\Database\BaseBuilder.php(2157): CodeIgniter\Database\BaseConnection->query('TRUNCATE "repor...', NULL, false)
#5 C:\xampp\htdocs\dfpyme\system\Model.php(728): CodeIgniter\Database\BaseBuilder->truncate()
#6 C:\xampp\htdocs\dfpyme\app\Controllers\reportes\ReportesController.php(1013): CodeIgniter\Model->__call('truncate', Array)
#7 C:\xampp\htdocs\dfpyme\system\CodeIgniter.php(832): App\Controllers\reportes\ReportesController->reporte_impuestos()
#8 C:\xampp\htdocs\dfpyme\system\CodeIgniter.php(419): CodeIgniter\CodeIgniter->runController(Object(App\Controllers\reportes\ReportesController))
#9 C:\xampp\htdocs\dfpyme\system\CodeIgniter.php(326): CodeIgniter\CodeIgniter->handleRequest(NULL, Object(Config\Cache), false)
#10 C:\xampp\htdocs\dfpyme\index.php(37): CodeIgniter\CodeIgniter->run()
#11 {main}
CRITICAL - 2025-11-07 16:46:09 --> pg_query(): Query failed: ERROR:  no existe la relación «reporte_impuestos»
#0 [internal function]: CodeIgniter\Debug\Exceptions->errorHandler(2, 'pg_query(): Que...', 'C:\\xampp\\htdocs...', 135)
#1 C:\xampp\htdocs\dfpyme\system\Database\Postgre\Connection.php(135): pg_query(Resource id #157, 'TRUNCATE "repor...')
#2 C:\xampp\htdocs\dfpyme\system\Database\BaseConnection.php(670): CodeIgniter\Database\Postgre\Connection->execute('TRUNCATE "repor...')
#3 C:\xampp\htdocs\dfpyme\system\Database\BaseConnection.php(598): CodeIgniter\Database\BaseConnection->simpleQuery('TRUNCATE "repor...')
#4 C:\xampp\htdocs\dfpyme\system\Database\BaseBuilder.php(2157): CodeIgniter\Database\BaseConnection->query('TRUNCATE "repor...', NULL, false)
#5 C:\xampp\htdocs\dfpyme\system\Model.php(728): CodeIgniter\Database\BaseBuilder->truncate()
#6 C:\xampp\htdocs\dfpyme\app\Controllers\reportes\ReportesController.php(1013): CodeIgniter\Model->__call('truncate', Array)
#7 C:\xampp\htdocs\dfpyme\system\CodeIgniter.php(832): App\Controllers\reportes\ReportesController->reporte_impuestos()
#8 C:\xampp\htdocs\dfpyme\system\CodeIgniter.php(419): CodeIgniter\CodeIgniter->runController(Object(App\Controllers\reportes\ReportesController))
#9 C:\xampp\htdocs\dfpyme\system\CodeIgniter.php(326): CodeIgniter\CodeIgniter->handleRequest(NULL, Object(Config\Cache), false)
#10 C:\xampp\htdocs\dfpyme\index.php(37): CodeIgniter\CodeIgniter->run()
#11 {main}
CRITICAL - 2025-11-07 16:46:09 --> Uncaught CodeIgniter\Format\Exceptions\FormatException: Failed to parse json string, error: "Type is not supported". in C:\xampp\htdocs\dfpyme\system\Format\JSONFormatter.php:41
Stack trace:
#0 C:\xampp\htdocs\dfpyme\system\Format\JSONFormatter.php(41): CodeIgniter\Format\Exceptions\FormatException::forInvalidJSON('Type is not sup...')
#1 C:\xampp\htdocs\dfpyme\system\API\ResponseTrait.php(341): CodeIgniter\Format\JSONFormatter->format(Array)
#2 C:\xampp\htdocs\dfpyme\system\API\ResponseTrait.php(99): CodeIgniter\Debug\Exceptions->format(Array)
#3 C:\xampp\htdocs\dfpyme\system\Debug\Exceptions.php(115): CodeIgniter\Debug\Exceptions->respond(Array, 500)
#4 [internal function]: CodeIgniter\Debug\Exceptions->exceptionHandler(Object(ErrorException))
#5 {main}
  thrown
#0 [internal function]: CodeIgniter\Debug\Exceptions->shutdownHandler()
#1 {main}
ERROR - 2025-11-07 16:48:30 --> ErrorException: pg_query(): Query failed: ERROR:  no existe la relación «reporte_impuestos» in C:\xampp\htdocs\dfpyme\system\Database\Postgre\Connection.php:135
Stack trace:
#0 [internal function]: CodeIgniter\Debug\Exceptions->errorHandler(2, 'pg_query(): Que...', 'C:\\xampp\\htdocs...', 135)
#1 C:\xampp\htdocs\dfpyme\system\Database\Postgre\Connection.php(135): pg_query(Resource id #157, 'TRUNCATE "repor...')
#2 C:\xampp\htdocs\dfpyme\system\Database\BaseConnection.php(670): CodeIgniter\Database\Postgre\Connection->execute('TRUNCATE "repor...')
#3 C:\xampp\htdocs\dfpyme\system\Database\BaseConnection.php(598): CodeIgniter\Database\BaseConnection->simpleQuery('TRUNCATE "repor...')
#4 C:\xampp\htdocs\dfpyme\system\Database\BaseBuilder.php(2157): CodeIgniter\Database\BaseConnection->query('TRUNCATE "repor...', NULL, false)
#5 C:\xampp\htdocs\dfpyme\system\Model.php(728): CodeIgniter\Database\BaseBuilder->truncate()
#6 C:\xampp\htdocs\dfpyme\app\Controllers\reportes\ReportesController.php(1013): CodeIgniter\Model->__call('truncate', Array)
#7 C:\xampp\htdocs\dfpyme\system\CodeIgniter.php(832): App\Controllers\reportes\ReportesController->reporte_impuestos()
#8 C:\xampp\htdocs\dfpyme\system\CodeIgniter.php(419): CodeIgniter\CodeIgniter->runController(Object(App\Controllers\reportes\ReportesController))
#9 C:\xampp\htdocs\dfpyme\system\CodeIgniter.php(326): CodeIgniter\CodeIgniter->handleRequest(NULL, Object(Config\Cache), false)
#10 C:\xampp\htdocs\dfpyme\index.php(37): CodeIgniter\CodeIgniter->run()
#11 {main}
CRITICAL - 2025-11-07 16:48:30 --> pg_query(): Query failed: ERROR:  no existe la relación «reporte_impuestos»
#0 [internal function]: CodeIgniter\Debug\Exceptions->errorHandler(2, 'pg_query(): Que...', 'C:\\xampp\\htdocs...', 135)
#1 C:\xampp\htdocs\dfpyme\system\Database\Postgre\Connection.php(135): pg_query(Resource id #157, 'TRUNCATE "repor...')
#2 C:\xampp\htdocs\dfpyme\system\Database\BaseConnection.php(670): CodeIgniter\Database\Postgre\Connection->execute('TRUNCATE "repor...')
#3 C:\xampp\htdocs\dfpyme\system\Database\BaseConnection.php(598): CodeIgniter\Database\BaseConnection->simpleQuery('TRUNCATE "repor...')
#4 C:\xampp\htdocs\dfpyme\system\Database\BaseBuilder.php(2157): CodeIgniter\Database\BaseConnection->query('TRUNCATE "repor...', NULL, false)
#5 C:\xampp\htdocs\dfpyme\system\Model.php(728): CodeIgniter\Database\BaseBuilder->truncate()
#6 C:\xampp\htdocs\dfpyme\app\Controllers\reportes\ReportesController.php(1013): CodeIgniter\Model->__call('truncate', Array)
#7 C:\xampp\htdocs\dfpyme\system\CodeIgniter.php(832): App\Controllers\reportes\ReportesController->reporte_impuestos()
#8 C:\xampp\htdocs\dfpyme\system\CodeIgniter.php(419): CodeIgniter\CodeIgniter->runController(Object(App\Controllers\reportes\ReportesController))
#9 C:\xampp\htdocs\dfpyme\system\CodeIgniter.php(326): CodeIgniter\CodeIgniter->handleRequest(NULL, Object(Config\Cache), false)
#10 C:\xampp\htdocs\dfpyme\index.php(37): CodeIgniter\CodeIgniter->run()
#11 {main}
CRITICAL - 2025-11-07 20:26:42 --> Undefined variable $imprimir
#0 C:\xampp\htdocs\dfpyme\app\Views\menu\administracion.php(255): CodeIgniter\Debug\Exceptions->errorHandler(2, 'Undefined varia...', 'C:\\xampp\\htdocs...', 255)
#1 C:\xampp\htdocs\dfpyme\system\View\View.php(210): include('C:\\xampp\\htdocs...')
#2 C:\xampp\htdocs\dfpyme\system\View\View.php(213): CodeIgniter\View\View->CodeIgniter\View\{closure}()
#3 C:\xampp\htdocs\dfpyme\system\Common.php(1089): CodeIgniter\View\View->render('menu/administra...', Array, true)
#4 C:\xampp\htdocs\dfpyme\app\Controllers\pedido\edicionEliminacionFacturaPedidoController.php(394): view('menu/administra...', Array)
#5 C:\xampp\htdocs\dfpyme\system\CodeIgniter.php(832): App\Controllers\pedido\edicionEliminacionFacturaPedidoController->menu()
#6 C:\xampp\htdocs\dfpyme\system\CodeIgniter.php(419): CodeIgniter\CodeIgniter->runController(Object(App\Controllers\pedido\edicionEliminacionFacturaPedidoController))
#7 C:\xampp\htdocs\dfpyme\system\CodeIgniter.php(326): CodeIgniter\CodeIgniter->handleRequest(NULL, Object(Config\Cache), false)
#8 C:\xampp\htdocs\dfpyme\index.php(37): CodeIgniter\CodeIgniter->run()
#9 {main}
CRITICAL - 2025-11-07 20:26:53 --> Cannot access offset of type string on string
#0 C:\xampp\htdocs\dfpyme\system\View\View.php(210): include()
#1 C:\xampp\htdocs\dfpyme\system\View\View.php(213): CodeIgniter\View\View->CodeIgniter\View\{closure}()
#2 C:\xampp\htdocs\dfpyme\system\Common.php(1089): CodeIgniter\View\View->render('menu/administra...', Array, true)
#3 C:\xampp\htdocs\dfpyme\app\Controllers\pedido\edicionEliminacionFacturaPedidoController.php(394): view('menu/administra...', Array)
#4 C:\xampp\htdocs\dfpyme\system\CodeIgniter.php(832): App\Controllers\pedido\edicionEliminacionFacturaPedidoController->menu()
#5 C:\xampp\htdocs\dfpyme\system\CodeIgniter.php(419): CodeIgniter\CodeIgniter->runController(Object(App\Controllers\pedido\edicionEliminacionFacturaPedidoController))
#6 C:\xampp\htdocs\dfpyme\system\CodeIgniter.php(326): CodeIgniter\CodeIgniter->handleRequest(NULL, Object(Config\Cache), false)
#7 C:\xampp\htdocs\dfpyme\index.php(37): CodeIgniter\CodeIgniter->run()
#8 {main}
