ERROR - 2026-02-20 14:55:52 --> ErrorException: pg_query(): Query failed: ERROR:  no existe la relación «tem_mov» in C:\xampp\htdocs\dfpyme\system\Database\Postgre\Connection.php:135
Stack trace:
#0 [internal function]: CodeIgniter\Debug\Exceptions->errorHandler(2, 'pg_query(): Que...', 'C:\\xampp\\htdocs...', 135)
#1 C:\xampp\htdocs\dfpyme\system\Database\Postgre\Connection.php(135): pg_query(Resource id #158, 'TRUNCATE "tem_m...')
#2 C:\xampp\htdocs\dfpyme\system\Database\BaseConnection.php(670): CodeIgniter\Database\Postgre\Connection->execute('TRUNCATE "tem_m...')
#3 C:\xampp\htdocs\dfpyme\system\Database\BaseConnection.php(598): CodeIgniter\Database\BaseConnection->simpleQuery('TRUNCATE "tem_m...')
#4 C:\xampp\htdocs\dfpyme\system\Database\BaseBuilder.php(2157): CodeIgniter\Database\BaseConnection->query('TRUNCATE "tem_m...', NULL, false)
#5 C:\xampp\htdocs\dfpyme\system\Model.php(728): CodeIgniter\Database\BaseBuilder->truncate()
#6 C:\xampp\htdocs\dfpyme\app\Controllers\pedidos\Inventarios.php(1015): CodeIgniter\Model->__call('truncate', Array)
#7 C:\xampp\htdocs\dfpyme\system\CodeIgniter.php(832): App\Controllers\pedidos\Inventarios->consultar_entradas_salida()
#8 C:\xampp\htdocs\dfpyme\system\CodeIgniter.php(419): CodeIgniter\CodeIgniter->runController(Object(App\Controllers\pedidos\Inventarios))
#9 C:\xampp\htdocs\dfpyme\system\CodeIgniter.php(326): CodeIgniter\CodeIgniter->handleRequest(NULL, Object(Config\Cache), false)
#10 C:\xampp\htdocs\dfpyme\index.php(37): CodeIgniter\CodeIgniter->run()
#11 {main}
CRITICAL - 2026-02-20 14:55:52 --> pg_query(): Query failed: ERROR:  no existe la relación «tem_mov»
#0 [internal function]: CodeIgniter\Debug\Exceptions->errorHandler(2, 'pg_query(): Que...', 'C:\\xampp\\htdocs...', 135)
#1 C:\xampp\htdocs\dfpyme\system\Database\Postgre\Connection.php(135): pg_query(Resource id #158, 'TRUNCATE "tem_m...')
#2 C:\xampp\htdocs\dfpyme\system\Database\BaseConnection.php(670): CodeIgniter\Database\Postgre\Connection->execute('TRUNCATE "tem_m...')
#3 C:\xampp\htdocs\dfpyme\system\Database\BaseConnection.php(598): CodeIgniter\Database\BaseConnection->simpleQuery('TRUNCATE "tem_m...')
#4 C:\xampp\htdocs\dfpyme\system\Database\BaseBuilder.php(2157): CodeIgniter\Database\BaseConnection->query('TRUNCATE "tem_m...', NULL, false)
#5 C:\xampp\htdocs\dfpyme\system\Model.php(728): CodeIgniter\Database\BaseBuilder->truncate()
#6 C:\xampp\htdocs\dfpyme\app\Controllers\pedidos\Inventarios.php(1015): CodeIgniter\Model->__call('truncate', Array)
#7 C:\xampp\htdocs\dfpyme\system\CodeIgniter.php(832): App\Controllers\pedidos\Inventarios->consultar_entradas_salida()
#8 C:\xampp\htdocs\dfpyme\system\CodeIgniter.php(419): CodeIgniter\CodeIgniter->runController(Object(App\Controllers\pedidos\Inventarios))
#9 C:\xampp\htdocs\dfpyme\system\CodeIgniter.php(326): CodeIgniter\CodeIgniter->handleRequest(NULL, Object(Config\Cache), false)
#10 C:\xampp\htdocs\dfpyme\index.php(37): CodeIgniter\CodeIgniter->run()
#11 {main}
