CRITICAL - 2025-02-09 13:37:06 --> Undefined property: stdClass::$valor
#0 C:\xampp\htdocs\dfpyme\app\Controllers\categoria\categoriaController.php(560): CodeIgniter\Debug\Exceptions->errorHandler(2, 'Undefined prope...', 'C:\\xampp\\htdocs...', 560)
#1 C:\xampp\htdocs\dfpyme\system\CodeIgniter.php(832): App\Controllers\categoria\categoriaController->buscarProducto()
#2 C:\xampp\htdocs\dfpyme\system\CodeIgniter.php(419): CodeIgniter\CodeIgniter->runController(Object(App\Controllers\categoria\categoriaController))
#3 C:\xampp\htdocs\dfpyme\system\CodeIgniter.php(326): CodeIgniter\CodeIgniter->handleRequest(NULL, Object(Config\Cache), false)
#4 C:\xampp\htdocs\dfpyme\index.php(37): CodeIgniter\CodeIgniter->run()
#5 {main}
CRITICAL - 2025-02-09 13:37:10 --> Undefined property: stdClass::$valor
#0 C:\xampp\htdocs\dfpyme\app\Controllers\categoria\categoriaController.php(560): CodeIgniter\Debug\Exceptions->errorHandler(2, 'Undefined prope...', 'C:\\xampp\\htdocs...', 560)
#1 C:\xampp\htdocs\dfpyme\system\CodeIgniter.php(832): App\Controllers\categoria\categoriaController->buscarProducto()
#2 C:\xampp\htdocs\dfpyme\system\CodeIgniter.php(419): CodeIgniter\CodeIgniter->runController(Object(App\Controllers\categoria\categoriaController))
#3 C:\xampp\htdocs\dfpyme\system\CodeIgniter.php(326): CodeIgniter\CodeIgniter->handleRequest(NULL, Object(Config\Cache), false)
#4 C:\xampp\htdocs\dfpyme\index.php(37): CodeIgniter\CodeIgniter->run()
#5 {main}
CRITICAL - 2025-02-09 13:37:20 --> Undefined property: stdClass::$valor
#0 C:\xampp\htdocs\dfpyme\app\Controllers\categoria\categoriaController.php(560): CodeIgniter\Debug\Exceptions->errorHandler(2, 'Undefined prope...', 'C:\\xampp\\htdocs...', 560)
#1 C:\xampp\htdocs\dfpyme\system\CodeIgniter.php(832): App\Controllers\categoria\categoriaController->buscarProducto()
#2 C:\xampp\htdocs\dfpyme\system\CodeIgniter.php(419): CodeIgniter\CodeIgniter->runController(Object(App\Controllers\categoria\categoriaController))
#3 C:\xampp\htdocs\dfpyme\system\CodeIgniter.php(326): CodeIgniter\CodeIgniter->handleRequest(NULL, Object(Config\Cache), false)
#4 C:\xampp\htdocs\dfpyme\index.php(37): CodeIgniter\CodeIgniter->run()
#5 {main}
CRITICAL - 2025-02-09 13:51:51 --> Undefined property: stdClass::$valor
#0 C:\xampp\htdocs\dfpyme\app\Controllers\categoria\categoriaController.php(560): CodeIgniter\Debug\Exceptions->errorHandler(2, 'Undefined prope...', 'C:\\xampp\\htdocs...', 560)
#1 C:\xampp\htdocs\dfpyme\system\CodeIgniter.php(832): App\Controllers\categoria\categoriaController->buscarProducto()
#2 C:\xampp\htdocs\dfpyme\system\CodeIgniter.php(419): CodeIgniter\CodeIgniter->runController(Object(App\Controllers\categoria\categoriaController))
#3 C:\xampp\htdocs\dfpyme\system\CodeIgniter.php(326): CodeIgniter\CodeIgniter->handleRequest(NULL, Object(Config\Cache), false)
#4 C:\xampp\htdocs\dfpyme\index.php(37): CodeIgniter\CodeIgniter->run()
#5 {main}
CRITICAL - 2025-02-09 13:59:57 --> Undefined array key "id"
#0 C:\xampp\htdocs\dfpyme\app\Views\producto\categorias.php(253): CodeIgniter\Debug\Exceptions->errorHandler(2, 'Undefined array...', 'C:\\xampp\\htdocs...', 253)
#1 C:\xampp\htdocs\dfpyme\system\View\View.php(210): include('C:\\xampp\\htdocs...')
#2 C:\xampp\htdocs\dfpyme\system\View\View.php(213): CodeIgniter\View\View->CodeIgniter\View\{closure}()
#3 C:\xampp\htdocs\dfpyme\system\Common.php(1089): CodeIgniter\View\View->render('producto/catego...', Array, true)
#4 C:\xampp\htdocs\dfpyme\app\Controllers\categoria\categoriaController.php(429): view('producto/catego...', Array)
#5 C:\xampp\htdocs\dfpyme\system\CodeIgniter.php(832): App\Controllers\categoria\categoriaController->productos_categoria()
#6 C:\xampp\htdocs\dfpyme\system\CodeIgniter.php(419): CodeIgniter\CodeIgniter->runController(Object(App\Controllers\categoria\categoriaController))
#7 C:\xampp\htdocs\dfpyme\system\CodeIgniter.php(326): CodeIgniter\CodeIgniter->handleRequest(NULL, Object(Config\Cache), false)
#8 C:\xampp\htdocs\dfpyme\index.php(37): CodeIgniter\CodeIgniter->run()
#9 {main}
