ERROR - 2026-04-11 13:37:58 --> ErrorException: pg_query(): Query failed: ERROR:  no existe la relación «habitaciones»
LINE 12: FROM habitaciones AS h
              ^ in C:\xampp\htdocs\hotel\system\Database\Postgre\Connection.php:135
Stack trace:
#0 [internal function]: CodeIgniter\Debug\Exceptions->errorHandler(2, 'pg_query(): Que...', 'C:\\xampp\\htdocs...', 135)
#1 C:\xampp\htdocs\hotel\system\Database\Postgre\Connection.php(135): pg_query(Resource id #121, '\r\n     \r\nSELECT...')
#2 C:\xampp\htdocs\hotel\system\Database\BaseConnection.php(670): CodeIgniter\Database\Postgre\Connection->execute('\r\n     \r\nSELECT...')
#3 C:\xampp\htdocs\hotel\system\Database\BaseConnection.php(598): CodeIgniter\Database\BaseConnection->simpleQuery('\r\n     \r\nSELECT...')
#4 C:\xampp\htdocs\hotel\app\Models\habitacionesModel.php(25): CodeIgniter\Database\BaseConnection->query('\r\n     \r\nSELECT...')
#5 C:\xampp\htdocs\hotel\app\Controllers\Reportes\ReportesController.php(16): App\Models\habitacionesModel->getHabitaciones()
#6 C:\xampp\htdocs\hotel\system\CodeIgniter.php(832): App\Controllers\Reportes\ReportesController->ventas()
#7 C:\xampp\htdocs\hotel\system\CodeIgniter.php(419): CodeIgniter\CodeIgniter->runController(Object(App\Controllers\Reportes\ReportesController))
#8 C:\xampp\htdocs\hotel\system\CodeIgniter.php(326): CodeIgniter\CodeIgniter->handleRequest(NULL, Object(Config\Cache), false)
#9 C:\xampp\htdocs\hotel\index.php(37): CodeIgniter\CodeIgniter->run()
#10 {main}
CRITICAL - 2026-04-11 13:37:58 --> pg_query(): Query failed: ERROR:  no existe la relación «habitaciones»
LINE 12: FROM habitaciones AS h
              ^
#0 [internal function]: CodeIgniter\Debug\Exceptions->errorHandler(2, 'pg_query(): Que...', 'C:\\xampp\\htdocs...', 135)
#1 C:\xampp\htdocs\hotel\system\Database\Postgre\Connection.php(135): pg_query(Resource id #121, '\r\n     \r\nSELECT...')
#2 C:\xampp\htdocs\hotel\system\Database\BaseConnection.php(670): CodeIgniter\Database\Postgre\Connection->execute('\r\n     \r\nSELECT...')
#3 C:\xampp\htdocs\hotel\system\Database\BaseConnection.php(598): CodeIgniter\Database\BaseConnection->simpleQuery('\r\n     \r\nSELECT...')
#4 C:\xampp\htdocs\hotel\app\Models\habitacionesModel.php(25): CodeIgniter\Database\BaseConnection->query('\r\n     \r\nSELECT...')
#5 C:\xampp\htdocs\hotel\app\Controllers\Reportes\ReportesController.php(16): App\Models\habitacionesModel->getHabitaciones()
#6 C:\xampp\htdocs\hotel\system\CodeIgniter.php(832): App\Controllers\Reportes\ReportesController->ventas()
#7 C:\xampp\htdocs\hotel\system\CodeIgniter.php(419): CodeIgniter\CodeIgniter->runController(Object(App\Controllers\Reportes\ReportesController))
#8 C:\xampp\htdocs\hotel\system\CodeIgniter.php(326): CodeIgniter\CodeIgniter->handleRequest(NULL, Object(Config\Cache), false)
#9 C:\xampp\htdocs\hotel\index.php(37): CodeIgniter\CodeIgniter->run()
#10 {main}
CRITICAL - 2026-04-11 13:37:59 --> Uncaught CodeIgniter\Format\Exceptions\FormatException: Failed to parse json string, error: "Type is not supported". in C:\xampp\htdocs\hotel\system\Format\JSONFormatter.php:41
Stack trace:
#0 C:\xampp\htdocs\hotel\system\Format\JSONFormatter.php(41): CodeIgniter\Format\Exceptions\FormatException::forInvalidJSON('Type is not sup...')
#1 C:\xampp\htdocs\hotel\system\API\ResponseTrait.php(341): CodeIgniter\Format\JSONFormatter->format(Array)
#2 C:\xampp\htdocs\hotel\system\API\ResponseTrait.php(99): CodeIgniter\Debug\Exceptions->format(Array)
#3 C:\xampp\htdocs\hotel\system\Debug\Exceptions.php(115): CodeIgniter\Debug\Exceptions->respond(Array, 500)
#4 [internal function]: CodeIgniter\Debug\Exceptions->exceptionHandler(Object(ErrorException))
#5 {main}
  thrown
#0 [internal function]: CodeIgniter\Debug\Exceptions->shutdownHandler()
#1 {main}
ERROR - 2026-04-11 13:38:00 --> ErrorException: pg_query(): Query failed: ERROR:  no existe la relación «vehiculos»
LINE 2: FROM &quot;vehiculos&quot;
             ^ in C:\xampp\htdocs\hotel\system\Database\Postgre\Connection.php:135
Stack trace:
#0 [internal function]: CodeIgniter\Debug\Exceptions->errorHandler(2, 'pg_query(): Que...', 'C:\\xampp\\htdocs...', 135)
#1 C:\xampp\htdocs\hotel\system\Database\Postgre\Connection.php(135): pg_query(Resource id #123, 'SELECT *\nFROM "...')
#2 C:\xampp\htdocs\hotel\system\Database\BaseConnection.php(670): CodeIgniter\Database\Postgre\Connection->execute('SELECT *\nFROM "...')
#3 C:\xampp\htdocs\hotel\system\Database\BaseConnection.php(598): CodeIgniter\Database\BaseConnection->simpleQuery('SELECT *\nFROM "...')
#4 C:\xampp\htdocs\hotel\system\Database\BaseBuilder.php(1455): CodeIgniter\Database\BaseConnection->query('SELECT *\nFROM "...', Array, false)
#5 C:\xampp\htdocs\hotel\system\Model.php(183): CodeIgniter\Database\BaseBuilder->get()
#6 C:\xampp\htdocs\hotel\system\BaseModel.php(584): CodeIgniter\Model->doFindAll(0, 0)
#7 C:\xampp\htdocs\hotel\app\Controllers\Reportes\ReportesController.php(26): CodeIgniter\BaseModel->findAll()
#8 C:\xampp\htdocs\hotel\system\CodeIgniter.php(832): App\Controllers\Reportes\ReportesController->vehiculos()
#9 C:\xampp\htdocs\hotel\system\CodeIgniter.php(419): CodeIgniter\CodeIgniter->runController(Object(App\Controllers\Reportes\ReportesController))
#10 C:\xampp\htdocs\hotel\system\CodeIgniter.php(326): CodeIgniter\CodeIgniter->handleRequest(NULL, Object(Config\Cache), false)
#11 C:\xampp\htdocs\hotel\index.php(37): CodeIgniter\CodeIgniter->run()
#12 {main}
CRITICAL - 2026-04-11 13:38:00 --> pg_query(): Query failed: ERROR:  no existe la relación «vehiculos»
LINE 2: FROM &quot;vehiculos&quot;
             ^
#0 [internal function]: CodeIgniter\Debug\Exceptions->errorHandler(2, 'pg_query(): Que...', 'C:\\xampp\\htdocs...', 135)
#1 C:\xampp\htdocs\hotel\system\Database\Postgre\Connection.php(135): pg_query(Resource id #123, 'SELECT *\nFROM "...')
#2 C:\xampp\htdocs\hotel\system\Database\BaseConnection.php(670): CodeIgniter\Database\Postgre\Connection->execute('SELECT *\nFROM "...')
#3 C:\xampp\htdocs\hotel\system\Database\BaseConnection.php(598): CodeIgniter\Database\BaseConnection->simpleQuery('SELECT *\nFROM "...')
#4 C:\xampp\htdocs\hotel\system\Database\BaseBuilder.php(1455): CodeIgniter\Database\BaseConnection->query('SELECT *\nFROM "...', Array, false)
#5 C:\xampp\htdocs\hotel\system\Model.php(183): CodeIgniter\Database\BaseBuilder->get()
#6 C:\xampp\htdocs\hotel\system\BaseModel.php(584): CodeIgniter\Model->doFindAll(0, 0)
#7 C:\xampp\htdocs\hotel\app\Controllers\Reportes\ReportesController.php(26): CodeIgniter\BaseModel->findAll()
#8 C:\xampp\htdocs\hotel\system\CodeIgniter.php(832): App\Controllers\Reportes\ReportesController->vehiculos()
#9 C:\xampp\htdocs\hotel\system\CodeIgniter.php(419): CodeIgniter\CodeIgniter->runController(Object(App\Controllers\Reportes\ReportesController))
#10 C:\xampp\htdocs\hotel\system\CodeIgniter.php(326): CodeIgniter\CodeIgniter->handleRequest(NULL, Object(Config\Cache), false)
#11 C:\xampp\htdocs\hotel\index.php(37): CodeIgniter\CodeIgniter->run()
#12 {main}
CRITICAL - 2026-04-11 13:38:00 --> Uncaught CodeIgniter\Format\Exceptions\FormatException: Failed to parse json string, error: "Type is not supported". in C:\xampp\htdocs\hotel\system\Format\JSONFormatter.php:41
Stack trace:
#0 C:\xampp\htdocs\hotel\system\Format\JSONFormatter.php(41): CodeIgniter\Format\Exceptions\FormatException::forInvalidJSON('Type is not sup...')
#1 C:\xampp\htdocs\hotel\system\API\ResponseTrait.php(341): CodeIgniter\Format\JSONFormatter->format(Array)
#2 C:\xampp\htdocs\hotel\system\API\ResponseTrait.php(99): CodeIgniter\Debug\Exceptions->format(Array)
#3 C:\xampp\htdocs\hotel\system\Debug\Exceptions.php(115): CodeIgniter\Debug\Exceptions->respond(Array, 500)
#4 [internal function]: CodeIgniter\Debug\Exceptions->exceptionHandler(Object(ErrorException))
#5 {main}
  thrown
#0 [internal function]: CodeIgniter\Debug\Exceptions->shutdownHandler()
#1 {main}
ERROR - 2026-04-11 13:38:08 --> ErrorException: pg_query(): Query failed: ERROR:  no existe la relación «habitaciones»
LINE 12: FROM habitaciones AS h
              ^ in C:\xampp\htdocs\hotel\system\Database\Postgre\Connection.php:135
Stack trace:
#0 [internal function]: CodeIgniter\Debug\Exceptions->errorHandler(2, 'pg_query(): Que...', 'C:\\xampp\\htdocs...', 135)
#1 C:\xampp\htdocs\hotel\system\Database\Postgre\Connection.php(135): pg_query(Resource id #121, '\r\n     \r\nSELECT...')
#2 C:\xampp\htdocs\hotel\system\Database\BaseConnection.php(670): CodeIgniter\Database\Postgre\Connection->execute('\r\n     \r\nSELECT...')
#3 C:\xampp\htdocs\hotel\system\Database\BaseConnection.php(598): CodeIgniter\Database\BaseConnection->simpleQuery('\r\n     \r\nSELECT...')
#4 C:\xampp\htdocs\hotel\app\Models\habitacionesModel.php(25): CodeIgniter\Database\BaseConnection->query('\r\n     \r\nSELECT...')
#5 C:\xampp\htdocs\hotel\app\Controllers\Reportes\ReportesController.php(16): App\Models\habitacionesModel->getHabitaciones()
#6 C:\xampp\htdocs\hotel\system\CodeIgniter.php(832): App\Controllers\Reportes\ReportesController->ventas()
#7 C:\xampp\htdocs\hotel\system\CodeIgniter.php(419): CodeIgniter\CodeIgniter->runController(Object(App\Controllers\Reportes\ReportesController))
#8 C:\xampp\htdocs\hotel\system\CodeIgniter.php(326): CodeIgniter\CodeIgniter->handleRequest(NULL, Object(Config\Cache), false)
#9 C:\xampp\htdocs\hotel\index.php(37): CodeIgniter\CodeIgniter->run()
#10 {main}
CRITICAL - 2026-04-11 13:38:08 --> pg_query(): Query failed: ERROR:  no existe la relación «habitaciones»
LINE 12: FROM habitaciones AS h
              ^
#0 [internal function]: CodeIgniter\Debug\Exceptions->errorHandler(2, 'pg_query(): Que...', 'C:\\xampp\\htdocs...', 135)
#1 C:\xampp\htdocs\hotel\system\Database\Postgre\Connection.php(135): pg_query(Resource id #121, '\r\n     \r\nSELECT...')
#2 C:\xampp\htdocs\hotel\system\Database\BaseConnection.php(670): CodeIgniter\Database\Postgre\Connection->execute('\r\n     \r\nSELECT...')
#3 C:\xampp\htdocs\hotel\system\Database\BaseConnection.php(598): CodeIgniter\Database\BaseConnection->simpleQuery('\r\n     \r\nSELECT...')
#4 C:\xampp\htdocs\hotel\app\Models\habitacionesModel.php(25): CodeIgniter\Database\BaseConnection->query('\r\n     \r\nSELECT...')
#5 C:\xampp\htdocs\hotel\app\Controllers\Reportes\ReportesController.php(16): App\Models\habitacionesModel->getHabitaciones()
#6 C:\xampp\htdocs\hotel\system\CodeIgniter.php(832): App\Controllers\Reportes\ReportesController->ventas()
#7 C:\xampp\htdocs\hotel\system\CodeIgniter.php(419): CodeIgniter\CodeIgniter->runController(Object(App\Controllers\Reportes\ReportesController))
#8 C:\xampp\htdocs\hotel\system\CodeIgniter.php(326): CodeIgniter\CodeIgniter->handleRequest(NULL, Object(Config\Cache), false)
#9 C:\xampp\htdocs\hotel\index.php(37): CodeIgniter\CodeIgniter->run()
#10 {main}
CRITICAL - 2026-04-11 13:38:08 --> Uncaught CodeIgniter\Format\Exceptions\FormatException: Failed to parse json string, error: "Type is not supported". in C:\xampp\htdocs\hotel\system\Format\JSONFormatter.php:41
Stack trace:
#0 C:\xampp\htdocs\hotel\system\Format\JSONFormatter.php(41): CodeIgniter\Format\Exceptions\FormatException::forInvalidJSON('Type is not sup...')
#1 C:\xampp\htdocs\hotel\system\API\ResponseTrait.php(341): CodeIgniter\Format\JSONFormatter->format(Array)
#2 C:\xampp\htdocs\hotel\system\API\ResponseTrait.php(99): CodeIgniter\Debug\Exceptions->format(Array)
#3 C:\xampp\htdocs\hotel\system\Debug\Exceptions.php(115): CodeIgniter\Debug\Exceptions->respond(Array, 500)
#4 [internal function]: CodeIgniter\Debug\Exceptions->exceptionHandler(Object(ErrorException))
#5 {main}
  thrown
#0 [internal function]: CodeIgniter\Debug\Exceptions->shutdownHandler()
#1 {main}
ERROR - 2026-04-11 13:38:16 --> ErrorException: pg_query(): Query failed: ERROR:  no existe la relación «habitaciones»
LINE 12: FROM habitaciones AS h
              ^ in C:\xampp\htdocs\hotel\system\Database\Postgre\Connection.php:135
Stack trace:
#0 [internal function]: CodeIgniter\Debug\Exceptions->errorHandler(2, 'pg_query(): Que...', 'C:\\xampp\\htdocs...', 135)
#1 C:\xampp\htdocs\hotel\system\Database\Postgre\Connection.php(135): pg_query(Resource id #121, '\r\n     \r\nSELECT...')
#2 C:\xampp\htdocs\hotel\system\Database\BaseConnection.php(670): CodeIgniter\Database\Postgre\Connection->execute('\r\n     \r\nSELECT...')
#3 C:\xampp\htdocs\hotel\system\Database\BaseConnection.php(598): CodeIgniter\Database\BaseConnection->simpleQuery('\r\n     \r\nSELECT...')
#4 C:\xampp\htdocs\hotel\app\Models\habitacionesModel.php(25): CodeIgniter\Database\BaseConnection->query('\r\n     \r\nSELECT...')
#5 C:\xampp\htdocs\hotel\app\Controllers\Reportes\ReportesController.php(16): App\Models\habitacionesModel->getHabitaciones()
#6 C:\xampp\htdocs\hotel\system\CodeIgniter.php(832): App\Controllers\Reportes\ReportesController->ventas()
#7 C:\xampp\htdocs\hotel\system\CodeIgniter.php(419): CodeIgniter\CodeIgniter->runController(Object(App\Controllers\Reportes\ReportesController))
#8 C:\xampp\htdocs\hotel\system\CodeIgniter.php(326): CodeIgniter\CodeIgniter->handleRequest(NULL, Object(Config\Cache), false)
#9 C:\xampp\htdocs\hotel\index.php(37): CodeIgniter\CodeIgniter->run()
#10 {main}
CRITICAL - 2026-04-11 13:38:16 --> pg_query(): Query failed: ERROR:  no existe la relación «habitaciones»
LINE 12: FROM habitaciones AS h
              ^
#0 [internal function]: CodeIgniter\Debug\Exceptions->errorHandler(2, 'pg_query(): Que...', 'C:\\xampp\\htdocs...', 135)
#1 C:\xampp\htdocs\hotel\system\Database\Postgre\Connection.php(135): pg_query(Resource id #121, '\r\n     \r\nSELECT...')
#2 C:\xampp\htdocs\hotel\system\Database\BaseConnection.php(670): CodeIgniter\Database\Postgre\Connection->execute('\r\n     \r\nSELECT...')
#3 C:\xampp\htdocs\hotel\system\Database\BaseConnection.php(598): CodeIgniter\Database\BaseConnection->simpleQuery('\r\n     \r\nSELECT...')
#4 C:\xampp\htdocs\hotel\app\Models\habitacionesModel.php(25): CodeIgniter\Database\BaseConnection->query('\r\n     \r\nSELECT...')
#5 C:\xampp\htdocs\hotel\app\Controllers\Reportes\ReportesController.php(16): App\Models\habitacionesModel->getHabitaciones()
#6 C:\xampp\htdocs\hotel\system\CodeIgniter.php(832): App\Controllers\Reportes\ReportesController->ventas()
#7 C:\xampp\htdocs\hotel\system\CodeIgniter.php(419): CodeIgniter\CodeIgniter->runController(Object(App\Controllers\Reportes\ReportesController))
#8 C:\xampp\htdocs\hotel\system\CodeIgniter.php(326): CodeIgniter\CodeIgniter->handleRequest(NULL, Object(Config\Cache), false)
#9 C:\xampp\htdocs\hotel\index.php(37): CodeIgniter\CodeIgniter->run()
#10 {main}
ERROR - 2026-04-11 14:33:28 --> ErrorException: pg_query(): Query failed: ERROR:  inserción o actualización en la tabla «mesas» viola la llave foránea «fk_salon»
DETAIL:  La llave (fk_salon)=(2) no está presente en la tabla «salones». in C:\xampp\htdocs\hotel\system\Database\Postgre\Connection.php:135
Stack trace:
#0 [internal function]: CodeIgniter\Debug\Exceptions->errorHandler(2, 'pg_query(): Que...', 'C:\\xampp\\htdocs...', 135)
#1 C:\xampp\htdocs\hotel\system\Database\Postgre\Connection.php(135): pg_query(Resource id #123, 'INSERT INTO "me...')
#2 C:\xampp\htdocs\hotel\system\Database\BaseConnection.php(670): CodeIgniter\Database\Postgre\Connection->execute('INSERT INTO "me...')
#3 C:\xampp\htdocs\hotel\system\Database\BaseConnection.php(598): CodeIgniter\Database\BaseConnection->simpleQuery('INSERT INTO "me...')
#4 C:\xampp\htdocs\hotel\system\Database\BaseBuilder.php(1771): CodeIgniter\Database\BaseConnection->query('INSERT INTO "me...', Array, false)
#5 C:\xampp\htdocs\hotel\system\Model.php(239): CodeIgniter\Database\BaseBuilder->insert()
#6 C:\xampp\htdocs\hotel\system\BaseModel.php(738): CodeIgniter\Model->doInsert(Array)
#7 C:\xampp\htdocs\hotel\system\Model.php(625): CodeIgniter\BaseModel->insert(Array, true)
#8 C:\xampp\htdocs\hotel\app\Controllers\habitaciones\HabitacionesController.php(49): CodeIgniter\Model->insert(Array)
#9 C:\xampp\htdocs\hotel\system\CodeIgniter.php(832): App\Controllers\habitaciones\HabitacionesController->crear()
#10 C:\xampp\htdocs\hotel\system\CodeIgniter.php(419): CodeIgniter\CodeIgniter->runController(Object(App\Controllers\habitaciones\HabitacionesController))
#11 C:\xampp\htdocs\hotel\system\CodeIgniter.php(326): CodeIgniter\CodeIgniter->handleRequest(NULL, Object(Config\Cache), false)
#12 C:\xampp\htdocs\hotel\index.php(37): CodeIgniter\CodeIgniter->run()
#13 {main}
CRITICAL - 2026-04-11 16:43:56 --> Trying to access array offset on value of type null
#0 C:\xampp\htdocs\hotel\app\Controllers\habitaciones\HabitacionesController.php(173): CodeIgniter\Debug\Exceptions->errorHandler(2, 'Trying to acces...', 'C:\\xampp\\htdocs...', 173)
#1 C:\xampp\htdocs\hotel\system\CodeIgniter.php(832): App\Controllers\habitaciones\HabitacionesController->reservar()
#2 C:\xampp\htdocs\hotel\system\CodeIgniter.php(419): CodeIgniter\CodeIgniter->runController(Object(App\Controllers\habitaciones\HabitacionesController))
#3 C:\xampp\htdocs\hotel\system\CodeIgniter.php(326): CodeIgniter\CodeIgniter->handleRequest(NULL, Object(Config\Cache), false)
#4 C:\xampp\htdocs\hotel\index.php(37): CodeIgniter\CodeIgniter->run()
#5 {main}
CRITICAL - 2026-04-11 16:57:08 --> Trying to access array offset on value of type null
#0 C:\xampp\htdocs\hotel\app\Controllers\habitaciones\HabitacionesController.php(173): CodeIgniter\Debug\Exceptions->errorHandler(2, 'Trying to acces...', 'C:\\xampp\\htdocs...', 173)
#1 C:\xampp\htdocs\hotel\system\CodeIgniter.php(832): App\Controllers\habitaciones\HabitacionesController->reservar()
#2 C:\xampp\htdocs\hotel\system\CodeIgniter.php(419): CodeIgniter\CodeIgniter->runController(Object(App\Controllers\habitaciones\HabitacionesController))
#3 C:\xampp\htdocs\hotel\system\CodeIgniter.php(326): CodeIgniter\CodeIgniter->handleRequest(NULL, Object(Config\Cache), false)
#4 C:\xampp\htdocs\hotel\index.php(37): CodeIgniter\CodeIgniter->run()
#5 {main}
CRITICAL - 2026-04-11 17:00:20 --> Trying to access array offset on value of type null
#0 C:\xampp\htdocs\hotel\app\Controllers\habitaciones\HabitacionesController.php(173): CodeIgniter\Debug\Exceptions->errorHandler(2, 'Trying to acces...', 'C:\\xampp\\htdocs...', 173)
#1 C:\xampp\htdocs\hotel\system\CodeIgniter.php(832): App\Controllers\habitaciones\HabitacionesController->reservar()
#2 C:\xampp\htdocs\hotel\system\CodeIgniter.php(419): CodeIgniter\CodeIgniter->runController(Object(App\Controllers\habitaciones\HabitacionesController))
#3 C:\xampp\htdocs\hotel\system\CodeIgniter.php(326): CodeIgniter\CodeIgniter->handleRequest(NULL, Object(Config\Cache), false)
#4 C:\xampp\htdocs\hotel\index.php(37): CodeIgniter\CodeIgniter->run()
#5 {main}
CRITICAL - 2026-04-11 17:04:50 --> Trying to access array offset on value of type null
#0 C:\xampp\htdocs\hotel\app\Controllers\habitaciones\HabitacionesController.php(173): CodeIgniter\Debug\Exceptions->errorHandler(2, 'Trying to acces...', 'C:\\xampp\\htdocs...', 173)
#1 C:\xampp\htdocs\hotel\system\CodeIgniter.php(832): App\Controllers\habitaciones\HabitacionesController->reservar()
#2 C:\xampp\htdocs\hotel\system\CodeIgniter.php(419): CodeIgniter\CodeIgniter->runController(Object(App\Controllers\habitaciones\HabitacionesController))
#3 C:\xampp\htdocs\hotel\system\CodeIgniter.php(326): CodeIgniter\CodeIgniter->handleRequest(NULL, Object(Config\Cache), false)
#4 C:\xampp\htdocs\hotel\index.php(37): CodeIgniter\CodeIgniter->run()
#5 {main}
CRITICAL - 2026-04-11 17:05:23 --> Trying to access array offset on value of type null
#0 C:\xampp\htdocs\hotel\app\Controllers\habitaciones\HabitacionesController.php(173): CodeIgniter\Debug\Exceptions->errorHandler(2, 'Trying to acces...', 'C:\\xampp\\htdocs...', 173)
#1 C:\xampp\htdocs\hotel\system\CodeIgniter.php(832): App\Controllers\habitaciones\HabitacionesController->reservar()
#2 C:\xampp\htdocs\hotel\system\CodeIgniter.php(419): CodeIgniter\CodeIgniter->runController(Object(App\Controllers\habitaciones\HabitacionesController))
#3 C:\xampp\htdocs\hotel\system\CodeIgniter.php(326): CodeIgniter\CodeIgniter->handleRequest(NULL, Object(Config\Cache), false)
#4 C:\xampp\htdocs\hotel\index.php(37): CodeIgniter\CodeIgniter->run()
#5 {main}
CRITICAL - 2026-04-11 17:14:15 --> Trying to access array offset on value of type null
#0 C:\xampp\htdocs\hotel\app\Controllers\habitaciones\HabitacionesController.php(174): CodeIgniter\Debug\Exceptions->errorHandler(2, 'Trying to acces...', 'C:\\xampp\\htdocs...', 174)
#1 C:\xampp\htdocs\hotel\system\CodeIgniter.php(832): App\Controllers\habitaciones\HabitacionesController->reservar()
#2 C:\xampp\htdocs\hotel\system\CodeIgniter.php(419): CodeIgniter\CodeIgniter->runController(Object(App\Controllers\habitaciones\HabitacionesController))
#3 C:\xampp\htdocs\hotel\system\CodeIgniter.php(326): CodeIgniter\CodeIgniter->handleRequest(NULL, Object(Config\Cache), false)
#4 C:\xampp\htdocs\hotel\index.php(37): CodeIgniter\CodeIgniter->run()
#5 {main}
CRITICAL - 2026-04-11 17:16:16 --> Trying to access array offset on value of type null
#0 C:\xampp\htdocs\hotel\app\Controllers\habitaciones\HabitacionesController.php(174): CodeIgniter\Debug\Exceptions->errorHandler(2, 'Trying to acces...', 'C:\\xampp\\htdocs...', 174)
#1 C:\xampp\htdocs\hotel\system\CodeIgniter.php(832): App\Controllers\habitaciones\HabitacionesController->reservar()
#2 C:\xampp\htdocs\hotel\system\CodeIgniter.php(419): CodeIgniter\CodeIgniter->runController(Object(App\Controllers\habitaciones\HabitacionesController))
#3 C:\xampp\htdocs\hotel\system\CodeIgniter.php(326): CodeIgniter\CodeIgniter->handleRequest(NULL, Object(Config\Cache), false)
#4 C:\xampp\htdocs\hotel\index.php(37): CodeIgniter\CodeIgniter->run()
#5 {main}
