CRITICAL - 2026-03-23 00:20:58 --> Undefined array key "id_estado"
#0 C:\xampp\htdocs\hotel\app\Views\habitaciones\habitaciones.php(14): CodeIgniter\Debug\Exceptions->errorHandler(2, 'Undefined array...', 'C:\\xampp\\htdocs...', 14)
#1 C:\xampp\htdocs\hotel\system\View\View.php(210): include('C:\\xampp\\htdocs...')
#2 C:\xampp\htdocs\hotel\system\View\View.php(213): CodeIgniter\View\View->CodeIgniter\View\{closure}()
#3 C:\xampp\htdocs\hotel\system\Common.php(1089): CodeIgniter\View\View->render('habitaciones/ha...', Array, true)
#4 C:\xampp\htdocs\hotel\app\Views\reportes\ventas.php(163): view('habitaciones/ha...', Array)
#5 C:\xampp\htdocs\hotel\system\View\View.php(210): include('C:\\xampp\\htdocs...')
#6 C:\xampp\htdocs\hotel\system\View\View.php(213): CodeIgniter\View\View->CodeIgniter\View\{closure}()
#7 C:\xampp\htdocs\hotel\system\Common.php(1089): CodeIgniter\View\View->render('reportes/ventas', Array, true)
#8 C:\xampp\htdocs\hotel\app\Controllers\Reportes\ReportesController.php(19): view('reportes/ventas', Array)
#9 C:\xampp\htdocs\hotel\system\CodeIgniter.php(832): App\Controllers\Reportes\ReportesController->ventas()
#10 C:\xampp\htdocs\hotel\system\CodeIgniter.php(419): CodeIgniter\CodeIgniter->runController(Object(App\Controllers\Reportes\ReportesController))
#11 C:\xampp\htdocs\hotel\system\CodeIgniter.php(326): CodeIgniter\CodeIgniter->handleRequest(NULL, Object(Config\Cache), false)
#12 C:\xampp\htdocs\hotel\index.php(37): CodeIgniter\CodeIgniter->run()
#13 {main}
CRITICAL - 2026-03-23 00:21:21 --> Undefined array key "id_estado"
#0 C:\xampp\htdocs\hotel\app\Views\habitaciones\habitaciones.php(14): CodeIgniter\Debug\Exceptions->errorHandler(2, 'Undefined array...', 'C:\\xampp\\htdocs...', 14)
#1 C:\xampp\htdocs\hotel\system\View\View.php(210): include('C:\\xampp\\htdocs...')
#2 C:\xampp\htdocs\hotel\system\View\View.php(213): CodeIgniter\View\View->CodeIgniter\View\{closure}()
#3 C:\xampp\htdocs\hotel\system\Common.php(1089): CodeIgniter\View\View->render('habitaciones/ha...', Array, true)
#4 C:\xampp\htdocs\hotel\app\Views\reportes\ventas.php(163): view('habitaciones/ha...', Array)
#5 C:\xampp\htdocs\hotel\system\View\View.php(210): include('C:\\xampp\\htdocs...')
#6 C:\xampp\htdocs\hotel\system\View\View.php(213): CodeIgniter\View\View->CodeIgniter\View\{closure}()
#7 C:\xampp\htdocs\hotel\system\Common.php(1089): CodeIgniter\View\View->render('reportes/ventas', Array, true)
#8 C:\xampp\htdocs\hotel\app\Controllers\Reportes\ReportesController.php(19): view('reportes/ventas', Array)
#9 C:\xampp\htdocs\hotel\system\CodeIgniter.php(832): App\Controllers\Reportes\ReportesController->ventas()
#10 C:\xampp\htdocs\hotel\system\CodeIgniter.php(419): CodeIgniter\CodeIgniter->runController(Object(App\Controllers\Reportes\ReportesController))
#11 C:\xampp\htdocs\hotel\system\CodeIgniter.php(326): CodeIgniter\CodeIgniter->handleRequest(NULL, Object(Config\Cache), false)
#12 C:\xampp\htdocs\hotel\index.php(37): CodeIgniter\CodeIgniter->run()
#13 {main}
CRITICAL - 2026-03-23 00:21:24 --> Undefined array key "id_estado"
#0 C:\xampp\htdocs\hotel\app\Views\habitaciones\habitaciones.php(14): CodeIgniter\Debug\Exceptions->errorHandler(2, 'Undefined array...', 'C:\\xampp\\htdocs...', 14)
#1 C:\xampp\htdocs\hotel\system\View\View.php(210): include('C:\\xampp\\htdocs...')
#2 C:\xampp\htdocs\hotel\system\View\View.php(213): CodeIgniter\View\View->CodeIgniter\View\{closure}()
#3 C:\xampp\htdocs\hotel\system\Common.php(1089): CodeIgniter\View\View->render('habitaciones/ha...', Array, true)
#4 C:\xampp\htdocs\hotel\app\Views\reportes\ventas.php(163): view('habitaciones/ha...', Array)
#5 C:\xampp\htdocs\hotel\system\View\View.php(210): include('C:\\xampp\\htdocs...')
#6 C:\xampp\htdocs\hotel\system\View\View.php(213): CodeIgniter\View\View->CodeIgniter\View\{closure}()
#7 C:\xampp\htdocs\hotel\system\Common.php(1089): CodeIgniter\View\View->render('reportes/ventas', Array, true)
#8 C:\xampp\htdocs\hotel\app\Controllers\Reportes\ReportesController.php(19): view('reportes/ventas', Array)
#9 C:\xampp\htdocs\hotel\system\CodeIgniter.php(832): App\Controllers\Reportes\ReportesController->ventas()
#10 C:\xampp\htdocs\hotel\system\CodeIgniter.php(419): CodeIgniter\CodeIgniter->runController(Object(App\Controllers\Reportes\ReportesController))
#11 C:\xampp\htdocs\hotel\system\CodeIgniter.php(326): CodeIgniter\CodeIgniter->handleRequest(NULL, Object(Config\Cache), false)
#12 C:\xampp\htdocs\hotel\index.php(37): CodeIgniter\CodeIgniter->run()
#13 {main}
CRITICAL - 2026-03-23 11:51:18 --> Undefined array key "fecha_reserva"
#0 C:\xampp\htdocs\hotel\app\Controllers\habitaciones\HabitacionesController.php(188): CodeIgniter\Debug\Exceptions->errorHandler(2, 'Undefined array...', 'C:\\xampp\\htdocs...', 188)
#1 C:\xampp\htdocs\hotel\system\CodeIgniter.php(832): App\Controllers\habitaciones\HabitacionesController->consultarReserva()
#2 C:\xampp\htdocs\hotel\system\CodeIgniter.php(419): CodeIgniter\CodeIgniter->runController(Object(App\Controllers\habitaciones\HabitacionesController))
#3 C:\xampp\htdocs\hotel\system\CodeIgniter.php(326): CodeIgniter\CodeIgniter->handleRequest(NULL, Object(Config\Cache), false)
#4 C:\xampp\htdocs\hotel\index.php(37): CodeIgniter\CodeIgniter->run()
#5 {main}
CRITICAL - 2026-03-23 12:03:35 --> include(habitaciones/registrar): Failed to open stream: No such file or directory
#0 C:\xampp\htdocs\hotel\app\Views\reportes\ventas.php(359): CodeIgniter\Debug\Exceptions->errorHandler(2, 'include(habitac...', 'C:\\xampp\\htdocs...', 359)
#1 C:\xampp\htdocs\hotel\app\Views\reportes\ventas.php(359): include()
#2 C:\xampp\htdocs\hotel\system\View\View.php(210): include('C:\\xampp\\htdocs...')
#3 C:\xampp\htdocs\hotel\system\View\View.php(213): CodeIgniter\View\View->CodeIgniter\View\{closure}()
#4 C:\xampp\htdocs\hotel\system\Common.php(1089): CodeIgniter\View\View->render('reportes/ventas', Array, true)
#5 C:\xampp\htdocs\hotel\app\Controllers\Reportes\ReportesController.php(19): view('reportes/ventas', Array)
#6 C:\xampp\htdocs\hotel\system\CodeIgniter.php(832): App\Controllers\Reportes\ReportesController->ventas()
#7 C:\xampp\htdocs\hotel\system\CodeIgniter.php(419): CodeIgniter\CodeIgniter->runController(Object(App\Controllers\Reportes\ReportesController))
#8 C:\xampp\htdocs\hotel\system\CodeIgniter.php(326): CodeIgniter\CodeIgniter->handleRequest(NULL, Object(Config\Cache), false)
#9 C:\xampp\htdocs\hotel\index.php(37): CodeIgniter\CodeIgniter->run()
#10 {main}
CRITICAL - 2026-03-23 12:03:41 --> include(habitaciones/registrar): Failed to open stream: No such file or directory
#0 C:\xampp\htdocs\hotel\app\Views\reportes\ventas.php(359): CodeIgniter\Debug\Exceptions->errorHandler(2, 'include(habitac...', 'C:\\xampp\\htdocs...', 359)
#1 C:\xampp\htdocs\hotel\app\Views\reportes\ventas.php(359): include()
#2 C:\xampp\htdocs\hotel\system\View\View.php(210): include('C:\\xampp\\htdocs...')
#3 C:\xampp\htdocs\hotel\system\View\View.php(213): CodeIgniter\View\View->CodeIgniter\View\{closure}()
#4 C:\xampp\htdocs\hotel\system\Common.php(1089): CodeIgniter\View\View->render('reportes/ventas', Array, true)
#5 C:\xampp\htdocs\hotel\app\Controllers\Reportes\ReportesController.php(19): view('reportes/ventas', Array)
#6 C:\xampp\htdocs\hotel\system\CodeIgniter.php(832): App\Controllers\Reportes\ReportesController->ventas()
#7 C:\xampp\htdocs\hotel\system\CodeIgniter.php(419): CodeIgniter\CodeIgniter->runController(Object(App\Controllers\Reportes\ReportesController))
#8 C:\xampp\htdocs\hotel\system\CodeIgniter.php(326): CodeIgniter\CodeIgniter->handleRequest(NULL, Object(Config\Cache), false)
#9 C:\xampp\htdocs\hotel\index.php(37): CodeIgniter\CodeIgniter->run()
#10 {main}
CRITICAL - 2026-03-23 12:03:46 --> include(habitaciones/registrar): Failed to open stream: No such file or directory
#0 C:\xampp\htdocs\hotel\app\Views\reportes\ventas.php(359): CodeIgniter\Debug\Exceptions->errorHandler(2, 'include(habitac...', 'C:\\xampp\\htdocs...', 359)
#1 C:\xampp\htdocs\hotel\app\Views\reportes\ventas.php(359): include()
#2 C:\xampp\htdocs\hotel\system\View\View.php(210): include('C:\\xampp\\htdocs...')
#3 C:\xampp\htdocs\hotel\system\View\View.php(213): CodeIgniter\View\View->CodeIgniter\View\{closure}()
#4 C:\xampp\htdocs\hotel\system\Common.php(1089): CodeIgniter\View\View->render('reportes/ventas', Array, true)
#5 C:\xampp\htdocs\hotel\app\Controllers\Reportes\ReportesController.php(19): view('reportes/ventas', Array)
#6 C:\xampp\htdocs\hotel\system\CodeIgniter.php(832): App\Controllers\Reportes\ReportesController->ventas()
#7 C:\xampp\htdocs\hotel\system\CodeIgniter.php(419): CodeIgniter\CodeIgniter->runController(Object(App\Controllers\Reportes\ReportesController))
#8 C:\xampp\htdocs\hotel\system\CodeIgniter.php(326): CodeIgniter\CodeIgniter->handleRequest(NULL, Object(Config\Cache), false)
#9 C:\xampp\htdocs\hotel\index.php(37): CodeIgniter\CodeIgniter->run()
#10 {main}
CRITICAL - 2026-03-23 12:04:33 --> include(habitaciones/registrar): Failed to open stream: No such file or directory
#0 C:\xampp\htdocs\hotel\app\Views\reportes\ventas.php(359): CodeIgniter\Debug\Exceptions->errorHandler(2, 'include(habitac...', 'C:\\xampp\\htdocs...', 359)
#1 C:\xampp\htdocs\hotel\app\Views\reportes\ventas.php(359): include()
#2 C:\xampp\htdocs\hotel\system\View\View.php(210): include('C:\\xampp\\htdocs...')
#3 C:\xampp\htdocs\hotel\system\View\View.php(213): CodeIgniter\View\View->CodeIgniter\View\{closure}()
#4 C:\xampp\htdocs\hotel\system\Common.php(1089): CodeIgniter\View\View->render('reportes/ventas', Array, true)
#5 C:\xampp\htdocs\hotel\app\Controllers\Reportes\ReportesController.php(19): view('reportes/ventas', Array)
#6 C:\xampp\htdocs\hotel\system\CodeIgniter.php(832): App\Controllers\Reportes\ReportesController->ventas()
#7 C:\xampp\htdocs\hotel\system\CodeIgniter.php(419): CodeIgniter\CodeIgniter->runController(Object(App\Controllers\Reportes\ReportesController))
#8 C:\xampp\htdocs\hotel\system\CodeIgniter.php(326): CodeIgniter\CodeIgniter->handleRequest(NULL, Object(Config\Cache), false)
#9 C:\xampp\htdocs\hotel\index.php(37): CodeIgniter\CodeIgniter->run()
#10 {main}
CRITICAL - 2026-03-23 12:05:07 --> include(habitaciones/registrar): Failed to open stream: No such file or directory
#0 C:\xampp\htdocs\hotel\app\Views\reportes\ventas.php(359): CodeIgniter\Debug\Exceptions->errorHandler(2, 'include(habitac...', 'C:\\xampp\\htdocs...', 359)
#1 C:\xampp\htdocs\hotel\app\Views\reportes\ventas.php(359): include()
#2 C:\xampp\htdocs\hotel\system\View\View.php(210): include('C:\\xampp\\htdocs...')
#3 C:\xampp\htdocs\hotel\system\View\View.php(213): CodeIgniter\View\View->CodeIgniter\View\{closure}()
#4 C:\xampp\htdocs\hotel\system\Common.php(1089): CodeIgniter\View\View->render('reportes/ventas', Array, true)
#5 C:\xampp\htdocs\hotel\app\Controllers\Reportes\ReportesController.php(19): view('reportes/ventas', Array)
#6 C:\xampp\htdocs\hotel\system\CodeIgniter.php(832): App\Controllers\Reportes\ReportesController->ventas()
#7 C:\xampp\htdocs\hotel\system\CodeIgniter.php(419): CodeIgniter\CodeIgniter->runController(Object(App\Controllers\Reportes\ReportesController))
#8 C:\xampp\htdocs\hotel\system\CodeIgniter.php(326): CodeIgniter\CodeIgniter->handleRequest(NULL, Object(Config\Cache), false)
#9 C:\xampp\htdocs\hotel\index.php(37): CodeIgniter\CodeIgniter->run()
#10 {main}
CRITICAL - 2026-03-23 12:05:29 --> include(habitaciones/registrar): Failed to open stream: No such file or directory
#0 C:\xampp\htdocs\hotel\app\Views\reportes\ventas.php(359): CodeIgniter\Debug\Exceptions->errorHandler(2, 'include(habitac...', 'C:\\xampp\\htdocs...', 359)
#1 C:\xampp\htdocs\hotel\app\Views\reportes\ventas.php(359): include()
#2 C:\xampp\htdocs\hotel\system\View\View.php(210): include('C:\\xampp\\htdocs...')
#3 C:\xampp\htdocs\hotel\system\View\View.php(213): CodeIgniter\View\View->CodeIgniter\View\{closure}()
#4 C:\xampp\htdocs\hotel\system\Common.php(1089): CodeIgniter\View\View->render('reportes/ventas', Array, true)
#5 C:\xampp\htdocs\hotel\app\Controllers\Reportes\ReportesController.php(19): view('reportes/ventas', Array)
#6 C:\xampp\htdocs\hotel\system\CodeIgniter.php(832): App\Controllers\Reportes\ReportesController->ventas()
#7 C:\xampp\htdocs\hotel\system\CodeIgniter.php(419): CodeIgniter\CodeIgniter->runController(Object(App\Controllers\Reportes\ReportesController))
#8 C:\xampp\htdocs\hotel\system\CodeIgniter.php(326): CodeIgniter\CodeIgniter->handleRequest(NULL, Object(Config\Cache), false)
#9 C:\xampp\htdocs\hotel\index.php(37): CodeIgniter\CodeIgniter->run()
#10 {main}
CRITICAL - 2026-03-23 12:06:08 --> include(habitaciones/habitacioes): Failed to open stream: No such file or directory
#0 C:\xampp\htdocs\hotel\app\Views\reportes\ventas.php(359): CodeIgniter\Debug\Exceptions->errorHandler(2, 'include(habitac...', 'C:\\xampp\\htdocs...', 359)
#1 C:\xampp\htdocs\hotel\app\Views\reportes\ventas.php(359): include()
#2 C:\xampp\htdocs\hotel\system\View\View.php(210): include('C:\\xampp\\htdocs...')
#3 C:\xampp\htdocs\hotel\system\View\View.php(213): CodeIgniter\View\View->CodeIgniter\View\{closure}()
#4 C:\xampp\htdocs\hotel\system\Common.php(1089): CodeIgniter\View\View->render('reportes/ventas', Array, true)
#5 C:\xampp\htdocs\hotel\app\Controllers\Reportes\ReportesController.php(19): view('reportes/ventas', Array)
#6 C:\xampp\htdocs\hotel\system\CodeIgniter.php(832): App\Controllers\Reportes\ReportesController->ventas()
#7 C:\xampp\htdocs\hotel\system\CodeIgniter.php(419): CodeIgniter\CodeIgniter->runController(Object(App\Controllers\Reportes\ReportesController))
#8 C:\xampp\htdocs\hotel\system\CodeIgniter.php(326): CodeIgniter\CodeIgniter->handleRequest(NULL, Object(Config\Cache), false)
#9 C:\xampp\htdocs\hotel\index.php(37): CodeIgniter\CodeIgniter->run()
#10 {main}
CRITICAL - 2026-03-23 12:06:20 --> include(habitaciones/habitaciones): Failed to open stream: No such file or directory
#0 C:\xampp\htdocs\hotel\app\Views\reportes\ventas.php(359): CodeIgniter\Debug\Exceptions->errorHandler(2, 'include(habitac...', 'C:\\xampp\\htdocs...', 359)
#1 C:\xampp\htdocs\hotel\app\Views\reportes\ventas.php(359): include()
#2 C:\xampp\htdocs\hotel\system\View\View.php(210): include('C:\\xampp\\htdocs...')
#3 C:\xampp\htdocs\hotel\system\View\View.php(213): CodeIgniter\View\View->CodeIgniter\View\{closure}()
#4 C:\xampp\htdocs\hotel\system\Common.php(1089): CodeIgniter\View\View->render('reportes/ventas', Array, true)
#5 C:\xampp\htdocs\hotel\app\Controllers\Reportes\ReportesController.php(19): view('reportes/ventas', Array)
#6 C:\xampp\htdocs\hotel\system\CodeIgniter.php(832): App\Controllers\Reportes\ReportesController->ventas()
#7 C:\xampp\htdocs\hotel\system\CodeIgniter.php(419): CodeIgniter\CodeIgniter->runController(Object(App\Controllers\Reportes\ReportesController))
#8 C:\xampp\htdocs\hotel\system\CodeIgniter.php(326): CodeIgniter\CodeIgniter->handleRequest(NULL, Object(Config\Cache), false)
#9 C:\xampp\htdocs\hotel\index.php(37): CodeIgniter\CodeIgniter->run()
#10 {main}
CRITICAL - 2026-03-23 12:06:32 --> include(habitaciones/habitaciones): Failed to open stream: No such file or directory
#0 C:\xampp\htdocs\hotel\app\Views\reportes\ventas.php(359): CodeIgniter\Debug\Exceptions->errorHandler(2, 'include(habitac...', 'C:\\xampp\\htdocs...', 359)
#1 C:\xampp\htdocs\hotel\app\Views\reportes\ventas.php(359): include()
#2 C:\xampp\htdocs\hotel\system\View\View.php(210): include('C:\\xampp\\htdocs...')
#3 C:\xampp\htdocs\hotel\system\View\View.php(213): CodeIgniter\View\View->CodeIgniter\View\{closure}()
#4 C:\xampp\htdocs\hotel\system\Common.php(1089): CodeIgniter\View\View->render('reportes/ventas', Array, true)
#5 C:\xampp\htdocs\hotel\app\Controllers\Reportes\ReportesController.php(19): view('reportes/ventas', Array)
#6 C:\xampp\htdocs\hotel\system\CodeIgniter.php(832): App\Controllers\Reportes\ReportesController->ventas()
#7 C:\xampp\htdocs\hotel\system\CodeIgniter.php(419): CodeIgniter\CodeIgniter->runController(Object(App\Controllers\Reportes\ReportesController))
#8 C:\xampp\htdocs\hotel\system\CodeIgniter.php(326): CodeIgniter\CodeIgniter->handleRequest(NULL, Object(Config\Cache), false)
#9 C:\xampp\htdocs\hotel\index.php(37): CodeIgniter\CodeIgniter->run()
#10 {main}
CRITICAL - 2026-03-23 12:06:36 --> include(habitaciones/habitaciones): Failed to open stream: No such file or directory
#0 C:\xampp\htdocs\hotel\app\Views\reportes\ventas.php(359): CodeIgniter\Debug\Exceptions->errorHandler(2, 'include(habitac...', 'C:\\xampp\\htdocs...', 359)
#1 C:\xampp\htdocs\hotel\app\Views\reportes\ventas.php(359): include()
#2 C:\xampp\htdocs\hotel\system\View\View.php(210): include('C:\\xampp\\htdocs...')
#3 C:\xampp\htdocs\hotel\system\View\View.php(213): CodeIgniter\View\View->CodeIgniter\View\{closure}()
#4 C:\xampp\htdocs\hotel\system\Common.php(1089): CodeIgniter\View\View->render('reportes/ventas', Array, true)
#5 C:\xampp\htdocs\hotel\app\Controllers\Reportes\ReportesController.php(19): view('reportes/ventas', Array)
#6 C:\xampp\htdocs\hotel\system\CodeIgniter.php(832): App\Controllers\Reportes\ReportesController->ventas()
#7 C:\xampp\htdocs\hotel\system\CodeIgniter.php(419): CodeIgniter\CodeIgniter->runController(Object(App\Controllers\Reportes\ReportesController))
#8 C:\xampp\htdocs\hotel\system\CodeIgniter.php(326): CodeIgniter\CodeIgniter->handleRequest(NULL, Object(Config\Cache), false)
#9 C:\xampp\htdocs\hotel\index.php(37): CodeIgniter\CodeIgniter->run()
#10 {main}
CRITICAL - 2026-03-23 21:57:11 --> There is no data to update.
#0 C:\xampp\htdocs\hotel\system\BaseModel.php(846): CodeIgniter\Database\Exceptions\DataException::forEmptyDataset('update')
#1 C:\xampp\htdocs\hotel\system\Model.php(651): CodeIgniter\BaseModel->update(Array, Array)
#2 C:\xampp\htdocs\hotel\app\Controllers\habitaciones\HabitacionesController.php(164): CodeIgniter\Model->update('23', Array)
#3 C:\xampp\htdocs\hotel\system\CodeIgniter.php(832): App\Controllers\habitaciones\HabitacionesController->reservar()
#4 C:\xampp\htdocs\hotel\system\CodeIgniter.php(419): CodeIgniter\CodeIgniter->runController(Object(App\Controllers\habitaciones\HabitacionesController))
#5 C:\xampp\htdocs\hotel\system\CodeIgniter.php(326): CodeIgniter\CodeIgniter->handleRequest(NULL, Object(Config\Cache), false)
#6 C:\xampp\htdocs\hotel\index.php(37): CodeIgniter\CodeIgniter->run()
#7 {main}
CRITICAL - 2026-03-23 21:57:39 --> There is no data to update.
#0 C:\xampp\htdocs\hotel\system\BaseModel.php(846): CodeIgniter\Database\Exceptions\DataException::forEmptyDataset('update')
#1 C:\xampp\htdocs\hotel\system\Model.php(651): CodeIgniter\BaseModel->update(Array, Array)
#2 C:\xampp\htdocs\hotel\app\Controllers\habitaciones\HabitacionesController.php(164): CodeIgniter\Model->update('23', Array)
#3 C:\xampp\htdocs\hotel\system\CodeIgniter.php(832): App\Controllers\habitaciones\HabitacionesController->reservar()
#4 C:\xampp\htdocs\hotel\system\CodeIgniter.php(419): CodeIgniter\CodeIgniter->runController(Object(App\Controllers\habitaciones\HabitacionesController))
#5 C:\xampp\htdocs\hotel\system\CodeIgniter.php(326): CodeIgniter\CodeIgniter->handleRequest(NULL, Object(Config\Cache), false)
#6 C:\xampp\htdocs\hotel\index.php(37): CodeIgniter\CodeIgniter->run()
#7 {main}
CRITICAL - 2026-03-23 22:04:41 --> There is no data to update.
#0 C:\xampp\htdocs\hotel\system\BaseModel.php(846): CodeIgniter\Database\Exceptions\DataException::forEmptyDataset('update')
#1 C:\xampp\htdocs\hotel\system\Model.php(651): CodeIgniter\BaseModel->update(Array, Array)
#2 C:\xampp\htdocs\hotel\app\Controllers\habitaciones\HabitacionesController.php(169): CodeIgniter\Model->update('23', Array)
#3 C:\xampp\htdocs\hotel\system\CodeIgniter.php(832): App\Controllers\habitaciones\HabitacionesController->reservar()
#4 C:\xampp\htdocs\hotel\system\CodeIgniter.php(419): CodeIgniter\CodeIgniter->runController(Object(App\Controllers\habitaciones\HabitacionesController))
#5 C:\xampp\htdocs\hotel\system\CodeIgniter.php(326): CodeIgniter\CodeIgniter->handleRequest(NULL, Object(Config\Cache), false)
#6 C:\xampp\htdocs\hotel\index.php(37): CodeIgniter\CodeIgniter->run()
#7 {main}
CRITICAL - 2026-03-23 22:06:47 --> There is no data to update.
#0 C:\xampp\htdocs\hotel\system\BaseModel.php(846): CodeIgniter\Database\Exceptions\DataException::forEmptyDataset('update')
#1 C:\xampp\htdocs\hotel\system\Model.php(651): CodeIgniter\BaseModel->update(NULL, Array)
#2 C:\xampp\htdocs\hotel\app\Controllers\habitaciones\HabitacionesController.php(167): CodeIgniter\Model->update()
#3 C:\xampp\htdocs\hotel\system\CodeIgniter.php(832): App\Controllers\habitaciones\HabitacionesController->reservar()
#4 C:\xampp\htdocs\hotel\system\CodeIgniter.php(419): CodeIgniter\CodeIgniter->runController(Object(App\Controllers\habitaciones\HabitacionesController))
#5 C:\xampp\htdocs\hotel\system\CodeIgniter.php(326): CodeIgniter\CodeIgniter->handleRequest(NULL, Object(Config\Cache), false)
#6 C:\xampp\htdocs\hotel\index.php(37): CodeIgniter\CodeIgniter->run()
#7 {main}
CRITICAL - 2026-03-23 22:06:48 --> There is no data to update.
#0 C:\xampp\htdocs\hotel\system\BaseModel.php(846): CodeIgniter\Database\Exceptions\DataException::forEmptyDataset('update')
#1 C:\xampp\htdocs\hotel\system\Model.php(651): CodeIgniter\BaseModel->update(NULL, Array)
#2 C:\xampp\htdocs\hotel\app\Controllers\habitaciones\HabitacionesController.php(167): CodeIgniter\Model->update()
#3 C:\xampp\htdocs\hotel\system\CodeIgniter.php(832): App\Controllers\habitaciones\HabitacionesController->reservar()
#4 C:\xampp\htdocs\hotel\system\CodeIgniter.php(419): CodeIgniter\CodeIgniter->runController(Object(App\Controllers\habitaciones\HabitacionesController))
#5 C:\xampp\htdocs\hotel\system\CodeIgniter.php(326): CodeIgniter\CodeIgniter->handleRequest(NULL, Object(Config\Cache), false)
#6 C:\xampp\htdocs\hotel\index.php(37): CodeIgniter\CodeIgniter->run()
#7 {main}
ERROR - 2026-03-23 22:25:11 --> ErrorException: pg_query(): Query failed: ERROR:  la sintaxis de entrada no es válida para integer: «»
LINE 1: ...cliente&quot;, &quot;notas&quot;, &quot;fecha_reserva&quot;) VALUES ('13', '', '', '2...
                                                             ^ in C:\xampp\htdocs\hotel\system\Database\Postgre\Connection.php:135
Stack trace:
#0 [internal function]: CodeIgniter\Debug\Exceptions->errorHandler(2, 'pg_query(): Que...', 'C:\\xampp\\htdocs...', 135)
#1 C:\xampp\htdocs\hotel\system\Database\Postgre\Connection.php(135): pg_query(Resource id #123, 'INSERT INTO "re...')
#2 C:\xampp\htdocs\hotel\system\Database\BaseConnection.php(670): CodeIgniter\Database\Postgre\Connection->execute('INSERT INTO "re...')
#3 C:\xampp\htdocs\hotel\system\Database\BaseConnection.php(598): CodeIgniter\Database\BaseConnection->simpleQuery('INSERT INTO "re...')
#4 C:\xampp\htdocs\hotel\system\Database\BaseBuilder.php(1771): CodeIgniter\Database\BaseConnection->query('INSERT INTO "re...', Array, false)
#5 C:\xampp\htdocs\hotel\system\Model.php(239): CodeIgniter\Database\BaseBuilder->insert()
#6 C:\xampp\htdocs\hotel\system\BaseModel.php(738): CodeIgniter\Model->doInsert(Array)
#7 C:\xampp\htdocs\hotel\system\Model.php(625): CodeIgniter\BaseModel->insert(Array, true)
#8 C:\xampp\htdocs\hotel\app\Controllers\habitaciones\HabitacionesController.php(157): CodeIgniter\Model->insert(Array)
#9 C:\xampp\htdocs\hotel\system\CodeIgniter.php(832): App\Controllers\habitaciones\HabitacionesController->reservar()
#10 C:\xampp\htdocs\hotel\system\CodeIgniter.php(419): CodeIgniter\CodeIgniter->runController(Object(App\Controllers\habitaciones\HabitacionesController))
#11 C:\xampp\htdocs\hotel\system\CodeIgniter.php(326): CodeIgniter\CodeIgniter->handleRequest(NULL, Object(Config\Cache), false)
#12 C:\xampp\htdocs\hotel\index.php(37): CodeIgniter\CodeIgniter->run()
#13 {main}
CRITICAL - 2026-03-23 22:25:11 --> pg_query(): Query failed: ERROR:  la sintaxis de entrada no es válida para integer: «»
LINE 1: ...cliente&quot;, &quot;notas&quot;, &quot;fecha_reserva&quot;) VALUES ('13', '', '', '2...
                                                             ^
#0 [internal function]: CodeIgniter\Debug\Exceptions->errorHandler(2, 'pg_query(): Que...', 'C:\\xampp\\htdocs...', 135)
#1 C:\xampp\htdocs\hotel\system\Database\Postgre\Connection.php(135): pg_query(Resource id #123, 'INSERT INTO "re...')
#2 C:\xampp\htdocs\hotel\system\Database\BaseConnection.php(670): CodeIgniter\Database\Postgre\Connection->execute('INSERT INTO "re...')
#3 C:\xampp\htdocs\hotel\system\Database\BaseConnection.php(598): CodeIgniter\Database\BaseConnection->simpleQuery('INSERT INTO "re...')
#4 C:\xampp\htdocs\hotel\system\Database\BaseBuilder.php(1771): CodeIgniter\Database\BaseConnection->query('INSERT INTO "re...', Array, false)
#5 C:\xampp\htdocs\hotel\system\Model.php(239): CodeIgniter\Database\BaseBuilder->insert()
#6 C:\xampp\htdocs\hotel\system\BaseModel.php(738): CodeIgniter\Model->doInsert(Array)
#7 C:\xampp\htdocs\hotel\system\Model.php(625): CodeIgniter\BaseModel->insert(Array, true)
#8 C:\xampp\htdocs\hotel\app\Controllers\habitaciones\HabitacionesController.php(157): CodeIgniter\Model->insert(Array)
#9 C:\xampp\htdocs\hotel\system\CodeIgniter.php(832): App\Controllers\habitaciones\HabitacionesController->reservar()
#10 C:\xampp\htdocs\hotel\system\CodeIgniter.php(419): CodeIgniter\CodeIgniter->runController(Object(App\Controllers\habitaciones\HabitacionesController))
#11 C:\xampp\htdocs\hotel\system\CodeIgniter.php(326): CodeIgniter\CodeIgniter->handleRequest(NULL, Object(Config\Cache), false)
#12 C:\xampp\htdocs\hotel\index.php(37): CodeIgniter\CodeIgniter->run()
#13 {main}
CRITICAL - 2026-03-23 22:25:11 --> Uncaught CodeIgniter\Format\Exceptions\FormatException: Failed to parse json string, error: "Type is not supported". in C:\xampp\htdocs\hotel\system\Format\JSONFormatter.php:41
Stack trace:
#0 C:\xampp\htdocs\hotel\system\Format\JSONFormatter.php(41): CodeIgniter\Format\Exceptions\FormatException::forInvalidJSON('Type is not sup...')
#1 C:\xampp\htdocs\hotel\system\API\ResponseTrait.php(341): CodeIgniter\Format\JSONFormatter->format(Array)
#2 C:\xampp\htdocs\hotel\system\API\ResponseTrait.php(99): CodeIgniter\Debug\Exceptions->format(Array)
#3 C:\xampp\htdocs\hotel\system\Debug\Exceptions.php(115): CodeIgniter\Debug\Exceptions->respond(Array, 500)
#4 [internal function]: CodeIgniter\Debug\Exceptions->exceptionHandler(Object(ErrorException))
#5 {main}
  thrown
#0 [internal function]: CodeIgniter\Debug\Exceptions->shutdownHandler()
#1 {main}
