ERROR - 2026-04-14 07:26:11 --> ErrorException: pg_query(): Query failed: ERROR:  la sintaxis de entrada no es válida para integer: «»
LINE 1: ...&quot;, &quot;fecha_reserva&quot;, &quot;id_estado_reservas&quot;) VALUES ('', '', '2...
                                                             ^ in C:\xampp\htdocs\hotel\system\Database\Postgre\Connection.php:135
Stack trace:
#0 [internal function]: CodeIgniter\Debug\Exceptions->errorHandler(2, 'pg_query(): Que...', 'C:\\xampp\\htdocs...', 135)
#1 C:\xampp\htdocs\hotel\system\Database\Postgre\Connection.php(135): pg_query(Resource id #123, 'INSERT INTO "re...')
#2 C:\xampp\htdocs\hotel\system\Database\BaseConnection.php(670): CodeIgniter\Database\Postgre\Connection->execute('INSERT INTO "re...')
#3 C:\xampp\htdocs\hotel\system\Database\BaseConnection.php(598): CodeIgniter\Database\BaseConnection->simpleQuery('INSERT INTO "re...')
#4 C:\xampp\htdocs\hotel\system\Database\BaseBuilder.php(1771): CodeIgniter\Database\BaseConnection->query('INSERT INTO "re...', Array, false)
#5 C:\xampp\htdocs\hotel\system\Model.php(239): CodeIgniter\Database\BaseBuilder->insert()
#6 C:\xampp\htdocs\hotel\system\BaseModel.php(738): CodeIgniter\Model->doInsert(Array)
#7 C:\xampp\htdocs\hotel\system\Model.php(625): CodeIgniter\BaseModel->insert(Array, true)
#8 C:\xampp\htdocs\hotel\app\Controllers\habitaciones\HabitacionesController.php(167): CodeIgniter\Model->insert(Array)
#9 C:\xampp\htdocs\hotel\system\CodeIgniter.php(832): App\Controllers\habitaciones\HabitacionesController->reservar()
#10 C:\xampp\htdocs\hotel\system\CodeIgniter.php(419): CodeIgniter\CodeIgniter->runController(Object(App\Controllers\habitaciones\HabitacionesController))
#11 C:\xampp\htdocs\hotel\system\CodeIgniter.php(326): CodeIgniter\CodeIgniter->handleRequest(NULL, Object(Config\Cache), false)
#12 C:\xampp\htdocs\hotel\index.php(37): CodeIgniter\CodeIgniter->run()
#13 {main}
CRITICAL - 2026-04-14 07:26:11 --> pg_query(): Query failed: ERROR:  la sintaxis de entrada no es válida para integer: «»
LINE 1: ...&quot;, &quot;fecha_reserva&quot;, &quot;id_estado_reservas&quot;) VALUES ('', '', '2...
                                                             ^
#0 [internal function]: CodeIgniter\Debug\Exceptions->errorHandler(2, 'pg_query(): Que...', 'C:\\xampp\\htdocs...', 135)
#1 C:\xampp\htdocs\hotel\system\Database\Postgre\Connection.php(135): pg_query(Resource id #123, 'INSERT INTO "re...')
#2 C:\xampp\htdocs\hotel\system\Database\BaseConnection.php(670): CodeIgniter\Database\Postgre\Connection->execute('INSERT INTO "re...')
#3 C:\xampp\htdocs\hotel\system\Database\BaseConnection.php(598): CodeIgniter\Database\BaseConnection->simpleQuery('INSERT INTO "re...')
#4 C:\xampp\htdocs\hotel\system\Database\BaseBuilder.php(1771): CodeIgniter\Database\BaseConnection->query('INSERT INTO "re...', Array, false)
#5 C:\xampp\htdocs\hotel\system\Model.php(239): CodeIgniter\Database\BaseBuilder->insert()
#6 C:\xampp\htdocs\hotel\system\BaseModel.php(738): CodeIgniter\Model->doInsert(Array)
#7 C:\xampp\htdocs\hotel\system\Model.php(625): CodeIgniter\BaseModel->insert(Array, true)
#8 C:\xampp\htdocs\hotel\app\Controllers\habitaciones\HabitacionesController.php(167): CodeIgniter\Model->insert(Array)
#9 C:\xampp\htdocs\hotel\system\CodeIgniter.php(832): App\Controllers\habitaciones\HabitacionesController->reservar()
#10 C:\xampp\htdocs\hotel\system\CodeIgniter.php(419): CodeIgniter\CodeIgniter->runController(Object(App\Controllers\habitaciones\HabitacionesController))
#11 C:\xampp\htdocs\hotel\system\CodeIgniter.php(326): CodeIgniter\CodeIgniter->handleRequest(NULL, Object(Config\Cache), false)
#12 C:\xampp\htdocs\hotel\index.php(37): CodeIgniter\CodeIgniter->run()
#13 {main}
CRITICAL - 2026-04-14 07:26:11 --> Uncaught CodeIgniter\Format\Exceptions\FormatException: Failed to parse json string, error: "Type is not supported". in C:\xampp\htdocs\hotel\system\Format\JSONFormatter.php:41
Stack trace:
#0 C:\xampp\htdocs\hotel\system\Format\JSONFormatter.php(41): CodeIgniter\Format\Exceptions\FormatException::forInvalidJSON('Type is not sup...')
#1 C:\xampp\htdocs\hotel\system\API\ResponseTrait.php(341): CodeIgniter\Format\JSONFormatter->format(Array)
#2 C:\xampp\htdocs\hotel\system\API\ResponseTrait.php(99): CodeIgniter\Debug\Exceptions->format(Array)
#3 C:\xampp\htdocs\hotel\system\Debug\Exceptions.php(115): CodeIgniter\Debug\Exceptions->respond(Array, 500)
#4 [internal function]: CodeIgniter\Debug\Exceptions->exceptionHandler(Object(ErrorException))
#5 {main}
  thrown
#0 [internal function]: CodeIgniter\Debug\Exceptions->shutdownHandler()
#1 {main}
ERROR - 2026-04-14 07:27:22 --> ErrorException: pg_query(): Query failed: ERROR:  la sintaxis de entrada no es válida para integer: «»
LINE 1: ...&quot;, &quot;fecha_reserva&quot;, &quot;id_estado_reservas&quot;) VALUES ('', '', '2...
                                                             ^ in C:\xampp\htdocs\hotel\system\Database\Postgre\Connection.php:135
Stack trace:
#0 [internal function]: CodeIgniter\Debug\Exceptions->errorHandler(2, 'pg_query(): Que...', 'C:\\xampp\\htdocs...', 135)
#1 C:\xampp\htdocs\hotel\system\Database\Postgre\Connection.php(135): pg_query(Resource id #123, 'INSERT INTO "re...')
#2 C:\xampp\htdocs\hotel\system\Database\BaseConnection.php(670): CodeIgniter\Database\Postgre\Connection->execute('INSERT INTO "re...')
#3 C:\xampp\htdocs\hotel\system\Database\BaseConnection.php(598): CodeIgniter\Database\BaseConnection->simpleQuery('INSERT INTO "re...')
#4 C:\xampp\htdocs\hotel\system\Database\BaseBuilder.php(1771): CodeIgniter\Database\BaseConnection->query('INSERT INTO "re...', Array, false)
#5 C:\xampp\htdocs\hotel\system\Model.php(239): CodeIgniter\Database\BaseBuilder->insert()
#6 C:\xampp\htdocs\hotel\system\BaseModel.php(738): CodeIgniter\Model->doInsert(Array)
#7 C:\xampp\htdocs\hotel\system\Model.php(625): CodeIgniter\BaseModel->insert(Array, true)
#8 C:\xampp\htdocs\hotel\app\Controllers\habitaciones\HabitacionesController.php(167): CodeIgniter\Model->insert(Array)
#9 C:\xampp\htdocs\hotel\system\CodeIgniter.php(832): App\Controllers\habitaciones\HabitacionesController->reservar()
#10 C:\xampp\htdocs\hotel\system\CodeIgniter.php(419): CodeIgniter\CodeIgniter->runController(Object(App\Controllers\habitaciones\HabitacionesController))
#11 C:\xampp\htdocs\hotel\system\CodeIgniter.php(326): CodeIgniter\CodeIgniter->handleRequest(NULL, Object(Config\Cache), false)
#12 C:\xampp\htdocs\hotel\index.php(37): CodeIgniter\CodeIgniter->run()
#13 {main}
CRITICAL - 2026-04-14 07:27:22 --> pg_query(): Query failed: ERROR:  la sintaxis de entrada no es válida para integer: «»
LINE 1: ...&quot;, &quot;fecha_reserva&quot;, &quot;id_estado_reservas&quot;) VALUES ('', '', '2...
                                                             ^
#0 [internal function]: CodeIgniter\Debug\Exceptions->errorHandler(2, 'pg_query(): Que...', 'C:\\xampp\\htdocs...', 135)
#1 C:\xampp\htdocs\hotel\system\Database\Postgre\Connection.php(135): pg_query(Resource id #123, 'INSERT INTO "re...')
#2 C:\xampp\htdocs\hotel\system\Database\BaseConnection.php(670): CodeIgniter\Database\Postgre\Connection->execute('INSERT INTO "re...')
#3 C:\xampp\htdocs\hotel\system\Database\BaseConnection.php(598): CodeIgniter\Database\BaseConnection->simpleQuery('INSERT INTO "re...')
#4 C:\xampp\htdocs\hotel\system\Database\BaseBuilder.php(1771): CodeIgniter\Database\BaseConnection->query('INSERT INTO "re...', Array, false)
#5 C:\xampp\htdocs\hotel\system\Model.php(239): CodeIgniter\Database\BaseBuilder->insert()
#6 C:\xampp\htdocs\hotel\system\BaseModel.php(738): CodeIgniter\Model->doInsert(Array)
#7 C:\xampp\htdocs\hotel\system\Model.php(625): CodeIgniter\BaseModel->insert(Array, true)
#8 C:\xampp\htdocs\hotel\app\Controllers\habitaciones\HabitacionesController.php(167): CodeIgniter\Model->insert(Array)
#9 C:\xampp\htdocs\hotel\system\CodeIgniter.php(832): App\Controllers\habitaciones\HabitacionesController->reservar()
#10 C:\xampp\htdocs\hotel\system\CodeIgniter.php(419): CodeIgniter\CodeIgniter->runController(Object(App\Controllers\habitaciones\HabitacionesController))
#11 C:\xampp\htdocs\hotel\system\CodeIgniter.php(326): CodeIgniter\CodeIgniter->handleRequest(NULL, Object(Config\Cache), false)
#12 C:\xampp\htdocs\hotel\index.php(37): CodeIgniter\CodeIgniter->run()
#13 {main}
CRITICAL - 2026-04-14 07:27:22 --> Uncaught CodeIgniter\Format\Exceptions\FormatException: Failed to parse json string, error: "Type is not supported". in C:\xampp\htdocs\hotel\system\Format\JSONFormatter.php:41
Stack trace:
#0 C:\xampp\htdocs\hotel\system\Format\JSONFormatter.php(41): CodeIgniter\Format\Exceptions\FormatException::forInvalidJSON('Type is not sup...')
#1 C:\xampp\htdocs\hotel\system\API\ResponseTrait.php(341): CodeIgniter\Format\JSONFormatter->format(Array)
#2 C:\xampp\htdocs\hotel\system\API\ResponseTrait.php(99): CodeIgniter\Debug\Exceptions->format(Array)
#3 C:\xampp\htdocs\hotel\system\Debug\Exceptions.php(115): CodeIgniter\Debug\Exceptions->respond(Array, 500)
#4 [internal function]: CodeIgniter\Debug\Exceptions->exceptionHandler(Object(ErrorException))
#5 {main}
  thrown
#0 [internal function]: CodeIgniter\Debug\Exceptions->shutdownHandler()
#1 {main}
ERROR - 2026-04-14 07:27:58 --> ErrorException: pg_query(): Query failed: ERROR:  la sintaxis de entrada no es válida para integer: «»
LINE 1: ...&quot;, &quot;fecha_reserva&quot;, &quot;id_estado_reservas&quot;) VALUES ('', '', '2...
                                                             ^ in C:\xampp\htdocs\hotel\system\Database\Postgre\Connection.php:135
Stack trace:
#0 [internal function]: CodeIgniter\Debug\Exceptions->errorHandler(2, 'pg_query(): Que...', 'C:\\xampp\\htdocs...', 135)
#1 C:\xampp\htdocs\hotel\system\Database\Postgre\Connection.php(135): pg_query(Resource id #123, 'INSERT INTO "re...')
#2 C:\xampp\htdocs\hotel\system\Database\BaseConnection.php(670): CodeIgniter\Database\Postgre\Connection->execute('INSERT INTO "re...')
#3 C:\xampp\htdocs\hotel\system\Database\BaseConnection.php(598): CodeIgniter\Database\BaseConnection->simpleQuery('INSERT INTO "re...')
#4 C:\xampp\htdocs\hotel\system\Database\BaseBuilder.php(1771): CodeIgniter\Database\BaseConnection->query('INSERT INTO "re...', Array, false)
#5 C:\xampp\htdocs\hotel\system\Model.php(239): CodeIgniter\Database\BaseBuilder->insert()
#6 C:\xampp\htdocs\hotel\system\BaseModel.php(738): CodeIgniter\Model->doInsert(Array)
#7 C:\xampp\htdocs\hotel\system\Model.php(625): CodeIgniter\BaseModel->insert(Array, true)
#8 C:\xampp\htdocs\hotel\app\Controllers\habitaciones\HabitacionesController.php(167): CodeIgniter\Model->insert(Array)
#9 C:\xampp\htdocs\hotel\system\CodeIgniter.php(832): App\Controllers\habitaciones\HabitacionesController->reservar()
#10 C:\xampp\htdocs\hotel\system\CodeIgniter.php(419): CodeIgniter\CodeIgniter->runController(Object(App\Controllers\habitaciones\HabitacionesController))
#11 C:\xampp\htdocs\hotel\system\CodeIgniter.php(326): CodeIgniter\CodeIgniter->handleRequest(NULL, Object(Config\Cache), false)
#12 C:\xampp\htdocs\hotel\index.php(37): CodeIgniter\CodeIgniter->run()
#13 {main}
CRITICAL - 2026-04-14 07:27:58 --> pg_query(): Query failed: ERROR:  la sintaxis de entrada no es válida para integer: «»
LINE 1: ...&quot;, &quot;fecha_reserva&quot;, &quot;id_estado_reservas&quot;) VALUES ('', '', '2...
                                                             ^
#0 [internal function]: CodeIgniter\Debug\Exceptions->errorHandler(2, 'pg_query(): Que...', 'C:\\xampp\\htdocs...', 135)
#1 C:\xampp\htdocs\hotel\system\Database\Postgre\Connection.php(135): pg_query(Resource id #123, 'INSERT INTO "re...')
#2 C:\xampp\htdocs\hotel\system\Database\BaseConnection.php(670): CodeIgniter\Database\Postgre\Connection->execute('INSERT INTO "re...')
#3 C:\xampp\htdocs\hotel\system\Database\BaseConnection.php(598): CodeIgniter\Database\BaseConnection->simpleQuery('INSERT INTO "re...')
#4 C:\xampp\htdocs\hotel\system\Database\BaseBuilder.php(1771): CodeIgniter\Database\BaseConnection->query('INSERT INTO "re...', Array, false)
#5 C:\xampp\htdocs\hotel\system\Model.php(239): CodeIgniter\Database\BaseBuilder->insert()
#6 C:\xampp\htdocs\hotel\system\BaseModel.php(738): CodeIgniter\Model->doInsert(Array)
#7 C:\xampp\htdocs\hotel\system\Model.php(625): CodeIgniter\BaseModel->insert(Array, true)
#8 C:\xampp\htdocs\hotel\app\Controllers\habitaciones\HabitacionesController.php(167): CodeIgniter\Model->insert(Array)
#9 C:\xampp\htdocs\hotel\system\CodeIgniter.php(832): App\Controllers\habitaciones\HabitacionesController->reservar()
#10 C:\xampp\htdocs\hotel\system\CodeIgniter.php(419): CodeIgniter\CodeIgniter->runController(Object(App\Controllers\habitaciones\HabitacionesController))
#11 C:\xampp\htdocs\hotel\system\CodeIgniter.php(326): CodeIgniter\CodeIgniter->handleRequest(NULL, Object(Config\Cache), false)
#12 C:\xampp\htdocs\hotel\index.php(37): CodeIgniter\CodeIgniter->run()
#13 {main}
CRITICAL - 2026-04-14 07:27:58 --> Uncaught CodeIgniter\Format\Exceptions\FormatException: Failed to parse json string, error: "Type is not supported". in C:\xampp\htdocs\hotel\system\Format\JSONFormatter.php:41
Stack trace:
#0 C:\xampp\htdocs\hotel\system\Format\JSONFormatter.php(41): CodeIgniter\Format\Exceptions\FormatException::forInvalidJSON('Type is not sup...')
#1 C:\xampp\htdocs\hotel\system\API\ResponseTrait.php(341): CodeIgniter\Format\JSONFormatter->format(Array)
#2 C:\xampp\htdocs\hotel\system\API\ResponseTrait.php(99): CodeIgniter\Debug\Exceptions->format(Array)
#3 C:\xampp\htdocs\hotel\system\Debug\Exceptions.php(115): CodeIgniter\Debug\Exceptions->respond(Array, 500)
#4 [internal function]: CodeIgniter\Debug\Exceptions->exceptionHandler(Object(ErrorException))
#5 {main}
  thrown
#0 [internal function]: CodeIgniter\Debug\Exceptions->shutdownHandler()
#1 {main}
ERROR - 2026-04-14 07:28:19 --> ErrorException: pg_query(): Query failed: ERROR:  la sintaxis de entrada no es válida para integer: «»
LINE 1: ...&quot;, &quot;fecha_reserva&quot;, &quot;id_estado_reservas&quot;) VALUES ('', '', '2...
                                                             ^ in C:\xampp\htdocs\hotel\system\Database\Postgre\Connection.php:135
Stack trace:
#0 [internal function]: CodeIgniter\Debug\Exceptions->errorHandler(2, 'pg_query(): Que...', 'C:\\xampp\\htdocs...', 135)
#1 C:\xampp\htdocs\hotel\system\Database\Postgre\Connection.php(135): pg_query(Resource id #123, 'INSERT INTO "re...')
#2 C:\xampp\htdocs\hotel\system\Database\BaseConnection.php(670): CodeIgniter\Database\Postgre\Connection->execute('INSERT INTO "re...')
#3 C:\xampp\htdocs\hotel\system\Database\BaseConnection.php(598): CodeIgniter\Database\BaseConnection->simpleQuery('INSERT INTO "re...')
#4 C:\xampp\htdocs\hotel\system\Database\BaseBuilder.php(1771): CodeIgniter\Database\BaseConnection->query('INSERT INTO "re...', Array, false)
#5 C:\xampp\htdocs\hotel\system\Model.php(239): CodeIgniter\Database\BaseBuilder->insert()
#6 C:\xampp\htdocs\hotel\system\BaseModel.php(738): CodeIgniter\Model->doInsert(Array)
#7 C:\xampp\htdocs\hotel\system\Model.php(625): CodeIgniter\BaseModel->insert(Array, true)
#8 C:\xampp\htdocs\hotel\app\Controllers\habitaciones\HabitacionesController.php(167): CodeIgniter\Model->insert(Array)
#9 C:\xampp\htdocs\hotel\system\CodeIgniter.php(832): App\Controllers\habitaciones\HabitacionesController->reservar()
#10 C:\xampp\htdocs\hotel\system\CodeIgniter.php(419): CodeIgniter\CodeIgniter->runController(Object(App\Controllers\habitaciones\HabitacionesController))
#11 C:\xampp\htdocs\hotel\system\CodeIgniter.php(326): CodeIgniter\CodeIgniter->handleRequest(NULL, Object(Config\Cache), false)
#12 C:\xampp\htdocs\hotel\index.php(37): CodeIgniter\CodeIgniter->run()
#13 {main}
CRITICAL - 2026-04-14 07:28:19 --> pg_query(): Query failed: ERROR:  la sintaxis de entrada no es válida para integer: «»
LINE 1: ...&quot;, &quot;fecha_reserva&quot;, &quot;id_estado_reservas&quot;) VALUES ('', '', '2...
                                                             ^
#0 [internal function]: CodeIgniter\Debug\Exceptions->errorHandler(2, 'pg_query(): Que...', 'C:\\xampp\\htdocs...', 135)
#1 C:\xampp\htdocs\hotel\system\Database\Postgre\Connection.php(135): pg_query(Resource id #123, 'INSERT INTO "re...')
#2 C:\xampp\htdocs\hotel\system\Database\BaseConnection.php(670): CodeIgniter\Database\Postgre\Connection->execute('INSERT INTO "re...')
#3 C:\xampp\htdocs\hotel\system\Database\BaseConnection.php(598): CodeIgniter\Database\BaseConnection->simpleQuery('INSERT INTO "re...')
#4 C:\xampp\htdocs\hotel\system\Database\BaseBuilder.php(1771): CodeIgniter\Database\BaseConnection->query('INSERT INTO "re...', Array, false)
#5 C:\xampp\htdocs\hotel\system\Model.php(239): CodeIgniter\Database\BaseBuilder->insert()
#6 C:\xampp\htdocs\hotel\system\BaseModel.php(738): CodeIgniter\Model->doInsert(Array)
#7 C:\xampp\htdocs\hotel\system\Model.php(625): CodeIgniter\BaseModel->insert(Array, true)
#8 C:\xampp\htdocs\hotel\app\Controllers\habitaciones\HabitacionesController.php(167): CodeIgniter\Model->insert(Array)
#9 C:\xampp\htdocs\hotel\system\CodeIgniter.php(832): App\Controllers\habitaciones\HabitacionesController->reservar()
#10 C:\xampp\htdocs\hotel\system\CodeIgniter.php(419): CodeIgniter\CodeIgniter->runController(Object(App\Controllers\habitaciones\HabitacionesController))
#11 C:\xampp\htdocs\hotel\system\CodeIgniter.php(326): CodeIgniter\CodeIgniter->handleRequest(NULL, Object(Config\Cache), false)
#12 C:\xampp\htdocs\hotel\index.php(37): CodeIgniter\CodeIgniter->run()
#13 {main}
CRITICAL - 2026-04-14 07:28:19 --> Uncaught CodeIgniter\Format\Exceptions\FormatException: Failed to parse json string, error: "Type is not supported". in C:\xampp\htdocs\hotel\system\Format\JSONFormatter.php:41
Stack trace:
#0 C:\xampp\htdocs\hotel\system\Format\JSONFormatter.php(41): CodeIgniter\Format\Exceptions\FormatException::forInvalidJSON('Type is not sup...')
#1 C:\xampp\htdocs\hotel\system\API\ResponseTrait.php(341): CodeIgniter\Format\JSONFormatter->format(Array)
#2 C:\xampp\htdocs\hotel\system\API\ResponseTrait.php(99): CodeIgniter\Debug\Exceptions->format(Array)
#3 C:\xampp\htdocs\hotel\system\Debug\Exceptions.php(115): CodeIgniter\Debug\Exceptions->respond(Array, 500)
#4 [internal function]: CodeIgniter\Debug\Exceptions->exceptionHandler(Object(ErrorException))
#5 {main}
  thrown
#0 [internal function]: CodeIgniter\Debug\Exceptions->shutdownHandler()
#1 {main}
ERROR - 2026-04-14 09:06:32 --> ErrorException: pg_query(): Query failed: ERROR:  la sintaxis de entrada no es válida para integer: «undefined»
LINE 1: ...&quot;, &quot;fecha_reserva&quot;, &quot;id_estado_reservas&quot;) VALUES ('undefined...
                                                             ^ in C:\xampp\htdocs\hotel\system\Database\Postgre\Connection.php:135
Stack trace:
#0 [internal function]: CodeIgniter\Debug\Exceptions->errorHandler(2, 'pg_query(): Que...', 'C:\\xampp\\htdocs...', 135)
#1 C:\xampp\htdocs\hotel\system\Database\Postgre\Connection.php(135): pg_query(Resource id #123, 'INSERT INTO "re...')
#2 C:\xampp\htdocs\hotel\system\Database\BaseConnection.php(670): CodeIgniter\Database\Postgre\Connection->execute('INSERT INTO "re...')
#3 C:\xampp\htdocs\hotel\system\Database\BaseConnection.php(598): CodeIgniter\Database\BaseConnection->simpleQuery('INSERT INTO "re...')
#4 C:\xampp\htdocs\hotel\system\Database\BaseBuilder.php(1771): CodeIgniter\Database\BaseConnection->query('INSERT INTO "re...', Array, false)
#5 C:\xampp\htdocs\hotel\system\Model.php(239): CodeIgniter\Database\BaseBuilder->insert()
#6 C:\xampp\htdocs\hotel\system\BaseModel.php(738): CodeIgniter\Model->doInsert(Array)
#7 C:\xampp\htdocs\hotel\system\Model.php(625): CodeIgniter\BaseModel->insert(Array, true)
#8 C:\xampp\htdocs\hotel\app\Controllers\habitaciones\HabitacionesController.php(167): CodeIgniter\Model->insert(Array)
#9 C:\xampp\htdocs\hotel\system\CodeIgniter.php(832): App\Controllers\habitaciones\HabitacionesController->reservar()
#10 C:\xampp\htdocs\hotel\system\CodeIgniter.php(419): CodeIgniter\CodeIgniter->runController(Object(App\Controllers\habitaciones\HabitacionesController))
#11 C:\xampp\htdocs\hotel\system\CodeIgniter.php(326): CodeIgniter\CodeIgniter->handleRequest(NULL, Object(Config\Cache), false)
#12 C:\xampp\htdocs\hotel\index.php(37): CodeIgniter\CodeIgniter->run()
#13 {main}
CRITICAL - 2026-04-14 09:06:32 --> pg_query(): Query failed: ERROR:  la sintaxis de entrada no es válida para integer: «undefined»
LINE 1: ...&quot;, &quot;fecha_reserva&quot;, &quot;id_estado_reservas&quot;) VALUES ('undefined...
                                                             ^
#0 [internal function]: CodeIgniter\Debug\Exceptions->errorHandler(2, 'pg_query(): Que...', 'C:\\xampp\\htdocs...', 135)
#1 C:\xampp\htdocs\hotel\system\Database\Postgre\Connection.php(135): pg_query(Resource id #123, 'INSERT INTO "re...')
#2 C:\xampp\htdocs\hotel\system\Database\BaseConnection.php(670): CodeIgniter\Database\Postgre\Connection->execute('INSERT INTO "re...')
#3 C:\xampp\htdocs\hotel\system\Database\BaseConnection.php(598): CodeIgniter\Database\BaseConnection->simpleQuery('INSERT INTO "re...')
#4 C:\xampp\htdocs\hotel\system\Database\BaseBuilder.php(1771): CodeIgniter\Database\BaseConnection->query('INSERT INTO "re...', Array, false)
#5 C:\xampp\htdocs\hotel\system\Model.php(239): CodeIgniter\Database\BaseBuilder->insert()
#6 C:\xampp\htdocs\hotel\system\BaseModel.php(738): CodeIgniter\Model->doInsert(Array)
#7 C:\xampp\htdocs\hotel\system\Model.php(625): CodeIgniter\BaseModel->insert(Array, true)
#8 C:\xampp\htdocs\hotel\app\Controllers\habitaciones\HabitacionesController.php(167): CodeIgniter\Model->insert(Array)
#9 C:\xampp\htdocs\hotel\system\CodeIgniter.php(832): App\Controllers\habitaciones\HabitacionesController->reservar()
#10 C:\xampp\htdocs\hotel\system\CodeIgniter.php(419): CodeIgniter\CodeIgniter->runController(Object(App\Controllers\habitaciones\HabitacionesController))
#11 C:\xampp\htdocs\hotel\system\CodeIgniter.php(326): CodeIgniter\CodeIgniter->handleRequest(NULL, Object(Config\Cache), false)
#12 C:\xampp\htdocs\hotel\index.php(37): CodeIgniter\CodeIgniter->run()
#13 {main}
CRITICAL - 2026-04-14 09:06:32 --> Uncaught CodeIgniter\Format\Exceptions\FormatException: Failed to parse json string, error: "Type is not supported". in C:\xampp\htdocs\hotel\system\Format\JSONFormatter.php:41
Stack trace:
#0 C:\xampp\htdocs\hotel\system\Format\JSONFormatter.php(41): CodeIgniter\Format\Exceptions\FormatException::forInvalidJSON('Type is not sup...')
#1 C:\xampp\htdocs\hotel\system\API\ResponseTrait.php(341): CodeIgniter\Format\JSONFormatter->format(Array)
#2 C:\xampp\htdocs\hotel\system\API\ResponseTrait.php(99): CodeIgniter\Debug\Exceptions->format(Array)
#3 C:\xampp\htdocs\hotel\system\Debug\Exceptions.php(115): CodeIgniter\Debug\Exceptions->respond(Array, 500)
#4 [internal function]: CodeIgniter\Debug\Exceptions->exceptionHandler(Object(ErrorException))
#5 {main}
  thrown
#0 [internal function]: CodeIgniter\Debug\Exceptions->shutdownHandler()
#1 {main}
ERROR - 2026-04-14 09:27:08 --> ErrorException: pg_query(): Query failed: ERROR:  la sintaxis de entrada no es válida para integer: «»
LINE 1: ...&quot;, &quot;fecha_reserva&quot;, &quot;id_estado_reservas&quot;) VALUES ('', '', '2...
                                                             ^ in C:\xampp\htdocs\hotel\system\Database\Postgre\Connection.php:135
Stack trace:
#0 [internal function]: CodeIgniter\Debug\Exceptions->errorHandler(2, 'pg_query(): Que...', 'C:\\xampp\\htdocs...', 135)
#1 C:\xampp\htdocs\hotel\system\Database\Postgre\Connection.php(135): pg_query(Resource id #123, 'INSERT INTO "re...')
#2 C:\xampp\htdocs\hotel\system\Database\BaseConnection.php(670): CodeIgniter\Database\Postgre\Connection->execute('INSERT INTO "re...')
#3 C:\xampp\htdocs\hotel\system\Database\BaseConnection.php(598): CodeIgniter\Database\BaseConnection->simpleQuery('INSERT INTO "re...')
#4 C:\xampp\htdocs\hotel\system\Database\BaseBuilder.php(1771): CodeIgniter\Database\BaseConnection->query('INSERT INTO "re...', Array, false)
#5 C:\xampp\htdocs\hotel\system\Model.php(239): CodeIgniter\Database\BaseBuilder->insert()
#6 C:\xampp\htdocs\hotel\system\BaseModel.php(738): CodeIgniter\Model->doInsert(Array)
#7 C:\xampp\htdocs\hotel\system\Model.php(625): CodeIgniter\BaseModel->insert(Array, true)
#8 C:\xampp\htdocs\hotel\app\Controllers\habitaciones\HabitacionesController.php(167): CodeIgniter\Model->insert(Array)
#9 C:\xampp\htdocs\hotel\system\CodeIgniter.php(832): App\Controllers\habitaciones\HabitacionesController->reservar()
#10 C:\xampp\htdocs\hotel\system\CodeIgniter.php(419): CodeIgniter\CodeIgniter->runController(Object(App\Controllers\habitaciones\HabitacionesController))
#11 C:\xampp\htdocs\hotel\system\CodeIgniter.php(326): CodeIgniter\CodeIgniter->handleRequest(NULL, Object(Config\Cache), false)
#12 C:\xampp\htdocs\hotel\index.php(37): CodeIgniter\CodeIgniter->run()
#13 {main}
CRITICAL - 2026-04-14 09:27:08 --> pg_query(): Query failed: ERROR:  la sintaxis de entrada no es válida para integer: «»
LINE 1: ...&quot;, &quot;fecha_reserva&quot;, &quot;id_estado_reservas&quot;) VALUES ('', '', '2...
                                                             ^
#0 [internal function]: CodeIgniter\Debug\Exceptions->errorHandler(2, 'pg_query(): Que...', 'C:\\xampp\\htdocs...', 135)
#1 C:\xampp\htdocs\hotel\system\Database\Postgre\Connection.php(135): pg_query(Resource id #123, 'INSERT INTO "re...')
#2 C:\xampp\htdocs\hotel\system\Database\BaseConnection.php(670): CodeIgniter\Database\Postgre\Connection->execute('INSERT INTO "re...')
#3 C:\xampp\htdocs\hotel\system\Database\BaseConnection.php(598): CodeIgniter\Database\BaseConnection->simpleQuery('INSERT INTO "re...')
#4 C:\xampp\htdocs\hotel\system\Database\BaseBuilder.php(1771): CodeIgniter\Database\BaseConnection->query('INSERT INTO "re...', Array, false)
#5 C:\xampp\htdocs\hotel\system\Model.php(239): CodeIgniter\Database\BaseBuilder->insert()
#6 C:\xampp\htdocs\hotel\system\BaseModel.php(738): CodeIgniter\Model->doInsert(Array)
#7 C:\xampp\htdocs\hotel\system\Model.php(625): CodeIgniter\BaseModel->insert(Array, true)
#8 C:\xampp\htdocs\hotel\app\Controllers\habitaciones\HabitacionesController.php(167): CodeIgniter\Model->insert(Array)
#9 C:\xampp\htdocs\hotel\system\CodeIgniter.php(832): App\Controllers\habitaciones\HabitacionesController->reservar()
#10 C:\xampp\htdocs\hotel\system\CodeIgniter.php(419): CodeIgniter\CodeIgniter->runController(Object(App\Controllers\habitaciones\HabitacionesController))
#11 C:\xampp\htdocs\hotel\system\CodeIgniter.php(326): CodeIgniter\CodeIgniter->handleRequest(NULL, Object(Config\Cache), false)
#12 C:\xampp\htdocs\hotel\index.php(37): CodeIgniter\CodeIgniter->run()
#13 {main}
CRITICAL - 2026-04-14 09:27:08 --> Uncaught CodeIgniter\Format\Exceptions\FormatException: Failed to parse json string, error: "Type is not supported". in C:\xampp\htdocs\hotel\system\Format\JSONFormatter.php:41
Stack trace:
#0 C:\xampp\htdocs\hotel\system\Format\JSONFormatter.php(41): CodeIgniter\Format\Exceptions\FormatException::forInvalidJSON('Type is not sup...')
#1 C:\xampp\htdocs\hotel\system\API\ResponseTrait.php(341): CodeIgniter\Format\JSONFormatter->format(Array)
#2 C:\xampp\htdocs\hotel\system\API\ResponseTrait.php(99): CodeIgniter\Debug\Exceptions->format(Array)
#3 C:\xampp\htdocs\hotel\system\Debug\Exceptions.php(115): CodeIgniter\Debug\Exceptions->respond(Array, 500)
#4 [internal function]: CodeIgniter\Debug\Exceptions->exceptionHandler(Object(ErrorException))
#5 {main}
  thrown
#0 [internal function]: CodeIgniter\Debug\Exceptions->shutdownHandler()
#1 {main}
ERROR - 2026-04-14 09:27:51 --> ErrorException: pg_query(): Query failed: ERROR:  la sintaxis de entrada no es válida para integer: «»
LINE 1: ...&quot;, &quot;fecha_reserva&quot;, &quot;id_estado_reservas&quot;) VALUES ('', '', '2...
                                                             ^ in C:\xampp\htdocs\hotel\system\Database\Postgre\Connection.php:135
Stack trace:
#0 [internal function]: CodeIgniter\Debug\Exceptions->errorHandler(2, 'pg_query(): Que...', 'C:\\xampp\\htdocs...', 135)
#1 C:\xampp\htdocs\hotel\system\Database\Postgre\Connection.php(135): pg_query(Resource id #123, 'INSERT INTO "re...')
#2 C:\xampp\htdocs\hotel\system\Database\BaseConnection.php(670): CodeIgniter\Database\Postgre\Connection->execute('INSERT INTO "re...')
#3 C:\xampp\htdocs\hotel\system\Database\BaseConnection.php(598): CodeIgniter\Database\BaseConnection->simpleQuery('INSERT INTO "re...')
#4 C:\xampp\htdocs\hotel\system\Database\BaseBuilder.php(1771): CodeIgniter\Database\BaseConnection->query('INSERT INTO "re...', Array, false)
#5 C:\xampp\htdocs\hotel\system\Model.php(239): CodeIgniter\Database\BaseBuilder->insert()
#6 C:\xampp\htdocs\hotel\system\BaseModel.php(738): CodeIgniter\Model->doInsert(Array)
#7 C:\xampp\htdocs\hotel\system\Model.php(625): CodeIgniter\BaseModel->insert(Array, true)
#8 C:\xampp\htdocs\hotel\app\Controllers\habitaciones\HabitacionesController.php(167): CodeIgniter\Model->insert(Array)
#9 C:\xampp\htdocs\hotel\system\CodeIgniter.php(832): App\Controllers\habitaciones\HabitacionesController->reservar()
#10 C:\xampp\htdocs\hotel\system\CodeIgniter.php(419): CodeIgniter\CodeIgniter->runController(Object(App\Controllers\habitaciones\HabitacionesController))
#11 C:\xampp\htdocs\hotel\system\CodeIgniter.php(326): CodeIgniter\CodeIgniter->handleRequest(NULL, Object(Config\Cache), false)
#12 C:\xampp\htdocs\hotel\index.php(37): CodeIgniter\CodeIgniter->run()
#13 {main}
CRITICAL - 2026-04-14 09:27:51 --> pg_query(): Query failed: ERROR:  la sintaxis de entrada no es válida para integer: «»
LINE 1: ...&quot;, &quot;fecha_reserva&quot;, &quot;id_estado_reservas&quot;) VALUES ('', '', '2...
                                                             ^
#0 [internal function]: CodeIgniter\Debug\Exceptions->errorHandler(2, 'pg_query(): Que...', 'C:\\xampp\\htdocs...', 135)
#1 C:\xampp\htdocs\hotel\system\Database\Postgre\Connection.php(135): pg_query(Resource id #123, 'INSERT INTO "re...')
#2 C:\xampp\htdocs\hotel\system\Database\BaseConnection.php(670): CodeIgniter\Database\Postgre\Connection->execute('INSERT INTO "re...')
#3 C:\xampp\htdocs\hotel\system\Database\BaseConnection.php(598): CodeIgniter\Database\BaseConnection->simpleQuery('INSERT INTO "re...')
#4 C:\xampp\htdocs\hotel\system\Database\BaseBuilder.php(1771): CodeIgniter\Database\BaseConnection->query('INSERT INTO "re...', Array, false)
#5 C:\xampp\htdocs\hotel\system\Model.php(239): CodeIgniter\Database\BaseBuilder->insert()
#6 C:\xampp\htdocs\hotel\system\BaseModel.php(738): CodeIgniter\Model->doInsert(Array)
#7 C:\xampp\htdocs\hotel\system\Model.php(625): CodeIgniter\BaseModel->insert(Array, true)
#8 C:\xampp\htdocs\hotel\app\Controllers\habitaciones\HabitacionesController.php(167): CodeIgniter\Model->insert(Array)
#9 C:\xampp\htdocs\hotel\system\CodeIgniter.php(832): App\Controllers\habitaciones\HabitacionesController->reservar()
#10 C:\xampp\htdocs\hotel\system\CodeIgniter.php(419): CodeIgniter\CodeIgniter->runController(Object(App\Controllers\habitaciones\HabitacionesController))
#11 C:\xampp\htdocs\hotel\system\CodeIgniter.php(326): CodeIgniter\CodeIgniter->handleRequest(NULL, Object(Config\Cache), false)
#12 C:\xampp\htdocs\hotel\index.php(37): CodeIgniter\CodeIgniter->run()
#13 {main}
CRITICAL - 2026-04-14 09:27:51 --> Uncaught CodeIgniter\Format\Exceptions\FormatException: Failed to parse json string, error: "Type is not supported". in C:\xampp\htdocs\hotel\system\Format\JSONFormatter.php:41
Stack trace:
#0 C:\xampp\htdocs\hotel\system\Format\JSONFormatter.php(41): CodeIgniter\Format\Exceptions\FormatException::forInvalidJSON('Type is not sup...')
#1 C:\xampp\htdocs\hotel\system\API\ResponseTrait.php(341): CodeIgniter\Format\JSONFormatter->format(Array)
#2 C:\xampp\htdocs\hotel\system\API\ResponseTrait.php(99): CodeIgniter\Debug\Exceptions->format(Array)
#3 C:\xampp\htdocs\hotel\system\Debug\Exceptions.php(115): CodeIgniter\Debug\Exceptions->respond(Array, 500)
#4 [internal function]: CodeIgniter\Debug\Exceptions->exceptionHandler(Object(ErrorException))
#5 {main}
  thrown
#0 [internal function]: CodeIgniter\Debug\Exceptions->shutdownHandler()
#1 {main}
CRITICAL - 2026-04-14 09:54:23 --> Undefined variable $reservas
#0 C:\xampp\htdocs\hotel\app\Views\reservas\tablaReservas.php(1): CodeIgniter\Debug\Exceptions->errorHandler(2, 'Undefined varia...', 'C:\\xampp\\htdocs...', 1)
#1 C:\xampp\htdocs\hotel\system\View\View.php(210): include('C:\\xampp\\htdocs...')
#2 C:\xampp\htdocs\hotel\system\View\View.php(213): CodeIgniter\View\View->CodeIgniter\View\{closure}()
#3 C:\xampp\htdocs\hotel\system\View\View.php(424): CodeIgniter\View\View->render('reservas/tablaR...', NULL, true)
#4 C:\xampp\htdocs\hotel\app\Views\reservas\reservas.php(51): CodeIgniter\View\View->include('reservas/tablaR...')
#5 C:\xampp\htdocs\hotel\system\View\View.php(210): include('C:\\xampp\\htdocs...')
#6 C:\xampp\htdocs\hotel\system\View\View.php(213): CodeIgniter\View\View->CodeIgniter\View\{closure}()
#7 C:\xampp\htdocs\hotel\system\Common.php(1089): CodeIgniter\View\View->render('reservas/reserv...', Array, true)
#8 C:\xampp\htdocs\hotel\app\Controllers\habitaciones\HabitacionesController.php(214): view('reservas/reserv...', Array)
#9 C:\xampp\htdocs\hotel\system\CodeIgniter.php(832): App\Controllers\habitaciones\HabitacionesController->nuevaReserva()
#10 C:\xampp\htdocs\hotel\system\CodeIgniter.php(419): CodeIgniter\CodeIgniter->runController(Object(App\Controllers\habitaciones\HabitacionesController))
#11 C:\xampp\htdocs\hotel\system\CodeIgniter.php(326): CodeIgniter\CodeIgniter->handleRequest(NULL, Object(Config\Cache), false)
#12 C:\xampp\htdocs\hotel\index.php(37): CodeIgniter\CodeIgniter->run()
#13 {main}
CRITICAL - 2026-04-14 09:54:57 --> Undefined variable $reservas
#0 C:\xampp\htdocs\hotel\app\Views\reservas\tablaReservas.php(1): CodeIgniter\Debug\Exceptions->errorHandler(2, 'Undefined varia...', 'C:\\xampp\\htdocs...', 1)
#1 C:\xampp\htdocs\hotel\system\View\View.php(210): include('C:\\xampp\\htdocs...')
#2 C:\xampp\htdocs\hotel\system\View\View.php(213): CodeIgniter\View\View->CodeIgniter\View\{closure}()
#3 C:\xampp\htdocs\hotel\system\View\View.php(424): CodeIgniter\View\View->render('reservas/tablaR...', NULL, true)
#4 C:\xampp\htdocs\hotel\app\Views\reservas\reservas.php(51): CodeIgniter\View\View->include('reservas/tablaR...')
#5 C:\xampp\htdocs\hotel\system\View\View.php(210): include('C:\\xampp\\htdocs...')
#6 C:\xampp\htdocs\hotel\system\View\View.php(213): CodeIgniter\View\View->CodeIgniter\View\{closure}()
#7 C:\xampp\htdocs\hotel\system\Common.php(1089): CodeIgniter\View\View->render('reservas/reserv...', Array, true)
#8 C:\xampp\htdocs\hotel\app\Controllers\habitaciones\HabitacionesController.php(214): view('reservas/reserv...', Array)
#9 C:\xampp\htdocs\hotel\system\CodeIgniter.php(832): App\Controllers\habitaciones\HabitacionesController->nuevaReserva()
#10 C:\xampp\htdocs\hotel\system\CodeIgniter.php(419): CodeIgniter\CodeIgniter->runController(Object(App\Controllers\habitaciones\HabitacionesController))
#11 C:\xampp\htdocs\hotel\system\CodeIgniter.php(326): CodeIgniter\CodeIgniter->handleRequest(NULL, Object(Config\Cache), false)
#12 C:\xampp\htdocs\hotel\index.php(37): CodeIgniter\CodeIgniter->run()
#13 {main}
