CRITICAL - 2026-04-13 16:08:20 --> include(reservas/tablaReservas): Failed to open stream: No such file or directory
#0 C:\xampp\htdocs\hotel\app\Views\reservas\reservas.php(56): CodeIgniter\Debug\Exceptions->errorHandler(2, 'include(reserva...', 'C:\\xampp\\htdocs...', 56)
#1 C:\xampp\htdocs\hotel\app\Views\reservas\reservas.php(56): include()
#2 C:\xampp\htdocs\hotel\system\View\View.php(210): include('C:\\xampp\\htdocs...')
#3 C:\xampp\htdocs\hotel\system\View\View.php(213): CodeIgniter\View\View->CodeIgniter\View\{closure}()
#4 C:\xampp\htdocs\hotel\system\Common.php(1089): CodeIgniter\View\View->render('reservas/reserv...', Array, true)
#5 C:\xampp\htdocs\hotel\app\Controllers\Reportes\ReservasController.php(13): view('reservas/reserv...', Array)
#6 C:\xampp\htdocs\hotel\system\CodeIgniter.php(832): App\Controllers\Reportes\ReservasController->index()
#7 C:\xampp\htdocs\hotel\system\CodeIgniter.php(419): CodeIgniter\CodeIgniter->runController(Object(App\Controllers\Reportes\ReservasController))
#8 C:\xampp\htdocs\hotel\system\CodeIgniter.php(326): CodeIgniter\CodeIgniter->handleRequest(NULL, Object(Config\Cache), false)
#9 C:\xampp\htdocs\hotel\index.php(37): CodeIgniter\CodeIgniter->run()
#10 {main}
CRITICAL - 2026-04-13 16:17:09 --> Undefined array key "notas"
#0 C:\xampp\htdocs\hotel\app\Views\reservas\tablaReservas.php(34): CodeIgniter\Debug\Exceptions->errorHandler(2, 'Undefined array...', 'C:\\xampp\\htdocs...', 34)
#1 C:\xampp\htdocs\hotel\system\View\View.php(210): include('C:\\xampp\\htdocs...')
#2 C:\xampp\htdocs\hotel\system\View\View.php(213): CodeIgniter\View\View->CodeIgniter\View\{closure}()
#3 C:\xampp\htdocs\hotel\system\View\View.php(424): CodeIgniter\View\View->render('reservas/tablaR...', NULL, true)
#4 C:\xampp\htdocs\hotel\app\Views\reservas\reservas.php(55): CodeIgniter\View\View->include('reservas/tablaR...')
#5 C:\xampp\htdocs\hotel\system\View\View.php(210): include('C:\\xampp\\htdocs...')
#6 C:\xampp\htdocs\hotel\system\View\View.php(213): CodeIgniter\View\View->CodeIgniter\View\{closure}()
#7 C:\xampp\htdocs\hotel\system\Common.php(1089): CodeIgniter\View\View->render('reservas/reserv...', Array, true)
#8 C:\xampp\htdocs\hotel\app\Controllers\Reportes\ReservasController.php(13): view('reservas/reserv...', Array)
#9 C:\xampp\htdocs\hotel\system\CodeIgniter.php(832): App\Controllers\Reportes\ReservasController->index()
#10 C:\xampp\htdocs\hotel\system\CodeIgniter.php(419): CodeIgniter\CodeIgniter->runController(Object(App\Controllers\Reportes\ReservasController))
#11 C:\xampp\htdocs\hotel\system\CodeIgniter.php(326): CodeIgniter\CodeIgniter->handleRequest(NULL, Object(Config\Cache), false)
#12 C:\xampp\htdocs\hotel\index.php(37): CodeIgniter\CodeIgniter->run()
#13 {main}
CRITICAL - 2026-04-13 16:23:18 --> Undefined variable $habitacion
#0 C:\xampp\htdocs\hotel\app\Views\reservas\tablaReservas.php(37): CodeIgniter\Debug\Exceptions->errorHandler(2, 'Undefined varia...', 'C:\\xampp\\htdocs...', 37)
#1 C:\xampp\htdocs\hotel\system\View\View.php(210): include('C:\\xampp\\htdocs...')
#2 C:\xampp\htdocs\hotel\system\View\View.php(213): CodeIgniter\View\View->CodeIgniter\View\{closure}()
#3 C:\xampp\htdocs\hotel\system\View\View.php(424): CodeIgniter\View\View->render('reservas/tablaR...', NULL, true)
#4 C:\xampp\htdocs\hotel\app\Views\reservas\reservas.php(55): CodeIgniter\View\View->include('reservas/tablaR...')
#5 C:\xampp\htdocs\hotel\system\View\View.php(210): include('C:\\xampp\\htdocs...')
#6 C:\xampp\htdocs\hotel\system\View\View.php(213): CodeIgniter\View\View->CodeIgniter\View\{closure}()
#7 C:\xampp\htdocs\hotel\system\Common.php(1089): CodeIgniter\View\View->render('reservas/reserv...', Array, true)
#8 C:\xampp\htdocs\hotel\app\Controllers\Reportes\ReservasController.php(14): view('reservas/reserv...', Array)
#9 C:\xampp\htdocs\hotel\system\CodeIgniter.php(832): App\Controllers\Reportes\ReservasController->index()
#10 C:\xampp\htdocs\hotel\system\CodeIgniter.php(419): CodeIgniter\CodeIgniter->runController(Object(App\Controllers\Reportes\ReservasController))
#11 C:\xampp\htdocs\hotel\system\CodeIgniter.php(326): CodeIgniter\CodeIgniter->handleRequest(NULL, Object(Config\Cache), false)
#12 C:\xampp\htdocs\hotel\index.php(37): CodeIgniter\CodeIgniter->run()
#13 {main}
CRITICAL - 2026-04-13 16:25:16 --> Undefined variable $habitacion
#0 C:\xampp\htdocs\hotel\app\Views\reservas\tablaReservas.php(40): CodeIgniter\Debug\Exceptions->errorHandler(2, 'Undefined varia...', 'C:\\xampp\\htdocs...', 40)
#1 C:\xampp\htdocs\hotel\system\View\View.php(210): include('C:\\xampp\\htdocs...')
#2 C:\xampp\htdocs\hotel\system\View\View.php(213): CodeIgniter\View\View->CodeIgniter\View\{closure}()
#3 C:\xampp\htdocs\hotel\system\View\View.php(424): CodeIgniter\View\View->render('reservas/tablaR...', NULL, true)
#4 C:\xampp\htdocs\hotel\app\Views\reservas\reservas.php(55): CodeIgniter\View\View->include('reservas/tablaR...')
#5 C:\xampp\htdocs\hotel\system\View\View.php(210): include('C:\\xampp\\htdocs...')
#6 C:\xampp\htdocs\hotel\system\View\View.php(213): CodeIgniter\View\View->CodeIgniter\View\{closure}()
#7 C:\xampp\htdocs\hotel\system\Common.php(1089): CodeIgniter\View\View->render('reservas/reserv...', Array, true)
#8 C:\xampp\htdocs\hotel\app\Controllers\Reportes\ReservasController.php(14): view('reservas/reserv...', Array)
#9 C:\xampp\htdocs\hotel\system\CodeIgniter.php(832): App\Controllers\Reportes\ReservasController->index()
#10 C:\xampp\htdocs\hotel\system\CodeIgniter.php(419): CodeIgniter\CodeIgniter->runController(Object(App\Controllers\Reportes\ReservasController))
#11 C:\xampp\htdocs\hotel\system\CodeIgniter.php(326): CodeIgniter\CodeIgniter->handleRequest(NULL, Object(Config\Cache), false)
#12 C:\xampp\htdocs\hotel\index.php(37): CodeIgniter\CodeIgniter->run()
#13 {main}
CRITICAL - 2026-04-13 16:25:18 --> Undefined variable $habitacion
#0 C:\xampp\htdocs\hotel\app\Views\reservas\tablaReservas.php(40): CodeIgniter\Debug\Exceptions->errorHandler(2, 'Undefined varia...', 'C:\\xampp\\htdocs...', 40)
#1 C:\xampp\htdocs\hotel\system\View\View.php(210): include('C:\\xampp\\htdocs...')
#2 C:\xampp\htdocs\hotel\system\View\View.php(213): CodeIgniter\View\View->CodeIgniter\View\{closure}()
#3 C:\xampp\htdocs\hotel\system\View\View.php(424): CodeIgniter\View\View->render('reservas/tablaR...', NULL, true)
#4 C:\xampp\htdocs\hotel\app\Views\reservas\reservas.php(55): CodeIgniter\View\View->include('reservas/tablaR...')
#5 C:\xampp\htdocs\hotel\system\View\View.php(210): include('C:\\xampp\\htdocs...')
#6 C:\xampp\htdocs\hotel\system\View\View.php(213): CodeIgniter\View\View->CodeIgniter\View\{closure}()
#7 C:\xampp\htdocs\hotel\system\Common.php(1089): CodeIgniter\View\View->render('reservas/reserv...', Array, true)
#8 C:\xampp\htdocs\hotel\app\Controllers\Reportes\ReservasController.php(14): view('reservas/reserv...', Array)
#9 C:\xampp\htdocs\hotel\system\CodeIgniter.php(832): App\Controllers\Reportes\ReservasController->index()
#10 C:\xampp\htdocs\hotel\system\CodeIgniter.php(419): CodeIgniter\CodeIgniter->runController(Object(App\Controllers\Reportes\ReservasController))
#11 C:\xampp\htdocs\hotel\system\CodeIgniter.php(326): CodeIgniter\CodeIgniter->handleRequest(NULL, Object(Config\Cache), false)
#12 C:\xampp\htdocs\hotel\index.php(37): CodeIgniter\CodeIgniter->run()
#13 {main}
CRITICAL - 2026-04-13 16:28:53 --> Undefined variable $habitacion
#0 C:\xampp\htdocs\hotel\app\Views\reservas\tablaReservas.php(40): CodeIgniter\Debug\Exceptions->errorHandler(2, 'Undefined varia...', 'C:\\xampp\\htdocs...', 40)
#1 C:\xampp\htdocs\hotel\system\View\View.php(210): include('C:\\xampp\\htdocs...')
#2 C:\xampp\htdocs\hotel\system\View\View.php(213): CodeIgniter\View\View->CodeIgniter\View\{closure}()
#3 C:\xampp\htdocs\hotel\system\View\View.php(424): CodeIgniter\View\View->render('reservas/tablaR...', NULL, true)
#4 C:\xampp\htdocs\hotel\app\Views\reservas\reservas.php(55): CodeIgniter\View\View->include('reservas/tablaR...')
#5 C:\xampp\htdocs\hotel\system\View\View.php(210): include('C:\\xampp\\htdocs...')
#6 C:\xampp\htdocs\hotel\system\View\View.php(213): CodeIgniter\View\View->CodeIgniter\View\{closure}()
#7 C:\xampp\htdocs\hotel\system\Common.php(1089): CodeIgniter\View\View->render('reservas/reserv...', Array, true)
#8 C:\xampp\htdocs\hotel\app\Controllers\Reportes\ReservasController.php(14): view('reservas/reserv...', Array)
#9 C:\xampp\htdocs\hotel\system\CodeIgniter.php(832): App\Controllers\Reportes\ReservasController->index()
#10 C:\xampp\htdocs\hotel\system\CodeIgniter.php(419): CodeIgniter\CodeIgniter->runController(Object(App\Controllers\Reportes\ReservasController))
#11 C:\xampp\htdocs\hotel\system\CodeIgniter.php(326): CodeIgniter\CodeIgniter->handleRequest(NULL, Object(Config\Cache), false)
#12 C:\xampp\htdocs\hotel\index.php(37): CodeIgniter\CodeIgniter->run()
#13 {main}
CRITICAL - 2026-04-13 16:28:54 --> Undefined variable $habitacion
#0 C:\xampp\htdocs\hotel\app\Views\reservas\tablaReservas.php(40): CodeIgniter\Debug\Exceptions->errorHandler(2, 'Undefined varia...', 'C:\\xampp\\htdocs...', 40)
#1 C:\xampp\htdocs\hotel\system\View\View.php(210): include('C:\\xampp\\htdocs...')
#2 C:\xampp\htdocs\hotel\system\View\View.php(213): CodeIgniter\View\View->CodeIgniter\View\{closure}()
#3 C:\xampp\htdocs\hotel\system\View\View.php(424): CodeIgniter\View\View->render('reservas/tablaR...', NULL, true)
#4 C:\xampp\htdocs\hotel\app\Views\reservas\reservas.php(55): CodeIgniter\View\View->include('reservas/tablaR...')
#5 C:\xampp\htdocs\hotel\system\View\View.php(210): include('C:\\xampp\\htdocs...')
#6 C:\xampp\htdocs\hotel\system\View\View.php(213): CodeIgniter\View\View->CodeIgniter\View\{closure}()
#7 C:\xampp\htdocs\hotel\system\Common.php(1089): CodeIgniter\View\View->render('reservas/reserv...', Array, true)
#8 C:\xampp\htdocs\hotel\app\Controllers\Reportes\ReservasController.php(14): view('reservas/reserv...', Array)
#9 C:\xampp\htdocs\hotel\system\CodeIgniter.php(832): App\Controllers\Reportes\ReservasController->index()
#10 C:\xampp\htdocs\hotel\system\CodeIgniter.php(419): CodeIgniter\CodeIgniter->runController(Object(App\Controllers\Reportes\ReservasController))
#11 C:\xampp\htdocs\hotel\system\CodeIgniter.php(326): CodeIgniter\CodeIgniter->handleRequest(NULL, Object(Config\Cache), false)
#12 C:\xampp\htdocs\hotel\index.php(37): CodeIgniter\CodeIgniter->run()
#13 {main}
ERROR - 2026-04-13 17:07:10 --> ErrorException: pg_query(): Query failed: ERROR:  la columna «h.id» debe aparecer en la cláusula GROUP BY o ser usada en una función de agregación
LINE 4:     h.id AS id_habitacion,
            ^ in C:\xampp\htdocs\hotel\system\Database\Postgre\Connection.php:135
Stack trace:
#0 [internal function]: CodeIgniter\Debug\Exceptions->errorHandler(2, 'pg_query(): Que...', 'C:\\xampp\\htdocs...', 135)
#1 C:\xampp\htdocs\hotel\system\Database\Postgre\Connection.php(135): pg_query(Resource id #121, '\r\n     \r\nSELECT...')
#2 C:\xampp\htdocs\hotel\system\Database\BaseConnection.php(670): CodeIgniter\Database\Postgre\Connection->execute('\r\n     \r\nSELECT...')
#3 C:\xampp\htdocs\hotel\system\Database\BaseConnection.php(598): CodeIgniter\Database\BaseConnection->simpleQuery('\r\n     \r\nSELECT...')
#4 C:\xampp\htdocs\hotel\app\Models\reservasModel.php(46): CodeIgniter\Database\BaseConnection->query('\r\n     \r\nSELECT...')
#5 C:\xampp\htdocs\hotel\app\Controllers\Reportes\ReservasController.php(11): App\Models\reservasModel->getResrvasHabitaicones()
#6 C:\xampp\htdocs\hotel\system\CodeIgniter.php(832): App\Controllers\Reportes\ReservasController->index()
#7 C:\xampp\htdocs\hotel\system\CodeIgniter.php(419): CodeIgniter\CodeIgniter->runController(Object(App\Controllers\Reportes\ReservasController))
#8 C:\xampp\htdocs\hotel\system\CodeIgniter.php(326): CodeIgniter\CodeIgniter->handleRequest(NULL, Object(Config\Cache), false)
#9 C:\xampp\htdocs\hotel\index.php(37): CodeIgniter\CodeIgniter->run()
#10 {main}
CRITICAL - 2026-04-13 17:07:10 --> pg_query(): Query failed: ERROR:  la columna «h.id» debe aparecer en la cláusula GROUP BY o ser usada en una función de agregación
LINE 4:     h.id AS id_habitacion,
            ^
#0 [internal function]: CodeIgniter\Debug\Exceptions->errorHandler(2, 'pg_query(): Que...', 'C:\\xampp\\htdocs...', 135)
#1 C:\xampp\htdocs\hotel\system\Database\Postgre\Connection.php(135): pg_query(Resource id #121, '\r\n     \r\nSELECT...')
#2 C:\xampp\htdocs\hotel\system\Database\BaseConnection.php(670): CodeIgniter\Database\Postgre\Connection->execute('\r\n     \r\nSELECT...')
#3 C:\xampp\htdocs\hotel\system\Database\BaseConnection.php(598): CodeIgniter\Database\BaseConnection->simpleQuery('\r\n     \r\nSELECT...')
#4 C:\xampp\htdocs\hotel\app\Models\reservasModel.php(46): CodeIgniter\Database\BaseConnection->query('\r\n     \r\nSELECT...')
#5 C:\xampp\htdocs\hotel\app\Controllers\Reportes\ReservasController.php(11): App\Models\reservasModel->getResrvasHabitaicones()
#6 C:\xampp\htdocs\hotel\system\CodeIgniter.php(832): App\Controllers\Reportes\ReservasController->index()
#7 C:\xampp\htdocs\hotel\system\CodeIgniter.php(419): CodeIgniter\CodeIgniter->runController(Object(App\Controllers\Reportes\ReservasController))
#8 C:\xampp\htdocs\hotel\system\CodeIgniter.php(326): CodeIgniter\CodeIgniter->handleRequest(NULL, Object(Config\Cache), false)
#9 C:\xampp\htdocs\hotel\index.php(37): CodeIgniter\CodeIgniter->run()
#10 {main}
CRITICAL - 2026-04-13 17:07:10 --> Uncaught CodeIgniter\Format\Exceptions\FormatException: Failed to parse json string, error: "Type is not supported". in C:\xampp\htdocs\hotel\system\Format\JSONFormatter.php:41
Stack trace:
#0 C:\xampp\htdocs\hotel\system\Format\JSONFormatter.php(41): CodeIgniter\Format\Exceptions\FormatException::forInvalidJSON('Type is not sup...')
#1 C:\xampp\htdocs\hotel\system\API\ResponseTrait.php(341): CodeIgniter\Format\JSONFormatter->format(Array)
#2 C:\xampp\htdocs\hotel\system\API\ResponseTrait.php(99): CodeIgniter\Debug\Exceptions->format(Array)
#3 C:\xampp\htdocs\hotel\system\Debug\Exceptions.php(115): CodeIgniter\Debug\Exceptions->respond(Array, 500)
#4 [internal function]: CodeIgniter\Debug\Exceptions->exceptionHandler(Object(ErrorException))
#5 {main}
  thrown
#0 [internal function]: CodeIgniter\Debug\Exceptions->shutdownHandler()
#1 {main}
CRITICAL - 2026-04-13 19:42:20 --> Undefined array key "id_reserva"
#0 C:\xampp\htdocs\hotel\app\Views\reservas\tablaReservas.php(56): CodeIgniter\Debug\Exceptions->errorHandler(2, 'Undefined array...', 'C:\\xampp\\htdocs...', 56)
#1 C:\xampp\htdocs\hotel\system\View\View.php(210): include('C:\\xampp\\htdocs...')
#2 C:\xampp\htdocs\hotel\system\View\View.php(213): CodeIgniter\View\View->CodeIgniter\View\{closure}()
#3 C:\xampp\htdocs\hotel\system\View\View.php(424): CodeIgniter\View\View->render('reservas/tablaR...', NULL, true)
#4 C:\xampp\htdocs\hotel\app\Views\reservas\reservas.php(55): CodeIgniter\View\View->include('reservas/tablaR...')
#5 C:\xampp\htdocs\hotel\system\View\View.php(210): include('C:\\xampp\\htdocs...')
#6 C:\xampp\htdocs\hotel\system\View\View.php(213): CodeIgniter\View\View->CodeIgniter\View\{closure}()
#7 C:\xampp\htdocs\hotel\system\Common.php(1089): CodeIgniter\View\View->render('reservas/reserv...', Array, true)
#8 C:\xampp\htdocs\hotel\app\Controllers\Reportes\ReservasController.php(14): view('reservas/reserv...', Array)
#9 C:\xampp\htdocs\hotel\system\CodeIgniter.php(832): App\Controllers\Reportes\ReservasController->index()
#10 C:\xampp\htdocs\hotel\system\CodeIgniter.php(419): CodeIgniter\CodeIgniter->runController(Object(App\Controllers\Reportes\ReservasController))
#11 C:\xampp\htdocs\hotel\system\CodeIgniter.php(326): CodeIgniter\CodeIgniter->handleRequest(NULL, Object(Config\Cache), false)
#12 C:\xampp\htdocs\hotel\index.php(37): CodeIgniter\CodeIgniter->run()
#13 {main}
CRITICAL - 2026-04-13 21:41:51 --> Undefined array key "habitacion"
#0 C:\xampp\htdocs\hotel\app\Controllers\habitaciones\HabitacionesController.php(197): CodeIgniter\Debug\Exceptions->errorHandler(2, 'Undefined array...', 'C:\\xampp\\htdocs...', 197)
#1 C:\xampp\htdocs\hotel\system\CodeIgniter.php(832): App\Controllers\habitaciones\HabitacionesController->consultarReserva()
#2 C:\xampp\htdocs\hotel\system\CodeIgniter.php(419): CodeIgniter\CodeIgniter->runController(Object(App\Controllers\habitaciones\HabitacionesController))
#3 C:\xampp\htdocs\hotel\system\CodeIgniter.php(326): CodeIgniter\CodeIgniter->handleRequest(NULL, Object(Config\Cache), false)
#4 C:\xampp\htdocs\hotel\index.php(37): CodeIgniter\CodeIgniter->run()
#5 {main}
CRITICAL - 2026-04-13 21:41:55 --> Undefined array key "habitacion"
#0 C:\xampp\htdocs\hotel\app\Controllers\habitaciones\HabitacionesController.php(197): CodeIgniter\Debug\Exceptions->errorHandler(2, 'Undefined array...', 'C:\\xampp\\htdocs...', 197)
#1 C:\xampp\htdocs\hotel\system\CodeIgniter.php(832): App\Controllers\habitaciones\HabitacionesController->consultarReserva()
#2 C:\xampp\htdocs\hotel\system\CodeIgniter.php(419): CodeIgniter\CodeIgniter->runController(Object(App\Controllers\habitaciones\HabitacionesController))
#3 C:\xampp\htdocs\hotel\system\CodeIgniter.php(326): CodeIgniter\CodeIgniter->handleRequest(NULL, Object(Config\Cache), false)
#4 C:\xampp\htdocs\hotel\index.php(37): CodeIgniter\CodeIgniter->run()
#5 {main}
CRITICAL - 2026-04-13 21:42:01 --> Undefined array key "habitacion"
#0 C:\xampp\htdocs\hotel\app\Controllers\habitaciones\HabitacionesController.php(197): CodeIgniter\Debug\Exceptions->errorHandler(2, 'Undefined array...', 'C:\\xampp\\htdocs...', 197)
#1 C:\xampp\htdocs\hotel\system\CodeIgniter.php(832): App\Controllers\habitaciones\HabitacionesController->consultarReserva()
#2 C:\xampp\htdocs\hotel\system\CodeIgniter.php(419): CodeIgniter\CodeIgniter->runController(Object(App\Controllers\habitaciones\HabitacionesController))
#3 C:\xampp\htdocs\hotel\system\CodeIgniter.php(326): CodeIgniter\CodeIgniter->handleRequest(NULL, Object(Config\Cache), false)
#4 C:\xampp\htdocs\hotel\index.php(37): CodeIgniter\CodeIgniter->run()
#5 {main}
CRITICAL - 2026-04-13 21:42:24 --> Undefined array key "habitacion"
#0 C:\xampp\htdocs\hotel\app\Controllers\habitaciones\HabitacionesController.php(197): CodeIgniter\Debug\Exceptions->errorHandler(2, 'Undefined array...', 'C:\\xampp\\htdocs...', 197)
#1 C:\xampp\htdocs\hotel\system\CodeIgniter.php(832): App\Controllers\habitaciones\HabitacionesController->consultarReserva()
#2 C:\xampp\htdocs\hotel\system\CodeIgniter.php(419): CodeIgniter\CodeIgniter->runController(Object(App\Controllers\habitaciones\HabitacionesController))
#3 C:\xampp\htdocs\hotel\system\CodeIgniter.php(326): CodeIgniter\CodeIgniter->handleRequest(NULL, Object(Config\Cache), false)
#4 C:\xampp\htdocs\hotel\index.php(37): CodeIgniter\CodeIgniter->run()
#5 {main}
CRITICAL - 2026-04-13 21:49:41 --> Undefined array key "habitacion"
#0 C:\xampp\htdocs\hotel\app\Controllers\habitaciones\HabitacionesController.php(197): CodeIgniter\Debug\Exceptions->errorHandler(2, 'Undefined array...', 'C:\\xampp\\htdocs...', 197)
#1 C:\xampp\htdocs\hotel\system\CodeIgniter.php(832): App\Controllers\habitaciones\HabitacionesController->consultarReserva()
#2 C:\xampp\htdocs\hotel\system\CodeIgniter.php(419): CodeIgniter\CodeIgniter->runController(Object(App\Controllers\habitaciones\HabitacionesController))
#3 C:\xampp\htdocs\hotel\system\CodeIgniter.php(326): CodeIgniter\CodeIgniter->handleRequest(NULL, Object(Config\Cache), false)
#4 C:\xampp\htdocs\hotel\index.php(37): CodeIgniter\CodeIgniter->run()
#5 {main}
CRITICAL - 2026-04-13 21:52:00 --> Undefined array key "habitacion"
#0 C:\xampp\htdocs\hotel\app\Controllers\habitaciones\HabitacionesController.php(198): CodeIgniter\Debug\Exceptions->errorHandler(2, 'Undefined array...', 'C:\\xampp\\htdocs...', 198)
#1 C:\xampp\htdocs\hotel\system\CodeIgniter.php(832): App\Controllers\habitaciones\HabitacionesController->consultarReserva()
#2 C:\xampp\htdocs\hotel\system\CodeIgniter.php(419): CodeIgniter\CodeIgniter->runController(Object(App\Controllers\habitaciones\HabitacionesController))
#3 C:\xampp\htdocs\hotel\system\CodeIgniter.php(326): CodeIgniter\CodeIgniter->handleRequest(NULL, Object(Config\Cache), false)
#4 C:\xampp\htdocs\hotel\index.php(37): CodeIgniter\CodeIgniter->run()
#5 {main}
CRITICAL - 2026-04-13 21:52:40 --> Undefined array key "nitcliente"
#0 C:\xampp\htdocs\hotel\app\Controllers\habitaciones\HabitacionesController.php(199): CodeIgniter\Debug\Exceptions->errorHandler(2, 'Undefined array...', 'C:\\xampp\\htdocs...', 199)
#1 C:\xampp\htdocs\hotel\system\CodeIgniter.php(832): App\Controllers\habitaciones\HabitacionesController->consultarReserva()
#2 C:\xampp\htdocs\hotel\system\CodeIgniter.php(419): CodeIgniter\CodeIgniter->runController(Object(App\Controllers\habitaciones\HabitacionesController))
#3 C:\xampp\htdocs\hotel\system\CodeIgniter.php(326): CodeIgniter\CodeIgniter->handleRequest(NULL, Object(Config\Cache), false)
#4 C:\xampp\htdocs\hotel\index.php(37): CodeIgniter\CodeIgniter->run()
#5 {main}
CRITICAL - 2026-04-13 21:53:11 --> Undefined array key "documento_descripcion"
#0 C:\xampp\htdocs\hotel\app\Controllers\habitaciones\HabitacionesController.php(200): CodeIgniter\Debug\Exceptions->errorHandler(2, 'Undefined array...', 'C:\\xampp\\htdocs...', 200)
#1 C:\xampp\htdocs\hotel\system\CodeIgniter.php(832): App\Controllers\habitaciones\HabitacionesController->consultarReserva()
#2 C:\xampp\htdocs\hotel\system\CodeIgniter.php(419): CodeIgniter\CodeIgniter->runController(Object(App\Controllers\habitaciones\HabitacionesController))
#3 C:\xampp\htdocs\hotel\system\CodeIgniter.php(326): CodeIgniter\CodeIgniter->handleRequest(NULL, Object(Config\Cache), false)
#4 C:\xampp\htdocs\hotel\index.php(37): CodeIgniter\CodeIgniter->run()
#5 {main}
CRITICAL - 2026-04-13 21:53:42 --> Undefined array key "nombrescliente"
#0 C:\xampp\htdocs\hotel\app\Controllers\habitaciones\HabitacionesController.php(201): CodeIgniter\Debug\Exceptions->errorHandler(2, 'Undefined array...', 'C:\\xampp\\htdocs...', 201)
#1 C:\xampp\htdocs\hotel\system\CodeIgniter.php(832): App\Controllers\habitaciones\HabitacionesController->consultarReserva()
#2 C:\xampp\htdocs\hotel\system\CodeIgniter.php(419): CodeIgniter\CodeIgniter->runController(Object(App\Controllers\habitaciones\HabitacionesController))
#3 C:\xampp\htdocs\hotel\system\CodeIgniter.php(326): CodeIgniter\CodeIgniter->handleRequest(NULL, Object(Config\Cache), false)
#4 C:\xampp\htdocs\hotel\index.php(37): CodeIgniter\CodeIgniter->run()
#5 {main}
CRITICAL - 2026-04-13 21:54:05 --> Undefined array key "precio"
#0 C:\xampp\htdocs\hotel\app\Controllers\habitaciones\HabitacionesController.php(203): CodeIgniter\Debug\Exceptions->errorHandler(2, 'Undefined array...', 'C:\\xampp\\htdocs...', 203)
#1 C:\xampp\htdocs\hotel\system\CodeIgniter.php(832): App\Controllers\habitaciones\HabitacionesController->consultarReserva()
#2 C:\xampp\htdocs\hotel\system\CodeIgniter.php(419): CodeIgniter\CodeIgniter->runController(Object(App\Controllers\habitaciones\HabitacionesController))
#3 C:\xampp\htdocs\hotel\system\CodeIgniter.php(326): CodeIgniter\CodeIgniter->handleRequest(NULL, Object(Config\Cache), false)
#4 C:\xampp\htdocs\hotel\index.php(37): CodeIgniter\CodeIgniter->run()
#5 {main}
ERROR - 2026-04-13 22:57:33 --> ErrorException: pg_query(): Query failed: ERROR:  la sintaxis de entrada no es válida para integer: «»
LINE 1: ...&quot;, &quot;id_reserva&quot;, &quot;id_vehiculo&quot;) VALUES ('24', '1', '13', '')
                                                                    ^ in C:\xampp\htdocs\hotel\system\Database\Postgre\Connection.php:135
Stack trace:
#0 [internal function]: CodeIgniter\Debug\Exceptions->errorHandler(2, 'pg_query(): Que...', 'C:\\xampp\\htdocs...', 135)
#1 C:\xampp\htdocs\hotel\system\Database\Postgre\Connection.php(135): pg_query(Resource id #123, 'INSERT INTO "re...')
#2 C:\xampp\htdocs\hotel\system\Database\BaseConnection.php(670): CodeIgniter\Database\Postgre\Connection->execute('INSERT INTO "re...')
#3 C:\xampp\htdocs\hotel\system\Database\BaseConnection.php(598): CodeIgniter\Database\BaseConnection->simpleQuery('INSERT INTO "re...')
#4 C:\xampp\htdocs\hotel\system\Database\BaseBuilder.php(1771): CodeIgniter\Database\BaseConnection->query('INSERT INTO "re...', Array, false)
#5 C:\xampp\htdocs\hotel\system\Model.php(239): CodeIgniter\Database\BaseBuilder->insert()
#6 C:\xampp\htdocs\hotel\system\BaseModel.php(738): CodeIgniter\Model->doInsert(Array)
#7 C:\xampp\htdocs\hotel\system\Model.php(625): CodeIgniter\BaseModel->insert(Array, true)
#8 C:\xampp\htdocs\hotel\app\Controllers\habitaciones\HabitacionesController.php(236): CodeIgniter\Model->insert(Array)
#9 C:\xampp\htdocs\hotel\system\CodeIgniter.php(832): App\Controllers\habitaciones\HabitacionesController->checkIn()
#10 C:\xampp\htdocs\hotel\system\CodeIgniter.php(419): CodeIgniter\CodeIgniter->runController(Object(App\Controllers\habitaciones\HabitacionesController))
#11 C:\xampp\htdocs\hotel\system\CodeIgniter.php(326): CodeIgniter\CodeIgniter->handleRequest(NULL, Object(Config\Cache), false)
#12 C:\xampp\htdocs\hotel\index.php(37): CodeIgniter\CodeIgniter->run()
#13 {main}
ERROR - 2026-04-13 22:57:48 --> ErrorException: pg_query(): Query failed: ERROR:  la sintaxis de entrada no es válida para integer: «»
LINE 1: ...&quot;, &quot;id_reserva&quot;, &quot;id_vehiculo&quot;) VALUES ('24', '1', '13', '')
                                                                    ^ in C:\xampp\htdocs\hotel\system\Database\Postgre\Connection.php:135
Stack trace:
#0 [internal function]: CodeIgniter\Debug\Exceptions->errorHandler(2, 'pg_query(): Que...', 'C:\\xampp\\htdocs...', 135)
#1 C:\xampp\htdocs\hotel\system\Database\Postgre\Connection.php(135): pg_query(Resource id #123, 'INSERT INTO "re...')
#2 C:\xampp\htdocs\hotel\system\Database\BaseConnection.php(670): CodeIgniter\Database\Postgre\Connection->execute('INSERT INTO "re...')
#3 C:\xampp\htdocs\hotel\system\Database\BaseConnection.php(598): CodeIgniter\Database\BaseConnection->simpleQuery('INSERT INTO "re...')
#4 C:\xampp\htdocs\hotel\system\Database\BaseBuilder.php(1771): CodeIgniter\Database\BaseConnection->query('INSERT INTO "re...', Array, false)
#5 C:\xampp\htdocs\hotel\system\Model.php(239): CodeIgniter\Database\BaseBuilder->insert()
#6 C:\xampp\htdocs\hotel\system\BaseModel.php(738): CodeIgniter\Model->doInsert(Array)
#7 C:\xampp\htdocs\hotel\system\Model.php(625): CodeIgniter\BaseModel->insert(Array, true)
#8 C:\xampp\htdocs\hotel\app\Controllers\habitaciones\HabitacionesController.php(236): CodeIgniter\Model->insert(Array)
#9 C:\xampp\htdocs\hotel\system\CodeIgniter.php(832): App\Controllers\habitaciones\HabitacionesController->checkIn()
#10 C:\xampp\htdocs\hotel\system\CodeIgniter.php(419): CodeIgniter\CodeIgniter->runController(Object(App\Controllers\habitaciones\HabitacionesController))
#11 C:\xampp\htdocs\hotel\system\CodeIgniter.php(326): CodeIgniter\CodeIgniter->handleRequest(NULL, Object(Config\Cache), false)
#12 C:\xampp\htdocs\hotel\index.php(37): CodeIgniter\CodeIgniter->run()
#13 {main}
ERROR - 2026-04-13 22:59:40 --> ErrorException: pg_query(): Query failed: ERROR:  la sintaxis de entrada no es válida para integer: «»
LINE 1: ...&quot;, &quot;id_reserva&quot;, &quot;id_vehiculo&quot;) VALUES ('24', '1', '13', '')
                                                                    ^ in C:\xampp\htdocs\hotel\system\Database\Postgre\Connection.php:135
Stack trace:
#0 [internal function]: CodeIgniter\Debug\Exceptions->errorHandler(2, 'pg_query(): Que...', 'C:\\xampp\\htdocs...', 135)
#1 C:\xampp\htdocs\hotel\system\Database\Postgre\Connection.php(135): pg_query(Resource id #123, 'INSERT INTO "re...')
#2 C:\xampp\htdocs\hotel\system\Database\BaseConnection.php(670): CodeIgniter\Database\Postgre\Connection->execute('INSERT INTO "re...')
#3 C:\xampp\htdocs\hotel\system\Database\BaseConnection.php(598): CodeIgniter\Database\BaseConnection->simpleQuery('INSERT INTO "re...')
#4 C:\xampp\htdocs\hotel\system\Database\BaseBuilder.php(1771): CodeIgniter\Database\BaseConnection->query('INSERT INTO "re...', Array, false)
#5 C:\xampp\htdocs\hotel\system\Model.php(239): CodeIgniter\Database\BaseBuilder->insert()
#6 C:\xampp\htdocs\hotel\system\BaseModel.php(738): CodeIgniter\Model->doInsert(Array)
#7 C:\xampp\htdocs\hotel\system\Model.php(625): CodeIgniter\BaseModel->insert(Array, true)
#8 C:\xampp\htdocs\hotel\app\Controllers\habitaciones\HabitacionesController.php(237): CodeIgniter\Model->insert(Array)
#9 C:\xampp\htdocs\hotel\system\CodeIgniter.php(832): App\Controllers\habitaciones\HabitacionesController->checkIn()
#10 C:\xampp\htdocs\hotel\system\CodeIgniter.php(419): CodeIgniter\CodeIgniter->runController(Object(App\Controllers\habitaciones\HabitacionesController))
#11 C:\xampp\htdocs\hotel\system\CodeIgniter.php(326): CodeIgniter\CodeIgniter->handleRequest(NULL, Object(Config\Cache), false)
#12 C:\xampp\htdocs\hotel\index.php(37): CodeIgniter\CodeIgniter->run()
#13 {main}
ERROR - 2026-04-13 23:01:08 --> ErrorException: pg_query(): Query failed: ERROR:  inserción o actualización en la tabla «producto_pedido» viola la llave foránea «codigo_interno_producto»
DETAIL:  La llave (codigointernoproducto)=(512) no está presente en la tabla «producto». in C:\xampp\htdocs\hotel\system\Database\Postgre\Connection.php:135
Stack trace:
#0 [internal function]: CodeIgniter\Debug\Exceptions->errorHandler(2, 'pg_query(): Que...', 'C:\\xampp\\htdocs...', 135)
#1 C:\xampp\htdocs\hotel\system\Database\Postgre\Connection.php(135): pg_query(Resource id #123, 'INSERT INTO "pr...')
#2 C:\xampp\htdocs\hotel\system\Database\BaseConnection.php(670): CodeIgniter\Database\Postgre\Connection->execute('INSERT INTO "pr...')
#3 C:\xampp\htdocs\hotel\system\Database\BaseConnection.php(598): CodeIgniter\Database\BaseConnection->simpleQuery('INSERT INTO "pr...')
#4 C:\xampp\htdocs\hotel\system\Database\BaseBuilder.php(1771): CodeIgniter\Database\BaseConnection->query('INSERT INTO "pr...', Array, false)
#5 C:\xampp\htdocs\hotel\app\Models\pedidoModel.php(66): CodeIgniter\Database\BaseBuilder->insert(Array)
#6 C:\xampp\htdocs\hotel\app\Controllers\habitaciones\HabitacionesController.php(269): App\Models\pedidoModel->insertar(81796, '20000', false, 8, 512, 1, 6, '2026-04-13', '23:01:08', '')
#7 C:\xampp\htdocs\hotel\system\CodeIgniter.php(832): App\Controllers\habitaciones\HabitacionesController->checkIn()
#8 C:\xampp\htdocs\hotel\system\CodeIgniter.php(419): CodeIgniter\CodeIgniter->runController(Object(App\Controllers\habitaciones\HabitacionesController))
#9 C:\xampp\htdocs\hotel\system\CodeIgniter.php(326): CodeIgniter\CodeIgniter->handleRequest(NULL, Object(Config\Cache), false)
#10 C:\xampp\htdocs\hotel\index.php(37): CodeIgniter\CodeIgniter->run()
#11 {main}
ERROR - 2026-04-13 23:01:24 --> ErrorException: pg_query(): Query failed: ERROR:  inserción o actualización en la tabla «producto_pedido» viola la llave foránea «codigo_interno_producto»
DETAIL:  La llave (codigointernoproducto)=(512) no está presente en la tabla «producto». in C:\xampp\htdocs\hotel\system\Database\Postgre\Connection.php:135
Stack trace:
#0 [internal function]: CodeIgniter\Debug\Exceptions->errorHandler(2, 'pg_query(): Que...', 'C:\\xampp\\htdocs...', 135)
#1 C:\xampp\htdocs\hotel\system\Database\Postgre\Connection.php(135): pg_query(Resource id #123, 'INSERT INTO "pr...')
#2 C:\xampp\htdocs\hotel\system\Database\BaseConnection.php(670): CodeIgniter\Database\Postgre\Connection->execute('INSERT INTO "pr...')
#3 C:\xampp\htdocs\hotel\system\Database\BaseConnection.php(598): CodeIgniter\Database\BaseConnection->simpleQuery('INSERT INTO "pr...')
#4 C:\xampp\htdocs\hotel\system\Database\BaseBuilder.php(1771): CodeIgniter\Database\BaseConnection->query('INSERT INTO "pr...', Array, false)
#5 C:\xampp\htdocs\hotel\app\Models\pedidoModel.php(66): CodeIgniter\Database\BaseBuilder->insert(Array)
#6 C:\xampp\htdocs\hotel\app\Controllers\habitaciones\HabitacionesController.php(269): App\Models\pedidoModel->insertar(81797, '20000', false, 8, 512, 1, 6, '2026-04-13', '23:01:24', '')
#7 C:\xampp\htdocs\hotel\system\CodeIgniter.php(832): App\Controllers\habitaciones\HabitacionesController->checkIn()
#8 C:\xampp\htdocs\hotel\system\CodeIgniter.php(419): CodeIgniter\CodeIgniter->runController(Object(App\Controllers\habitaciones\HabitacionesController))
#9 C:\xampp\htdocs\hotel\system\CodeIgniter.php(326): CodeIgniter\CodeIgniter->handleRequest(NULL, Object(Config\Cache), false)
#10 C:\xampp\htdocs\hotel\index.php(37): CodeIgniter\CodeIgniter->run()
#11 {main}
ERROR - 2026-04-13 23:04:03 --> ErrorException: pg_query(): Query failed: ERROR:  la sintaxis de entrada no es válida para integer: «»
LINE 1: ...reacion&quot;, &quot;fecha_actualizacion&quot;) VALUES ('21', 6, '', 1, '20...
                                                             ^ in C:\xampp\htdocs\hotel\system\Database\Postgre\Connection.php:135
Stack trace:
#0 [internal function]: CodeIgniter\Debug\Exceptions->errorHandler(2, 'pg_query(): Que...', 'C:\\xampp\\htdocs...', 135)
#1 C:\xampp\htdocs\hotel\system\Database\Postgre\Connection.php(135): pg_query(Resource id #123, 'INSERT INTO "pe...')
#2 C:\xampp\htdocs\hotel\system\Database\BaseConnection.php(670): CodeIgniter\Database\Postgre\Connection->execute('INSERT INTO "pe...')
#3 C:\xampp\htdocs\hotel\system\Database\BaseConnection.php(598): CodeIgniter\Database\BaseConnection->simpleQuery('INSERT INTO "pe...')
#4 C:\xampp\htdocs\hotel\system\Database\BaseBuilder.php(1771): CodeIgniter\Database\BaseConnection->query('INSERT INTO "pe...', Array, false)
#5 C:\xampp\htdocs\hotel\system\Model.php(239): CodeIgniter\Database\BaseBuilder->insert()
#6 C:\xampp\htdocs\hotel\system\BaseModel.php(738): CodeIgniter\Model->doInsert(Array)
#7 C:\xampp\htdocs\hotel\system\Model.php(625): CodeIgniter\BaseModel->insert(Array, true)
#8 C:\xampp\htdocs\hotel\app\Controllers\habitaciones\HabitacionesController.php(260): CodeIgniter\Model->insert(Array)
#9 C:\xampp\htdocs\hotel\system\CodeIgniter.php(832): App\Controllers\habitaciones\HabitacionesController->checkIn()
#10 C:\xampp\htdocs\hotel\system\CodeIgniter.php(419): CodeIgniter\CodeIgniter->runController(Object(App\Controllers\habitaciones\HabitacionesController))
#11 C:\xampp\htdocs\hotel\system\CodeIgniter.php(326): CodeIgniter\CodeIgniter->handleRequest(NULL, Object(Config\Cache), false)
#12 C:\xampp\htdocs\hotel\index.php(37): CodeIgniter\CodeIgniter->run()
#13 {main}
ERROR - 2026-04-13 23:07:05 --> ErrorException: pg_query(): Query failed: ERROR:  la sintaxis de entrada no es válida para integer: «»
LINE 1: ...reacion&quot;, &quot;fecha_actualizacion&quot;) VALUES ('21', 6, '', 1, '20...
                                                             ^ in C:\xampp\htdocs\hotel\system\Database\Postgre\Connection.php:135
Stack trace:
#0 [internal function]: CodeIgniter\Debug\Exceptions->errorHandler(2, 'pg_query(): Que...', 'C:\\xampp\\htdocs...', 135)
#1 C:\xampp\htdocs\hotel\system\Database\Postgre\Connection.php(135): pg_query(Resource id #123, 'INSERT INTO "pe...')
#2 C:\xampp\htdocs\hotel\system\Database\BaseConnection.php(670): CodeIgniter\Database\Postgre\Connection->execute('INSERT INTO "pe...')
#3 C:\xampp\htdocs\hotel\system\Database\BaseConnection.php(598): CodeIgniter\Database\BaseConnection->simpleQuery('INSERT INTO "pe...')
#4 C:\xampp\htdocs\hotel\system\Database\BaseBuilder.php(1771): CodeIgniter\Database\BaseConnection->query('INSERT INTO "pe...', Array, false)
#5 C:\xampp\htdocs\hotel\system\Model.php(239): CodeIgniter\Database\BaseBuilder->insert()
#6 C:\xampp\htdocs\hotel\system\BaseModel.php(738): CodeIgniter\Model->doInsert(Array)
#7 C:\xampp\htdocs\hotel\system\Model.php(625): CodeIgniter\BaseModel->insert(Array, true)
#8 C:\xampp\htdocs\hotel\app\Controllers\habitaciones\HabitacionesController.php(262): CodeIgniter\Model->insert(Array)
#9 C:\xampp\htdocs\hotel\system\CodeIgniter.php(832): App\Controllers\habitaciones\HabitacionesController->checkIn()
#10 C:\xampp\htdocs\hotel\system\CodeIgniter.php(419): CodeIgniter\CodeIgniter->runController(Object(App\Controllers\habitaciones\HabitacionesController))
#11 C:\xampp\htdocs\hotel\system\CodeIgniter.php(326): CodeIgniter\CodeIgniter->handleRequest(NULL, Object(Config\Cache), false)
#12 C:\xampp\htdocs\hotel\index.php(37): CodeIgniter\CodeIgniter->run()
#13 {main}
CRITICAL - 2026-04-13 23:07:05 --> pg_query(): Query failed: ERROR:  la sintaxis de entrada no es válida para integer: «»
LINE 1: ...reacion&quot;, &quot;fecha_actualizacion&quot;) VALUES ('21', 6, '', 1, '20...
                                                             ^
#0 [internal function]: CodeIgniter\Debug\Exceptions->errorHandler(2, 'pg_query(): Que...', 'C:\\xampp\\htdocs...', 135)
#1 C:\xampp\htdocs\hotel\system\Database\Postgre\Connection.php(135): pg_query(Resource id #123, 'INSERT INTO "pe...')
#2 C:\xampp\htdocs\hotel\system\Database\BaseConnection.php(670): CodeIgniter\Database\Postgre\Connection->execute('INSERT INTO "pe...')
#3 C:\xampp\htdocs\hotel\system\Database\BaseConnection.php(598): CodeIgniter\Database\BaseConnection->simpleQuery('INSERT INTO "pe...')
#4 C:\xampp\htdocs\hotel\system\Database\BaseBuilder.php(1771): CodeIgniter\Database\BaseConnection->query('INSERT INTO "pe...', Array, false)
#5 C:\xampp\htdocs\hotel\system\Model.php(239): CodeIgniter\Database\BaseBuilder->insert()
#6 C:\xampp\htdocs\hotel\system\BaseModel.php(738): CodeIgniter\Model->doInsert(Array)
#7 C:\xampp\htdocs\hotel\system\Model.php(625): CodeIgniter\BaseModel->insert(Array, true)
#8 C:\xampp\htdocs\hotel\app\Controllers\habitaciones\HabitacionesController.php(262): CodeIgniter\Model->insert(Array)
#9 C:\xampp\htdocs\hotel\system\CodeIgniter.php(832): App\Controllers\habitaciones\HabitacionesController->checkIn()
#10 C:\xampp\htdocs\hotel\system\CodeIgniter.php(419): CodeIgniter\CodeIgniter->runController(Object(App\Controllers\habitaciones\HabitacionesController))
#11 C:\xampp\htdocs\hotel\system\CodeIgniter.php(326): CodeIgniter\CodeIgniter->handleRequest(NULL, Object(Config\Cache), false)
#12 C:\xampp\htdocs\hotel\index.php(37): CodeIgniter\CodeIgniter->run()
#13 {main}
ERROR - 2026-04-13 23:07:40 --> ErrorException: pg_query(): Query failed: ERROR:  la sintaxis de entrada no es válida para integer: «»
LINE 1: ...reacion&quot;, &quot;fecha_actualizacion&quot;) VALUES ('21', 6, '', 1, '20...
                                                             ^ in C:\xampp\htdocs\hotel\system\Database\Postgre\Connection.php:135
Stack trace:
#0 [internal function]: CodeIgniter\Debug\Exceptions->errorHandler(2, 'pg_query(): Que...', 'C:\\xampp\\htdocs...', 135)
#1 C:\xampp\htdocs\hotel\system\Database\Postgre\Connection.php(135): pg_query(Resource id #123, 'INSERT INTO "pe...')
#2 C:\xampp\htdocs\hotel\system\Database\BaseConnection.php(670): CodeIgniter\Database\Postgre\Connection->execute('INSERT INTO "pe...')
#3 C:\xampp\htdocs\hotel\system\Database\BaseConnection.php(598): CodeIgniter\Database\BaseConnection->simpleQuery('INSERT INTO "pe...')
#4 C:\xampp\htdocs\hotel\system\Database\BaseBuilder.php(1771): CodeIgniter\Database\BaseConnection->query('INSERT INTO "pe...', Array, false)
#5 C:\xampp\htdocs\hotel\system\Model.php(239): CodeIgniter\Database\BaseBuilder->insert()
#6 C:\xampp\htdocs\hotel\system\BaseModel.php(738): CodeIgniter\Model->doInsert(Array)
#7 C:\xampp\htdocs\hotel\system\Model.php(625): CodeIgniter\BaseModel->insert(Array, true)
#8 C:\xampp\htdocs\hotel\app\Controllers\habitaciones\HabitacionesController.php(262): CodeIgniter\Model->insert(Array)
#9 C:\xampp\htdocs\hotel\system\CodeIgniter.php(832): App\Controllers\habitaciones\HabitacionesController->checkIn()
#10 C:\xampp\htdocs\hotel\system\CodeIgniter.php(419): CodeIgniter\CodeIgniter->runController(Object(App\Controllers\habitaciones\HabitacionesController))
#11 C:\xampp\htdocs\hotel\system\CodeIgniter.php(326): CodeIgniter\CodeIgniter->handleRequest(NULL, Object(Config\Cache), false)
#12 C:\xampp\htdocs\hotel\index.php(37): CodeIgniter\CodeIgniter->run()
#13 {main}
CRITICAL - 2026-04-13 23:07:40 --> pg_query(): Query failed: ERROR:  la sintaxis de entrada no es válida para integer: «»
LINE 1: ...reacion&quot;, &quot;fecha_actualizacion&quot;) VALUES ('21', 6, '', 1, '20...
                                                             ^
#0 [internal function]: CodeIgniter\Debug\Exceptions->errorHandler(2, 'pg_query(): Que...', 'C:\\xampp\\htdocs...', 135)
#1 C:\xampp\htdocs\hotel\system\Database\Postgre\Connection.php(135): pg_query(Resource id #123, 'INSERT INTO "pe...')
#2 C:\xampp\htdocs\hotel\system\Database\BaseConnection.php(670): CodeIgniter\Database\Postgre\Connection->execute('INSERT INTO "pe...')
#3 C:\xampp\htdocs\hotel\system\Database\BaseConnection.php(598): CodeIgniter\Database\BaseConnection->simpleQuery('INSERT INTO "pe...')
#4 C:\xampp\htdocs\hotel\system\Database\BaseBuilder.php(1771): CodeIgniter\Database\BaseConnection->query('INSERT INTO "pe...', Array, false)
#5 C:\xampp\htdocs\hotel\system\Model.php(239): CodeIgniter\Database\BaseBuilder->insert()
#6 C:\xampp\htdocs\hotel\system\BaseModel.php(738): CodeIgniter\Model->doInsert(Array)
#7 C:\xampp\htdocs\hotel\system\Model.php(625): CodeIgniter\BaseModel->insert(Array, true)
#8 C:\xampp\htdocs\hotel\app\Controllers\habitaciones\HabitacionesController.php(262): CodeIgniter\Model->insert(Array)
#9 C:\xampp\htdocs\hotel\system\CodeIgniter.php(832): App\Controllers\habitaciones\HabitacionesController->checkIn()
#10 C:\xampp\htdocs\hotel\system\CodeIgniter.php(419): CodeIgniter\CodeIgniter->runController(Object(App\Controllers\habitaciones\HabitacionesController))
#11 C:\xampp\htdocs\hotel\system\CodeIgniter.php(326): CodeIgniter\CodeIgniter->handleRequest(NULL, Object(Config\Cache), false)
#12 C:\xampp\htdocs\hotel\index.php(37): CodeIgniter\CodeIgniter->run()
#13 {main}
ERROR - 2026-04-13 23:08:17 --> ErrorException: pg_query(): Query failed: ERROR:  la sintaxis de entrada no es válida para integer: «»
LINE 1: ...reacion&quot;, &quot;fecha_actualizacion&quot;) VALUES ('21', 6, '', 1, '20...
                                                             ^ in C:\xampp\htdocs\hotel\system\Database\Postgre\Connection.php:135
Stack trace:
#0 [internal function]: CodeIgniter\Debug\Exceptions->errorHandler(2, 'pg_query(): Que...', 'C:\\xampp\\htdocs...', 135)
#1 C:\xampp\htdocs\hotel\system\Database\Postgre\Connection.php(135): pg_query(Resource id #123, 'INSERT INTO "pe...')
#2 C:\xampp\htdocs\hotel\system\Database\BaseConnection.php(670): CodeIgniter\Database\Postgre\Connection->execute('INSERT INTO "pe...')
#3 C:\xampp\htdocs\hotel\system\Database\BaseConnection.php(598): CodeIgniter\Database\BaseConnection->simpleQuery('INSERT INTO "pe...')
#4 C:\xampp\htdocs\hotel\system\Database\BaseBuilder.php(1771): CodeIgniter\Database\BaseConnection->query('INSERT INTO "pe...', Array, false)
#5 C:\xampp\htdocs\hotel\system\Model.php(239): CodeIgniter\Database\BaseBuilder->insert()
#6 C:\xampp\htdocs\hotel\system\BaseModel.php(738): CodeIgniter\Model->doInsert(Array)
#7 C:\xampp\htdocs\hotel\system\Model.php(625): CodeIgniter\BaseModel->insert(Array, true)
#8 C:\xampp\htdocs\hotel\app\Controllers\habitaciones\HabitacionesController.php(262): CodeIgniter\Model->insert(Array)
#9 C:\xampp\htdocs\hotel\system\CodeIgniter.php(832): App\Controllers\habitaciones\HabitacionesController->checkIn()
#10 C:\xampp\htdocs\hotel\system\CodeIgniter.php(419): CodeIgniter\CodeIgniter->runController(Object(App\Controllers\habitaciones\HabitacionesController))
#11 C:\xampp\htdocs\hotel\system\CodeIgniter.php(326): CodeIgniter\CodeIgniter->handleRequest(NULL, Object(Config\Cache), false)
#12 C:\xampp\htdocs\hotel\index.php(37): CodeIgniter\CodeIgniter->run()
#13 {main}
CRITICAL - 2026-04-13 23:08:17 --> pg_query(): Query failed: ERROR:  la sintaxis de entrada no es válida para integer: «»
LINE 1: ...reacion&quot;, &quot;fecha_actualizacion&quot;) VALUES ('21', 6, '', 1, '20...
                                                             ^
#0 [internal function]: CodeIgniter\Debug\Exceptions->errorHandler(2, 'pg_query(): Que...', 'C:\\xampp\\htdocs...', 135)
#1 C:\xampp\htdocs\hotel\system\Database\Postgre\Connection.php(135): pg_query(Resource id #123, 'INSERT INTO "pe...')
#2 C:\xampp\htdocs\hotel\system\Database\BaseConnection.php(670): CodeIgniter\Database\Postgre\Connection->execute('INSERT INTO "pe...')
#3 C:\xampp\htdocs\hotel\system\Database\BaseConnection.php(598): CodeIgniter\Database\BaseConnection->simpleQuery('INSERT INTO "pe...')
#4 C:\xampp\htdocs\hotel\system\Database\BaseBuilder.php(1771): CodeIgniter\Database\BaseConnection->query('INSERT INTO "pe...', Array, false)
#5 C:\xampp\htdocs\hotel\system\Model.php(239): CodeIgniter\Database\BaseBuilder->insert()
#6 C:\xampp\htdocs\hotel\system\BaseModel.php(738): CodeIgniter\Model->doInsert(Array)
#7 C:\xampp\htdocs\hotel\system\Model.php(625): CodeIgniter\BaseModel->insert(Array, true)
#8 C:\xampp\htdocs\hotel\app\Controllers\habitaciones\HabitacionesController.php(262): CodeIgniter\Model->insert(Array)
#9 C:\xampp\htdocs\hotel\system\CodeIgniter.php(832): App\Controllers\habitaciones\HabitacionesController->checkIn()
#10 C:\xampp\htdocs\hotel\system\CodeIgniter.php(419): CodeIgniter\CodeIgniter->runController(Object(App\Controllers\habitaciones\HabitacionesController))
#11 C:\xampp\htdocs\hotel\system\CodeIgniter.php(326): CodeIgniter\CodeIgniter->handleRequest(NULL, Object(Config\Cache), false)
#12 C:\xampp\htdocs\hotel\index.php(37): CodeIgniter\CodeIgniter->run()
#13 {main}
ERROR - 2026-04-13 23:08:38 --> ErrorException: pg_query(): Query failed: ERROR:  la sintaxis de entrada no es válida para integer: «»
LINE 1: ...reacion&quot;, &quot;fecha_actualizacion&quot;) VALUES ('21', 6, '', 1, '20...
                                                             ^ in C:\xampp\htdocs\hotel\system\Database\Postgre\Connection.php:135
Stack trace:
#0 [internal function]: CodeIgniter\Debug\Exceptions->errorHandler(2, 'pg_query(): Que...', 'C:\\xampp\\htdocs...', 135)
#1 C:\xampp\htdocs\hotel\system\Database\Postgre\Connection.php(135): pg_query(Resource id #123, 'INSERT INTO "pe...')
#2 C:\xampp\htdocs\hotel\system\Database\BaseConnection.php(670): CodeIgniter\Database\Postgre\Connection->execute('INSERT INTO "pe...')
#3 C:\xampp\htdocs\hotel\system\Database\BaseConnection.php(598): CodeIgniter\Database\BaseConnection->simpleQuery('INSERT INTO "pe...')
#4 C:\xampp\htdocs\hotel\system\Database\BaseBuilder.php(1771): CodeIgniter\Database\BaseConnection->query('INSERT INTO "pe...', Array, false)
#5 C:\xampp\htdocs\hotel\system\Model.php(239): CodeIgniter\Database\BaseBuilder->insert()
#6 C:\xampp\htdocs\hotel\system\BaseModel.php(738): CodeIgniter\Model->doInsert(Array)
#7 C:\xampp\htdocs\hotel\system\Model.php(625): CodeIgniter\BaseModel->insert(Array, true)
#8 C:\xampp\htdocs\hotel\app\Controllers\habitaciones\HabitacionesController.php(262): CodeIgniter\Model->insert(Array)
#9 C:\xampp\htdocs\hotel\system\CodeIgniter.php(832): App\Controllers\habitaciones\HabitacionesController->checkIn()
#10 C:\xampp\htdocs\hotel\system\CodeIgniter.php(419): CodeIgniter\CodeIgniter->runController(Object(App\Controllers\habitaciones\HabitacionesController))
#11 C:\xampp\htdocs\hotel\system\CodeIgniter.php(326): CodeIgniter\CodeIgniter->handleRequest(NULL, Object(Config\Cache), false)
#12 C:\xampp\htdocs\hotel\index.php(37): CodeIgniter\CodeIgniter->run()
#13 {main}
CRITICAL - 2026-04-13 23:08:38 --> pg_query(): Query failed: ERROR:  la sintaxis de entrada no es válida para integer: «»
LINE 1: ...reacion&quot;, &quot;fecha_actualizacion&quot;) VALUES ('21', 6, '', 1, '20...
                                                             ^
#0 [internal function]: CodeIgniter\Debug\Exceptions->errorHandler(2, 'pg_query(): Que...', 'C:\\xampp\\htdocs...', 135)
#1 C:\xampp\htdocs\hotel\system\Database\Postgre\Connection.php(135): pg_query(Resource id #123, 'INSERT INTO "pe...')
#2 C:\xampp\htdocs\hotel\system\Database\BaseConnection.php(670): CodeIgniter\Database\Postgre\Connection->execute('INSERT INTO "pe...')
#3 C:\xampp\htdocs\hotel\system\Database\BaseConnection.php(598): CodeIgniter\Database\BaseConnection->simpleQuery('INSERT INTO "pe...')
#4 C:\xampp\htdocs\hotel\system\Database\BaseBuilder.php(1771): CodeIgniter\Database\BaseConnection->query('INSERT INTO "pe...', Array, false)
#5 C:\xampp\htdocs\hotel\system\Model.php(239): CodeIgniter\Database\BaseBuilder->insert()
#6 C:\xampp\htdocs\hotel\system\BaseModel.php(738): CodeIgniter\Model->doInsert(Array)
#7 C:\xampp\htdocs\hotel\system\Model.php(625): CodeIgniter\BaseModel->insert(Array, true)
#8 C:\xampp\htdocs\hotel\app\Controllers\habitaciones\HabitacionesController.php(262): CodeIgniter\Model->insert(Array)
#9 C:\xampp\htdocs\hotel\system\CodeIgniter.php(832): App\Controllers\habitaciones\HabitacionesController->checkIn()
#10 C:\xampp\htdocs\hotel\system\CodeIgniter.php(419): CodeIgniter\CodeIgniter->runController(Object(App\Controllers\habitaciones\HabitacionesController))
#11 C:\xampp\htdocs\hotel\system\CodeIgniter.php(326): CodeIgniter\CodeIgniter->handleRequest(NULL, Object(Config\Cache), false)
#12 C:\xampp\htdocs\hotel\index.php(37): CodeIgniter\CodeIgniter->run()
#13 {main}
ERROR - 2026-04-13 23:09:13 --> ErrorException: pg_query(): Query failed: ERROR:  la sintaxis de entrada no es válida para integer: «»
LINE 1: ...echa_creacion&quot;, &quot;fecha_actualizacion&quot;) VALUES (6, '', 1, '20...
                                                             ^ in C:\xampp\htdocs\hotel\system\Database\Postgre\Connection.php:135
Stack trace:
#0 [internal function]: CodeIgniter\Debug\Exceptions->errorHandler(2, 'pg_query(): Que...', 'C:\\xampp\\htdocs...', 135)
#1 C:\xampp\htdocs\hotel\system\Database\Postgre\Connection.php(135): pg_query(Resource id #123, 'INSERT INTO "pe...')
#2 C:\xampp\htdocs\hotel\system\Database\BaseConnection.php(670): CodeIgniter\Database\Postgre\Connection->execute('INSERT INTO "pe...')
#3 C:\xampp\htdocs\hotel\system\Database\BaseConnection.php(598): CodeIgniter\Database\BaseConnection->simpleQuery('INSERT INTO "pe...')
#4 C:\xampp\htdocs\hotel\system\Database\BaseBuilder.php(1771): CodeIgniter\Database\BaseConnection->query('INSERT INTO "pe...', Array, false)
#5 C:\xampp\htdocs\hotel\system\Model.php(239): CodeIgniter\Database\BaseBuilder->insert()
#6 C:\xampp\htdocs\hotel\system\BaseModel.php(738): CodeIgniter\Model->doInsert(Array)
#7 C:\xampp\htdocs\hotel\system\Model.php(625): CodeIgniter\BaseModel->insert(Array, true)
#8 C:\xampp\htdocs\hotel\app\Controllers\habitaciones\HabitacionesController.php(262): CodeIgniter\Model->insert(Array)
#9 C:\xampp\htdocs\hotel\system\CodeIgniter.php(832): App\Controllers\habitaciones\HabitacionesController->checkIn()
#10 C:\xampp\htdocs\hotel\system\CodeIgniter.php(419): CodeIgniter\CodeIgniter->runController(Object(App\Controllers\habitaciones\HabitacionesController))
#11 C:\xampp\htdocs\hotel\system\CodeIgniter.php(326): CodeIgniter\CodeIgniter->handleRequest(NULL, Object(Config\Cache), false)
#12 C:\xampp\htdocs\hotel\index.php(37): CodeIgniter\CodeIgniter->run()
#13 {main}
CRITICAL - 2026-04-13 23:09:13 --> pg_query(): Query failed: ERROR:  la sintaxis de entrada no es válida para integer: «»
LINE 1: ...echa_creacion&quot;, &quot;fecha_actualizacion&quot;) VALUES (6, '', 1, '20...
                                                             ^
#0 [internal function]: CodeIgniter\Debug\Exceptions->errorHandler(2, 'pg_query(): Que...', 'C:\\xampp\\htdocs...', 135)
#1 C:\xampp\htdocs\hotel\system\Database\Postgre\Connection.php(135): pg_query(Resource id #123, 'INSERT INTO "pe...')
#2 C:\xampp\htdocs\hotel\system\Database\BaseConnection.php(670): CodeIgniter\Database\Postgre\Connection->execute('INSERT INTO "pe...')
#3 C:\xampp\htdocs\hotel\system\Database\BaseConnection.php(598): CodeIgniter\Database\BaseConnection->simpleQuery('INSERT INTO "pe...')
#4 C:\xampp\htdocs\hotel\system\Database\BaseBuilder.php(1771): CodeIgniter\Database\BaseConnection->query('INSERT INTO "pe...', Array, false)
#5 C:\xampp\htdocs\hotel\system\Model.php(239): CodeIgniter\Database\BaseBuilder->insert()
#6 C:\xampp\htdocs\hotel\system\BaseModel.php(738): CodeIgniter\Model->doInsert(Array)
#7 C:\xampp\htdocs\hotel\system\Model.php(625): CodeIgniter\BaseModel->insert(Array, true)
#8 C:\xampp\htdocs\hotel\app\Controllers\habitaciones\HabitacionesController.php(262): CodeIgniter\Model->insert(Array)
#9 C:\xampp\htdocs\hotel\system\CodeIgniter.php(832): App\Controllers\habitaciones\HabitacionesController->checkIn()
#10 C:\xampp\htdocs\hotel\system\CodeIgniter.php(419): CodeIgniter\CodeIgniter->runController(Object(App\Controllers\habitaciones\HabitacionesController))
#11 C:\xampp\htdocs\hotel\system\CodeIgniter.php(326): CodeIgniter\CodeIgniter->handleRequest(NULL, Object(Config\Cache), false)
#12 C:\xampp\htdocs\hotel\index.php(37): CodeIgniter\CodeIgniter->run()
#13 {main}
ERROR - 2026-04-13 23:09:25 --> ErrorException: pg_query(): Query failed: ERROR:  la sintaxis de entrada no es válida para integer: «»
LINE 1: ... &quot;fecha_creacion&quot;, &quot;fecha_actualizacion&quot;) VALUES ('', 1, '20...
                                                             ^ in C:\xampp\htdocs\hotel\system\Database\Postgre\Connection.php:135
Stack trace:
#0 [internal function]: CodeIgniter\Debug\Exceptions->errorHandler(2, 'pg_query(): Que...', 'C:\\xampp\\htdocs...', 135)
#1 C:\xampp\htdocs\hotel\system\Database\Postgre\Connection.php(135): pg_query(Resource id #123, 'INSERT INTO "pe...')
#2 C:\xampp\htdocs\hotel\system\Database\BaseConnection.php(670): CodeIgniter\Database\Postgre\Connection->execute('INSERT INTO "pe...')
#3 C:\xampp\htdocs\hotel\system\Database\BaseConnection.php(598): CodeIgniter\Database\BaseConnection->simpleQuery('INSERT INTO "pe...')
#4 C:\xampp\htdocs\hotel\system\Database\BaseBuilder.php(1771): CodeIgniter\Database\BaseConnection->query('INSERT INTO "pe...', Array, false)
#5 C:\xampp\htdocs\hotel\system\Model.php(239): CodeIgniter\Database\BaseBuilder->insert()
#6 C:\xampp\htdocs\hotel\system\BaseModel.php(738): CodeIgniter\Model->doInsert(Array)
#7 C:\xampp\htdocs\hotel\system\Model.php(625): CodeIgniter\BaseModel->insert(Array, true)
#8 C:\xampp\htdocs\hotel\app\Controllers\habitaciones\HabitacionesController.php(262): CodeIgniter\Model->insert(Array)
#9 C:\xampp\htdocs\hotel\system\CodeIgniter.php(832): App\Controllers\habitaciones\HabitacionesController->checkIn()
#10 C:\xampp\htdocs\hotel\system\CodeIgniter.php(419): CodeIgniter\CodeIgniter->runController(Object(App\Controllers\habitaciones\HabitacionesController))
#11 C:\xampp\htdocs\hotel\system\CodeIgniter.php(326): CodeIgniter\CodeIgniter->handleRequest(NULL, Object(Config\Cache), false)
#12 C:\xampp\htdocs\hotel\index.php(37): CodeIgniter\CodeIgniter->run()
#13 {main}
CRITICAL - 2026-04-13 23:09:25 --> pg_query(): Query failed: ERROR:  la sintaxis de entrada no es válida para integer: «»
LINE 1: ... &quot;fecha_creacion&quot;, &quot;fecha_actualizacion&quot;) VALUES ('', 1, '20...
                                                             ^
#0 [internal function]: CodeIgniter\Debug\Exceptions->errorHandler(2, 'pg_query(): Que...', 'C:\\xampp\\htdocs...', 135)
#1 C:\xampp\htdocs\hotel\system\Database\Postgre\Connection.php(135): pg_query(Resource id #123, 'INSERT INTO "pe...')
#2 C:\xampp\htdocs\hotel\system\Database\BaseConnection.php(670): CodeIgniter\Database\Postgre\Connection->execute('INSERT INTO "pe...')
#3 C:\xampp\htdocs\hotel\system\Database\BaseConnection.php(598): CodeIgniter\Database\BaseConnection->simpleQuery('INSERT INTO "pe...')
#4 C:\xampp\htdocs\hotel\system\Database\BaseBuilder.php(1771): CodeIgniter\Database\BaseConnection->query('INSERT INTO "pe...', Array, false)
#5 C:\xampp\htdocs\hotel\system\Model.php(239): CodeIgniter\Database\BaseBuilder->insert()
#6 C:\xampp\htdocs\hotel\system\BaseModel.php(738): CodeIgniter\Model->doInsert(Array)
#7 C:\xampp\htdocs\hotel\system\Model.php(625): CodeIgniter\BaseModel->insert(Array, true)
#8 C:\xampp\htdocs\hotel\app\Controllers\habitaciones\HabitacionesController.php(262): CodeIgniter\Model->insert(Array)
#9 C:\xampp\htdocs\hotel\system\CodeIgniter.php(832): App\Controllers\habitaciones\HabitacionesController->checkIn()
#10 C:\xampp\htdocs\hotel\system\CodeIgniter.php(419): CodeIgniter\CodeIgniter->runController(Object(App\Controllers\habitaciones\HabitacionesController))
#11 C:\xampp\htdocs\hotel\system\CodeIgniter.php(326): CodeIgniter\CodeIgniter->handleRequest(NULL, Object(Config\Cache), false)
#12 C:\xampp\htdocs\hotel\index.php(37): CodeIgniter\CodeIgniter->run()
#13 {main}
CRITICAL - 2026-04-13 23:09:38 --> There is no data to insert.
#0 C:\xampp\htdocs\hotel\system\BaseModel.php(1574): CodeIgniter\Database\Exceptions\DataException::forEmptyDataset('insert')
#1 C:\xampp\htdocs\hotel\system\BaseModel.php(704): CodeIgniter\BaseModel->transformDataToArray(Array, 'insert')
#2 C:\xampp\htdocs\hotel\system\Model.php(625): CodeIgniter\BaseModel->insert(Array, true)
#3 C:\xampp\htdocs\hotel\app\Controllers\habitaciones\HabitacionesController.php(262): CodeIgniter\Model->insert(Array)
#4 C:\xampp\htdocs\hotel\system\CodeIgniter.php(832): App\Controllers\habitaciones\HabitacionesController->checkIn()
#5 C:\xampp\htdocs\hotel\system\CodeIgniter.php(419): CodeIgniter\CodeIgniter->runController(Object(App\Controllers\habitaciones\HabitacionesController))
#6 C:\xampp\htdocs\hotel\system\CodeIgniter.php(326): CodeIgniter\CodeIgniter->handleRequest(NULL, Object(Config\Cache), false)
#7 C:\xampp\htdocs\hotel\index.php(37): CodeIgniter\CodeIgniter->run()
#8 {main}
ERROR - 2026-04-13 23:10:47 --> ErrorException: pg_query(): Query failed: ERROR:  la sintaxis de entrada no es válida para integer: «»
LINE 1: ...reacion&quot;, &quot;fecha_actualizacion&quot;) VALUES ('21', 6, '', '2026-...
                                                             ^ in C:\xampp\htdocs\hotel\system\Database\Postgre\Connection.php:135
Stack trace:
#0 [internal function]: CodeIgniter\Debug\Exceptions->errorHandler(2, 'pg_query(): Que...', 'C:\\xampp\\htdocs...', 135)
#1 C:\xampp\htdocs\hotel\system\Database\Postgre\Connection.php(135): pg_query(Resource id #123, 'INSERT INTO "pe...')
#2 C:\xampp\htdocs\hotel\system\Database\BaseConnection.php(670): CodeIgniter\Database\Postgre\Connection->execute('INSERT INTO "pe...')
#3 C:\xampp\htdocs\hotel\system\Database\BaseConnection.php(598): CodeIgniter\Database\BaseConnection->simpleQuery('INSERT INTO "pe...')
#4 C:\xampp\htdocs\hotel\system\Database\BaseBuilder.php(1771): CodeIgniter\Database\BaseConnection->query('INSERT INTO "pe...', Array, false)
#5 C:\xampp\htdocs\hotel\system\Model.php(239): CodeIgniter\Database\BaseBuilder->insert()
#6 C:\xampp\htdocs\hotel\system\BaseModel.php(738): CodeIgniter\Model->doInsert(Array)
#7 C:\xampp\htdocs\hotel\system\Model.php(625): CodeIgniter\BaseModel->insert(Array, true)
#8 C:\xampp\htdocs\hotel\app\Controllers\habitaciones\HabitacionesController.php(262): CodeIgniter\Model->insert(Array)
#9 C:\xampp\htdocs\hotel\system\CodeIgniter.php(832): App\Controllers\habitaciones\HabitacionesController->checkIn()
#10 C:\xampp\htdocs\hotel\system\CodeIgniter.php(419): CodeIgniter\CodeIgniter->runController(Object(App\Controllers\habitaciones\HabitacionesController))
#11 C:\xampp\htdocs\hotel\system\CodeIgniter.php(326): CodeIgniter\CodeIgniter->handleRequest(NULL, Object(Config\Cache), false)
#12 C:\xampp\htdocs\hotel\index.php(37): CodeIgniter\CodeIgniter->run()
#13 {main}
CRITICAL - 2026-04-13 23:10:47 --> pg_query(): Query failed: ERROR:  la sintaxis de entrada no es válida para integer: «»
LINE 1: ...reacion&quot;, &quot;fecha_actualizacion&quot;) VALUES ('21', 6, '', '2026-...
                                                             ^
#0 [internal function]: CodeIgniter\Debug\Exceptions->errorHandler(2, 'pg_query(): Que...', 'C:\\xampp\\htdocs...', 135)
#1 C:\xampp\htdocs\hotel\system\Database\Postgre\Connection.php(135): pg_query(Resource id #123, 'INSERT INTO "pe...')
#2 C:\xampp\htdocs\hotel\system\Database\BaseConnection.php(670): CodeIgniter\Database\Postgre\Connection->execute('INSERT INTO "pe...')
#3 C:\xampp\htdocs\hotel\system\Database\BaseConnection.php(598): CodeIgniter\Database\BaseConnection->simpleQuery('INSERT INTO "pe...')
#4 C:\xampp\htdocs\hotel\system\Database\BaseBuilder.php(1771): CodeIgniter\Database\BaseConnection->query('INSERT INTO "pe...', Array, false)
#5 C:\xampp\htdocs\hotel\system\Model.php(239): CodeIgniter\Database\BaseBuilder->insert()
#6 C:\xampp\htdocs\hotel\system\BaseModel.php(738): CodeIgniter\Model->doInsert(Array)
#7 C:\xampp\htdocs\hotel\system\Model.php(625): CodeIgniter\BaseModel->insert(Array, true)
#8 C:\xampp\htdocs\hotel\app\Controllers\habitaciones\HabitacionesController.php(262): CodeIgniter\Model->insert(Array)
#9 C:\xampp\htdocs\hotel\system\CodeIgniter.php(832): App\Controllers\habitaciones\HabitacionesController->checkIn()
#10 C:\xampp\htdocs\hotel\system\CodeIgniter.php(419): CodeIgniter\CodeIgniter->runController(Object(App\Controllers\habitaciones\HabitacionesController))
#11 C:\xampp\htdocs\hotel\system\CodeIgniter.php(326): CodeIgniter\CodeIgniter->handleRequest(NULL, Object(Config\Cache), false)
#12 C:\xampp\htdocs\hotel\index.php(37): CodeIgniter\CodeIgniter->run()
#13 {main}
ERROR - 2026-04-13 23:12:16 --> ErrorException: pg_query(): Query failed: ERROR:  inserción o actualización en la tabla «producto_pedido» viola la llave foránea «codigo_interno_producto»
DETAIL:  La llave (codigointernoproducto)=(512) no está presente en la tabla «producto». in C:\xampp\htdocs\hotel\system\Database\Postgre\Connection.php:135
Stack trace:
#0 [internal function]: CodeIgniter\Debug\Exceptions->errorHandler(2, 'pg_query(): Que...', 'C:\\xampp\\htdocs...', 135)
#1 C:\xampp\htdocs\hotel\system\Database\Postgre\Connection.php(135): pg_query(Resource id #123, 'INSERT INTO "pr...')
#2 C:\xampp\htdocs\hotel\system\Database\BaseConnection.php(670): CodeIgniter\Database\Postgre\Connection->execute('INSERT INTO "pr...')
#3 C:\xampp\htdocs\hotel\system\Database\BaseConnection.php(598): CodeIgniter\Database\BaseConnection->simpleQuery('INSERT INTO "pr...')
#4 C:\xampp\htdocs\hotel\system\Database\BaseBuilder.php(1771): CodeIgniter\Database\BaseConnection->query('INSERT INTO "pr...', Array, false)
#5 C:\xampp\htdocs\hotel\app\Models\pedidoModel.php(66): CodeIgniter\Database\BaseBuilder->insert(Array)
#6 C:\xampp\htdocs\hotel\app\Controllers\habitaciones\HabitacionesController.php(275): App\Models\pedidoModel->insertar(81804, '20', false, 8, 512, 1, 6, '2026-04-13', '23:12:16', '')
#7 C:\xampp\htdocs\hotel\system\CodeIgniter.php(832): App\Controllers\habitaciones\HabitacionesController->checkIn()
#8 C:\xampp\htdocs\hotel\system\CodeIgniter.php(419): CodeIgniter\CodeIgniter->runController(Object(App\Controllers\habitaciones\HabitacionesController))
#9 C:\xampp\htdocs\hotel\system\CodeIgniter.php(326): CodeIgniter\CodeIgniter->handleRequest(NULL, Object(Config\Cache), false)
#10 C:\xampp\htdocs\hotel\index.php(37): CodeIgniter\CodeIgniter->run()
#11 {main}
CRITICAL - 2026-04-13 23:12:16 --> pg_query(): Query failed: ERROR:  inserción o actualización en la tabla «producto_pedido» viola la llave foránea «codigo_interno_producto»
DETAIL:  La llave (codigointernoproducto)=(512) no está presente en la tabla «producto».
#0 [internal function]: CodeIgniter\Debug\Exceptions->errorHandler(2, 'pg_query(): Que...', 'C:\\xampp\\htdocs...', 135)
#1 C:\xampp\htdocs\hotel\system\Database\Postgre\Connection.php(135): pg_query(Resource id #123, 'INSERT INTO "pr...')
#2 C:\xampp\htdocs\hotel\system\Database\BaseConnection.php(670): CodeIgniter\Database\Postgre\Connection->execute('INSERT INTO "pr...')
#3 C:\xampp\htdocs\hotel\system\Database\BaseConnection.php(598): CodeIgniter\Database\BaseConnection->simpleQuery('INSERT INTO "pr...')
#4 C:\xampp\htdocs\hotel\system\Database\BaseBuilder.php(1771): CodeIgniter\Database\BaseConnection->query('INSERT INTO "pr...', Array, false)
#5 C:\xampp\htdocs\hotel\app\Models\pedidoModel.php(66): CodeIgniter\Database\BaseBuilder->insert(Array)
#6 C:\xampp\htdocs\hotel\app\Controllers\habitaciones\HabitacionesController.php(275): App\Models\pedidoModel->insertar(81804, '20', false, 8, 512, 1, 6, '2026-04-13', '23:12:16', '')
#7 C:\xampp\htdocs\hotel\system\CodeIgniter.php(832): App\Controllers\habitaciones\HabitacionesController->checkIn()
#8 C:\xampp\htdocs\hotel\system\CodeIgniter.php(419): CodeIgniter\CodeIgniter->runController(Object(App\Controllers\habitaciones\HabitacionesController))
#9 C:\xampp\htdocs\hotel\system\CodeIgniter.php(326): CodeIgniter\CodeIgniter->handleRequest(NULL, Object(Config\Cache), false)
#10 C:\xampp\htdocs\hotel\index.php(37): CodeIgniter\CodeIgniter->run()
#11 {main}
ERROR - 2026-04-13 23:26:50 --> ErrorException: pg_query(): Query failed: ERROR:  la sintaxis de entrada no es válida para integer: «»
LINE 1: ..., &quot;id_reserva&quot;, &quot;id_vehiculo&quot;) VALUES ('158', '1', '15', '')
                                                                    ^ in C:\xampp\htdocs\hotel\system\Database\Postgre\Connection.php:135
Stack trace:
#0 [internal function]: CodeIgniter\Debug\Exceptions->errorHandler(2, 'pg_query(): Que...', 'C:\\xampp\\htdocs...', 135)
#1 C:\xampp\htdocs\hotel\system\Database\Postgre\Connection.php(135): pg_query(Resource id #123, 'INSERT INTO "re...')
#2 C:\xampp\htdocs\hotel\system\Database\BaseConnection.php(670): CodeIgniter\Database\Postgre\Connection->execute('INSERT INTO "re...')
#3 C:\xampp\htdocs\hotel\system\Database\BaseConnection.php(598): CodeIgniter\Database\BaseConnection->simpleQuery('INSERT INTO "re...')
#4 C:\xampp\htdocs\hotel\system\Database\BaseBuilder.php(1771): CodeIgniter\Database\BaseConnection->query('INSERT INTO "re...', Array, false)
#5 C:\xampp\htdocs\hotel\system\Model.php(239): CodeIgniter\Database\BaseBuilder->insert()
#6 C:\xampp\htdocs\hotel\system\BaseModel.php(738): CodeIgniter\Model->doInsert(Array)
#7 C:\xampp\htdocs\hotel\system\Model.php(625): CodeIgniter\BaseModel->insert(Array, true)
#8 C:\xampp\htdocs\hotel\app\Controllers\habitaciones\HabitacionesController.php(236): CodeIgniter\Model->insert(Array)
#9 C:\xampp\htdocs\hotel\system\CodeIgniter.php(832): App\Controllers\habitaciones\HabitacionesController->checkIn()
#10 C:\xampp\htdocs\hotel\system\CodeIgniter.php(419): CodeIgniter\CodeIgniter->runController(Object(App\Controllers\habitaciones\HabitacionesController))
#11 C:\xampp\htdocs\hotel\system\CodeIgniter.php(326): CodeIgniter\CodeIgniter->handleRequest(NULL, Object(Config\Cache), false)
#12 C:\xampp\htdocs\hotel\index.php(37): CodeIgniter\CodeIgniter->run()
#13 {main}
ERROR - 2026-04-13 23:33:39 --> ErrorException: pg_query(): Query failed: ERROR:  la sintaxis de entrada no es válida para integer: «»
LINE 1: ...io_destino&quot;, &quot;id_reserva&quot;, &quot;id_vehiculo&quot;) VALUES ('', '', '1...
                                                             ^ in C:\xampp\htdocs\hotel\system\Database\Postgre\Connection.php:135
Stack trace:
#0 [internal function]: CodeIgniter\Debug\Exceptions->errorHandler(2, 'pg_query(): Que...', 'C:\\xampp\\htdocs...', 135)
#1 C:\xampp\htdocs\hotel\system\Database\Postgre\Connection.php(135): pg_query(Resource id #123, 'INSERT INTO "re...')
#2 C:\xampp\htdocs\hotel\system\Database\BaseConnection.php(670): CodeIgniter\Database\Postgre\Connection->execute('INSERT INTO "re...')
#3 C:\xampp\htdocs\hotel\system\Database\BaseConnection.php(598): CodeIgniter\Database\BaseConnection->simpleQuery('INSERT INTO "re...')
#4 C:\xampp\htdocs\hotel\system\Database\BaseBuilder.php(1771): CodeIgniter\Database\BaseConnection->query('INSERT INTO "re...', Array, false)
#5 C:\xampp\htdocs\hotel\system\Model.php(239): CodeIgniter\Database\BaseBuilder->insert()
#6 C:\xampp\htdocs\hotel\system\BaseModel.php(738): CodeIgniter\Model->doInsert(Array)
#7 C:\xampp\htdocs\hotel\system\Model.php(625): CodeIgniter\BaseModel->insert(Array, true)
#8 C:\xampp\htdocs\hotel\app\Controllers\habitaciones\HabitacionesController.php(236): CodeIgniter\Model->insert(Array)
#9 C:\xampp\htdocs\hotel\system\CodeIgniter.php(832): App\Controllers\habitaciones\HabitacionesController->checkIn()
#10 C:\xampp\htdocs\hotel\system\CodeIgniter.php(419): CodeIgniter\CodeIgniter->runController(Object(App\Controllers\habitaciones\HabitacionesController))
#11 C:\xampp\htdocs\hotel\system\CodeIgniter.php(326): CodeIgniter\CodeIgniter->handleRequest(NULL, Object(Config\Cache), false)
#12 C:\xampp\htdocs\hotel\index.php(37): CodeIgniter\CodeIgniter->run()
#13 {main}
ERROR - 2026-04-13 23:34:22 --> ErrorException: pg_query(): Query failed: ERROR:  la sintaxis de entrada no es válida para integer: «»
LINE 1: ...io_destino&quot;, &quot;id_reserva&quot;, &quot;id_vehiculo&quot;) VALUES ('', '', '1...
                                                             ^ in C:\xampp\htdocs\hotel\system\Database\Postgre\Connection.php:135
Stack trace:
#0 [internal function]: CodeIgniter\Debug\Exceptions->errorHandler(2, 'pg_query(): Que...', 'C:\\xampp\\htdocs...', 135)
#1 C:\xampp\htdocs\hotel\system\Database\Postgre\Connection.php(135): pg_query(Resource id #123, 'INSERT INTO "re...')
#2 C:\xampp\htdocs\hotel\system\Database\BaseConnection.php(670): CodeIgniter\Database\Postgre\Connection->execute('INSERT INTO "re...')
#3 C:\xampp\htdocs\hotel\system\Database\BaseConnection.php(598): CodeIgniter\Database\BaseConnection->simpleQuery('INSERT INTO "re...')
#4 C:\xampp\htdocs\hotel\system\Database\BaseBuilder.php(1771): CodeIgniter\Database\BaseConnection->query('INSERT INTO "re...', Array, false)
#5 C:\xampp\htdocs\hotel\system\Model.php(239): CodeIgniter\Database\BaseBuilder->insert()
#6 C:\xampp\htdocs\hotel\system\BaseModel.php(738): CodeIgniter\Model->doInsert(Array)
#7 C:\xampp\htdocs\hotel\system\Model.php(625): CodeIgniter\BaseModel->insert(Array, true)
#8 C:\xampp\htdocs\hotel\app\Controllers\habitaciones\HabitacionesController.php(236): CodeIgniter\Model->insert(Array)
#9 C:\xampp\htdocs\hotel\system\CodeIgniter.php(832): App\Controllers\habitaciones\HabitacionesController->checkIn()
#10 C:\xampp\htdocs\hotel\system\CodeIgniter.php(419): CodeIgniter\CodeIgniter->runController(Object(App\Controllers\habitaciones\HabitacionesController))
#11 C:\xampp\htdocs\hotel\system\CodeIgniter.php(326): CodeIgniter\CodeIgniter->handleRequest(NULL, Object(Config\Cache), false)
#12 C:\xampp\htdocs\hotel\index.php(37): CodeIgniter\CodeIgniter->run()
#13 {main}
ERROR - 2026-04-13 23:37:16 --> ErrorException: pg_query(): Query failed: ERROR:  la sintaxis de entrada no es válida para integer: «»
LINE 1: ...io_destino&quot;, &quot;id_reserva&quot;, &quot;id_vehiculo&quot;) VALUES ('', '', '1...
                                                             ^ in C:\xampp\htdocs\hotel\system\Database\Postgre\Connection.php:135
Stack trace:
#0 [internal function]: CodeIgniter\Debug\Exceptions->errorHandler(2, 'pg_query(): Que...', 'C:\\xampp\\htdocs...', 135)
#1 C:\xampp\htdocs\hotel\system\Database\Postgre\Connection.php(135): pg_query(Resource id #123, 'INSERT INTO "re...')
#2 C:\xampp\htdocs\hotel\system\Database\BaseConnection.php(670): CodeIgniter\Database\Postgre\Connection->execute('INSERT INTO "re...')
#3 C:\xampp\htdocs\hotel\system\Database\BaseConnection.php(598): CodeIgniter\Database\BaseConnection->simpleQuery('INSERT INTO "re...')
#4 C:\xampp\htdocs\hotel\system\Database\BaseBuilder.php(1771): CodeIgniter\Database\BaseConnection->query('INSERT INTO "re...', Array, false)
#5 C:\xampp\htdocs\hotel\system\Model.php(239): CodeIgniter\Database\BaseBuilder->insert()
#6 C:\xampp\htdocs\hotel\system\BaseModel.php(738): CodeIgniter\Model->doInsert(Array)
#7 C:\xampp\htdocs\hotel\system\Model.php(625): CodeIgniter\BaseModel->insert(Array, true)
#8 C:\xampp\htdocs\hotel\app\Controllers\habitaciones\HabitacionesController.php(236): CodeIgniter\Model->insert(Array)
#9 C:\xampp\htdocs\hotel\system\CodeIgniter.php(832): App\Controllers\habitaciones\HabitacionesController->checkIn()
#10 C:\xampp\htdocs\hotel\system\CodeIgniter.php(419): CodeIgniter\CodeIgniter->runController(Object(App\Controllers\habitaciones\HabitacionesController))
#11 C:\xampp\htdocs\hotel\system\CodeIgniter.php(326): CodeIgniter\CodeIgniter->handleRequest(NULL, Object(Config\Cache), false)
#12 C:\xampp\htdocs\hotel\index.php(37): CodeIgniter\CodeIgniter->run()
#13 {main}
ERROR - 2026-04-13 23:37:19 --> ErrorException: pg_query(): Query failed: ERROR:  la sintaxis de entrada no es válida para integer: «»
LINE 1: ...io_destino&quot;, &quot;id_reserva&quot;, &quot;id_vehiculo&quot;) VALUES ('', '', '1...
                                                             ^ in C:\xampp\htdocs\hotel\system\Database\Postgre\Connection.php:135
Stack trace:
#0 [internal function]: CodeIgniter\Debug\Exceptions->errorHandler(2, 'pg_query(): Que...', 'C:\\xampp\\htdocs...', 135)
#1 C:\xampp\htdocs\hotel\system\Database\Postgre\Connection.php(135): pg_query(Resource id #123, 'INSERT INTO "re...')
#2 C:\xampp\htdocs\hotel\system\Database\BaseConnection.php(670): CodeIgniter\Database\Postgre\Connection->execute('INSERT INTO "re...')
#3 C:\xampp\htdocs\hotel\system\Database\BaseConnection.php(598): CodeIgniter\Database\BaseConnection->simpleQuery('INSERT INTO "re...')
#4 C:\xampp\htdocs\hotel\system\Database\BaseBuilder.php(1771): CodeIgniter\Database\BaseConnection->query('INSERT INTO "re...', Array, false)
#5 C:\xampp\htdocs\hotel\system\Model.php(239): CodeIgniter\Database\BaseBuilder->insert()
#6 C:\xampp\htdocs\hotel\system\BaseModel.php(738): CodeIgniter\Model->doInsert(Array)
#7 C:\xampp\htdocs\hotel\system\Model.php(625): CodeIgniter\BaseModel->insert(Array, true)
#8 C:\xampp\htdocs\hotel\app\Controllers\habitaciones\HabitacionesController.php(236): CodeIgniter\Model->insert(Array)
#9 C:\xampp\htdocs\hotel\system\CodeIgniter.php(832): App\Controllers\habitaciones\HabitacionesController->checkIn()
#10 C:\xampp\htdocs\hotel\system\CodeIgniter.php(419): CodeIgniter\CodeIgniter->runController(Object(App\Controllers\habitaciones\HabitacionesController))
#11 C:\xampp\htdocs\hotel\system\CodeIgniter.php(326): CodeIgniter\CodeIgniter->handleRequest(NULL, Object(Config\Cache), false)
#12 C:\xampp\htdocs\hotel\index.php(37): CodeIgniter\CodeIgniter->run()
#13 {main}
