CRITICAL - 2026-03-21 11:14:07 --> Call to undefined method App\Controllers\Reportes\ReportesController::render()
#0 C:\xampp\htdocs\hotel\system\CodeIgniter.php(832): App\Controllers\Reportes\ReportesController->ventas()
#1 C:\xampp\htdocs\hotel\system\CodeIgniter.php(419): CodeIgniter\CodeIgniter->runController(Object(App\Controllers\Reportes\ReportesController))
#2 C:\xampp\htdocs\hotel\system\CodeIgniter.php(326): CodeIgniter\CodeIgniter->handleRequest(NULL, Object(Config\Cache), false)
#3 C:\xampp\htdocs\hotel\index.php(37): CodeIgniter\CodeIgniter->run()
#4 {main}
CRITICAL - 2026-03-21 11:14:10 --> Call to undefined method App\Controllers\Reportes\ReportesController::render()
#0 C:\xampp\htdocs\hotel\system\CodeIgniter.php(832): App\Controllers\Reportes\ReportesController->ventas()
#1 C:\xampp\htdocs\hotel\system\CodeIgniter.php(419): CodeIgniter\CodeIgniter->runController(Object(App\Controllers\Reportes\ReportesController))
#2 C:\xampp\htdocs\hotel\system\CodeIgniter.php(326): CodeIgniter\CodeIgniter->handleRequest(NULL, Object(Config\Cache), false)
#3 C:\xampp\htdocs\hotel\index.php(37): CodeIgniter\CodeIgniter->run()
#4 {main}
ERROR - 2026-03-21 12:06:58 --> ErrorException: pg_query(): Query failed: ERROR:  no existe la relación «habitaciones»
LINE 2: FROM &quot;habitaciones&quot;
             ^ in C:\xampp\htdocs\hotel\system\Database\Postgre\Connection.php:135
Stack trace:
#0 [internal function]: CodeIgniter\Debug\Exceptions->errorHandler(2, 'pg_query(): Que...', 'C:\\xampp\\htdocs...', 135)
#1 C:\xampp\htdocs\hotel\system\Database\Postgre\Connection.php(135): pg_query(Resource id #123, 'SELECT *\nFROM "...')
#2 C:\xampp\htdocs\hotel\system\Database\BaseConnection.php(670): CodeIgniter\Database\Postgre\Connection->execute('SELECT *\nFROM "...')
#3 C:\xampp\htdocs\hotel\system\Database\BaseConnection.php(598): CodeIgniter\Database\BaseConnection->simpleQuery('SELECT *\nFROM "...')
#4 C:\xampp\htdocs\hotel\system\Database\BaseBuilder.php(1455): CodeIgniter\Database\BaseConnection->query('SELECT *\nFROM "...', Array, false)
#5 C:\xampp\htdocs\hotel\system\Model.php(183): CodeIgniter\Database\BaseBuilder->get()
#6 C:\xampp\htdocs\hotel\system\BaseModel.php(584): CodeIgniter\Model->doFindAll(0, 0)
#7 C:\xampp\htdocs\hotel\app\Controllers\Reportes\ReportesController.php(16): CodeIgniter\BaseModel->findAll()
#8 C:\xampp\htdocs\hotel\system\CodeIgniter.php(832): App\Controllers\Reportes\ReportesController->ventas()
#9 C:\xampp\htdocs\hotel\system\CodeIgniter.php(419): CodeIgniter\CodeIgniter->runController(Object(App\Controllers\Reportes\ReportesController))
#10 C:\xampp\htdocs\hotel\system\CodeIgniter.php(326): CodeIgniter\CodeIgniter->handleRequest(NULL, Object(Config\Cache), false)
#11 C:\xampp\htdocs\hotel\index.php(37): CodeIgniter\CodeIgniter->run()
#12 {main}
CRITICAL - 2026-03-21 12:06:58 --> pg_query(): Query failed: ERROR:  no existe la relación «habitaciones»
LINE 2: FROM &quot;habitaciones&quot;
             ^
#0 [internal function]: CodeIgniter\Debug\Exceptions->errorHandler(2, 'pg_query(): Que...', 'C:\\xampp\\htdocs...', 135)
#1 C:\xampp\htdocs\hotel\system\Database\Postgre\Connection.php(135): pg_query(Resource id #123, 'SELECT *\nFROM "...')
#2 C:\xampp\htdocs\hotel\system\Database\BaseConnection.php(670): CodeIgniter\Database\Postgre\Connection->execute('SELECT *\nFROM "...')
#3 C:\xampp\htdocs\hotel\system\Database\BaseConnection.php(598): CodeIgniter\Database\BaseConnection->simpleQuery('SELECT *\nFROM "...')
#4 C:\xampp\htdocs\hotel\system\Database\BaseBuilder.php(1455): CodeIgniter\Database\BaseConnection->query('SELECT *\nFROM "...', Array, false)
#5 C:\xampp\htdocs\hotel\system\Model.php(183): CodeIgniter\Database\BaseBuilder->get()
#6 C:\xampp\htdocs\hotel\system\BaseModel.php(584): CodeIgniter\Model->doFindAll(0, 0)
#7 C:\xampp\htdocs\hotel\app\Controllers\Reportes\ReportesController.php(16): CodeIgniter\BaseModel->findAll()
#8 C:\xampp\htdocs\hotel\system\CodeIgniter.php(832): App\Controllers\Reportes\ReportesController->ventas()
#9 C:\xampp\htdocs\hotel\system\CodeIgniter.php(419): CodeIgniter\CodeIgniter->runController(Object(App\Controllers\Reportes\ReportesController))
#10 C:\xampp\htdocs\hotel\system\CodeIgniter.php(326): CodeIgniter\CodeIgniter->handleRequest(NULL, Object(Config\Cache), false)
#11 C:\xampp\htdocs\hotel\index.php(37): CodeIgniter\CodeIgniter->run()
#12 {main}
CRITICAL - 2026-03-21 12:06:58 --> Uncaught CodeIgniter\Format\Exceptions\FormatException: Failed to parse json string, error: "Type is not supported". in C:\xampp\htdocs\hotel\system\Format\JSONFormatter.php:41
Stack trace:
#0 C:\xampp\htdocs\hotel\system\Format\JSONFormatter.php(41): CodeIgniter\Format\Exceptions\FormatException::forInvalidJSON('Type is not sup...')
#1 C:\xampp\htdocs\hotel\system\API\ResponseTrait.php(341): CodeIgniter\Format\JSONFormatter->format(Array)
#2 C:\xampp\htdocs\hotel\system\API\ResponseTrait.php(99): CodeIgniter\Debug\Exceptions->format(Array)
#3 C:\xampp\htdocs\hotel\system\Debug\Exceptions.php(115): CodeIgniter\Debug\Exceptions->respond(Array, 500)
#4 [internal function]: CodeIgniter\Debug\Exceptions->exceptionHandler(Object(ErrorException))
#5 {main}
  thrown
#0 [internal function]: CodeIgniter\Debug\Exceptions->shutdownHandler()
#1 {main}
ERROR - 2026-03-21 12:06:59 --> ErrorException: pg_query(): Query failed: ERROR:  no existe la relación «habitaciones»
LINE 2: FROM &quot;habitaciones&quot;
             ^ in C:\xampp\htdocs\hotel\system\Database\Postgre\Connection.php:135
Stack trace:
#0 [internal function]: CodeIgniter\Debug\Exceptions->errorHandler(2, 'pg_query(): Que...', 'C:\\xampp\\htdocs...', 135)
#1 C:\xampp\htdocs\hotel\system\Database\Postgre\Connection.php(135): pg_query(Resource id #123, 'SELECT *\nFROM "...')
#2 C:\xampp\htdocs\hotel\system\Database\BaseConnection.php(670): CodeIgniter\Database\Postgre\Connection->execute('SELECT *\nFROM "...')
#3 C:\xampp\htdocs\hotel\system\Database\BaseConnection.php(598): CodeIgniter\Database\BaseConnection->simpleQuery('SELECT *\nFROM "...')
#4 C:\xampp\htdocs\hotel\system\Database\BaseBuilder.php(1455): CodeIgniter\Database\BaseConnection->query('SELECT *\nFROM "...', Array, false)
#5 C:\xampp\htdocs\hotel\system\Model.php(183): CodeIgniter\Database\BaseBuilder->get()
#6 C:\xampp\htdocs\hotel\system\BaseModel.php(584): CodeIgniter\Model->doFindAll(0, 0)
#7 C:\xampp\htdocs\hotel\app\Controllers\Reportes\ReportesController.php(16): CodeIgniter\BaseModel->findAll()
#8 C:\xampp\htdocs\hotel\system\CodeIgniter.php(832): App\Controllers\Reportes\ReportesController->ventas()
#9 C:\xampp\htdocs\hotel\system\CodeIgniter.php(419): CodeIgniter\CodeIgniter->runController(Object(App\Controllers\Reportes\ReportesController))
#10 C:\xampp\htdocs\hotel\system\CodeIgniter.php(326): CodeIgniter\CodeIgniter->handleRequest(NULL, Object(Config\Cache), false)
#11 C:\xampp\htdocs\hotel\index.php(37): CodeIgniter\CodeIgniter->run()
#12 {main}
CRITICAL - 2026-03-21 12:06:59 --> pg_query(): Query failed: ERROR:  no existe la relación «habitaciones»
LINE 2: FROM &quot;habitaciones&quot;
             ^
#0 [internal function]: CodeIgniter\Debug\Exceptions->errorHandler(2, 'pg_query(): Que...', 'C:\\xampp\\htdocs...', 135)
#1 C:\xampp\htdocs\hotel\system\Database\Postgre\Connection.php(135): pg_query(Resource id #123, 'SELECT *\nFROM "...')
#2 C:\xampp\htdocs\hotel\system\Database\BaseConnection.php(670): CodeIgniter\Database\Postgre\Connection->execute('SELECT *\nFROM "...')
#3 C:\xampp\htdocs\hotel\system\Database\BaseConnection.php(598): CodeIgniter\Database\BaseConnection->simpleQuery('SELECT *\nFROM "...')
#4 C:\xampp\htdocs\hotel\system\Database\BaseBuilder.php(1455): CodeIgniter\Database\BaseConnection->query('SELECT *\nFROM "...', Array, false)
#5 C:\xampp\htdocs\hotel\system\Model.php(183): CodeIgniter\Database\BaseBuilder->get()
#6 C:\xampp\htdocs\hotel\system\BaseModel.php(584): CodeIgniter\Model->doFindAll(0, 0)
#7 C:\xampp\htdocs\hotel\app\Controllers\Reportes\ReportesController.php(16): CodeIgniter\BaseModel->findAll()
#8 C:\xampp\htdocs\hotel\system\CodeIgniter.php(832): App\Controllers\Reportes\ReportesController->ventas()
#9 C:\xampp\htdocs\hotel\system\CodeIgniter.php(419): CodeIgniter\CodeIgniter->runController(Object(App\Controllers\Reportes\ReportesController))
#10 C:\xampp\htdocs\hotel\system\CodeIgniter.php(326): CodeIgniter\CodeIgniter->handleRequest(NULL, Object(Config\Cache), false)
#11 C:\xampp\htdocs\hotel\index.php(37): CodeIgniter\CodeIgniter->run()
#12 {main}
CRITICAL - 2026-03-21 12:06:59 --> Uncaught CodeIgniter\Format\Exceptions\FormatException: Failed to parse json string, error: "Type is not supported". in C:\xampp\htdocs\hotel\system\Format\JSONFormatter.php:41
Stack trace:
#0 C:\xampp\htdocs\hotel\system\Format\JSONFormatter.php(41): CodeIgniter\Format\Exceptions\FormatException::forInvalidJSON('Type is not sup...')
#1 C:\xampp\htdocs\hotel\system\API\ResponseTrait.php(341): CodeIgniter\Format\JSONFormatter->format(Array)
#2 C:\xampp\htdocs\hotel\system\API\ResponseTrait.php(99): CodeIgniter\Debug\Exceptions->format(Array)
#3 C:\xampp\htdocs\hotel\system\Debug\Exceptions.php(115): CodeIgniter\Debug\Exceptions->respond(Array, 500)
#4 [internal function]: CodeIgniter\Debug\Exceptions->exceptionHandler(Object(ErrorException))
#5 {main}
  thrown
#0 [internal function]: CodeIgniter\Debug\Exceptions->shutdownHandler()
#1 {main}
ERROR - 2026-03-21 12:09:54 --> ErrorException: pg_query(): Query failed: ERROR:  no existe la relación «habitaciones»
LINE 2: FROM &quot;habitaciones&quot;
             ^ in C:\xampp\htdocs\hotel\system\Database\Postgre\Connection.php:135
Stack trace:
#0 [internal function]: CodeIgniter\Debug\Exceptions->errorHandler(2, 'pg_query(): Que...', 'C:\\xampp\\htdocs...', 135)
#1 C:\xampp\htdocs\hotel\system\Database\Postgre\Connection.php(135): pg_query(Resource id #123, 'SELECT *\nFROM "...')
#2 C:\xampp\htdocs\hotel\system\Database\BaseConnection.php(670): CodeIgniter\Database\Postgre\Connection->execute('SELECT *\nFROM "...')
#3 C:\xampp\htdocs\hotel\system\Database\BaseConnection.php(598): CodeIgniter\Database\BaseConnection->simpleQuery('SELECT *\nFROM "...')
#4 C:\xampp\htdocs\hotel\system\Database\BaseBuilder.php(1455): CodeIgniter\Database\BaseConnection->query('SELECT *\nFROM "...', Array, false)
#5 C:\xampp\htdocs\hotel\system\Model.php(183): CodeIgniter\Database\BaseBuilder->get()
#6 C:\xampp\htdocs\hotel\system\BaseModel.php(584): CodeIgniter\Model->doFindAll(0, 0)
#7 C:\xampp\htdocs\hotel\app\Controllers\Reportes\ReportesController.php(16): CodeIgniter\BaseModel->findAll()
#8 C:\xampp\htdocs\hotel\system\CodeIgniter.php(832): App\Controllers\Reportes\ReportesController->ventas()
#9 C:\xampp\htdocs\hotel\system\CodeIgniter.php(419): CodeIgniter\CodeIgniter->runController(Object(App\Controllers\Reportes\ReportesController))
#10 C:\xampp\htdocs\hotel\system\CodeIgniter.php(326): CodeIgniter\CodeIgniter->handleRequest(NULL, Object(Config\Cache), false)
#11 C:\xampp\htdocs\hotel\index.php(37): CodeIgniter\CodeIgniter->run()
#12 {main}
CRITICAL - 2026-03-21 12:09:54 --> pg_query(): Query failed: ERROR:  no existe la relación «habitaciones»
LINE 2: FROM &quot;habitaciones&quot;
             ^
#0 [internal function]: CodeIgniter\Debug\Exceptions->errorHandler(2, 'pg_query(): Que...', 'C:\\xampp\\htdocs...', 135)
#1 C:\xampp\htdocs\hotel\system\Database\Postgre\Connection.php(135): pg_query(Resource id #123, 'SELECT *\nFROM "...')
#2 C:\xampp\htdocs\hotel\system\Database\BaseConnection.php(670): CodeIgniter\Database\Postgre\Connection->execute('SELECT *\nFROM "...')
#3 C:\xampp\htdocs\hotel\system\Database\BaseConnection.php(598): CodeIgniter\Database\BaseConnection->simpleQuery('SELECT *\nFROM "...')
#4 C:\xampp\htdocs\hotel\system\Database\BaseBuilder.php(1455): CodeIgniter\Database\BaseConnection->query('SELECT *\nFROM "...', Array, false)
#5 C:\xampp\htdocs\hotel\system\Model.php(183): CodeIgniter\Database\BaseBuilder->get()
#6 C:\xampp\htdocs\hotel\system\BaseModel.php(584): CodeIgniter\Model->doFindAll(0, 0)
#7 C:\xampp\htdocs\hotel\app\Controllers\Reportes\ReportesController.php(16): CodeIgniter\BaseModel->findAll()
#8 C:\xampp\htdocs\hotel\system\CodeIgniter.php(832): App\Controllers\Reportes\ReportesController->ventas()
#9 C:\xampp\htdocs\hotel\system\CodeIgniter.php(419): CodeIgniter\CodeIgniter->runController(Object(App\Controllers\Reportes\ReportesController))
#10 C:\xampp\htdocs\hotel\system\CodeIgniter.php(326): CodeIgniter\CodeIgniter->handleRequest(NULL, Object(Config\Cache), false)
#11 C:\xampp\htdocs\hotel\index.php(37): CodeIgniter\CodeIgniter->run()
#12 {main}
CRITICAL - 2026-03-21 12:09:54 --> Uncaught CodeIgniter\Format\Exceptions\FormatException: Failed to parse json string, error: "Type is not supported". in C:\xampp\htdocs\hotel\system\Format\JSONFormatter.php:41
Stack trace:
#0 C:\xampp\htdocs\hotel\system\Format\JSONFormatter.php(41): CodeIgniter\Format\Exceptions\FormatException::forInvalidJSON('Type is not sup...')
#1 C:\xampp\htdocs\hotel\system\API\ResponseTrait.php(341): CodeIgniter\Format\JSONFormatter->format(Array)
#2 C:\xampp\htdocs\hotel\system\API\ResponseTrait.php(99): CodeIgniter\Debug\Exceptions->format(Array)
#3 C:\xampp\htdocs\hotel\system\Debug\Exceptions.php(115): CodeIgniter\Debug\Exceptions->respond(Array, 500)
#4 [internal function]: CodeIgniter\Debug\Exceptions->exceptionHandler(Object(ErrorException))
#5 {main}
  thrown
#0 [internal function]: CodeIgniter\Debug\Exceptions->shutdownHandler()
#1 {main}
ERROR - 2026-03-21 12:10:07 --> ErrorException: pg_query(): Query failed: ERROR:  no existe la relación «habitaciones»
LINE 2: FROM &quot;habitaciones&quot;
             ^ in C:\xampp\htdocs\hotel\system\Database\Postgre\Connection.php:135
Stack trace:
#0 [internal function]: CodeIgniter\Debug\Exceptions->errorHandler(2, 'pg_query(): Que...', 'C:\\xampp\\htdocs...', 135)
#1 C:\xampp\htdocs\hotel\system\Database\Postgre\Connection.php(135): pg_query(Resource id #123, 'SELECT *\nFROM "...')
#2 C:\xampp\htdocs\hotel\system\Database\BaseConnection.php(670): CodeIgniter\Database\Postgre\Connection->execute('SELECT *\nFROM "...')
#3 C:\xampp\htdocs\hotel\system\Database\BaseConnection.php(598): CodeIgniter\Database\BaseConnection->simpleQuery('SELECT *\nFROM "...')
#4 C:\xampp\htdocs\hotel\system\Database\BaseBuilder.php(1455): CodeIgniter\Database\BaseConnection->query('SELECT *\nFROM "...', Array, false)
#5 C:\xampp\htdocs\hotel\system\Model.php(183): CodeIgniter\Database\BaseBuilder->get()
#6 C:\xampp\htdocs\hotel\system\BaseModel.php(584): CodeIgniter\Model->doFindAll(0, 0)
#7 C:\xampp\htdocs\hotel\app\Controllers\Reportes\ReportesController.php(16): CodeIgniter\BaseModel->findAll()
#8 C:\xampp\htdocs\hotel\system\CodeIgniter.php(832): App\Controllers\Reportes\ReportesController->ventas()
#9 C:\xampp\htdocs\hotel\system\CodeIgniter.php(419): CodeIgniter\CodeIgniter->runController(Object(App\Controllers\Reportes\ReportesController))
#10 C:\xampp\htdocs\hotel\system\CodeIgniter.php(326): CodeIgniter\CodeIgniter->handleRequest(NULL, Object(Config\Cache), false)
#11 C:\xampp\htdocs\hotel\index.php(37): CodeIgniter\CodeIgniter->run()
#12 {main}
CRITICAL - 2026-03-21 12:10:07 --> pg_query(): Query failed: ERROR:  no existe la relación «habitaciones»
LINE 2: FROM &quot;habitaciones&quot;
             ^
#0 [internal function]: CodeIgniter\Debug\Exceptions->errorHandler(2, 'pg_query(): Que...', 'C:\\xampp\\htdocs...', 135)
#1 C:\xampp\htdocs\hotel\system\Database\Postgre\Connection.php(135): pg_query(Resource id #123, 'SELECT *\nFROM "...')
#2 C:\xampp\htdocs\hotel\system\Database\BaseConnection.php(670): CodeIgniter\Database\Postgre\Connection->execute('SELECT *\nFROM "...')
#3 C:\xampp\htdocs\hotel\system\Database\BaseConnection.php(598): CodeIgniter\Database\BaseConnection->simpleQuery('SELECT *\nFROM "...')
#4 C:\xampp\htdocs\hotel\system\Database\BaseBuilder.php(1455): CodeIgniter\Database\BaseConnection->query('SELECT *\nFROM "...', Array, false)
#5 C:\xampp\htdocs\hotel\system\Model.php(183): CodeIgniter\Database\BaseBuilder->get()
#6 C:\xampp\htdocs\hotel\system\BaseModel.php(584): CodeIgniter\Model->doFindAll(0, 0)
#7 C:\xampp\htdocs\hotel\app\Controllers\Reportes\ReportesController.php(16): CodeIgniter\BaseModel->findAll()
#8 C:\xampp\htdocs\hotel\system\CodeIgniter.php(832): App\Controllers\Reportes\ReportesController->ventas()
#9 C:\xampp\htdocs\hotel\system\CodeIgniter.php(419): CodeIgniter\CodeIgniter->runController(Object(App\Controllers\Reportes\ReportesController))
#10 C:\xampp\htdocs\hotel\system\CodeIgniter.php(326): CodeIgniter\CodeIgniter->handleRequest(NULL, Object(Config\Cache), false)
#11 C:\xampp\htdocs\hotel\index.php(37): CodeIgniter\CodeIgniter->run()
#12 {main}
CRITICAL - 2026-03-21 12:10:07 --> Uncaught CodeIgniter\Format\Exceptions\FormatException: Failed to parse json string, error: "Type is not supported". in C:\xampp\htdocs\hotel\system\Format\JSONFormatter.php:41
Stack trace:
#0 C:\xampp\htdocs\hotel\system\Format\JSONFormatter.php(41): CodeIgniter\Format\Exceptions\FormatException::forInvalidJSON('Type is not sup...')
#1 C:\xampp\htdocs\hotel\system\API\ResponseTrait.php(341): CodeIgniter\Format\JSONFormatter->format(Array)
#2 C:\xampp\htdocs\hotel\system\API\ResponseTrait.php(99): CodeIgniter\Debug\Exceptions->format(Array)
#3 C:\xampp\htdocs\hotel\system\Debug\Exceptions.php(115): CodeIgniter\Debug\Exceptions->respond(Array, 500)
#4 [internal function]: CodeIgniter\Debug\Exceptions->exceptionHandler(Object(ErrorException))
#5 {main}
  thrown
#0 [internal function]: CodeIgniter\Debug\Exceptions->shutdownHandler()
#1 {main}
ERROR - 2026-03-21 12:19:07 --> ErrorException: pg_query(): Query failed: ERROR:  no existe la relación «habitaciones»
LINE 2: FROM &quot;habitaciones&quot;
             ^ in C:\xampp\htdocs\hotel\system\Database\Postgre\Connection.php:135
Stack trace:
#0 [internal function]: CodeIgniter\Debug\Exceptions->errorHandler(2, 'pg_query(): Que...', 'C:\\xampp\\htdocs...', 135)
#1 C:\xampp\htdocs\hotel\system\Database\Postgre\Connection.php(135): pg_query(Resource id #123, 'SELECT *\nFROM "...')
#2 C:\xampp\htdocs\hotel\system\Database\BaseConnection.php(670): CodeIgniter\Database\Postgre\Connection->execute('SELECT *\nFROM "...')
#3 C:\xampp\htdocs\hotel\system\Database\BaseConnection.php(598): CodeIgniter\Database\BaseConnection->simpleQuery('SELECT *\nFROM "...')
#4 C:\xampp\htdocs\hotel\system\Database\BaseBuilder.php(1455): CodeIgniter\Database\BaseConnection->query('SELECT *\nFROM "...', Array, false)
#5 C:\xampp\htdocs\hotel\system\Model.php(183): CodeIgniter\Database\BaseBuilder->get()
#6 C:\xampp\htdocs\hotel\system\BaseModel.php(584): CodeIgniter\Model->doFindAll(0, 0)
#7 C:\xampp\htdocs\hotel\app\Controllers\Reportes\ReportesController.php(16): CodeIgniter\BaseModel->findAll()
#8 C:\xampp\htdocs\hotel\system\CodeIgniter.php(832): App\Controllers\Reportes\ReportesController->ventas()
#9 C:\xampp\htdocs\hotel\system\CodeIgniter.php(419): CodeIgniter\CodeIgniter->runController(Object(App\Controllers\Reportes\ReportesController))
#10 C:\xampp\htdocs\hotel\system\CodeIgniter.php(326): CodeIgniter\CodeIgniter->handleRequest(NULL, Object(Config\Cache), false)
#11 C:\xampp\htdocs\hotel\index.php(37): CodeIgniter\CodeIgniter->run()
#12 {main}
CRITICAL - 2026-03-21 12:19:07 --> pg_query(): Query failed: ERROR:  no existe la relación «habitaciones»
LINE 2: FROM &quot;habitaciones&quot;
             ^
#0 [internal function]: CodeIgniter\Debug\Exceptions->errorHandler(2, 'pg_query(): Que...', 'C:\\xampp\\htdocs...', 135)
#1 C:\xampp\htdocs\hotel\system\Database\Postgre\Connection.php(135): pg_query(Resource id #123, 'SELECT *\nFROM "...')
#2 C:\xampp\htdocs\hotel\system\Database\BaseConnection.php(670): CodeIgniter\Database\Postgre\Connection->execute('SELECT *\nFROM "...')
#3 C:\xampp\htdocs\hotel\system\Database\BaseConnection.php(598): CodeIgniter\Database\BaseConnection->simpleQuery('SELECT *\nFROM "...')
#4 C:\xampp\htdocs\hotel\system\Database\BaseBuilder.php(1455): CodeIgniter\Database\BaseConnection->query('SELECT *\nFROM "...', Array, false)
#5 C:\xampp\htdocs\hotel\system\Model.php(183): CodeIgniter\Database\BaseBuilder->get()
#6 C:\xampp\htdocs\hotel\system\BaseModel.php(584): CodeIgniter\Model->doFindAll(0, 0)
#7 C:\xampp\htdocs\hotel\app\Controllers\Reportes\ReportesController.php(16): CodeIgniter\BaseModel->findAll()
#8 C:\xampp\htdocs\hotel\system\CodeIgniter.php(832): App\Controllers\Reportes\ReportesController->ventas()
#9 C:\xampp\htdocs\hotel\system\CodeIgniter.php(419): CodeIgniter\CodeIgniter->runController(Object(App\Controllers\Reportes\ReportesController))
#10 C:\xampp\htdocs\hotel\system\CodeIgniter.php(326): CodeIgniter\CodeIgniter->handleRequest(NULL, Object(Config\Cache), false)
#11 C:\xampp\htdocs\hotel\index.php(37): CodeIgniter\CodeIgniter->run()
#12 {main}
CRITICAL - 2026-03-21 12:27:31 --> Undefined array key "capacidad"
#0 C:\xampp\htdocs\hotel\app\Views\reportes\ventas.php(45): CodeIgniter\Debug\Exceptions->errorHandler(2, 'Undefined array...', 'C:\\xampp\\htdocs...', 45)
#1 C:\xampp\htdocs\hotel\system\View\View.php(210): include('C:\\xampp\\htdocs...')
#2 C:\xampp\htdocs\hotel\system\View\View.php(213): CodeIgniter\View\View->CodeIgniter\View\{closure}()
#3 C:\xampp\htdocs\hotel\system\Common.php(1089): CodeIgniter\View\View->render('reportes/ventas', Array, true)
#4 C:\xampp\htdocs\hotel\app\Controllers\BaseController.php(62): view('reportes/ventas', Array)
#5 C:\xampp\htdocs\hotel\app\Controllers\Reportes\ReportesController.php(19): App\Controllers\BaseController->render('reportes/ventas', Array)
#6 C:\xampp\htdocs\hotel\system\CodeIgniter.php(832): App\Controllers\Reportes\ReportesController->ventas()
#7 C:\xampp\htdocs\hotel\system\CodeIgniter.php(419): CodeIgniter\CodeIgniter->runController(Object(App\Controllers\Reportes\ReportesController))
#8 C:\xampp\htdocs\hotel\system\CodeIgniter.php(326): CodeIgniter\CodeIgniter->handleRequest(NULL, Object(Config\Cache), false)
#9 C:\xampp\htdocs\hotel\index.php(37): CodeIgniter\CodeIgniter->run()
#10 {main}
CRITICAL - 2026-03-21 13:44:16 --> Call to a member function findAll() on null
#0 C:\xampp\htdocs\hotel\system\CodeIgniter.php(832): App\Controllers\Reportes\ReportesController->registro()
#1 C:\xampp\htdocs\hotel\system\CodeIgniter.php(419): CodeIgniter\CodeIgniter->runController(Object(App\Controllers\Reportes\ReportesController))
#2 C:\xampp\htdocs\hotel\system\CodeIgniter.php(326): CodeIgniter\CodeIgniter->handleRequest(NULL, Object(Config\Cache), false)
#3 C:\xampp\htdocs\hotel\index.php(37): CodeIgniter\CodeIgniter->run()
#4 {main}
CRITICAL - 2026-03-21 14:11:23 --> Undefined array key "nombre"
#0 C:\xampp\htdocs\hotel\app\Views\reportes\ventas.php(45): CodeIgniter\Debug\Exceptions->errorHandler(2, 'Undefined array...', 'C:\\xampp\\htdocs...', 45)
#1 C:\xampp\htdocs\hotel\system\View\View.php(210): include('C:\\xampp\\htdocs...')
#2 C:\xampp\htdocs\hotel\system\View\View.php(213): CodeIgniter\View\View->CodeIgniter\View\{closure}()
#3 C:\xampp\htdocs\hotel\system\Common.php(1089): CodeIgniter\View\View->render('reportes/ventas', Array, true)
#4 C:\xampp\htdocs\hotel\app\Controllers\BaseController.php(57): view('reportes/ventas', Array)
#5 C:\xampp\htdocs\hotel\app\Controllers\Reportes\ReportesController.php(19): App\Controllers\BaseController->render('reportes/ventas', Array)
#6 C:\xampp\htdocs\hotel\system\CodeIgniter.php(832): App\Controllers\Reportes\ReportesController->ventas()
#7 C:\xampp\htdocs\hotel\system\CodeIgniter.php(419): CodeIgniter\CodeIgniter->runController(Object(App\Controllers\Reportes\ReportesController))
#8 C:\xampp\htdocs\hotel\system\CodeIgniter.php(326): CodeIgniter\CodeIgniter->handleRequest(NULL, Object(Config\Cache), false)
#9 C:\xampp\htdocs\hotel\index.php(37): CodeIgniter\CodeIgniter->run()
#10 {main}
CRITICAL - 2026-03-21 14:11:25 --> Undefined array key "nombre"
#0 C:\xampp\htdocs\hotel\app\Views\reportes\ventas.php(45): CodeIgniter\Debug\Exceptions->errorHandler(2, 'Undefined array...', 'C:\\xampp\\htdocs...', 45)
#1 C:\xampp\htdocs\hotel\system\View\View.php(210): include('C:\\xampp\\htdocs...')
#2 C:\xampp\htdocs\hotel\system\View\View.php(213): CodeIgniter\View\View->CodeIgniter\View\{closure}()
#3 C:\xampp\htdocs\hotel\system\Common.php(1089): CodeIgniter\View\View->render('reportes/ventas', Array, true)
#4 C:\xampp\htdocs\hotel\app\Controllers\BaseController.php(57): view('reportes/ventas', Array)
#5 C:\xampp\htdocs\hotel\app\Controllers\Reportes\ReportesController.php(19): App\Controllers\BaseController->render('reportes/ventas', Array)
#6 C:\xampp\htdocs\hotel\system\CodeIgniter.php(832): App\Controllers\Reportes\ReportesController->ventas()
#7 C:\xampp\htdocs\hotel\system\CodeIgniter.php(419): CodeIgniter\CodeIgniter->runController(Object(App\Controllers\Reportes\ReportesController))
#8 C:\xampp\htdocs\hotel\system\CodeIgniter.php(326): CodeIgniter\CodeIgniter->handleRequest(NULL, Object(Config\Cache), false)
#9 C:\xampp\htdocs\hotel\index.php(37): CodeIgniter\CodeIgniter->run()
#10 {main}
CRITICAL - 2026-03-21 14:12:46 --> Undefined array key "nombre"
#0 C:\xampp\htdocs\hotel\app\Views\reportes\ventas.php(45): CodeIgniter\Debug\Exceptions->errorHandler(2, 'Undefined array...', 'C:\\xampp\\htdocs...', 45)
#1 C:\xampp\htdocs\hotel\system\View\View.php(210): include('C:\\xampp\\htdocs...')
#2 C:\xampp\htdocs\hotel\system\View\View.php(213): CodeIgniter\View\View->CodeIgniter\View\{closure}()
#3 C:\xampp\htdocs\hotel\system\Common.php(1089): CodeIgniter\View\View->render('reportes/ventas', Array, true)
#4 C:\xampp\htdocs\hotel\app\Controllers\BaseController.php(57): view('reportes/ventas', Array)
#5 C:\xampp\htdocs\hotel\app\Controllers\Reportes\ReportesController.php(19): App\Controllers\BaseController->render('reportes/ventas', Array)
#6 C:\xampp\htdocs\hotel\system\CodeIgniter.php(832): App\Controllers\Reportes\ReportesController->ventas()
#7 C:\xampp\htdocs\hotel\system\CodeIgniter.php(419): CodeIgniter\CodeIgniter->runController(Object(App\Controllers\Reportes\ReportesController))
#8 C:\xampp\htdocs\hotel\system\CodeIgniter.php(326): CodeIgniter\CodeIgniter->handleRequest(NULL, Object(Config\Cache), false)
#9 C:\xampp\htdocs\hotel\index.php(37): CodeIgniter\CodeIgniter->run()
#10 {main}
CRITICAL - 2026-03-21 14:12:47 --> Undefined array key "nombre"
#0 C:\xampp\htdocs\hotel\app\Views\reportes\ventas.php(45): CodeIgniter\Debug\Exceptions->errorHandler(2, 'Undefined array...', 'C:\\xampp\\htdocs...', 45)
#1 C:\xampp\htdocs\hotel\system\View\View.php(210): include('C:\\xampp\\htdocs...')
#2 C:\xampp\htdocs\hotel\system\View\View.php(213): CodeIgniter\View\View->CodeIgniter\View\{closure}()
#3 C:\xampp\htdocs\hotel\system\Common.php(1089): CodeIgniter\View\View->render('reportes/ventas', Array, true)
#4 C:\xampp\htdocs\hotel\app\Controllers\BaseController.php(57): view('reportes/ventas', Array)
#5 C:\xampp\htdocs\hotel\app\Controllers\Reportes\ReportesController.php(19): App\Controllers\BaseController->render('reportes/ventas', Array)
#6 C:\xampp\htdocs\hotel\system\CodeIgniter.php(832): App\Controllers\Reportes\ReportesController->ventas()
#7 C:\xampp\htdocs\hotel\system\CodeIgniter.php(419): CodeIgniter\CodeIgniter->runController(Object(App\Controllers\Reportes\ReportesController))
#8 C:\xampp\htdocs\hotel\system\CodeIgniter.php(326): CodeIgniter\CodeIgniter->handleRequest(NULL, Object(Config\Cache), false)
#9 C:\xampp\htdocs\hotel\index.php(37): CodeIgniter\CodeIgniter->run()
#10 {main}
CRITICAL - 2026-03-21 14:14:51 --> Undefined array key "piso"
#0 C:\xampp\htdocs\hotel\app\Controllers\habitaciones\HabitacionesController.php(46): CodeIgniter\Debug\Exceptions->errorHandler(2, 'Undefined array...', 'C:\\xampp\\htdocs...', 46)
#1 C:\xampp\htdocs\hotel\system\CodeIgniter.php(832): App\Controllers\habitaciones\HabitacionesController->crear()
#2 C:\xampp\htdocs\hotel\system\CodeIgniter.php(419): CodeIgniter\CodeIgniter->runController(Object(App\Controllers\habitaciones\HabitacionesController))
#3 C:\xampp\htdocs\hotel\system\CodeIgniter.php(326): CodeIgniter\CodeIgniter->handleRequest(NULL, Object(Config\Cache), false)
#4 C:\xampp\htdocs\hotel\index.php(37): CodeIgniter\CodeIgniter->run()
#5 {main}
CRITICAL - 2026-03-21 14:16:48 --> Undefined array key "nombre"
#0 C:\xampp\htdocs\hotel\app\Views\reportes\ventas.php(45): CodeIgniter\Debug\Exceptions->errorHandler(2, 'Undefined array...', 'C:\\xampp\\htdocs...', 45)
#1 C:\xampp\htdocs\hotel\system\View\View.php(210): include('C:\\xampp\\htdocs...')
#2 C:\xampp\htdocs\hotel\system\View\View.php(213): CodeIgniter\View\View->CodeIgniter\View\{closure}()
#3 C:\xampp\htdocs\hotel\system\Common.php(1089): CodeIgniter\View\View->render('reportes/ventas', Array, true)
#4 C:\xampp\htdocs\hotel\app\Controllers\BaseController.php(57): view('reportes/ventas', Array)
#5 C:\xampp\htdocs\hotel\app\Controllers\Reportes\ReportesController.php(21): App\Controllers\BaseController->render('reportes/ventas', Array)
#6 C:\xampp\htdocs\hotel\system\CodeIgniter.php(832): App\Controllers\Reportes\ReportesController->ventas()
#7 C:\xampp\htdocs\hotel\system\CodeIgniter.php(419): CodeIgniter\CodeIgniter->runController(Object(App\Controllers\Reportes\ReportesController))
#8 C:\xampp\htdocs\hotel\system\CodeIgniter.php(326): CodeIgniter\CodeIgniter->handleRequest(NULL, Object(Config\Cache), false)
#9 C:\xampp\htdocs\hotel\index.php(37): CodeIgniter\CodeIgniter->run()
#10 {main}
CRITICAL - 2026-03-21 14:16:50 --> Undefined array key "nombre"
#0 C:\xampp\htdocs\hotel\app\Views\reportes\ventas.php(45): CodeIgniter\Debug\Exceptions->errorHandler(2, 'Undefined array...', 'C:\\xampp\\htdocs...', 45)
#1 C:\xampp\htdocs\hotel\system\View\View.php(210): include('C:\\xampp\\htdocs...')
#2 C:\xampp\htdocs\hotel\system\View\View.php(213): CodeIgniter\View\View->CodeIgniter\View\{closure}()
#3 C:\xampp\htdocs\hotel\system\Common.php(1089): CodeIgniter\View\View->render('reportes/ventas', Array, true)
#4 C:\xampp\htdocs\hotel\app\Controllers\BaseController.php(57): view('reportes/ventas', Array)
#5 C:\xampp\htdocs\hotel\app\Controllers\Reportes\ReportesController.php(21): App\Controllers\BaseController->render('reportes/ventas', Array)
#6 C:\xampp\htdocs\hotel\system\CodeIgniter.php(832): App\Controllers\Reportes\ReportesController->ventas()
#7 C:\xampp\htdocs\hotel\system\CodeIgniter.php(419): CodeIgniter\CodeIgniter->runController(Object(App\Controllers\Reportes\ReportesController))
#8 C:\xampp\htdocs\hotel\system\CodeIgniter.php(326): CodeIgniter\CodeIgniter->handleRequest(NULL, Object(Config\Cache), false)
#9 C:\xampp\htdocs\hotel\index.php(37): CodeIgniter\CodeIgniter->run()
#10 {main}
CRITICAL - 2026-03-21 14:22:03 --> Undefined array key "id_mesa"
#0 C:\xampp\htdocs\hotel\app\Views\reportes\ventas.php(51): CodeIgniter\Debug\Exceptions->errorHandler(2, 'Undefined array...', 'C:\\xampp\\htdocs...', 51)
#1 C:\xampp\htdocs\hotel\system\View\View.php(210): include('C:\\xampp\\htdocs...')
#2 C:\xampp\htdocs\hotel\system\View\View.php(213): CodeIgniter\View\View->CodeIgniter\View\{closure}()
#3 C:\xampp\htdocs\hotel\system\Common.php(1089): CodeIgniter\View\View->render('reportes/ventas', Array, true)
#4 C:\xampp\htdocs\hotel\app\Controllers\BaseController.php(57): view('reportes/ventas', Array)
#5 C:\xampp\htdocs\hotel\app\Controllers\Reportes\ReportesController.php(21): App\Controllers\BaseController->render('reportes/ventas', Array)
#6 C:\xampp\htdocs\hotel\system\CodeIgniter.php(832): App\Controllers\Reportes\ReportesController->ventas()
#7 C:\xampp\htdocs\hotel\system\CodeIgniter.php(419): CodeIgniter\CodeIgniter->runController(Object(App\Controllers\Reportes\ReportesController))
#8 C:\xampp\htdocs\hotel\system\CodeIgniter.php(326): CodeIgniter\CodeIgniter->handleRequest(NULL, Object(Config\Cache), false)
#9 C:\xampp\htdocs\hotel\index.php(37): CodeIgniter\CodeIgniter->run()
#10 {main}
CRITICAL - 2026-03-21 14:22:05 --> Undefined array key "id_mesa"
#0 C:\xampp\htdocs\hotel\app\Views\reportes\ventas.php(51): CodeIgniter\Debug\Exceptions->errorHandler(2, 'Undefined array...', 'C:\\xampp\\htdocs...', 51)
#1 C:\xampp\htdocs\hotel\system\View\View.php(210): include('C:\\xampp\\htdocs...')
#2 C:\xampp\htdocs\hotel\system\View\View.php(213): CodeIgniter\View\View->CodeIgniter\View\{closure}()
#3 C:\xampp\htdocs\hotel\system\Common.php(1089): CodeIgniter\View\View->render('reportes/ventas', Array, true)
#4 C:\xampp\htdocs\hotel\app\Controllers\BaseController.php(57): view('reportes/ventas', Array)
#5 C:\xampp\htdocs\hotel\app\Controllers\Reportes\ReportesController.php(21): App\Controllers\BaseController->render('reportes/ventas', Array)
#6 C:\xampp\htdocs\hotel\system\CodeIgniter.php(832): App\Controllers\Reportes\ReportesController->ventas()
#7 C:\xampp\htdocs\hotel\system\CodeIgniter.php(419): CodeIgniter\CodeIgniter->runController(Object(App\Controllers\Reportes\ReportesController))
#8 C:\xampp\htdocs\hotel\system\CodeIgniter.php(326): CodeIgniter\CodeIgniter->handleRequest(NULL, Object(Config\Cache), false)
#9 C:\xampp\htdocs\hotel\index.php(37): CodeIgniter\CodeIgniter->run()
#10 {main}
CRITICAL - 2026-03-21 14:45:57 --> Call to a member function findAll() on null
#0 C:\xampp\htdocs\hotel\system\CodeIgniter.php(832): App\Controllers\Reportes\ReportesController->vehiculos()
#1 C:\xampp\htdocs\hotel\system\CodeIgniter.php(419): CodeIgniter\CodeIgniter->runController(Object(App\Controllers\Reportes\ReportesController))
#2 C:\xampp\htdocs\hotel\system\CodeIgniter.php(326): CodeIgniter\CodeIgniter->handleRequest(NULL, Object(Config\Cache), false)
#3 C:\xampp\htdocs\hotel\index.php(37): CodeIgniter\CodeIgniter->run()
#4 {main}
CRITICAL - 2026-03-21 14:57:53 --> Call to a member function findAll() on null
#0 C:\xampp\htdocs\hotel\system\CodeIgniter.php(832): App\Controllers\Reportes\ReportesController->vehiculos()
#1 C:\xampp\htdocs\hotel\system\CodeIgniter.php(419): CodeIgniter\CodeIgniter->runController(Object(App\Controllers\Reportes\ReportesController))
#2 C:\xampp\htdocs\hotel\system\CodeIgniter.php(326): CodeIgniter\CodeIgniter->handleRequest(NULL, Object(Config\Cache), false)
#3 C:\xampp\htdocs\hotel\index.php(37): CodeIgniter\CodeIgniter->run()
#4 {main}
CRITICAL - 2026-03-21 15:04:34 --> Call to a member function findAll() on null
#0 C:\xampp\htdocs\hotel\system\CodeIgniter.php(832): App\Controllers\Reportes\ReportesController->vehiculos()
#1 C:\xampp\htdocs\hotel\system\CodeIgniter.php(419): CodeIgniter\CodeIgniter->runController(Object(App\Controllers\Reportes\ReportesController))
#2 C:\xampp\htdocs\hotel\system\CodeIgniter.php(326): CodeIgniter\CodeIgniter->handleRequest(NULL, Object(Config\Cache), false)
#3 C:\xampp\htdocs\hotel\index.php(37): CodeIgniter\CodeIgniter->run()
#4 {main}
