ERROR - 2026-03-22 20:02:33 --> ErrorException: pg_query(): Query failed: ERROR:  no existe la columna m.estado_mesa
LINE 9:         m.estado_mesa,
                ^ in C:\xampp\htdocs\hotel\system\Database\Postgre\Connection.php:135
Stack trace:
#0 [internal function]: CodeIgniter\Debug\Exceptions->errorHandler(2, 'pg_query(): Que...', 'C:\\xampp\\htdocs...', 135)
#1 C:\xampp\htdocs\hotel\system\Database\Postgre\Connection.php(135): pg_query(Resource id #121, '\r\n     \r\n    SE...')
#2 C:\xampp\htdocs\hotel\system\Database\BaseConnection.php(670): CodeIgniter\Database\Postgre\Connection->execute('\r\n     \r\n    SE...')
#3 C:\xampp\htdocs\hotel\system\Database\BaseConnection.php(598): CodeIgniter\Database\BaseConnection->simpleQuery('\r\n     \r\n    SE...')
#4 C:\xampp\htdocs\hotel\app\Models\habitacionesModel.php(25): CodeIgniter\Database\BaseConnection->query('\r\n     \r\n    SE...')
#5 C:\xampp\htdocs\hotel\app\Controllers\Reportes\ReportesController.php(16): App\Models\habitacionesModel->getHabitaciones()
#6 C:\xampp\htdocs\hotel\system\CodeIgniter.php(832): App\Controllers\Reportes\ReportesController->ventas()
#7 C:\xampp\htdocs\hotel\system\CodeIgniter.php(419): CodeIgniter\CodeIgniter->runController(Object(App\Controllers\Reportes\ReportesController))
#8 C:\xampp\htdocs\hotel\system\CodeIgniter.php(326): CodeIgniter\CodeIgniter->handleRequest(NULL, Object(Config\Cache), false)
#9 C:\xampp\htdocs\hotel\index.php(37): CodeIgniter\CodeIgniter->run()
#10 {main}
CRITICAL - 2026-03-22 20:02:33 --> pg_query(): Query failed: ERROR:  no existe la columna m.estado_mesa
LINE 9:         m.estado_mesa,
                ^
#0 [internal function]: CodeIgniter\Debug\Exceptions->errorHandler(2, 'pg_query(): Que...', 'C:\\xampp\\htdocs...', 135)
#1 C:\xampp\htdocs\hotel\system\Database\Postgre\Connection.php(135): pg_query(Resource id #121, '\r\n     \r\n    SE...')
#2 C:\xampp\htdocs\hotel\system\Database\BaseConnection.php(670): CodeIgniter\Database\Postgre\Connection->execute('\r\n     \r\n    SE...')
#3 C:\xampp\htdocs\hotel\system\Database\BaseConnection.php(598): CodeIgniter\Database\BaseConnection->simpleQuery('\r\n     \r\n    SE...')
#4 C:\xampp\htdocs\hotel\app\Models\habitacionesModel.php(25): CodeIgniter\Database\BaseConnection->query('\r\n     \r\n    SE...')
#5 C:\xampp\htdocs\hotel\app\Controllers\Reportes\ReportesController.php(16): App\Models\habitacionesModel->getHabitaciones()
#6 C:\xampp\htdocs\hotel\system\CodeIgniter.php(832): App\Controllers\Reportes\ReportesController->ventas()
#7 C:\xampp\htdocs\hotel\system\CodeIgniter.php(419): CodeIgniter\CodeIgniter->runController(Object(App\Controllers\Reportes\ReportesController))
#8 C:\xampp\htdocs\hotel\system\CodeIgniter.php(326): CodeIgniter\CodeIgniter->handleRequest(NULL, Object(Config\Cache), false)
#9 C:\xampp\htdocs\hotel\index.php(37): CodeIgniter\CodeIgniter->run()
#10 {main}
CRITICAL - 2026-03-22 20:02:33 --> Uncaught CodeIgniter\Format\Exceptions\FormatException: Failed to parse json string, error: "Type is not supported". in C:\xampp\htdocs\hotel\system\Format\JSONFormatter.php:41
Stack trace:
#0 C:\xampp\htdocs\hotel\system\Format\JSONFormatter.php(41): CodeIgniter\Format\Exceptions\FormatException::forInvalidJSON('Type is not sup...')
#1 C:\xampp\htdocs\hotel\system\API\ResponseTrait.php(341): CodeIgniter\Format\JSONFormatter->format(Array)
#2 C:\xampp\htdocs\hotel\system\API\ResponseTrait.php(99): CodeIgniter\Debug\Exceptions->format(Array)
#3 C:\xampp\htdocs\hotel\system\Debug\Exceptions.php(115): CodeIgniter\Debug\Exceptions->respond(Array, 500)
#4 [internal function]: CodeIgniter\Debug\Exceptions->exceptionHandler(Object(ErrorException))
#5 {main}
  thrown
#0 [internal function]: CodeIgniter\Debug\Exceptions->shutdownHandler()
#1 {main}
ERROR - 2026-03-22 20:02:41 --> ErrorException: pg_query(): Query failed: ERROR:  no existe la columna m.estado_mesa
LINE 9:         m.estado_mesa,
                ^ in C:\xampp\htdocs\hotel\system\Database\Postgre\Connection.php:135
Stack trace:
#0 [internal function]: CodeIgniter\Debug\Exceptions->errorHandler(2, 'pg_query(): Que...', 'C:\\xampp\\htdocs...', 135)
#1 C:\xampp\htdocs\hotel\system\Database\Postgre\Connection.php(135): pg_query(Resource id #121, '\r\n     \r\n    SE...')
#2 C:\xampp\htdocs\hotel\system\Database\BaseConnection.php(670): CodeIgniter\Database\Postgre\Connection->execute('\r\n     \r\n    SE...')
#3 C:\xampp\htdocs\hotel\system\Database\BaseConnection.php(598): CodeIgniter\Database\BaseConnection->simpleQuery('\r\n     \r\n    SE...')
#4 C:\xampp\htdocs\hotel\app\Models\habitacionesModel.php(25): CodeIgniter\Database\BaseConnection->query('\r\n     \r\n    SE...')
#5 C:\xampp\htdocs\hotel\app\Controllers\Reportes\ReportesController.php(16): App\Models\habitacionesModel->getHabitaciones()
#6 C:\xampp\htdocs\hotel\system\CodeIgniter.php(832): App\Controllers\Reportes\ReportesController->ventas()
#7 C:\xampp\htdocs\hotel\system\CodeIgniter.php(419): CodeIgniter\CodeIgniter->runController(Object(App\Controllers\Reportes\ReportesController))
#8 C:\xampp\htdocs\hotel\system\CodeIgniter.php(326): CodeIgniter\CodeIgniter->handleRequest(NULL, Object(Config\Cache), false)
#9 C:\xampp\htdocs\hotel\index.php(37): CodeIgniter\CodeIgniter->run()
#10 {main}
CRITICAL - 2026-03-22 20:02:41 --> pg_query(): Query failed: ERROR:  no existe la columna m.estado_mesa
LINE 9:         m.estado_mesa,
                ^
#0 [internal function]: CodeIgniter\Debug\Exceptions->errorHandler(2, 'pg_query(): Que...', 'C:\\xampp\\htdocs...', 135)
#1 C:\xampp\htdocs\hotel\system\Database\Postgre\Connection.php(135): pg_query(Resource id #121, '\r\n     \r\n    SE...')
#2 C:\xampp\htdocs\hotel\system\Database\BaseConnection.php(670): CodeIgniter\Database\Postgre\Connection->execute('\r\n     \r\n    SE...')
#3 C:\xampp\htdocs\hotel\system\Database\BaseConnection.php(598): CodeIgniter\Database\BaseConnection->simpleQuery('\r\n     \r\n    SE...')
#4 C:\xampp\htdocs\hotel\app\Models\habitacionesModel.php(25): CodeIgniter\Database\BaseConnection->query('\r\n     \r\n    SE...')
#5 C:\xampp\htdocs\hotel\app\Controllers\Reportes\ReportesController.php(16): App\Models\habitacionesModel->getHabitaciones()
#6 C:\xampp\htdocs\hotel\system\CodeIgniter.php(832): App\Controllers\Reportes\ReportesController->ventas()
#7 C:\xampp\htdocs\hotel\system\CodeIgniter.php(419): CodeIgniter\CodeIgniter->runController(Object(App\Controllers\Reportes\ReportesController))
#8 C:\xampp\htdocs\hotel\system\CodeIgniter.php(326): CodeIgniter\CodeIgniter->handleRequest(NULL, Object(Config\Cache), false)
#9 C:\xampp\htdocs\hotel\index.php(37): CodeIgniter\CodeIgniter->run()
#10 {main}
CRITICAL - 2026-03-22 20:02:41 --> Uncaught CodeIgniter\Format\Exceptions\FormatException: Failed to parse json string, error: "Type is not supported". in C:\xampp\htdocs\hotel\system\Format\JSONFormatter.php:41
Stack trace:
#0 C:\xampp\htdocs\hotel\system\Format\JSONFormatter.php(41): CodeIgniter\Format\Exceptions\FormatException::forInvalidJSON('Type is not sup...')
#1 C:\xampp\htdocs\hotel\system\API\ResponseTrait.php(341): CodeIgniter\Format\JSONFormatter->format(Array)
#2 C:\xampp\htdocs\hotel\system\API\ResponseTrait.php(99): CodeIgniter\Debug\Exceptions->format(Array)
#3 C:\xampp\htdocs\hotel\system\Debug\Exceptions.php(115): CodeIgniter\Debug\Exceptions->respond(Array, 500)
#4 [internal function]: CodeIgniter\Debug\Exceptions->exceptionHandler(Object(ErrorException))
#5 {main}
  thrown
#0 [internal function]: CodeIgniter\Debug\Exceptions->shutdownHandler()
#1 {main}
ERROR - 2026-03-22 20:02:44 --> ErrorException: pg_query(): Query failed: ERROR:  no existe la columna m.estado_mesa
LINE 9:         m.estado_mesa,
                ^ in C:\xampp\htdocs\hotel\system\Database\Postgre\Connection.php:135
Stack trace:
#0 [internal function]: CodeIgniter\Debug\Exceptions->errorHandler(2, 'pg_query(): Que...', 'C:\\xampp\\htdocs...', 135)
#1 C:\xampp\htdocs\hotel\system\Database\Postgre\Connection.php(135): pg_query(Resource id #121, '\r\n     \r\n    SE...')
#2 C:\xampp\htdocs\hotel\system\Database\BaseConnection.php(670): CodeIgniter\Database\Postgre\Connection->execute('\r\n     \r\n    SE...')
#3 C:\xampp\htdocs\hotel\system\Database\BaseConnection.php(598): CodeIgniter\Database\BaseConnection->simpleQuery('\r\n     \r\n    SE...')
#4 C:\xampp\htdocs\hotel\app\Models\habitacionesModel.php(25): CodeIgniter\Database\BaseConnection->query('\r\n     \r\n    SE...')
#5 C:\xampp\htdocs\hotel\app\Controllers\Reportes\ReportesController.php(16): App\Models\habitacionesModel->getHabitaciones()
#6 C:\xampp\htdocs\hotel\system\CodeIgniter.php(832): App\Controllers\Reportes\ReportesController->ventas()
#7 C:\xampp\htdocs\hotel\system\CodeIgniter.php(419): CodeIgniter\CodeIgniter->runController(Object(App\Controllers\Reportes\ReportesController))
#8 C:\xampp\htdocs\hotel\system\CodeIgniter.php(326): CodeIgniter\CodeIgniter->handleRequest(NULL, Object(Config\Cache), false)
#9 C:\xampp\htdocs\hotel\index.php(37): CodeIgniter\CodeIgniter->run()
#10 {main}
CRITICAL - 2026-03-22 20:02:44 --> pg_query(): Query failed: ERROR:  no existe la columna m.estado_mesa
LINE 9:         m.estado_mesa,
                ^
#0 [internal function]: CodeIgniter\Debug\Exceptions->errorHandler(2, 'pg_query(): Que...', 'C:\\xampp\\htdocs...', 135)
#1 C:\xampp\htdocs\hotel\system\Database\Postgre\Connection.php(135): pg_query(Resource id #121, '\r\n     \r\n    SE...')
#2 C:\xampp\htdocs\hotel\system\Database\BaseConnection.php(670): CodeIgniter\Database\Postgre\Connection->execute('\r\n     \r\n    SE...')
#3 C:\xampp\htdocs\hotel\system\Database\BaseConnection.php(598): CodeIgniter\Database\BaseConnection->simpleQuery('\r\n     \r\n    SE...')
#4 C:\xampp\htdocs\hotel\app\Models\habitacionesModel.php(25): CodeIgniter\Database\BaseConnection->query('\r\n     \r\n    SE...')
#5 C:\xampp\htdocs\hotel\app\Controllers\Reportes\ReportesController.php(16): App\Models\habitacionesModel->getHabitaciones()
#6 C:\xampp\htdocs\hotel\system\CodeIgniter.php(832): App\Controllers\Reportes\ReportesController->ventas()
#7 C:\xampp\htdocs\hotel\system\CodeIgniter.php(419): CodeIgniter\CodeIgniter->runController(Object(App\Controllers\Reportes\ReportesController))
#8 C:\xampp\htdocs\hotel\system\CodeIgniter.php(326): CodeIgniter\CodeIgniter->handleRequest(NULL, Object(Config\Cache), false)
#9 C:\xampp\htdocs\hotel\index.php(37): CodeIgniter\CodeIgniter->run()
#10 {main}
CRITICAL - 2026-03-22 20:02:44 --> Uncaught CodeIgniter\Format\Exceptions\FormatException: Failed to parse json string, error: "Type is not supported". in C:\xampp\htdocs\hotel\system\Format\JSONFormatter.php:41
Stack trace:
#0 C:\xampp\htdocs\hotel\system\Format\JSONFormatter.php(41): CodeIgniter\Format\Exceptions\FormatException::forInvalidJSON('Type is not sup...')
#1 C:\xampp\htdocs\hotel\system\API\ResponseTrait.php(341): CodeIgniter\Format\JSONFormatter->format(Array)
#2 C:\xampp\htdocs\hotel\system\API\ResponseTrait.php(99): CodeIgniter\Debug\Exceptions->format(Array)
#3 C:\xampp\htdocs\hotel\system\Debug\Exceptions.php(115): CodeIgniter\Debug\Exceptions->respond(Array, 500)
#4 [internal function]: CodeIgniter\Debug\Exceptions->exceptionHandler(Object(ErrorException))
#5 {main}
  thrown
#0 [internal function]: CodeIgniter\Debug\Exceptions->shutdownHandler()
#1 {main}
ERROR - 2026-03-22 20:02:46 --> ErrorException: pg_query(): Query failed: ERROR:  no existe la columna m.estado_mesa
LINE 9:         m.estado_mesa,
                ^ in C:\xampp\htdocs\hotel\system\Database\Postgre\Connection.php:135
Stack trace:
#0 [internal function]: CodeIgniter\Debug\Exceptions->errorHandler(2, 'pg_query(): Que...', 'C:\\xampp\\htdocs...', 135)
#1 C:\xampp\htdocs\hotel\system\Database\Postgre\Connection.php(135): pg_query(Resource id #121, '\r\n     \r\n    SE...')
#2 C:\xampp\htdocs\hotel\system\Database\BaseConnection.php(670): CodeIgniter\Database\Postgre\Connection->execute('\r\n     \r\n    SE...')
#3 C:\xampp\htdocs\hotel\system\Database\BaseConnection.php(598): CodeIgniter\Database\BaseConnection->simpleQuery('\r\n     \r\n    SE...')
#4 C:\xampp\htdocs\hotel\app\Models\habitacionesModel.php(25): CodeIgniter\Database\BaseConnection->query('\r\n     \r\n    SE...')
#5 C:\xampp\htdocs\hotel\app\Controllers\Reportes\ReportesController.php(16): App\Models\habitacionesModel->getHabitaciones()
#6 C:\xampp\htdocs\hotel\system\CodeIgniter.php(832): App\Controllers\Reportes\ReportesController->ventas()
#7 C:\xampp\htdocs\hotel\system\CodeIgniter.php(419): CodeIgniter\CodeIgniter->runController(Object(App\Controllers\Reportes\ReportesController))
#8 C:\xampp\htdocs\hotel\system\CodeIgniter.php(326): CodeIgniter\CodeIgniter->handleRequest(NULL, Object(Config\Cache), false)
#9 C:\xampp\htdocs\hotel\index.php(37): CodeIgniter\CodeIgniter->run()
#10 {main}
CRITICAL - 2026-03-22 20:02:46 --> pg_query(): Query failed: ERROR:  no existe la columna m.estado_mesa
LINE 9:         m.estado_mesa,
                ^
#0 [internal function]: CodeIgniter\Debug\Exceptions->errorHandler(2, 'pg_query(): Que...', 'C:\\xampp\\htdocs...', 135)
#1 C:\xampp\htdocs\hotel\system\Database\Postgre\Connection.php(135): pg_query(Resource id #121, '\r\n     \r\n    SE...')
#2 C:\xampp\htdocs\hotel\system\Database\BaseConnection.php(670): CodeIgniter\Database\Postgre\Connection->execute('\r\n     \r\n    SE...')
#3 C:\xampp\htdocs\hotel\system\Database\BaseConnection.php(598): CodeIgniter\Database\BaseConnection->simpleQuery('\r\n     \r\n    SE...')
#4 C:\xampp\htdocs\hotel\app\Models\habitacionesModel.php(25): CodeIgniter\Database\BaseConnection->query('\r\n     \r\n    SE...')
#5 C:\xampp\htdocs\hotel\app\Controllers\Reportes\ReportesController.php(16): App\Models\habitacionesModel->getHabitaciones()
#6 C:\xampp\htdocs\hotel\system\CodeIgniter.php(832): App\Controllers\Reportes\ReportesController->ventas()
#7 C:\xampp\htdocs\hotel\system\CodeIgniter.php(419): CodeIgniter\CodeIgniter->runController(Object(App\Controllers\Reportes\ReportesController))
#8 C:\xampp\htdocs\hotel\system\CodeIgniter.php(326): CodeIgniter\CodeIgniter->handleRequest(NULL, Object(Config\Cache), false)
#9 C:\xampp\htdocs\hotel\index.php(37): CodeIgniter\CodeIgniter->run()
#10 {main}
CRITICAL - 2026-03-22 20:02:46 --> Uncaught CodeIgniter\Format\Exceptions\FormatException: Failed to parse json string, error: "Type is not supported". in C:\xampp\htdocs\hotel\system\Format\JSONFormatter.php:41
Stack trace:
#0 C:\xampp\htdocs\hotel\system\Format\JSONFormatter.php(41): CodeIgniter\Format\Exceptions\FormatException::forInvalidJSON('Type is not sup...')
#1 C:\xampp\htdocs\hotel\system\API\ResponseTrait.php(341): CodeIgniter\Format\JSONFormatter->format(Array)
#2 C:\xampp\htdocs\hotel\system\API\ResponseTrait.php(99): CodeIgniter\Debug\Exceptions->format(Array)
#3 C:\xampp\htdocs\hotel\system\Debug\Exceptions.php(115): CodeIgniter\Debug\Exceptions->respond(Array, 500)
#4 [internal function]: CodeIgniter\Debug\Exceptions->exceptionHandler(Object(ErrorException))
#5 {main}
  thrown
#0 [internal function]: CodeIgniter\Debug\Exceptions->shutdownHandler()
#1 {main}
ERROR - 2026-03-22 20:03:01 --> ErrorException: pg_query(): Query failed: ERROR:  no existe la columna m.estado_mesa
LINE 9:         m.estado_mesa,
                ^ in C:\xampp\htdocs\hotel\system\Database\Postgre\Connection.php:135
Stack trace:
#0 [internal function]: CodeIgniter\Debug\Exceptions->errorHandler(2, 'pg_query(): Que...', 'C:\\xampp\\htdocs...', 135)
#1 C:\xampp\htdocs\hotel\system\Database\Postgre\Connection.php(135): pg_query(Resource id #121, '\r\n     \r\n    SE...')
#2 C:\xampp\htdocs\hotel\system\Database\BaseConnection.php(670): CodeIgniter\Database\Postgre\Connection->execute('\r\n     \r\n    SE...')
#3 C:\xampp\htdocs\hotel\system\Database\BaseConnection.php(598): CodeIgniter\Database\BaseConnection->simpleQuery('\r\n     \r\n    SE...')
#4 C:\xampp\htdocs\hotel\app\Models\habitacionesModel.php(25): CodeIgniter\Database\BaseConnection->query('\r\n     \r\n    SE...')
#5 C:\xampp\htdocs\hotel\app\Controllers\Reportes\ReportesController.php(16): App\Models\habitacionesModel->getHabitaciones()
#6 C:\xampp\htdocs\hotel\system\CodeIgniter.php(832): App\Controllers\Reportes\ReportesController->ventas()
#7 C:\xampp\htdocs\hotel\system\CodeIgniter.php(419): CodeIgniter\CodeIgniter->runController(Object(App\Controllers\Reportes\ReportesController))
#8 C:\xampp\htdocs\hotel\system\CodeIgniter.php(326): CodeIgniter\CodeIgniter->handleRequest(NULL, Object(Config\Cache), false)
#9 C:\xampp\htdocs\hotel\index.php(37): CodeIgniter\CodeIgniter->run()
#10 {main}
CRITICAL - 2026-03-22 20:03:01 --> pg_query(): Query failed: ERROR:  no existe la columna m.estado_mesa
LINE 9:         m.estado_mesa,
                ^
#0 [internal function]: CodeIgniter\Debug\Exceptions->errorHandler(2, 'pg_query(): Que...', 'C:\\xampp\\htdocs...', 135)
#1 C:\xampp\htdocs\hotel\system\Database\Postgre\Connection.php(135): pg_query(Resource id #121, '\r\n     \r\n    SE...')
#2 C:\xampp\htdocs\hotel\system\Database\BaseConnection.php(670): CodeIgniter\Database\Postgre\Connection->execute('\r\n     \r\n    SE...')
#3 C:\xampp\htdocs\hotel\system\Database\BaseConnection.php(598): CodeIgniter\Database\BaseConnection->simpleQuery('\r\n     \r\n    SE...')
#4 C:\xampp\htdocs\hotel\app\Models\habitacionesModel.php(25): CodeIgniter\Database\BaseConnection->query('\r\n     \r\n    SE...')
#5 C:\xampp\htdocs\hotel\app\Controllers\Reportes\ReportesController.php(16): App\Models\habitacionesModel->getHabitaciones()
#6 C:\xampp\htdocs\hotel\system\CodeIgniter.php(832): App\Controllers\Reportes\ReportesController->ventas()
#7 C:\xampp\htdocs\hotel\system\CodeIgniter.php(419): CodeIgniter\CodeIgniter->runController(Object(App\Controllers\Reportes\ReportesController))
#8 C:\xampp\htdocs\hotel\system\CodeIgniter.php(326): CodeIgniter\CodeIgniter->handleRequest(NULL, Object(Config\Cache), false)
#9 C:\xampp\htdocs\hotel\index.php(37): CodeIgniter\CodeIgniter->run()
#10 {main}
CRITICAL - 2026-03-22 20:03:01 --> Uncaught CodeIgniter\Format\Exceptions\FormatException: Failed to parse json string, error: "Type is not supported". in C:\xampp\htdocs\hotel\system\Format\JSONFormatter.php:41
Stack trace:
#0 C:\xampp\htdocs\hotel\system\Format\JSONFormatter.php(41): CodeIgniter\Format\Exceptions\FormatException::forInvalidJSON('Type is not sup...')
#1 C:\xampp\htdocs\hotel\system\API\ResponseTrait.php(341): CodeIgniter\Format\JSONFormatter->format(Array)
#2 C:\xampp\htdocs\hotel\system\API\ResponseTrait.php(99): CodeIgniter\Debug\Exceptions->format(Array)
#3 C:\xampp\htdocs\hotel\system\Debug\Exceptions.php(115): CodeIgniter\Debug\Exceptions->respond(Array, 500)
#4 [internal function]: CodeIgniter\Debug\Exceptions->exceptionHandler(Object(ErrorException))
#5 {main}
  thrown
#0 [internal function]: CodeIgniter\Debug\Exceptions->shutdownHandler()
#1 {main}
ERROR - 2026-03-22 20:03:04 --> ErrorException: pg_query(): Query failed: ERROR:  no existe la columna m.estado_mesa
LINE 9:         m.estado_mesa,
                ^ in C:\xampp\htdocs\hotel\system\Database\Postgre\Connection.php:135
Stack trace:
#0 [internal function]: CodeIgniter\Debug\Exceptions->errorHandler(2, 'pg_query(): Que...', 'C:\\xampp\\htdocs...', 135)
#1 C:\xampp\htdocs\hotel\system\Database\Postgre\Connection.php(135): pg_query(Resource id #121, '\r\n     \r\n    SE...')
#2 C:\xampp\htdocs\hotel\system\Database\BaseConnection.php(670): CodeIgniter\Database\Postgre\Connection->execute('\r\n     \r\n    SE...')
#3 C:\xampp\htdocs\hotel\system\Database\BaseConnection.php(598): CodeIgniter\Database\BaseConnection->simpleQuery('\r\n     \r\n    SE...')
#4 C:\xampp\htdocs\hotel\app\Models\habitacionesModel.php(25): CodeIgniter\Database\BaseConnection->query('\r\n     \r\n    SE...')
#5 C:\xampp\htdocs\hotel\app\Controllers\Reportes\ReportesController.php(16): App\Models\habitacionesModel->getHabitaciones()
#6 C:\xampp\htdocs\hotel\system\CodeIgniter.php(832): App\Controllers\Reportes\ReportesController->ventas()
#7 C:\xampp\htdocs\hotel\system\CodeIgniter.php(419): CodeIgniter\CodeIgniter->runController(Object(App\Controllers\Reportes\ReportesController))
#8 C:\xampp\htdocs\hotel\system\CodeIgniter.php(326): CodeIgniter\CodeIgniter->handleRequest(NULL, Object(Config\Cache), false)
#9 C:\xampp\htdocs\hotel\index.php(37): CodeIgniter\CodeIgniter->run()
#10 {main}
CRITICAL - 2026-03-22 20:03:04 --> pg_query(): Query failed: ERROR:  no existe la columna m.estado_mesa
LINE 9:         m.estado_mesa,
                ^
#0 [internal function]: CodeIgniter\Debug\Exceptions->errorHandler(2, 'pg_query(): Que...', 'C:\\xampp\\htdocs...', 135)
#1 C:\xampp\htdocs\hotel\system\Database\Postgre\Connection.php(135): pg_query(Resource id #121, '\r\n     \r\n    SE...')
#2 C:\xampp\htdocs\hotel\system\Database\BaseConnection.php(670): CodeIgniter\Database\Postgre\Connection->execute('\r\n     \r\n    SE...')
#3 C:\xampp\htdocs\hotel\system\Database\BaseConnection.php(598): CodeIgniter\Database\BaseConnection->simpleQuery('\r\n     \r\n    SE...')
#4 C:\xampp\htdocs\hotel\app\Models\habitacionesModel.php(25): CodeIgniter\Database\BaseConnection->query('\r\n     \r\n    SE...')
#5 C:\xampp\htdocs\hotel\app\Controllers\Reportes\ReportesController.php(16): App\Models\habitacionesModel->getHabitaciones()
#6 C:\xampp\htdocs\hotel\system\CodeIgniter.php(832): App\Controllers\Reportes\ReportesController->ventas()
#7 C:\xampp\htdocs\hotel\system\CodeIgniter.php(419): CodeIgniter\CodeIgniter->runController(Object(App\Controllers\Reportes\ReportesController))
#8 C:\xampp\htdocs\hotel\system\CodeIgniter.php(326): CodeIgniter\CodeIgniter->handleRequest(NULL, Object(Config\Cache), false)
#9 C:\xampp\htdocs\hotel\index.php(37): CodeIgniter\CodeIgniter->run()
#10 {main}
CRITICAL - 2026-03-22 20:03:04 --> Uncaught CodeIgniter\Format\Exceptions\FormatException: Failed to parse json string, error: "Type is not supported". in C:\xampp\htdocs\hotel\system\Format\JSONFormatter.php:41
Stack trace:
#0 C:\xampp\htdocs\hotel\system\Format\JSONFormatter.php(41): CodeIgniter\Format\Exceptions\FormatException::forInvalidJSON('Type is not sup...')
#1 C:\xampp\htdocs\hotel\system\API\ResponseTrait.php(341): CodeIgniter\Format\JSONFormatter->format(Array)
#2 C:\xampp\htdocs\hotel\system\API\ResponseTrait.php(99): CodeIgniter\Debug\Exceptions->format(Array)
#3 C:\xampp\htdocs\hotel\system\Debug\Exceptions.php(115): CodeIgniter\Debug\Exceptions->respond(Array, 500)
#4 [internal function]: CodeIgniter\Debug\Exceptions->exceptionHandler(Object(ErrorException))
#5 {main}
  thrown
#0 [internal function]: CodeIgniter\Debug\Exceptions->shutdownHandler()
#1 {main}
ERROR - 2026-03-22 20:03:06 --> ErrorException: pg_query(): Query failed: ERROR:  no existe la columna m.estado_mesa
LINE 9:         m.estado_mesa,
                ^ in C:\xampp\htdocs\hotel\system\Database\Postgre\Connection.php:135
Stack trace:
#0 [internal function]: CodeIgniter\Debug\Exceptions->errorHandler(2, 'pg_query(): Que...', 'C:\\xampp\\htdocs...', 135)
#1 C:\xampp\htdocs\hotel\system\Database\Postgre\Connection.php(135): pg_query(Resource id #121, '\r\n     \r\n    SE...')
#2 C:\xampp\htdocs\hotel\system\Database\BaseConnection.php(670): CodeIgniter\Database\Postgre\Connection->execute('\r\n     \r\n    SE...')
#3 C:\xampp\htdocs\hotel\system\Database\BaseConnection.php(598): CodeIgniter\Database\BaseConnection->simpleQuery('\r\n     \r\n    SE...')
#4 C:\xampp\htdocs\hotel\app\Models\habitacionesModel.php(25): CodeIgniter\Database\BaseConnection->query('\r\n     \r\n    SE...')
#5 C:\xampp\htdocs\hotel\app\Controllers\Reportes\ReportesController.php(16): App\Models\habitacionesModel->getHabitaciones()
#6 C:\xampp\htdocs\hotel\system\CodeIgniter.php(832): App\Controllers\Reportes\ReportesController->ventas()
#7 C:\xampp\htdocs\hotel\system\CodeIgniter.php(419): CodeIgniter\CodeIgniter->runController(Object(App\Controllers\Reportes\ReportesController))
#8 C:\xampp\htdocs\hotel\system\CodeIgniter.php(326): CodeIgniter\CodeIgniter->handleRequest(NULL, Object(Config\Cache), false)
#9 C:\xampp\htdocs\hotel\index.php(37): CodeIgniter\CodeIgniter->run()
#10 {main}
CRITICAL - 2026-03-22 20:03:06 --> pg_query(): Query failed: ERROR:  no existe la columna m.estado_mesa
LINE 9:         m.estado_mesa,
                ^
#0 [internal function]: CodeIgniter\Debug\Exceptions->errorHandler(2, 'pg_query(): Que...', 'C:\\xampp\\htdocs...', 135)
#1 C:\xampp\htdocs\hotel\system\Database\Postgre\Connection.php(135): pg_query(Resource id #121, '\r\n     \r\n    SE...')
#2 C:\xampp\htdocs\hotel\system\Database\BaseConnection.php(670): CodeIgniter\Database\Postgre\Connection->execute('\r\n     \r\n    SE...')
#3 C:\xampp\htdocs\hotel\system\Database\BaseConnection.php(598): CodeIgniter\Database\BaseConnection->simpleQuery('\r\n     \r\n    SE...')
#4 C:\xampp\htdocs\hotel\app\Models\habitacionesModel.php(25): CodeIgniter\Database\BaseConnection->query('\r\n     \r\n    SE...')
#5 C:\xampp\htdocs\hotel\app\Controllers\Reportes\ReportesController.php(16): App\Models\habitacionesModel->getHabitaciones()
#6 C:\xampp\htdocs\hotel\system\CodeIgniter.php(832): App\Controllers\Reportes\ReportesController->ventas()
#7 C:\xampp\htdocs\hotel\system\CodeIgniter.php(419): CodeIgniter\CodeIgniter->runController(Object(App\Controllers\Reportes\ReportesController))
#8 C:\xampp\htdocs\hotel\system\CodeIgniter.php(326): CodeIgniter\CodeIgniter->handleRequest(NULL, Object(Config\Cache), false)
#9 C:\xampp\htdocs\hotel\index.php(37): CodeIgniter\CodeIgniter->run()
#10 {main}
ERROR - 2026-03-22 20:03:59 --> ErrorException: pg_query(): Query failed: ERROR:  no existe la columna m.estado_mesa
LINE 9:         m.estado_mesa,
                ^ in C:\xampp\htdocs\hotel\system\Database\Postgre\Connection.php:135
Stack trace:
#0 [internal function]: CodeIgniter\Debug\Exceptions->errorHandler(2, 'pg_query(): Que...', 'C:\\xampp\\htdocs...', 135)
#1 C:\xampp\htdocs\hotel\system\Database\Postgre\Connection.php(135): pg_query(Resource id #121, '\r\n     \r\n    SE...')
#2 C:\xampp\htdocs\hotel\system\Database\BaseConnection.php(670): CodeIgniter\Database\Postgre\Connection->execute('\r\n     \r\n    SE...')
#3 C:\xampp\htdocs\hotel\system\Database\BaseConnection.php(598): CodeIgniter\Database\BaseConnection->simpleQuery('\r\n     \r\n    SE...')
#4 C:\xampp\htdocs\hotel\app\Models\habitacionesModel.php(25): CodeIgniter\Database\BaseConnection->query('\r\n     \r\n    SE...')
#5 C:\xampp\htdocs\hotel\app\Controllers\Reportes\ReportesController.php(16): App\Models\habitacionesModel->getHabitaciones()
#6 C:\xampp\htdocs\hotel\system\CodeIgniter.php(832): App\Controllers\Reportes\ReportesController->ventas()
#7 C:\xampp\htdocs\hotel\system\CodeIgniter.php(419): CodeIgniter\CodeIgniter->runController(Object(App\Controllers\Reportes\ReportesController))
#8 C:\xampp\htdocs\hotel\system\CodeIgniter.php(326): CodeIgniter\CodeIgniter->handleRequest(NULL, Object(Config\Cache), false)
#9 C:\xampp\htdocs\hotel\index.php(37): CodeIgniter\CodeIgniter->run()
#10 {main}
CRITICAL - 2026-03-22 20:03:59 --> pg_query(): Query failed: ERROR:  no existe la columna m.estado_mesa
LINE 9:         m.estado_mesa,
                ^
#0 [internal function]: CodeIgniter\Debug\Exceptions->errorHandler(2, 'pg_query(): Que...', 'C:\\xampp\\htdocs...', 135)
#1 C:\xampp\htdocs\hotel\system\Database\Postgre\Connection.php(135): pg_query(Resource id #121, '\r\n     \r\n    SE...')
#2 C:\xampp\htdocs\hotel\system\Database\BaseConnection.php(670): CodeIgniter\Database\Postgre\Connection->execute('\r\n     \r\n    SE...')
#3 C:\xampp\htdocs\hotel\system\Database\BaseConnection.php(598): CodeIgniter\Database\BaseConnection->simpleQuery('\r\n     \r\n    SE...')
#4 C:\xampp\htdocs\hotel\app\Models\habitacionesModel.php(25): CodeIgniter\Database\BaseConnection->query('\r\n     \r\n    SE...')
#5 C:\xampp\htdocs\hotel\app\Controllers\Reportes\ReportesController.php(16): App\Models\habitacionesModel->getHabitaciones()
#6 C:\xampp\htdocs\hotel\system\CodeIgniter.php(832): App\Controllers\Reportes\ReportesController->ventas()
#7 C:\xampp\htdocs\hotel\system\CodeIgniter.php(419): CodeIgniter\CodeIgniter->runController(Object(App\Controllers\Reportes\ReportesController))
#8 C:\xampp\htdocs\hotel\system\CodeIgniter.php(326): CodeIgniter\CodeIgniter->handleRequest(NULL, Object(Config\Cache), false)
#9 C:\xampp\htdocs\hotel\index.php(37): CodeIgniter\CodeIgniter->run()
#10 {main}
CRITICAL - 2026-03-22 20:15:01 --> Undefined array key "id_mesa"
#0 C:\xampp\htdocs\hotel\app\Views\reportes\ventas.php(117): CodeIgniter\Debug\Exceptions->errorHandler(2, 'Undefined array...', 'C:\\xampp\\htdocs...', 117)
#1 C:\xampp\htdocs\hotel\system\View\View.php(210): include('C:\\xampp\\htdocs...')
#2 C:\xampp\htdocs\hotel\system\View\View.php(213): CodeIgniter\View\View->CodeIgniter\View\{closure}()
#3 C:\xampp\htdocs\hotel\system\Common.php(1089): CodeIgniter\View\View->render('reportes/ventas', Array, true)
#4 C:\xampp\htdocs\hotel\app\Controllers\BaseController.php(62): view('reportes/ventas', Array)
#5 C:\xampp\htdocs\hotel\app\Controllers\Reportes\ReportesController.php(19): App\Controllers\BaseController->render('reportes/ventas', Array)
#6 C:\xampp\htdocs\hotel\system\CodeIgniter.php(832): App\Controllers\Reportes\ReportesController->ventas()
#7 C:\xampp\htdocs\hotel\system\CodeIgniter.php(419): CodeIgniter\CodeIgniter->runController(Object(App\Controllers\Reportes\ReportesController))
#8 C:\xampp\htdocs\hotel\system\CodeIgniter.php(326): CodeIgniter\CodeIgniter->handleRequest(NULL, Object(Config\Cache), false)
#9 C:\xampp\htdocs\hotel\index.php(37): CodeIgniter\CodeIgniter->run()
#10 {main}
CRITICAL - 2026-03-22 23:17:57 --> Undefined variable $habitacion
#0 C:\xampp\htdocs\hotel\app\Views\habitaciones\habitaciones.php(4): CodeIgniter\Debug\Exceptions->errorHandler(2, 'Undefined varia...', 'C:\\xampp\\htdocs...', 4)
#1 C:\xampp\htdocs\hotel\system\View\View.php(210): include('C:\\xampp\\htdocs...')
#2 C:\xampp\htdocs\hotel\system\View\View.php(213): CodeIgniter\View\View->CodeIgniter\View\{closure}()
#3 C:\xampp\htdocs\hotel\system\Common.php(1089): CodeIgniter\View\View->render('habitaciones/ha...', Array, true)
#4 C:\xampp\htdocs\hotel\app\Views\reportes\ventas.php(163): view('habitaciones/ha...', Array)
#5 C:\xampp\htdocs\hotel\system\View\View.php(210): include('C:\\xampp\\htdocs...')
#6 C:\xampp\htdocs\hotel\system\View\View.php(213): CodeIgniter\View\View->CodeIgniter\View\{closure}()
#7 C:\xampp\htdocs\hotel\system\Common.php(1089): CodeIgniter\View\View->render('reportes/ventas', Array, true)
#8 C:\xampp\htdocs\hotel\app\Controllers\Reportes\ReportesController.php(19): view('reportes/ventas', Array)
#9 C:\xampp\htdocs\hotel\system\CodeIgniter.php(832): App\Controllers\Reportes\ReportesController->ventas()
#10 C:\xampp\htdocs\hotel\system\CodeIgniter.php(419): CodeIgniter\CodeIgniter->runController(Object(App\Controllers\Reportes\ReportesController))
#11 C:\xampp\htdocs\hotel\system\CodeIgniter.php(326): CodeIgniter\CodeIgniter->handleRequest(NULL, Object(Config\Cache), false)
#12 C:\xampp\htdocs\hotel\index.php(37): CodeIgniter\CodeIgniter->run()
#13 {main}
CRITICAL - 2026-03-22 23:42:53 --> Trying to access array offset on value of type null
#0 C:\xampp\htdocs\hotel\app\Controllers\habitaciones\HabitacionesController.php(148): CodeIgniter\Debug\Exceptions->errorHandler(2, 'Trying to acces...', 'C:\\xampp\\htdocs...', 148)
#1 C:\xampp\htdocs\hotel\system\CodeIgniter.php(832): App\Controllers\habitaciones\HabitacionesController->reservar()
#2 C:\xampp\htdocs\hotel\system\CodeIgniter.php(419): CodeIgniter\CodeIgniter->runController(Object(App\Controllers\habitaciones\HabitacionesController))
#3 C:\xampp\htdocs\hotel\system\CodeIgniter.php(326): CodeIgniter\CodeIgniter->handleRequest(NULL, Object(Config\Cache), false)
#4 C:\xampp\htdocs\hotel\index.php(37): CodeIgniter\CodeIgniter->run()
#5 {main}
CRITICAL - 2026-03-22 23:45:21 --> Trying to access array offset on value of type null
#0 C:\xampp\htdocs\hotel\app\Controllers\habitaciones\HabitacionesController.php(148): CodeIgniter\Debug\Exceptions->errorHandler(2, 'Trying to acces...', 'C:\\xampp\\htdocs...', 148)
#1 C:\xampp\htdocs\hotel\system\CodeIgniter.php(832): App\Controllers\habitaciones\HabitacionesController->reservar()
#2 C:\xampp\htdocs\hotel\system\CodeIgniter.php(419): CodeIgniter\CodeIgniter->runController(Object(App\Controllers\habitaciones\HabitacionesController))
#3 C:\xampp\htdocs\hotel\system\CodeIgniter.php(326): CodeIgniter\CodeIgniter->handleRequest(NULL, Object(Config\Cache), false)
#4 C:\xampp\htdocs\hotel\index.php(37): CodeIgniter\CodeIgniter->run()
#5 {main}
