CRITICAL - 2025-12-20 04:31:16 --> CodeIgniter\View\Exceptions\ViewException: Invalid file: "partials/scripts.php"
[Method: GET, Route: /]
in SYSTEMPATH\Exceptions\FrameworkException.php on line 39.
 1 SYSTEMPATH\View\View.php(214): CodeIgniter\Exceptions\FrameworkException::forInvalidFile('partials/scripts.php')
 2 SYSTEMPATH\View\View.php(475): CodeIgniter\View\View->render('partials/scripts', null, true)
 3 APPPATH\Views\layouts\main.php(16): CodeIgniter\View\View->include('partials/scripts')
 4 SYSTEMPATH\View\View.php(226): include('C:\\xampp\\htdocs\\belen\\app\\Views\\layouts\\main.php')
 5 SYSTEMPATH\View\View.php(229): CodeIgniter\View\View->CodeIgniter\View\{closure}()
 6 SYSTEMPATH\View\View.php(242): CodeIgniter\View\View->render('layouts/main', [], true)
 7 SYSTEMPATH\Common.php(1167): CodeIgniter\View\View->render('dashboard/index', [], true)
 8 APPPATH\Controllers\Home.php(10): view('dashboard/index')
 9 SYSTEMPATH\CodeIgniter.php(933): App\Controllers\Home->index()
10 SYSTEMPATH\CodeIgniter.php(507): CodeIgniter\CodeIgniter->runController(Object(App\Controllers\Home))
11 SYSTEMPATH\CodeIgniter.php(354): CodeIgniter\CodeIgniter->handleRequest(null, Object(Config\Cache), false)
12 SYSTEMPATH\Boot.php(363): CodeIgniter\CodeIgniter->run()
13 SYSTEMPATH\Boot.php(68): CodeIgniter\Boot::runCodeIgniter(Object(CodeIgniter\CodeIgniter))
14 FCPATH\index.php(57): CodeIgniter\Boot::bootWeb(Object(Config\Paths))
CRITICAL - 2025-12-20 04:31:47 --> CodeIgniter\View\Exceptions\ViewException: Invalid file: "partials/scripts.php"
[Method: GET, Route: /]
in SYSTEMPATH\Exceptions\FrameworkException.php on line 39.
 1 SYSTEMPATH\View\View.php(214): CodeIgniter\Exceptions\FrameworkException::forInvalidFile('partials/scripts.php')
 2 SYSTEMPATH\View\View.php(475): CodeIgniter\View\View->render('partials/scripts', null, true)
 3 APPPATH\Views\layouts\main.php(16): CodeIgniter\View\View->include('partials/scripts')
 4 SYSTEMPATH\View\View.php(226): include('C:\\xampp\\htdocs\\belen\\app\\Views\\layouts\\main.php')
 5 SYSTEMPATH\View\View.php(229): CodeIgniter\View\View->CodeIgniter\View\{closure}()
 6 SYSTEMPATH\View\View.php(242): CodeIgniter\View\View->render('layouts/main', [], true)
 7 SYSTEMPATH\Common.php(1167): CodeIgniter\View\View->render('dashboard/index', [], true)
 8 APPPATH\Controllers\Home.php(10): view('dashboard/index')
 9 SYSTEMPATH\CodeIgniter.php(933): App\Controllers\Home->index()
10 SYSTEMPATH\CodeIgniter.php(507): CodeIgniter\CodeIgniter->runController(Object(App\Controllers\Home))
11 SYSTEMPATH\CodeIgniter.php(354): CodeIgniter\CodeIgniter->handleRequest(null, Object(Config\Cache), false)
12 SYSTEMPATH\Boot.php(363): CodeIgniter\CodeIgniter->run()
13 SYSTEMPATH\Boot.php(68): CodeIgniter\Boot::runCodeIgniter(Object(CodeIgniter\CodeIgniter))
14 FCPATH\index.php(57): CodeIgniter\Boot::bootWeb(Object(Config\Paths))
