CRITICAL - 2025-12-05 05:09:52 --> CodeIgniter\View\Exceptions\ViewException: Invalid file: "json/lista_archivos.php"
[Method: POST, Route: hsa/getFiles]
in SYSTEMPATH\Exceptions\FrameworkException.php on line 39.
 1 SYSTEMPATH\View\View.php(214): CodeIgniter\Exceptions\FrameworkException::forInvalidFile('json/lista_archivos.php')
 2 SYSTEMPATH\Common.php(1167): CodeIgniter\View\View->render('json/lista_archivos', [], true)
 3 APPPATH\Controllers\HSA\JsonController.php(43): view('json/lista_archivos', [...])
 4 SYSTEMPATH\CodeIgniter.php(933): App\Controllers\HSA\JsonController->getFiles()
 5 SYSTEMPATH\CodeIgniter.php(507): CodeIgniter\CodeIgniter->runController(Object(App\Controllers\HSA\JsonController))
 6 SYSTEMPATH\CodeIgniter.php(354): CodeIgniter\CodeIgniter->handleRequest(null, Object(Config\Cache), false)
 7 SYSTEMPATH\Boot.php(363): CodeIgniter\CodeIgniter->run()
 8 SYSTEMPATH\Boot.php(68): CodeIgniter\Boot::runCodeIgniter(Object(CodeIgniter\CodeIgniter))
 9 FCPATH\index.php(57): CodeIgniter\Boot::bootWeb(Object(Config\Paths))
CRITICAL - 2025-12-05 05:17:26 --> CodeIgniter\View\Exceptions\ViewException: Invalid file: "json/editor_archivos.php"
[Method: POST, Route: hsa/getFiles]
in SYSTEMPATH\Exceptions\FrameworkException.php on line 39.
 1 SYSTEMPATH\View\View.php(214): CodeIgniter\Exceptions\FrameworkException::forInvalidFile('json/editor_archivos.php')
 2 SYSTEMPATH\Common.php(1167): CodeIgniter\View\View->render('json/editor_archivos', [], true)
 3 APPPATH\Controllers\HSA\JsonController.php(43): view('json/editor_archivos', [...])
 4 SYSTEMPATH\CodeIgniter.php(933): App\Controllers\HSA\JsonController->getFiles()
 5 SYSTEMPATH\CodeIgniter.php(507): CodeIgniter\CodeIgniter->runController(Object(App\Controllers\HSA\JsonController))
 6 SYSTEMPATH\CodeIgniter.php(354): CodeIgniter\CodeIgniter->handleRequest(null, Object(Config\Cache), false)
 7 SYSTEMPATH\Boot.php(363): CodeIgniter\CodeIgniter->run()
 8 SYSTEMPATH\Boot.php(68): CodeIgniter\Boot::runCodeIgniter(Object(CodeIgniter\CodeIgniter))
 9 FCPATH\index.php(57): CodeIgniter\Boot::bootWeb(Object(Config\Paths))
CRITICAL - 2025-12-05 05:17:39 --> CodeIgniter\View\Exceptions\ViewException: Invalid file: "json/editor_archivos.php"
[Method: POST, Route: hsa/getFiles]
in SYSTEMPATH\Exceptions\FrameworkException.php on line 39.
 1 SYSTEMPATH\View\View.php(214): CodeIgniter\Exceptions\FrameworkException::forInvalidFile('json/editor_archivos.php')
 2 SYSTEMPATH\Common.php(1167): CodeIgniter\View\View->render('json/editor_archivos', [], true)
 3 APPPATH\Controllers\HSA\JsonController.php(43): view('json/editor_archivos', [...])
 4 SYSTEMPATH\CodeIgniter.php(933): App\Controllers\HSA\JsonController->getFiles()
 5 SYSTEMPATH\CodeIgniter.php(507): CodeIgniter\CodeIgniter->runController(Object(App\Controllers\HSA\JsonController))
 6 SYSTEMPATH\CodeIgniter.php(354): CodeIgniter\CodeIgniter->handleRequest(null, Object(Config\Cache), false)
 7 SYSTEMPATH\Boot.php(363): CodeIgniter\CodeIgniter->run()
 8 SYSTEMPATH\Boot.php(68): CodeIgniter\Boot::runCodeIgniter(Object(CodeIgniter\CodeIgniter))
 9 FCPATH\index.php(57): CodeIgniter\Boot::bootWeb(Object(Config\Paths))
