CRITICAL - 2025-12-06 02:23:34 --> ErrorException: file_put_contents(C:\Users\Usuario\Desktop\json_files): Failed to open stream: Permission denied
[Method: POST, Route: hsa/guardarJson]
in APPPATH\Controllers\HSA\JsonController.php on line 115.
 1 [internal function]: CodeIgniter\Debug\Exceptions->errorHandler(2, 'file_put_contents(C:\\Users\\Usuario\\Desktop\\json_files): Failed to open stream: Permission denied', 'C:\\xampp\\htdocs\\HSA\\app\\Controllers\\HSA\\JsonController.php', 115)
 2 APPPATH\Controllers\HSA\JsonController.php(115): file_put_contents('C:\\Users\\Usuario\\Desktop\\json_files', '{
    "actions": {
        "send_dian": true,
        "send_email": true,
        "email": "consumidor@gmail.com"
    },
    "invoice": {
        "order_reference": "FEST143",
        "issue_date": "2024-06-21",
        "invoice_type_code": "FACTURA_VENTA",
        "env": "PRODUCCION",
        "dataico_account_id": "01901266-4bd1-814f-8f4d-58a77dec31a3",
        "number": "143",
        "payment_date": "2024-06-22",
        "payment_means_type": "DEBITO",
        "payment_means": "CASH",
        "operation": "ESTANDAR",
        "numbering": {
            "resolution_number": "18764066667084",
            "prefix": "FEST",
            "flexible": true
        },
        "customer": {
            "party_identification": "222222222222",
            "first_name": "CONSUMIDOR",
            "family_name": "FINAL",
            "address_line": "CENTRO",
            "department": "76",
            "country_code": "CO",
            "city": "041",
            "email": "consumidor@gmail.com",
            "phone": "300",
            "party_identification_type": "CC",
            "party_type": "PERSONA_NATURAL",
            "tax_level_code": "NO_RESPONSABLE_DE_IVA",
            "regimen": "ORDINARIO"
        },
        "items": [
            {
                "quantity": 1,
                "measuring-unit": "94",
                "price": 7983.2002,
                "description": "VELADORA LA PAZ N° 20",
                "sku": "618",
                "taxes": [
                    {
                        "tax-category": "IVA",
                        "tax-rate": 19
                    }
                ]
            },
            {
                "quantity": 1,
                "measuring-unit": "94",
                "price": 7142.8999,
                "description": "VELON SIETE COLORES",
                "sku": "2157",
                "taxes": [
                    {
                        "tax-category": "IVA",
                        "tax-rate": 19
                    }
                ]
            },
            {
                "quantity": 1,
                "measuring-unit": "94",
                "price": 7983.2002,
                "description": "VELADORA LA PAZ N° 20",
                "sku": "618",
                "taxes": [
                    {
                        "tax-category": "IVA",
                        "tax-rate": 19
                    }
                ]
            },
            {
                "quantity": 3,
                "measuring-unit": "94",
                "price": 3109.19995,
                "description": "JABON TIGRE 2 CANAL X 450 GRS",
                "sku": "4959",
                "taxes": [
                    {
                        "tax-category": "IVA",
                        "tax-rate": 19
                    }
                ]
            },
            {
                "quantity": 1,
                "measuring-unit": "94",
                "price": 4369.7002,
                "description": "VELADORA LA PAZ N° 10",
                "sku": "481",
                "taxes": [
                    {
                        "tax-category": "IVA",
                        "tax-rate": 19
                    }
                ]
            },
            {
                "quantity": 11,
                "measuring-unit": "94",
                "price": 420.200012,
                "description": "ABRASIVO SABRA",
                "sku": "1199",
                "taxes": [
                    {
                        "tax-category": "IVA",
                        "tax-rate": 19
                    }
                ]
            },
            {
                "quantity": 1,
                "measuring-unit": "94",
                "price": 4369.7002,
                "description": "VELADORA LA PAZ N° 10",
                "sku": "481",
                "taxes": [
                    {
                        "tax-category": "IVA",
                        "tax-rate": 19
                    }
                ]
            },
            {
                "quantity": 1,
                "measuring-unit": "94",
                "price": 18487.4004,
                "description": "KOLA GRANULADA J G B X 380 GRS",
                "sku": "5078",
                "taxes": [
                    {
                        "tax-category": "IVA",
                        "tax-rate": 19
                    }
                ]
            },
            {
                "quantity": 2,
                "measuring-unit": "94",
                "price": 5714.2998,
                "description": "ATUN ISABEL X 93 GR",
                "sku": "1368",
                "taxes": [
                    {
                        "tax-category": "IVA",
                        "tax-rate": 19
                    }
                ]
            },
            {
                "quantity": 2,
                "measuring-unit": "94",
                "price": 4537.7998,
                "description": "ARVEJA CON  ZANAHORIA ZENU X 300GR",
                "sku": "1638",
                "taxes": [
                    {
                        "tax-category": "IVA",
                        "tax-rate": 19
                    }
                ]
            },
            {
                "quantity": 2,
                "measuring-unit": "94",
                "price": 3781.5,
                "description": "PROD GENERAL 19%",
                "sku": "49",
                "taxes": [
                    {
                        "tax-category": "IVA",
                        "tax-rate": 19
                    }
                ]
            },
            {
                "quantity": 3,
                "measuring-unit": "94",
                "price": 2184.8999,
                "description": "VELADORA LA PAZ N° 3",
                "sku": "477",
                "taxes": [
                    {
                        "tax-category": "IVA",
                        "tax-rate": 19
                    }
                ]
            },
            {
                "quantity": 7,
                "measuring-unit": "94",
                "price": 1428.59998,
                "description": "VELADORA LA PAZ N° 2",
                "sku": "479",
                "taxes": [
                    {
                        "tax-category": "IVA",
                        "tax-rate": 19
                    }
                ]
            },
            {
                "quantity": 1,
                "measuring-unit": "94",
                "price": 840.299988,
                "description": "VELADORA LA PAZ N° 1.5",
                "sku": "478",
                "taxes": [
                    {
                        "tax-category": "IVA",
                        "tax-rate": 19
                    }
                ]
            },
            {
                "quantity": 2,
                "measuring-unit": "94",
                "price": 2016.80005,
                "description": "CEPILLO DE DIENTES COLGATE PREMIER CLEAN",
                "sku": "2406",
                "taxes": [
                    {
                        "tax-category": "IVA",
                        "tax-rate": 19
                    }
                ]
            },
            {
                "quantity": 2,
                "measuring-unit": "94",
                "price": 6857.1001,
                "description": "CHOC TESALIA X 125",
                "sku": "1244",
                "taxes": [
                    {
                        "tax-category": "IVA",
                        "tax-rate": 5
                    }
                ]
            },
            {
                "quantity": 1,
                "measuring-unit": "94",
                "price": 420.200012,
                "description": "ABRASIVO SABRA",
                "sku": "1199",
                "taxes": [
                    {
                        "tax-category": "IVA",
                        "tax-rate": 19
                    }
                ]
            },
            {
                "quantity": 2,
                "measuring-unit": "94",
                "price": 840.299988,
                "description": "ESPONJA LAVAPLATOS ECONOMICA X UNI",
                "sku": "613",
                "taxes": [
                    {
                        "tax-category": "IVA",
                        "tax-rate": 19
                    }
                ]
            },
            {
                "quantity": 1,
                "measuring-unit": "94",
                "price": 1904.80005,
                "description": "PASTA LA MUÑECA X 250 GRS",
                "sku": "6434",
                "taxes": [
                    {
                        "tax-category": "IVA",
                        "tax-rate": 5
                    }
                ]
            },
            {
                "quantity": 1,
                "measuring-unit": "94",
                "price": 2476.19995,
                "description": "AVENA QUAKER MOLIDA X  200 GRS",
                "sku": "1726",
                "taxes": [
                    {
                        "tax-category": "IVA",
                        "tax-rate": 5
                    }
                ]
            },
            {
                "quantity": 2,
                "measuring-unit": "94",
                "price": 840.299988,
                "description": "ESPONJA LAVAPLATOS ECONOMICA X UNI",
                "sku": "613",
                "taxes": [
                    {
                        "tax-category": "IVA",
                        "tax-rate": 19
                    }
                ]
            },
            {
                "quantity": 3,
                "measuring-unit": "94",
                "price": 5500,
                "description": "MANI CRUDO DOÑA LUPE X400G",
                "sku": "492"
            },
            {
                "quantity": 1,
                "measuring-unit": "94",
                "price": 1238.09998,
                "description": "FIDEOS ZONIA",
                "sku": "2272",
                "taxes": [
                    {
                        "tax-category": "IVA",
                        "tax-rate": 5
                    }
                ]
            },
            {
                "quantity": 1,
                "measuring-unit": "94",
                "price": 5462.2002,
                "description": "ESCOBA ZULIA ",
                "sku": "866",
                "taxes": [
                    {
                        "tax-category": "IVA",
                        "tax-rate": 19
                    }
                ]
            }
        ]
    }
}')
 3 SYSTEMPATH\CodeIgniter.php(933): App\Controllers\HSA\JsonController->guardarJson()
 4 SYSTEMPATH\CodeIgniter.php(507): CodeIgniter\CodeIgniter->runController(Object(App\Controllers\HSA\JsonController))
 5 SYSTEMPATH\CodeIgniter.php(354): CodeIgniter\CodeIgniter->handleRequest(null, Object(Config\Cache), false)
 6 SYSTEMPATH\Boot.php(363): CodeIgniter\CodeIgniter->run()
 7 SYSTEMPATH\Boot.php(68): CodeIgniter\Boot::runCodeIgniter(Object(CodeIgniter\CodeIgniter))
 8 FCPATH\index.php(57): CodeIgniter\Boot::bootWeb(Object(Config\Paths))
CRITICAL - 2025-12-06 04:45:40 --> ErrorException: file_put_contents(C:\xampp\htdocs\HSA\writable\jsons/json_filesDIAN_FEST143.json): Failed to open stream: No such file or directory
[Method: POST, Route: hsa/save]
in APPPATH\Controllers\HSA\JsonController.php on line 194.
 1 [internal function]: CodeIgniter\Debug\Exceptions->errorHandler(2, 'file_put_contents(C:\\xampp\\htdocs\\HSA\\writable\\jsons/json_filesDIAN_FEST143.json): Failed to open stream: No such file or directory', 'C:\\xampp\\htdocs\\HSA\\app\\Controllers\\HSA\\JsonController.php', 194)
 2 APPPATH\Controllers\HSA\JsonController.php(194): file_put_contents('C:\\xampp\\htdocs\\HSA\\writable\\jsons/json_filesDIAN_FEST143.json', '{
    "actions": {
        "send_dian": true,
        "send_email": true,
        "email": "consumidor@gmail.com"
    },
    "invoice": {
        "order_reference": "FEST143",
        "issue_date": "2024-06-21",
        "invoice_type_code": "FACTURA_VENTA",
        "env": "PRODUCCION",
        "dataico_account_id": "01901266-4bd1-814f-8f4d-58a77dec31a3",
        "number": "143",
        "payment_date": "2024-06-22",
        "payment_means_type": "DEBITO",
        "payment_means": "CASH",
        "operation": "ESTANDAR",
        "numbering": {
            "resolution_number": "18764066667084",
            "prefix": "FEST",
            "flexible": true
        },
        "customer": {
            "party_identification": "222222222222",
            "first_name": "CONSUMIDOR",
            "family_name": "FINAL",
            "address_line": "CENTRO",
            "department": "76",
            "country_code": "CO",
            "city": "041",
            "email": "consumidor@gmail.com",
            "phone": "300",
            "party_identification_type": "CC",
            "party_type": "PERSONA_NATURAL",
            "tax_level_code": "NO_RESPONSABLE_DE_IVA",
            "regimen": "ORDINARIO"
        },
        "items": [
            {
                "quantity": 1,
                "measuring-unit": "94",
                "price": 7983.2002,
                "description": "VELADORA LA PAZ N° 20",
                "sku": "618",
                "taxes": [
                    {
                        "tax-category": "IVA",
                        "tax-rate": 19
                    }
                ]
            },
            {
                "quantity": 1,
                "measuring-unit": "94",
                "price": 7142.8999,
                "description": "VELON SIETE COLORES",
                "sku": "2157",
                "taxes": [
                    {
                        "tax-category": "IVA",
                        "tax-rate": 19
                    }
                ]
            },
            {
                "quantity": 1,
                "measuring-unit": "94",
                "price": 7983.2002,
                "description": "VELADORA LA PAZ N° 20",
                "sku": "618",
                "taxes": [
                    {
                        "tax-category": "IVA",
                        "tax-rate": 19
                    }
                ]
            },
            {
                "quantity": 3,
                "measuring-unit": "94",
                "price": 3109.19995,
                "description": "JABON TIGRE 2 CANAL X 450 GRS",
                "sku": "4959",
                "taxes": [
                    {
                        "tax-category": "IVA",
                        "tax-rate": 19
                    }
                ]
            },
            {
                "quantity": 1,
                "measuring-unit": "94",
                "price": 4369.7002,
                "description": "VELADORA LA PAZ N° 10",
                "sku": "481",
                "taxes": [
                    {
                        "tax-category": "IVA",
                        "tax-rate": 19
                    }
                ]
            },
            {
                "quantity": 11,
                "measuring-unit": "94",
                "price": 420.200012,
                "description": "ABRASIVO SABRA",
                "sku": "1199",
                "taxes": [
                    {
                        "tax-category": "IVA",
                        "tax-rate": 19
                    }
                ]
            },
            {
                "quantity": 1,
                "measuring-unit": "94",
                "price": 4369.7002,
                "description": "VELADORA LA PAZ N° 10",
                "sku": "481",
                "taxes": [
                    {
                        "tax-category": "IVA",
                        "tax-rate": 19
                    }
                ]
            },
            {
                "quantity": 1,
                "measuring-unit": "94",
                "price": 18487.4004,
                "description": "KOLA GRANULADA J G B X 380 GRS",
                "sku": "5078",
                "taxes": [
                    {
                        "tax-category": "IVA",
                        "tax-rate": 19
                    }
                ]
            },
            {
                "quantity": 2,
                "measuring-unit": "94",
                "price": 5714.2998,
                "description": "ATUN ISABEL X 93 GR",
                "sku": "1368",
                "taxes": [
                    {
                        "tax-category": "IVA",
                        "tax-rate": 19
                    }
                ]
            },
            {
                "quantity": 2,
                "measuring-unit": "94",
                "price": 4537.7998,
                "description": "ARVEJA CON  ZANAHORIA ZENU X 300GR",
                "sku": "1638",
                "taxes": [
                    {
                        "tax-category": "IVA",
                        "tax-rate": 19
                    }
                ]
            },
            {
                "quantity": 2,
                "measuring-unit": "94",
                "price": 3781.5,
                "description": "PROD GENERAL 19%",
                "sku": "49",
                "taxes": [
                    {
                        "tax-category": "IVA",
                        "tax-rate": 19
                    }
                ]
            },
            {
                "quantity": 3,
                "measuring-unit": "94",
                "price": 2184.8999,
                "description": "VELADORA LA PAZ N° 3",
                "sku": "477",
                "taxes": [
                    {
                        "tax-category": "IVA",
                        "tax-rate": 19
                    }
                ]
            },
            {
                "quantity": 7,
                "measuring-unit": "94",
                "price": 1428.59998,
                "description": "VELADORA LA PAZ N° 2",
                "sku": "479",
                "taxes": [
                    {
                        "tax-category": "IVA",
                        "tax-rate": 19
                    }
                ]
            },
            {
                "quantity": 1,
                "measuring-unit": "94",
                "price": 840.299988,
                "description": "VELADORA LA PAZ N° 1.5",
                "sku": "478",
                "taxes": [
                    {
                        "tax-category": "IVA",
                        "tax-rate": 19
                    }
                ]
            },
            {
                "quantity": 2,
                "measuring-unit": "94",
                "price": 2016.80005,
                "description": "CEPILLO DE DIENTES COLGATE PREMIER CLEAN",
                "sku": "2406",
                "taxes": [
                    {
                        "tax-category": "IVA",
                        "tax-rate": 19
                    }
                ]
            },
            {
                "quantity": 2,
                "measuring-unit": "94",
                "price": 6857.1001,
                "description": "CHOC TESALIA X 125",
                "sku": "1244",
                "taxes": [
                    {
                        "tax-category": "IVA",
                        "tax-rate": 5
                    }
                ]
            },
            {
                "quantity": 1,
                "measuring-unit": "94",
                "price": 420.200012,
                "description": "ABRASIVO SABRA",
                "sku": "1199",
                "taxes": [
                    {
                        "tax-category": "IVA",
                        "tax-rate": 19
                    }
                ]
            },
            {
                "quantity": 2,
                "measuring-unit": "94",
                "price": 840.299988,
                "description": "ESPONJA LAVAPLATOS ECONOMICA X UNI",
                "sku": "613",
                "taxes": [
                    {
                        "tax-category": "IVA",
                        "tax-rate": 19
                    }
                ]
            },
            {
                "quantity": 1,
                "measuring-unit": "94",
                "price": 1904.80005,
                "description": "PASTA LA MUÑECA X 250 GRS",
                "sku": "6434",
                "taxes": [
                    {
                        "tax-category": "IVA",
                        "tax-rate": 5
                    }
                ]
            },
            {
                "quantity": 1,
                "measuring-unit": "94",
                "price": 2476.19995,
                "description": "AVENA QUAKER MOLIDA X  200 GRS",
                "sku": "1726",
                "taxes": [
                    {
                        "tax-category": "IVA",
                        "tax-rate": 5
                    }
                ]
            },
            {
                "quantity": 2,
                "measuring-unit": "94",
                "price": 840.299988,
                "description": "ESPONJA LAVAPLATOS ECONOMICA X UNI",
                "sku": "613",
                "taxes": [
                    {
                        "tax-category": "IVA",
                        "tax-rate": 19
                    }
                ]
            },
            {
                "quantity": 3,
                "measuring-unit": "94",
                "price": 5500,
                "description": "MANI CRUDO DOÑA LUPE X400G",
                "sku": "492"
            },
            {
                "quantity": 1,
                "measuring-unit": "94",
                "price": 1238.09998,
                "description": "FIDEOS ZONIA",
                "sku": "2272",
                "taxes": [
                    {
                        "tax-category": "IVA",
                        "tax-rate": 5
                    }
                ]
            },
            {
                "quantity": 1,
                "measuring-unit": "94",
                "price": 5462.2002,
                "description": "ESCOBA ZULIA ",
                "sku": "866",
                "taxes": [
                    {
                        "tax-category": "IVA",
                        "tax-rate": 19
                    }
                ]
            }
        ]
    }
}')
 3 SYSTEMPATH\CodeIgniter.php(933): App\Controllers\HSA\JsonController->save()
 4 SYSTEMPATH\CodeIgniter.php(507): CodeIgniter\CodeIgniter->runController(Object(App\Controllers\HSA\JsonController))
 5 SYSTEMPATH\CodeIgniter.php(354): CodeIgniter\CodeIgniter->handleRequest(null, Object(Config\Cache), false)
 6 SYSTEMPATH\Boot.php(363): CodeIgniter\CodeIgniter->run()
 7 SYSTEMPATH\Boot.php(68): CodeIgniter\Boot::runCodeIgniter(Object(CodeIgniter\CodeIgniter))
 8 FCPATH\index.php(57): CodeIgniter\Boot::bootWeb(Object(Config\Paths))
