CRITICAL - 2025-08-20 19:25:05 --> CodeIgniter\View\Exceptions\ViewException: Invalid file: "home/home.php"
[Method: GET, Route: hsa/index]
in SYSTEMPATH\Exceptions\FrameworkException.php on line 39.
 1 SYSTEMPATH\View\View.php(214): CodeIgniter\Exceptions\FrameworkException::forInvalidFile('home/home.php')
 2 SYSTEMPATH\Common.php(1167): CodeIgniter\View\View->render('home/home', [], true)
 3 APPPATH\Controllers\HSA\HsaController.php(12): view('home/home')
 4 SYSTEMPATH\CodeIgniter.php(933): App\Controllers\HSA\HsaController->index()
 5 SYSTEMPATH\CodeIgniter.php(507): CodeIgniter\CodeIgniter->runController(Object(App\Controllers\HSA\HsaController))
 6 SYSTEMPATH\CodeIgniter.php(354): CodeIgniter\CodeIgniter->handleRequest(null, Object(Config\Cache), false)
 7 SYSTEMPATH\Boot.php(363): CodeIgniter\CodeIgniter->run()
 8 SYSTEMPATH\Boot.php(68): CodeIgniter\Boot::runCodeIgniter(Object(CodeIgniter\CodeIgniter))
 9 FCPATH\index.php(57): CodeIgniter\Boot::bootWeb(Object(Config\Paths))
ERROR - 2025-08-20 19:53:47 --> mysqli_sql_exception: Column 'txt' cannot be null in C:\xampp\htdocs\HSA\system\Database\MySQLi\Connection.php:327
Stack trace:
#0 C:\xampp\htdocs\HSA\system\Database\MySQLi\Connection.php(327): mysqli->query('INSERT INTO `do...', 0)
#1 C:\xampp\htdocs\HSA\system\Database\BaseConnection.php(729): CodeIgniter\Database\MySQLi\Connection->execute('INSERT INTO `do...')
#2 C:\xampp\htdocs\HSA\system\Database\BaseConnection.php(646): CodeIgniter\Database\BaseConnection->simpleQuery('INSERT INTO `do...')
#3 C:\xampp\htdocs\HSA\system\Database\BaseBuilder.php(2345): CodeIgniter\Database\BaseConnection->query('INSERT INTO `do...', Array, false)
#4 C:\xampp\htdocs\HSA\system\Model.php(394): CodeIgniter\Database\BaseBuilder->insert()
#5 C:\xampp\htdocs\HSA\system\BaseModel.php(838): CodeIgniter\Model->doInsert(Array)
#6 C:\xampp\htdocs\HSA\system\Model.php(797): CodeIgniter\BaseModel->insert(Array, true)
#7 C:\xampp\htdocs\HSA\app\Controllers\HSA\HsaController.php(48): CodeIgniter\Model->insert(Array)
#8 C:\xampp\htdocs\HSA\system\CodeIgniter.php(933): App\Controllers\HSA\HsaController->insertarArchivos()
#9 C:\xampp\htdocs\HSA\system\CodeIgniter.php(507): CodeIgniter\CodeIgniter->runController(Object(App\Controllers\HSA\HsaController))
#10 C:\xampp\htdocs\HSA\system\CodeIgniter.php(354): CodeIgniter\CodeIgniter->handleRequest(NULL, Object(Config\Cache), false)
#11 C:\xampp\htdocs\HSA\system\Boot.php(363): CodeIgniter\CodeIgniter->run()
#12 C:\xampp\htdocs\HSA\system\Boot.php(68): CodeIgniter\Boot::runCodeIgniter(Object(CodeIgniter\CodeIgniter))
#13 C:\xampp\htdocs\HSA\index.php(57): CodeIgniter\Boot::bootWeb(Object(Config\Paths))
#14 {main}
CRITICAL - 2025-08-20 19:53:47 --> CodeIgniter\Database\Exceptions\DatabaseException: Column 'txt' cannot be null
[Method: GET, Route: hsa/renombrar]
in SYSTEMPATH\Database\BaseConnection.php on line 684.
 1 SYSTEMPATH\Database\BaseBuilder.php(2345): CodeIgniter\Database\BaseConnection->query('INSERT INTO `documentos` (`xml`, `txt`) VALUES (:xml:, :txt:)', [...], false)
 2 SYSTEMPATH\Model.php(394): CodeIgniter\Database\BaseBuilder->insert()
 3 SYSTEMPATH\BaseModel.php(838): CodeIgniter\Model->doInsert([...])
 4 SYSTEMPATH\Model.php(797): CodeIgniter\BaseModel->insert([...], true)
 5 APPPATH\Controllers\HSA\HsaController.php(48): CodeIgniter\Model->insert([...])
 6 SYSTEMPATH\CodeIgniter.php(933): App\Controllers\HSA\HsaController->insertarArchivos()
 7 SYSTEMPATH\CodeIgniter.php(507): CodeIgniter\CodeIgniter->runController(Object(App\Controllers\HSA\HsaController))
 8 SYSTEMPATH\CodeIgniter.php(354): CodeIgniter\CodeIgniter->handleRequest(null, Object(Config\Cache), false)
 9 SYSTEMPATH\Boot.php(363): CodeIgniter\CodeIgniter->run()
10 SYSTEMPATH\Boot.php(68): CodeIgniter\Boot::runCodeIgniter(Object(CodeIgniter\CodeIgniter))
11 FCPATH\index.php(57): CodeIgniter\Boot::bootWeb(Object(Config\Paths))
CRITICAL - 2025-08-20 19:53:47 --> [Caused by] CodeIgniter\Database\Exceptions\DatabaseException: Column 'txt' cannot be null
in SYSTEMPATH\Database\MySQLi\Connection.php on line 332.
 1 SYSTEMPATH\Database\BaseConnection.php(729): CodeIgniter\Database\MySQLi\Connection->execute('INSERT INTO `documentos` (`xml`, `txt`) VALUES (\'ad08914106610002500028620\', NULL)')
 2 SYSTEMPATH\Database\BaseConnection.php(646): CodeIgniter\Database\BaseConnection->simpleQuery('INSERT INTO `documentos` (`xml`, `txt`) VALUES (\'ad08914106610002500028620\', NULL)')
 3 SYSTEMPATH\Database\BaseBuilder.php(2345): CodeIgniter\Database\BaseConnection->query('INSERT INTO `documentos` (`xml`, `txt`) VALUES (:xml:, :txt:)', [...], false)
 4 SYSTEMPATH\Model.php(394): CodeIgniter\Database\BaseBuilder->insert()
 5 SYSTEMPATH\BaseModel.php(838): CodeIgniter\Model->doInsert([...])
 6 SYSTEMPATH\Model.php(797): CodeIgniter\BaseModel->insert([...], true)
 7 APPPATH\Controllers\HSA\HsaController.php(48): CodeIgniter\Model->insert([...])
 8 SYSTEMPATH\CodeIgniter.php(933): App\Controllers\HSA\HsaController->insertarArchivos()
 9 SYSTEMPATH\CodeIgniter.php(507): CodeIgniter\CodeIgniter->runController(Object(App\Controllers\HSA\HsaController))
10 SYSTEMPATH\CodeIgniter.php(354): CodeIgniter\CodeIgniter->handleRequest(null, Object(Config\Cache), false)
11 SYSTEMPATH\Boot.php(363): CodeIgniter\CodeIgniter->run()
12 SYSTEMPATH\Boot.php(68): CodeIgniter\Boot::runCodeIgniter(Object(CodeIgniter\CodeIgniter))
13 FCPATH\index.php(57): CodeIgniter\Boot::bootWeb(Object(Config\Paths))
CRITICAL - 2025-08-20 19:53:47 --> [Caused by] mysqli_sql_exception: Column 'txt' cannot be null
in SYSTEMPATH\Database\MySQLi\Connection.php on line 327.
 1 SYSTEMPATH\Database\MySQLi\Connection.php(327): mysqli->query('INSERT INTO `documentos` (`xml`, `txt`) VALUES (\'ad08914106610002500028620\', NULL)', 0)
 2 SYSTEMPATH\Database\BaseConnection.php(729): CodeIgniter\Database\MySQLi\Connection->execute('INSERT INTO `documentos` (`xml`, `txt`) VALUES (\'ad08914106610002500028620\', NULL)')
 3 SYSTEMPATH\Database\BaseConnection.php(646): CodeIgniter\Database\BaseConnection->simpleQuery('INSERT INTO `documentos` (`xml`, `txt`) VALUES (\'ad08914106610002500028620\', NULL)')
 4 SYSTEMPATH\Database\BaseBuilder.php(2345): CodeIgniter\Database\BaseConnection->query('INSERT INTO `documentos` (`xml`, `txt`) VALUES (:xml:, :txt:)', [...], false)
 5 SYSTEMPATH\Model.php(394): CodeIgniter\Database\BaseBuilder->insert()
 6 SYSTEMPATH\BaseModel.php(838): CodeIgniter\Model->doInsert([...])
 7 SYSTEMPATH\Model.php(797): CodeIgniter\BaseModel->insert([...], true)
 8 APPPATH\Controllers\HSA\HsaController.php(48): CodeIgniter\Model->insert([...])
 9 SYSTEMPATH\CodeIgniter.php(933): App\Controllers\HSA\HsaController->insertarArchivos()
10 SYSTEMPATH\CodeIgniter.php(507): CodeIgniter\CodeIgniter->runController(Object(App\Controllers\HSA\HsaController))
11 SYSTEMPATH\CodeIgniter.php(354): CodeIgniter\CodeIgniter->handleRequest(null, Object(Config\Cache), false)
12 SYSTEMPATH\Boot.php(363): CodeIgniter\CodeIgniter->run()
13 SYSTEMPATH\Boot.php(68): CodeIgniter\Boot::runCodeIgniter(Object(CodeIgniter\CodeIgniter))
14 FCPATH\index.php(57): CodeIgniter\Boot::bootWeb(Object(Config\Paths))
ERROR - 2025-08-20 19:56:35 --> mysqli_sql_exception: Column 'txt' cannot be null in C:\xampp\htdocs\HSA\system\Database\MySQLi\Connection.php:327
Stack trace:
#0 C:\xampp\htdocs\HSA\system\Database\MySQLi\Connection.php(327): mysqli->query('INSERT INTO `do...', 0)
#1 C:\xampp\htdocs\HSA\system\Database\BaseConnection.php(729): CodeIgniter\Database\MySQLi\Connection->execute('INSERT INTO `do...')
#2 C:\xampp\htdocs\HSA\system\Database\BaseConnection.php(646): CodeIgniter\Database\BaseConnection->simpleQuery('INSERT INTO `do...')
#3 C:\xampp\htdocs\HSA\system\Database\BaseBuilder.php(2345): CodeIgniter\Database\BaseConnection->query('INSERT INTO `do...', Array, false)
#4 C:\xampp\htdocs\HSA\system\Model.php(394): CodeIgniter\Database\BaseBuilder->insert()
#5 C:\xampp\htdocs\HSA\system\BaseModel.php(838): CodeIgniter\Model->doInsert(Array)
#6 C:\xampp\htdocs\HSA\system\Model.php(797): CodeIgniter\BaseModel->insert(Array, true)
#7 C:\xampp\htdocs\HSA\app\Controllers\HSA\HsaController.php(48): CodeIgniter\Model->insert(Array)
#8 C:\xampp\htdocs\HSA\system\CodeIgniter.php(933): App\Controllers\HSA\HsaController->insertarArchivos()
#9 C:\xampp\htdocs\HSA\system\CodeIgniter.php(507): CodeIgniter\CodeIgniter->runController(Object(App\Controllers\HSA\HsaController))
#10 C:\xampp\htdocs\HSA\system\CodeIgniter.php(354): CodeIgniter\CodeIgniter->handleRequest(NULL, Object(Config\Cache), false)
#11 C:\xampp\htdocs\HSA\system\Boot.php(363): CodeIgniter\CodeIgniter->run()
#12 C:\xampp\htdocs\HSA\system\Boot.php(68): CodeIgniter\Boot::runCodeIgniter(Object(CodeIgniter\CodeIgniter))
#13 C:\xampp\htdocs\HSA\index.php(57): CodeIgniter\Boot::bootWeb(Object(Config\Paths))
#14 {main}
CRITICAL - 2025-08-20 19:56:35 --> CodeIgniter\Database\Exceptions\DatabaseException: Column 'txt' cannot be null
[Method: GET, Route: hsa/renombrar]
in SYSTEMPATH\Database\BaseConnection.php on line 684.
 1 SYSTEMPATH\Database\BaseBuilder.php(2345): CodeIgniter\Database\BaseConnection->query('INSERT INTO `documentos` (`xml`, `txt`) VALUES (:xml:, :txt:)', [...], false)
 2 SYSTEMPATH\Model.php(394): CodeIgniter\Database\BaseBuilder->insert()
 3 SYSTEMPATH\BaseModel.php(838): CodeIgniter\Model->doInsert([...])
 4 SYSTEMPATH\Model.php(797): CodeIgniter\BaseModel->insert([...], true)
 5 APPPATH\Controllers\HSA\HsaController.php(48): CodeIgniter\Model->insert([...])
 6 SYSTEMPATH\CodeIgniter.php(933): App\Controllers\HSA\HsaController->insertarArchivos()
 7 SYSTEMPATH\CodeIgniter.php(507): CodeIgniter\CodeIgniter->runController(Object(App\Controllers\HSA\HsaController))
 8 SYSTEMPATH\CodeIgniter.php(354): CodeIgniter\CodeIgniter->handleRequest(null, Object(Config\Cache), false)
 9 SYSTEMPATH\Boot.php(363): CodeIgniter\CodeIgniter->run()
10 SYSTEMPATH\Boot.php(68): CodeIgniter\Boot::runCodeIgniter(Object(CodeIgniter\CodeIgniter))
11 FCPATH\index.php(57): CodeIgniter\Boot::bootWeb(Object(Config\Paths))
CRITICAL - 2025-08-20 19:56:35 --> [Caused by] CodeIgniter\Database\Exceptions\DatabaseException: Column 'txt' cannot be null
in SYSTEMPATH\Database\MySQLi\Connection.php on line 332.
 1 SYSTEMPATH\Database\BaseConnection.php(729): CodeIgniter\Database\MySQLi\Connection->execute('INSERT INTO `documentos` (`xml`, `txt`) VALUES (\'ad08914106610002500028620\', NULL)')
 2 SYSTEMPATH\Database\BaseConnection.php(646): CodeIgniter\Database\BaseConnection->simpleQuery('INSERT INTO `documentos` (`xml`, `txt`) VALUES (\'ad08914106610002500028620\', NULL)')
 3 SYSTEMPATH\Database\BaseBuilder.php(2345): CodeIgniter\Database\BaseConnection->query('INSERT INTO `documentos` (`xml`, `txt`) VALUES (:xml:, :txt:)', [...], false)
 4 SYSTEMPATH\Model.php(394): CodeIgniter\Database\BaseBuilder->insert()
 5 SYSTEMPATH\BaseModel.php(838): CodeIgniter\Model->doInsert([...])
 6 SYSTEMPATH\Model.php(797): CodeIgniter\BaseModel->insert([...], true)
 7 APPPATH\Controllers\HSA\HsaController.php(48): CodeIgniter\Model->insert([...])
 8 SYSTEMPATH\CodeIgniter.php(933): App\Controllers\HSA\HsaController->insertarArchivos()
 9 SYSTEMPATH\CodeIgniter.php(507): CodeIgniter\CodeIgniter->runController(Object(App\Controllers\HSA\HsaController))
10 SYSTEMPATH\CodeIgniter.php(354): CodeIgniter\CodeIgniter->handleRequest(null, Object(Config\Cache), false)
11 SYSTEMPATH\Boot.php(363): CodeIgniter\CodeIgniter->run()
12 SYSTEMPATH\Boot.php(68): CodeIgniter\Boot::runCodeIgniter(Object(CodeIgniter\CodeIgniter))
13 FCPATH\index.php(57): CodeIgniter\Boot::bootWeb(Object(Config\Paths))
CRITICAL - 2025-08-20 19:56:35 --> [Caused by] mysqli_sql_exception: Column 'txt' cannot be null
in SYSTEMPATH\Database\MySQLi\Connection.php on line 327.
 1 SYSTEMPATH\Database\MySQLi\Connection.php(327): mysqli->query('INSERT INTO `documentos` (`xml`, `txt`) VALUES (\'ad08914106610002500028620\', NULL)', 0)
 2 SYSTEMPATH\Database\BaseConnection.php(729): CodeIgniter\Database\MySQLi\Connection->execute('INSERT INTO `documentos` (`xml`, `txt`) VALUES (\'ad08914106610002500028620\', NULL)')
 3 SYSTEMPATH\Database\BaseConnection.php(646): CodeIgniter\Database\BaseConnection->simpleQuery('INSERT INTO `documentos` (`xml`, `txt`) VALUES (\'ad08914106610002500028620\', NULL)')
 4 SYSTEMPATH\Database\BaseBuilder.php(2345): CodeIgniter\Database\BaseConnection->query('INSERT INTO `documentos` (`xml`, `txt`) VALUES (:xml:, :txt:)', [...], false)
 5 SYSTEMPATH\Model.php(394): CodeIgniter\Database\BaseBuilder->insert()
 6 SYSTEMPATH\BaseModel.php(838): CodeIgniter\Model->doInsert([...])
 7 SYSTEMPATH\Model.php(797): CodeIgniter\BaseModel->insert([...], true)
 8 APPPATH\Controllers\HSA\HsaController.php(48): CodeIgniter\Model->insert([...])
 9 SYSTEMPATH\CodeIgniter.php(933): App\Controllers\HSA\HsaController->insertarArchivos()
10 SYSTEMPATH\CodeIgniter.php(507): CodeIgniter\CodeIgniter->runController(Object(App\Controllers\HSA\HsaController))
11 SYSTEMPATH\CodeIgniter.php(354): CodeIgniter\CodeIgniter->handleRequest(null, Object(Config\Cache), false)
12 SYSTEMPATH\Boot.php(363): CodeIgniter\CodeIgniter->run()
13 SYSTEMPATH\Boot.php(68): CodeIgniter\Boot::runCodeIgniter(Object(CodeIgniter\CodeIgniter))
14 FCPATH\index.php(57): CodeIgniter\Boot::bootWeb(Object(Config\Paths))
ERROR - 2025-08-20 19:58:47 --> mysqli_sql_exception: Column 'txt' cannot be null in C:\xampp\htdocs\HSA\system\Database\MySQLi\Connection.php:327
Stack trace:
#0 C:\xampp\htdocs\HSA\system\Database\MySQLi\Connection.php(327): mysqli->query('INSERT INTO `do...', 0)
#1 C:\xampp\htdocs\HSA\system\Database\BaseConnection.php(729): CodeIgniter\Database\MySQLi\Connection->execute('INSERT INTO `do...')
#2 C:\xampp\htdocs\HSA\system\Database\BaseConnection.php(646): CodeIgniter\Database\BaseConnection->simpleQuery('INSERT INTO `do...')
#3 C:\xampp\htdocs\HSA\system\Database\BaseBuilder.php(2345): CodeIgniter\Database\BaseConnection->query('INSERT INTO `do...', Array, false)
#4 C:\xampp\htdocs\HSA\system\Model.php(394): CodeIgniter\Database\BaseBuilder->insert()
#5 C:\xampp\htdocs\HSA\system\BaseModel.php(838): CodeIgniter\Model->doInsert(Array)
#6 C:\xampp\htdocs\HSA\system\Model.php(797): CodeIgniter\BaseModel->insert(Array, true)
#7 C:\xampp\htdocs\HSA\app\Controllers\HSA\HsaController.php(52): CodeIgniter\Model->insert(Array)
#8 C:\xampp\htdocs\HSA\system\CodeIgniter.php(933): App\Controllers\HSA\HsaController->insertarArchivos()
#9 C:\xampp\htdocs\HSA\system\CodeIgniter.php(507): CodeIgniter\CodeIgniter->runController(Object(App\Controllers\HSA\HsaController))
#10 C:\xampp\htdocs\HSA\system\CodeIgniter.php(354): CodeIgniter\CodeIgniter->handleRequest(NULL, Object(Config\Cache), false)
#11 C:\xampp\htdocs\HSA\system\Boot.php(363): CodeIgniter\CodeIgniter->run()
#12 C:\xampp\htdocs\HSA\system\Boot.php(68): CodeIgniter\Boot::runCodeIgniter(Object(CodeIgniter\CodeIgniter))
#13 C:\xampp\htdocs\HSA\index.php(57): CodeIgniter\Boot::bootWeb(Object(Config\Paths))
#14 {main}
CRITICAL - 2025-08-20 19:58:47 --> CodeIgniter\Database\Exceptions\DatabaseException: Column 'txt' cannot be null
[Method: GET, Route: hsa/renombrar]
in SYSTEMPATH\Database\BaseConnection.php on line 684.
 1 SYSTEMPATH\Database\BaseBuilder.php(2345): CodeIgniter\Database\BaseConnection->query('INSERT INTO `documentos` (`xml`, `txt`) VALUES (:xml:, :txt:)', [...], false)
 2 SYSTEMPATH\Model.php(394): CodeIgniter\Database\BaseBuilder->insert()
 3 SYSTEMPATH\BaseModel.php(838): CodeIgniter\Model->doInsert([...])
 4 SYSTEMPATH\Model.php(797): CodeIgniter\BaseModel->insert([...], true)
 5 APPPATH\Controllers\HSA\HsaController.php(52): CodeIgniter\Model->insert([...])
 6 SYSTEMPATH\CodeIgniter.php(933): App\Controllers\HSA\HsaController->insertarArchivos()
 7 SYSTEMPATH\CodeIgniter.php(507): CodeIgniter\CodeIgniter->runController(Object(App\Controllers\HSA\HsaController))
 8 SYSTEMPATH\CodeIgniter.php(354): CodeIgniter\CodeIgniter->handleRequest(null, Object(Config\Cache), false)
 9 SYSTEMPATH\Boot.php(363): CodeIgniter\CodeIgniter->run()
10 SYSTEMPATH\Boot.php(68): CodeIgniter\Boot::runCodeIgniter(Object(CodeIgniter\CodeIgniter))
11 FCPATH\index.php(57): CodeIgniter\Boot::bootWeb(Object(Config\Paths))
CRITICAL - 2025-08-20 19:58:47 --> [Caused by] CodeIgniter\Database\Exceptions\DatabaseException: Column 'txt' cannot be null
in SYSTEMPATH\Database\MySQLi\Connection.php on line 332.
 1 SYSTEMPATH\Database\BaseConnection.php(729): CodeIgniter\Database\MySQLi\Connection->execute('INSERT INTO `documentos` (`xml`, `txt`) VALUES (\'ad08914106610002500028620\', NULL)')
 2 SYSTEMPATH\Database\BaseConnection.php(646): CodeIgniter\Database\BaseConnection->simpleQuery('INSERT INTO `documentos` (`xml`, `txt`) VALUES (\'ad08914106610002500028620\', NULL)')
 3 SYSTEMPATH\Database\BaseBuilder.php(2345): CodeIgniter\Database\BaseConnection->query('INSERT INTO `documentos` (`xml`, `txt`) VALUES (:xml:, :txt:)', [...], false)
 4 SYSTEMPATH\Model.php(394): CodeIgniter\Database\BaseBuilder->insert()
 5 SYSTEMPATH\BaseModel.php(838): CodeIgniter\Model->doInsert([...])
 6 SYSTEMPATH\Model.php(797): CodeIgniter\BaseModel->insert([...], true)
 7 APPPATH\Controllers\HSA\HsaController.php(52): CodeIgniter\Model->insert([...])
 8 SYSTEMPATH\CodeIgniter.php(933): App\Controllers\HSA\HsaController->insertarArchivos()
 9 SYSTEMPATH\CodeIgniter.php(507): CodeIgniter\CodeIgniter->runController(Object(App\Controllers\HSA\HsaController))
10 SYSTEMPATH\CodeIgniter.php(354): CodeIgniter\CodeIgniter->handleRequest(null, Object(Config\Cache), false)
11 SYSTEMPATH\Boot.php(363): CodeIgniter\CodeIgniter->run()
12 SYSTEMPATH\Boot.php(68): CodeIgniter\Boot::runCodeIgniter(Object(CodeIgniter\CodeIgniter))
13 FCPATH\index.php(57): CodeIgniter\Boot::bootWeb(Object(Config\Paths))
CRITICAL - 2025-08-20 19:58:47 --> [Caused by] mysqli_sql_exception: Column 'txt' cannot be null
in SYSTEMPATH\Database\MySQLi\Connection.php on line 327.
 1 SYSTEMPATH\Database\MySQLi\Connection.php(327): mysqli->query('INSERT INTO `documentos` (`xml`, `txt`) VALUES (\'ad08914106610002500028620\', NULL)', 0)
 2 SYSTEMPATH\Database\BaseConnection.php(729): CodeIgniter\Database\MySQLi\Connection->execute('INSERT INTO `documentos` (`xml`, `txt`) VALUES (\'ad08914106610002500028620\', NULL)')
 3 SYSTEMPATH\Database\BaseConnection.php(646): CodeIgniter\Database\BaseConnection->simpleQuery('INSERT INTO `documentos` (`xml`, `txt`) VALUES (\'ad08914106610002500028620\', NULL)')
 4 SYSTEMPATH\Database\BaseBuilder.php(2345): CodeIgniter\Database\BaseConnection->query('INSERT INTO `documentos` (`xml`, `txt`) VALUES (:xml:, :txt:)', [...], false)
 5 SYSTEMPATH\Model.php(394): CodeIgniter\Database\BaseBuilder->insert()
 6 SYSTEMPATH\BaseModel.php(838): CodeIgniter\Model->doInsert([...])
 7 SYSTEMPATH\Model.php(797): CodeIgniter\BaseModel->insert([...], true)
 8 APPPATH\Controllers\HSA\HsaController.php(52): CodeIgniter\Model->insert([...])
 9 SYSTEMPATH\CodeIgniter.php(933): App\Controllers\HSA\HsaController->insertarArchivos()
10 SYSTEMPATH\CodeIgniter.php(507): CodeIgniter\CodeIgniter->runController(Object(App\Controllers\HSA\HsaController))
11 SYSTEMPATH\CodeIgniter.php(354): CodeIgniter\CodeIgniter->handleRequest(null, Object(Config\Cache), false)
12 SYSTEMPATH\Boot.php(363): CodeIgniter\CodeIgniter->run()
13 SYSTEMPATH\Boot.php(68): CodeIgniter\Boot::runCodeIgniter(Object(CodeIgniter\CodeIgniter))
14 FCPATH\index.php(57): CodeIgniter\Boot::bootWeb(Object(Config\Paths))
ERROR - 2025-08-20 19:59:24 --> mysqli_sql_exception: Column 'txt' cannot be null in C:\xampp\htdocs\HSA\system\Database\MySQLi\Connection.php:327
Stack trace:
#0 C:\xampp\htdocs\HSA\system\Database\MySQLi\Connection.php(327): mysqli->query('INSERT INTO `do...', 0)
#1 C:\xampp\htdocs\HSA\system\Database\BaseConnection.php(729): CodeIgniter\Database\MySQLi\Connection->execute('INSERT INTO `do...')
#2 C:\xampp\htdocs\HSA\system\Database\BaseConnection.php(646): CodeIgniter\Database\BaseConnection->simpleQuery('INSERT INTO `do...')
#3 C:\xampp\htdocs\HSA\system\Database\BaseBuilder.php(2345): CodeIgniter\Database\BaseConnection->query('INSERT INTO `do...', Array, false)
#4 C:\xampp\htdocs\HSA\system\Model.php(394): CodeIgniter\Database\BaseBuilder->insert()
#5 C:\xampp\htdocs\HSA\system\BaseModel.php(838): CodeIgniter\Model->doInsert(Array)
#6 C:\xampp\htdocs\HSA\system\Model.php(797): CodeIgniter\BaseModel->insert(Array, true)
#7 C:\xampp\htdocs\HSA\app\Controllers\HSA\HsaController.php(52): CodeIgniter\Model->insert(Array)
#8 C:\xampp\htdocs\HSA\system\CodeIgniter.php(933): App\Controllers\HSA\HsaController->insertarArchivos()
#9 C:\xampp\htdocs\HSA\system\CodeIgniter.php(507): CodeIgniter\CodeIgniter->runController(Object(App\Controllers\HSA\HsaController))
#10 C:\xampp\htdocs\HSA\system\CodeIgniter.php(354): CodeIgniter\CodeIgniter->handleRequest(NULL, Object(Config\Cache), false)
#11 C:\xampp\htdocs\HSA\system\Boot.php(363): CodeIgniter\CodeIgniter->run()
#12 C:\xampp\htdocs\HSA\system\Boot.php(68): CodeIgniter\Boot::runCodeIgniter(Object(CodeIgniter\CodeIgniter))
#13 C:\xampp\htdocs\HSA\index.php(57): CodeIgniter\Boot::bootWeb(Object(Config\Paths))
#14 {main}
CRITICAL - 2025-08-20 19:59:24 --> CodeIgniter\Database\Exceptions\DatabaseException: Column 'txt' cannot be null
[Method: GET, Route: hsa/renombrar]
in SYSTEMPATH\Database\BaseConnection.php on line 684.
 1 SYSTEMPATH\Database\BaseBuilder.php(2345): CodeIgniter\Database\BaseConnection->query('INSERT INTO `documentos` (`xml`, `txt`) VALUES (:xml:, :txt:)', [...], false)
 2 SYSTEMPATH\Model.php(394): CodeIgniter\Database\BaseBuilder->insert()
 3 SYSTEMPATH\BaseModel.php(838): CodeIgniter\Model->doInsert([...])
 4 SYSTEMPATH\Model.php(797): CodeIgniter\BaseModel->insert([...], true)
 5 APPPATH\Controllers\HSA\HsaController.php(52): CodeIgniter\Model->insert([...])
 6 SYSTEMPATH\CodeIgniter.php(933): App\Controllers\HSA\HsaController->insertarArchivos()
 7 SYSTEMPATH\CodeIgniter.php(507): CodeIgniter\CodeIgniter->runController(Object(App\Controllers\HSA\HsaController))
 8 SYSTEMPATH\CodeIgniter.php(354): CodeIgniter\CodeIgniter->handleRequest(null, Object(Config\Cache), false)
 9 SYSTEMPATH\Boot.php(363): CodeIgniter\CodeIgniter->run()
10 SYSTEMPATH\Boot.php(68): CodeIgniter\Boot::runCodeIgniter(Object(CodeIgniter\CodeIgniter))
11 FCPATH\index.php(57): CodeIgniter\Boot::bootWeb(Object(Config\Paths))
CRITICAL - 2025-08-20 19:59:24 --> [Caused by] CodeIgniter\Database\Exceptions\DatabaseException: Column 'txt' cannot be null
in SYSTEMPATH\Database\MySQLi\Connection.php on line 332.
 1 SYSTEMPATH\Database\BaseConnection.php(729): CodeIgniter\Database\MySQLi\Connection->execute('INSERT INTO `documentos` (`xml`, `txt`) VALUES (\'ad08914106610002500028620\', NULL)')
 2 SYSTEMPATH\Database\BaseConnection.php(646): CodeIgniter\Database\BaseConnection->simpleQuery('INSERT INTO `documentos` (`xml`, `txt`) VALUES (\'ad08914106610002500028620\', NULL)')
 3 SYSTEMPATH\Database\BaseBuilder.php(2345): CodeIgniter\Database\BaseConnection->query('INSERT INTO `documentos` (`xml`, `txt`) VALUES (:xml:, :txt:)', [...], false)
 4 SYSTEMPATH\Model.php(394): CodeIgniter\Database\BaseBuilder->insert()
 5 SYSTEMPATH\BaseModel.php(838): CodeIgniter\Model->doInsert([...])
 6 SYSTEMPATH\Model.php(797): CodeIgniter\BaseModel->insert([...], true)
 7 APPPATH\Controllers\HSA\HsaController.php(52): CodeIgniter\Model->insert([...])
 8 SYSTEMPATH\CodeIgniter.php(933): App\Controllers\HSA\HsaController->insertarArchivos()
 9 SYSTEMPATH\CodeIgniter.php(507): CodeIgniter\CodeIgniter->runController(Object(App\Controllers\HSA\HsaController))
10 SYSTEMPATH\CodeIgniter.php(354): CodeIgniter\CodeIgniter->handleRequest(null, Object(Config\Cache), false)
11 SYSTEMPATH\Boot.php(363): CodeIgniter\CodeIgniter->run()
12 SYSTEMPATH\Boot.php(68): CodeIgniter\Boot::runCodeIgniter(Object(CodeIgniter\CodeIgniter))
13 FCPATH\index.php(57): CodeIgniter\Boot::bootWeb(Object(Config\Paths))
CRITICAL - 2025-08-20 19:59:24 --> [Caused by] mysqli_sql_exception: Column 'txt' cannot be null
in SYSTEMPATH\Database\MySQLi\Connection.php on line 327.
 1 SYSTEMPATH\Database\MySQLi\Connection.php(327): mysqli->query('INSERT INTO `documentos` (`xml`, `txt`) VALUES (\'ad08914106610002500028620\', NULL)', 0)
 2 SYSTEMPATH\Database\BaseConnection.php(729): CodeIgniter\Database\MySQLi\Connection->execute('INSERT INTO `documentos` (`xml`, `txt`) VALUES (\'ad08914106610002500028620\', NULL)')
 3 SYSTEMPATH\Database\BaseConnection.php(646): CodeIgniter\Database\BaseConnection->simpleQuery('INSERT INTO `documentos` (`xml`, `txt`) VALUES (\'ad08914106610002500028620\', NULL)')
 4 SYSTEMPATH\Database\BaseBuilder.php(2345): CodeIgniter\Database\BaseConnection->query('INSERT INTO `documentos` (`xml`, `txt`) VALUES (:xml:, :txt:)', [...], false)
 5 SYSTEMPATH\Model.php(394): CodeIgniter\Database\BaseBuilder->insert()
 6 SYSTEMPATH\BaseModel.php(838): CodeIgniter\Model->doInsert([...])
 7 SYSTEMPATH\Model.php(797): CodeIgniter\BaseModel->insert([...], true)
 8 APPPATH\Controllers\HSA\HsaController.php(52): CodeIgniter\Model->insert([...])
 9 SYSTEMPATH\CodeIgniter.php(933): App\Controllers\HSA\HsaController->insertarArchivos()
10 SYSTEMPATH\CodeIgniter.php(507): CodeIgniter\CodeIgniter->runController(Object(App\Controllers\HSA\HsaController))
11 SYSTEMPATH\CodeIgniter.php(354): CodeIgniter\CodeIgniter->handleRequest(null, Object(Config\Cache), false)
12 SYSTEMPATH\Boot.php(363): CodeIgniter\CodeIgniter->run()
13 SYSTEMPATH\Boot.php(68): CodeIgniter\Boot::runCodeIgniter(Object(CodeIgniter\CodeIgniter))
14 FCPATH\index.php(57): CodeIgniter\Boot::bootWeb(Object(Config\Paths))
